
                           Design Compiler Graphical 
                                 DC Ultra (TM)
                                  DFTMAX (TM)
                              Power Compiler (TM)
                                 DesignWare (R)
                                 DC Expert (TM)
                               Design Vision (TM)
                               HDL Compiler (TM)
                               VHDL Compiler (TM)
                                  DFT Compiler
                               Design Compiler(R)

                 Version T-2022.03 for linux64 - Feb 22, 2022 

                    Copyright (c) 1988 - 2022 Synopsys, Inc.
   This software and the associated documentation are proprietary to Synopsys,
 Inc. This software may only be used in accordance with the terms and conditions
 of a written license agreement with Synopsys, Inc. All other use, reproduction,
   or distribution of this software is strictly prohibited.  Licensed Products
     communicate with Synopsys servers for the purpose of providing software
    updates, detecting software piracy and verifying that customers are using
    Licensed Products in conformity with the applicable License Key for such
  Licensed Products. Synopsys will use information gathered in connection with
    this process to deliver software updates and pursue software pirates and
                                   infringers.

 Inclusivity & Diversity - Visit SolvNetPlus to read the "Synopsys Statement on
            Inclusivity and Diversity" (Refer to article 000036315 at
                        https://solvnetplus.synopsys.com)
Initializing...
#======================================================
#
# Synopsys Synthesis Scripts (Design Vision dctcl mode)
#
#======================================================
#======================================================
#  Set Libraries
#======================================================
set search_path {  ./../01_RTL \
                   ~iclabta01/umc018/Synthesis/ \
                   /usr/synthesis/libraries/syn/ \ 
                   /usr/synthesis/dw/ }
  ./../01_RTL  ~iclabta01/umc018/Synthesis/  /usr/synthesis/libraries/syn/ \ 
                   /usr/synthesis/dw/ 
set synthetic_library {dw_foundation.sldb}
dw_foundation.sldb
set link_library {* dw_foundation.sldb standard.sldb slow.db }
* dw_foundation.sldb standard.sldb slow.db 
set target_library {slow.db}
slow.db
#======================================================
#  Global Parameters
#======================================================
set DESIGN "HE"
HE
#set MAX_Delay 10
set clk_period 5.0
5.0
set IN_DLY  [expr 0.5*$clk_period]
2.5
set OUT_DLY [expr 0.5*$clk_period]
2.5
#======================================================
#  Read RTL Code
#======================================================
#set hdlin_auto_save_templates TRUE
read_sverilog {HE\.sv}
Loading db file '/usr/cad/synopsys/synthesis/2022.03/libraries/syn/dw_foundation.sldb'
Loading db file '/usr/cad/synopsys/synthesis/2022.03/libraries/syn/standard.sldb'
Loading db file '/RAID2/COURSE/iclab/iclabta01/umc018/Synthesis/slow.db'
Loading db file '/usr/cad/synopsys/synthesis/2022.03/libraries/syn/gtech.db'
  Loading link library 'slow'
  Loading link library 'gtech'
Loading sverilog file '/RAID2/COURSE/dcs/dcs064/HW04/01_RTL/HE.sv'
Detecting input file type automatically (-rtl or -netlist).
Reading with Presto HDL Compiler (equivalent to -rtl option).
Running PRESTO HDLC
Compiling source file /RAID2/COURSE/dcs/dcs064/HW04/01_RTL/HE.sv

Statistics for case statements in always block at line 53 in file
	'/RAID2/COURSE/dcs/dcs064/HW04/01_RTL/HE.sv'
===============================================
|           Line           |  full/ parallel  |
===============================================
|            60            |    auto/auto     |
===============================================

Statistics for case statements in always block at line 133 in file
	'/RAID2/COURSE/dcs/dcs064/HW04/01_RTL/HE.sv'
===============================================
|           Line           |  full/ parallel  |
===============================================
|           135            |     no/auto      |
===============================================

Statistics for case statements in always block at line 148 in file
	'/RAID2/COURSE/dcs/dcs064/HW04/01_RTL/HE.sv'
===============================================
|           Line           |  full/ parallel  |
===============================================
|           149            |    auto/auto     |
===============================================

Inferred memory devices in process
	in routine HE line 40 in file
		'/RAID2/COURSE/dcs/dcs064/HW04/01_RTL/HE.sv'.
===============================================================================
|    Register Name    |   Type    | Width | Bus | MB | AR | AS | SR | SS | ST |
===============================================================================
|    out_image_reg    | Flip-flop |   8   |  Y  | N  | Y  | N  | N  | N  | N  |
===============================================================================

Inferred memory devices in process
	in routine HE line 48 in file
		'/RAID2/COURSE/dcs/dcs064/HW04/01_RTL/HE.sv'.
===============================================================================
|    Register Name    |   Type    | Width | Bus | MB | AR | AS | SR | SS | ST |
===============================================================================
|      state_reg      | Flip-flop |   2   |  Y  | N  | Y  | N  | N  | N  | N  |
===============================================================================

Inferred memory devices in process
	in routine HE line 142 in file
		'/RAID2/COURSE/dcs/dcs064/HW04/01_RTL/HE.sv'.
===============================================================================
|    Register Name    |   Type    | Width | Bus | MB | AR | AS | SR | SS | ST |
===============================================================================
|    image_reg_reg    | Flip-flop |  64   |  Y  | N  | N  | N  | N  | N  | N  |
|     cdf_reg_reg     | Flip-flop |  80   |  Y  | N  | N  | N  | N  | N  | N  |
===============================================================================

Statistics for case statements in always block at line 164 in file
	'/RAID2/COURSE/dcs/dcs064/HW04/01_RTL/HE.sv'
===============================================
|           Line           |  full/ parallel  |
===============================================
|           165            |    auto/auto     |
===============================================

Inferred memory devices in process
	in routine Timer line 412 in file
		'/RAID2/COURSE/dcs/dcs064/HW04/01_RTL/HE.sv'.
===============================================================================
|    Register Name    |   Type    | Width | Bus | MB | AR | AS | SR | SS | ST |
===============================================================================
|      count_reg      | Flip-flop |  10   |  Y  | N  | N  | N  | N  | N  | N  |
===============================================================================
Presto compilation completed successfully.
Current design is now '/RAID2/COURSE/dcs/dcs064/HW04/01_RTL/HE.db:HE'
Loaded 3 designs.
Current design is 'HE'.
HE transform Timer
current_design HE
Current design is 'HE'.
{HE}
#======================================================
#  Global Setting
#======================================================
#======================================================
#  Set Design Constraints
#======================================================
set_load 0.05 [all_outputs]
1
#set_max_delay $MAX_Delay -from [all_inputs] -to [all_outputs]
#set_dont_use slow/JKFF*
create_clock -name "clk" -period $clk_period clk
1
set_ideal_network -no_propagate clk
1
set_input_delay  $IN_DLY -clock clk [all_inputs]
1
set_output_delay $OUT_DLY  -clock clk [all_outputs]
1
set_input_delay 0 -clock clk clk
1
set_input_delay 0 -clock clk rst_n
1
#======================================================
#  Optimization
#======================================================
uniquify
1
set_wire_load_mode top
1
set_fix_multiple_port_nets -all -buffer_constants
1
compile_ultra
Information: Performing power optimization. (PWR-850)
Alib files are up-to-date.
Information: Evaluating DesignWare library utilization. (UISN-27)

============================================================================
| DesignWare Building Block Library  |         Version         | Available |
============================================================================
| Basic DW Building Blocks           | S-2021.06-DWBB_202106.0 |     *     |
| Licensed DW Building Blocks        | S-2021.06-DWBB_202106.0 |     *     |
============================================================================

====================================================================================================
| Flow Information                                                                                 |
----------------------------------------------------------------------------------------------------
| Flow         | Design Compiler WLM                                                               |
| Comand line  | compile_ultra                                                                     |
====================================================================================================
| Design Information                                      | Value                                  |
====================================================================================================
| Number of Scenarios                                     | 0                                      |
| Leaf Cell Count                                         | 7776                                   |
| Number of User Hierarchies                              | 2                                      |
| Sequential Cell Count                                   | 164                                    |
| Macro Count                                             | 0                                      |
| Number of Power Domains                                 | 0                                      |
| Number of Path Groups                                   | 2                                      |
| Number of VT class                                      | 0                                      |
| Number of Clocks                                        | 1                                      |
| Number of Dont Touch cells                              | 1565                                   |
| Number of Dont Touch nets                               | 2                                      |
| Number of size only cells                               | 0                                      |
| Design with UPF Data                                    | false                                  |
----------------------------------------------------------------------------------------------------
| Variables                                               | Value                                  |
----------------------------------------------------------------------------------------------------
| set_fix_multiple_port_nets                              | -all -buffer_constants                 |
====================================================================================================
Information: Sequential output inversion is enabled.  SVF file must be used for formal verification. (OPT-1208)

Information: There are 17 potential problems in your design. Please run 'check_design' for more information. (LINT-99)

  Simplifying Design 'HE'

Loaded alib file './alib-52/slow.db.alib'
  Building model 'DW01_NAND2'
Information: Ungrouping hierarchy T1 before Pass 1 (OPT-776)
Information: Ungrouping 1 of 3 hierarchies before Pass 1 (OPT-775)
Information: State dependent leakage is now switched from on to off.

  Beginning Pass 1 Mapping
  ------------------------
  Processing 'HE'
Information: Added key list 'DesignWare' to design 'HE'. (DDB-72)
 Implement Synthetic for 'HE'.
  Processing 'transform'

  Updating timing information
Information: Updating design information... (UID-85)
Information: The library cell 'HOLDX1' in the library 'slow' is not characterized for internal power. (PWR-536)
Information: The target library(s) contains cell(s), other than black boxes, that are not characterized for internal power. (PWR-24)

  Beginning Mapping Optimizations  (Ultra High effort)
  -------------------------------
  Mapping Optimization (Phase 1)

                                  TOTAL                                                
   ELAPSED            WORST NEG   SETUP    DESIGN                              LEAKAGE 
    TIME      AREA      SLACK     COST    RULE COST         ENDPOINT            POWER  
  --------- --------- --------- --------- --------- ------------------------- ---------
    0:00:06   53804.5      0.00       0.0       0.0                           6581026.5000
    0:00:06   53787.9      0.00       0.0       0.0                           6579644.5000

  Beginning Constant Register Removal
  -----------------------------------
    0:00:06   53787.9      0.00       0.0       0.0                           6579644.5000
    0:00:06   53787.9      0.00       0.0       0.0                           6579644.5000

  Beginning Global Optimizations
  ------------------------------
  Numerical Synthesis (Phase 1)
  Numerical Synthesis (Phase 2)
  Global Optimization (Phase 1)
  Global Optimization (Phase 2)
  Global Optimization (Phase 3)
  Global Optimization (Phase 4)
  Global Optimization (Phase 5)
  Global Optimization (Phase 6)
  Global Optimization (Phase 7)
  Global Optimization (Phase 8)
  Global Optimization (Phase 9)
  Global Optimization (Phase 10)
  Global Optimization (Phase 11)
  Global Optimization (Phase 12)
  Global Optimization (Phase 13)
  Global Optimization (Phase 14)
  Global Optimization (Phase 15)
  Global Optimization (Phase 16)
  Global Optimization (Phase 17)
  Global Optimization (Phase 18)
  Global Optimization (Phase 19)
  Global Optimization (Phase 20)
  Global Optimization (Phase 21)
  Global Optimization (Phase 22)
  Global Optimization (Phase 23)
  Global Optimization (Phase 24)
  Global Optimization (Phase 25)
  Global Optimization (Phase 26)
  Global Optimization (Phase 27)
  Global Optimization (Phase 28)
  Global Optimization (Phase 29)
  Global Optimization (Phase 30)
  Global Optimization (Phase 31)

  Beginning Isolate Ports
  -----------------------

  Beginning Delay Optimization
  ----------------------------
    0:00:06   29505.2      0.63      25.5       0.0                           2359492.2500
    0:00:07   29977.5      0.00       0.0       0.0                           2447379.5000
    0:00:07   29977.5      0.00       0.0       0.0                           2447379.5000
    0:00:07   29844.5      0.00       0.0       0.0                           2326054.0000
    0:00:07   29817.9      0.00       0.0       0.0                           2324244.5000
    0:00:07   29807.9      0.00       0.0       0.0                           2323475.0000

  Beginning WLM Backend Optimization
  --------------------------------------
    0:00:07   29684.8      0.00       0.0       0.0                           2288135.2500
    0:00:07   29684.8      0.00       0.0       0.0                           2288135.2500
    0:00:07   29684.8      0.00       0.0       0.0                           2288135.2500
    0:00:07   29644.9      0.00       0.0       0.0                           2175243.2500
    0:00:07   29644.9      0.00       0.0       0.0                           2175243.2500
    0:00:07   29644.9      0.00       0.0       0.0                           2175243.2500
    0:00:07   29644.9      0.00       0.0       0.0                           2175243.2500
    0:00:07   29644.9      0.00       0.0       0.0                           2175243.2500
    0:00:07   29644.9      0.00       0.0       0.0                           2175243.2500
    0:00:07   29644.9      0.00       0.0       0.0                           2175243.2500
    0:00:07   29644.9      0.00       0.0       0.0                           2175243.2500
    0:00:07   29644.9      0.00       0.0       0.0                           2175243.2500
    0:00:07   29644.9      0.00       0.0       0.0                           2175243.2500
    0:00:07   29644.9      0.00       0.0       0.0                           2175243.2500
    0:00:07   29644.9      0.00       0.0       0.0                           2175243.2500
    0:00:07   29644.9      0.00       0.0       0.0                           2175243.2500
    0:00:07   29644.9      0.00       0.0       0.0                           2175243.2500
    0:00:07   29644.9      0.00       0.0       0.0                           2175243.2500
    0:00:07   29644.9      0.00       0.0       0.0                           2175243.2500
    0:00:07   29644.9      0.00       0.0       0.0                           2175243.2500
    0:00:07   29644.9      0.00       0.0       0.0                           2175243.2500
    0:00:07   29644.9      0.00       0.0       0.0                           2175243.2500
    0:00:07   29644.9      0.00       0.0       0.0                           2175243.2500
    0:00:07   29644.9      0.00       0.0       0.0                           2175243.2500


  Beginning Leakage Power Optimization  (max_leakage_power 0)
  ------------------------------------

                                  TOTAL                                                
   ELAPSED            WORST NEG   SETUP    DESIGN                              LEAKAGE 
    TIME      AREA      SLACK     COST    RULE COST         ENDPOINT            POWER  
  --------- --------- --------- --------- --------- ------------------------- ---------
    0:00:07   29644.9      0.00       0.0       0.0                           2175243.2500
  Global Optimization (Phase 32)
  Global Optimization (Phase 33)
  Global Optimization (Phase 34)
  Global Optimization (Phase 35)
  Global Optimization (Phase 36)
  Global Optimization (Phase 37)
  Global Optimization (Phase 38)
  Global Optimization (Phase 39)
  Global Optimization (Phase 40)
  Global Optimization (Phase 41)
  Global Optimization (Phase 42)
  Global Optimization (Phase 43)
  Global Optimization (Phase 44)
    0:00:08   29611.6      0.00       0.0       0.0                           1794135.2500
    0:00:08   29611.6      0.00       0.0       0.0                           1794135.2500
    0:00:08   29611.6      0.00       0.0       0.0                           1794135.2500
    0:00:08   29478.6      0.00       0.0       0.0                           1802561.0000
    0:00:08   29478.6      0.00       0.0       0.0                           1802561.0000
    0:00:08   29478.6      0.00       0.0       0.0                           1802561.0000
    0:00:08   29478.6      0.00       0.0       0.0                           1802561.0000
    0:00:08   29478.6      0.00       0.0       0.0                           1802561.0000
    0:00:08   29478.6      0.00       0.0       0.0                           1802561.0000
    0:00:08   29478.6      0.00       0.0       0.0                           1802561.0000
    0:00:08   29478.6      0.00       0.0       0.0                           1802561.0000
    0:00:08   29478.6      0.00       0.0       0.0                           1802561.0000
    0:00:08   29478.6      0.00       0.0       0.0                           1802561.0000
    0:00:08   29478.6      0.00       0.0       0.0                           1802561.0000
    0:00:08   29478.6      0.00       0.0       0.0                           1802561.0000
    0:00:08   29478.6      0.00       0.0       0.0                           1802561.0000
    0:00:08   29478.6      0.00       0.0       0.0                           1802561.0000
    0:00:08   29478.6      0.00       0.0       0.0                           1802561.0000
    0:00:08   29478.6      0.00       0.0       0.0                           1802561.0000
    0:00:08   29478.6      0.00       0.0       0.0                           1802561.0000
    0:00:08   29478.6      0.00       0.0       0.0                           1802561.0000
    0:00:08   29478.6      0.00       0.0       0.0                           1802561.0000

                                  TOTAL                                                
   ELAPSED            WORST NEG   SETUP    DESIGN                              LEAKAGE 
    TIME      AREA      SLACK     COST    RULE COST         ENDPOINT            POWER  
  --------- --------- --------- --------- --------- ------------------------- ---------
    0:00:08   29478.6      0.00       0.0       0.0                           1802561.0000
    0:00:08   29092.7      0.00       0.0       0.0                           1815658.0000
    0:00:08   29092.7      0.00       0.0       0.0                           1815658.0000
    0:00:08   29092.7      0.00       0.0       0.0                           1815658.0000
    0:00:08   29092.7      0.00       0.0       0.0                           1815658.0000
    0:00:08   29229.1      0.00       0.0       0.0                           1802950.1250
    0:00:08   29229.1      0.00       0.0       0.0                           1802950.1250
    0:00:08   29229.1      0.00       0.0       0.0                           1802950.1250
    0:00:08   29229.1      0.00       0.0       0.0                           1802950.1250
    0:00:08   29229.1      0.00       0.0       0.0                           1802950.1250
    0:00:08   29229.1      0.00       0.0       0.0                           1802950.1250
    0:00:08   29185.8      0.00       0.0       0.0                           1803674.2500
Loading db file '/RAID2/COURSE/iclab/iclabta01/umc018/Synthesis/slow.db'


Note: Symbol # after min delay cost means estimated hold TNS across all active scenarios 


  Optimization Complete
  ---------------------
Information: State dependent leakage is now switched from off to on.
Information: Propagating switching activity (low effort zero delay simulation). (PWR-6)
1
#======================================================
#  Output Reports 
#======================================================
report_timing >  Report/HE\.timing
report_area >  Report/HE\.area
report_resource >  Report/HE\.resource
check_design > Report/HE\.check
#======================================================
#  Change Naming Rule
#======================================================
set bus_inference_style "%s\[%d\]"
%s[%d]
set bus_naming_style "%s\[%d\]"
%s[%d]
set hdlout_internal_busses true
true
change_names -hierarchy -rule verilog
1
define_name_rules name_rule -allowed "a-z A-Z 0-9 _" -max_length 255 -type cell
1
define_name_rules name_rule -allowed "a-z A-Z 0-9 _[]" -max_length 255 -type net
1
define_name_rules name_rule -map {{"\\*cell\\*" "cell"}}
1
change_names -hierarchy -rules name_rule
1
#======================================================
#  Output Results
#======================================================
set verilogout_higher_designs_first true
true
write -format verilog -output Netlist/HE\_SYN.v -hierarchy
Writing verilog file '/RAID2/COURSE/dcs/dcs064/HW04/02_SYN/Netlist/HE_SYN.v'.
1
write_sdf -version 3.0 -context verilog -load_delay cell Netlist/HE\_SYN.sdf -significant_digits 6
Information: Writing timing information to file '/RAID2/COURSE/dcs/dcs064/HW04/02_SYN/Netlist/HE_SYN.sdf'. (WT-3)
1
write_sdc Netlist/HE\_SYN.sdc
1
#======================================================
#  Finish and Quit
#======================================================
report_area
 
****************************************
Report : area
Design : HE
Version: T-2022.03
Date   : Fri Apr 28 00:13:18 2023
****************************************

Library(s) Used:

    slow (File: /RAID2/COURSE/iclab/iclabta01/umc018/Synthesis/slow.db)

Number of ports:                           38
Number of nets:                          1599
Number of cells:                         1517
Number of combinational cells:           1352
Number of sequential cells:               164
Number of macros/black boxes:               0
Number of buf/inv:                        213
Number of references:                      44

Combinational area:              19855.282052
Buf/Inv area:                     2132.222477
Noncombinational area:            9330.551960
Macro/Black Box area:                0.000000
Net Interconnect area:      undefined  (No wire load specified)

Total cell area:                 29185.834012
Total area:                 undefined
1
report_timing
 
****************************************
Report : timing
        -path full
        -delay max
        -max_paths 1
Design : HE
Version: T-2022.03
Date   : Fri Apr 28 00:13:18 2023
****************************************

Operating Conditions: slow   Library: slow
Wire Load Model Mode: top

  Startpoint: cdf_reg_reg_7__4_
              (rising edge-triggered flip-flop clocked by clk)
  Endpoint: out_image_reg_5_
            (rising edge-triggered flip-flop clocked by clk)
  Path Group: clk
  Path Type: max

  Point                                    Incr       Path
  -----------------------------------------------------------
  clock clk (rise edge)                    0.00       0.00
  clock network delay (ideal)              0.00       0.00
  cdf_reg_reg_7__4_/CK (DFFHQX1)           0.00       0.00 r
  cdf_reg_reg_7__4_/Q (DFFHQX1)            0.60       0.60 r
  t1/cal_in[4] (transform)                 0.00       0.60 r
  t1/U54/Y (NOR2X1)                        0.13       0.73 f
  t1/U83/Y (INVXL)                         0.21       0.93 r
  t1/U291/Y (NOR2X1)                       0.19       1.12 f
  t1/U76/Y (INVXL)                         0.29       1.42 r
  t1/U102/Y (AOI2BB1XL)                    0.36       1.77 r
  t1/U208/Y (INVXL)                        0.10       1.88 f
  t1/U384/Y (OAI21XL)                      0.20       2.07 r
  t1/U388/Y (NAND4XL)                      0.15       2.22 f
  t1/U389/Y (AOI221XL)                     0.25       2.47 r
  t1/U245/Y (NAND4XL)                      0.19       2.66 f
  t1/U169/Y (AOI211XL)                     0.24       2.90 r
  t1/U167/Y (NAND4XL)                      0.16       3.05 f
  t1/U166/Y (AOI221XL)                     0.32       3.37 r
  t1/U271/Y (NAND4BXL)                     0.18       3.56 f
  t1/cal_out[0] (transform)                0.00       3.56 f
  U1086/Y (INVXL)                          0.22       3.78 r
  U748/Y (NOR2XL)                          0.09       3.87 f
  U752/Y (NAND2X1)                         0.19       4.06 r
  U908/Y (NOR2X2)                          0.10       4.16 f
  U907/Y (NAND3X1)                         0.15       4.31 r
  U1629/Y (NAND2XL)                        0.12       4.43 f
  U1080/Y (NAND2XL)                        0.16       4.59 r
  U1188/Y (OAI2BB2XL)                      0.23       4.82 r
  out_image_reg_5_/D (DFFRHQXL)            0.00       4.82 r
  data arrival time                                   4.82

  clock clk (rise edge)                    5.00       5.00
  clock network delay (ideal)              0.00       5.00
  out_image_reg_5_/CK (DFFRHQXL)           0.00       5.00 r
  library setup time                      -0.18       4.82
  data required time                                  4.82
  -----------------------------------------------------------
  data required time                                  4.82
  data arrival time                                  -4.82
  -----------------------------------------------------------
  slack (MET)                                         0.00


1
exit

Memory usage for this session 198 Mbytes.
Memory usage for this session including child processes 207 Mbytes.
CPU usage for this session 12 seconds ( 0.00 hours ).
Elapsed time for this session 16 seconds ( 0.00 hours ).

Thank you...
