
                           Design Compiler Graphical 
                                 DC Ultra (TM)
                                  DFTMAX (TM)
                              Power Compiler (TM)
                                 DesignWare (R)
                                 DC Expert (TM)
                               Design Vision (TM)
                               HDL Compiler (TM)
                               VHDL Compiler (TM)
                                  DFT Compiler
                               Design Compiler(R)

                 Version T-2022.03 for linux64 - Feb 22, 2022 

                    Copyright (c) 1988 - 2022 Synopsys, Inc.
   This software and the associated documentation are proprietary to Synopsys,
 Inc. This software may only be used in accordance with the terms and conditions
 of a written license agreement with Synopsys, Inc. All other use, reproduction,
   or distribution of this software is strictly prohibited.  Licensed Products
     communicate with Synopsys servers for the purpose of providing software
    updates, detecting software piracy and verifying that customers are using
    Licensed Products in conformity with the applicable License Key for such
  Licensed Products. Synopsys will use information gathered in connection with
    this process to deliver software updates and pursue software pirates and
                                   infringers.

 Inclusivity & Diversity - Visit SolvNetPlus to read the "Synopsys Statement on
            Inclusivity and Diversity" (Refer to article 000036315 at
                        https://solvnetplus.synopsys.com)
Initializing...
#======================================================
#
# Synopsys Synthesis Scripts (Design Vision dctcl mode)
#
#======================================================
#======================================================
#  Set Libraries
#======================================================
set search_path {  ./../01_RTL \
                   ./../04_MEM \
                   ~iclabta01/umc018/Synthesis/ \
                   /usr/synthesis/libraries/syn/ \
                   /usr/synthesis/dw/ }
  ./../01_RTL  ./../04_MEM  ~iclabta01/umc018/Synthesis/  /usr/synthesis/libraries/syn/  /usr/synthesis/dw/ 
set synthetic_library {dw_foundation.sldb}
dw_foundation.sldb
set link_library {* dw_foundation.sldb standard.sldb slow.db }
* dw_foundation.sldb standard.sldb slow.db 
set target_library {slow.db}
slow.db
#report_lib slow
#======================================================
#  Global Parameters
#======================================================
set CYCLE 10.0
10.0
#======================================================
#  Read RTL Code
#======================================================
#set hdlin_auto_save_templates TRUE
read_sverilog {TL\.sv}
Loading db file '/usr/cad/synopsys/synthesis/2022.03/libraries/syn/dw_foundation.sldb'
Loading db file '/usr/cad/synopsys/synthesis/2022.03/libraries/syn/standard.sldb'
Loading db file '/RAID2/COURSE/iclab/iclabta01/umc018/Synthesis/slow.db'
Loading db file '/usr/cad/synopsys/synthesis/2022.03/libraries/syn/gtech.db'
  Loading link library 'slow'
  Loading link library 'gtech'
Loading sverilog file '/RAID2/COURSE/dcs/dcs064/HW03/01_RTL/TL.sv'
Detecting input file type automatically (-rtl or -netlist).
Reading with Presto HDL Compiler (equivalent to -rtl option).
Running PRESTO HDLC
Compiling source file /RAID2/COURSE/dcs/dcs064/HW03/01_RTL/TL.sv

Statistics for case statements in always block at line 62 in file
	'/RAID2/COURSE/dcs/dcs064/HW03/01_RTL/TL.sv'
===============================================
|           Line           |  full/ parallel  |
===============================================
|            72            |     no/auto      |
|            78            |    auto/auto     |
|            84            |    auto/auto     |
|           184            |     no/auto      |
===============================================

Inferred memory devices in process
	in routine TL line 44 in file
		'/RAID2/COURSE/dcs/dcs064/HW03/01_RTL/TL.sv'.
===============================================================================
|    Register Name    |   Type    | Width | Bus | MB | AR | AS | SR | SS | ST |
===============================================================================
| car_main_lt_reg_reg | Flip-flop |   2   |  Y  | N  | N  | N  | N  | N  | N  |
| car_main_s_reg_reg  | Flip-flop |   1   |  N  | N  | N  | N  | N  | N  | N  |
| car_side_lt_reg_reg | Flip-flop |   3   |  Y  | N  | N  | N  | N  | N  | N  |
| car_side_s_reg_reg  | Flip-flop |   2   |  Y  | N  | N  | N  | N  | N  | N  |
===============================================================================

Inferred memory devices in process
	in routine TL line 51 in file
		'/RAID2/COURSE/dcs/dcs064/HW03/01_RTL/TL.sv'.
===============================================================================
|    Register Name    |   Type    | Width | Bus | MB | AR | AS | SR | SS | ST |
===============================================================================
|   light_main_reg    | Flip-flop |   1   |  N  | N  | N  | Y  | N  | N  | N  |
|   light_main_reg    | Flip-flop |   1   |  N  | N  | Y  | N  | N  | N  | N  |
|   light_side_reg    | Flip-flop |   2   |  Y  | N  | Y  | N  | N  | N  | N  |
|    out_valid_reg    | Flip-flop |   1   |  N  | N  | Y  | N  | N  | N  | N  |
===============================================================================

Inferred memory devices in process
	in routine TL line 57 in file
		'/RAID2/COURSE/dcs/dcs064/HW03/01_RTL/TL.sv'.
===============================================================================
|    Register Name    |   Type    | Width | Bus | MB | AR | AS | SR | SS | ST |
===============================================================================
|      state_reg      | Flip-flop |   4   |  Y  | N  | Y  | N  | N  | N  | N  |
===============================================================================

Inferred memory devices in process
	in routine Timer line 213 in file
		'/RAID2/COURSE/dcs/dcs064/HW03/01_RTL/TL.sv'.
===============================================================================
|    Register Name    |   Type    | Width | Bus | MB | AR | AS | SR | SS | ST |
===============================================================================
|      count_reg      | Flip-flop |   2   |  Y  | N  | Y  | N  | N  | N  | N  |
===============================================================================
Presto compilation completed successfully.
Current design is now '/RAID2/COURSE/dcs/dcs064/HW03/01_RTL/TL.db:TL'
Loaded 2 designs.
Current design is 'TL'.
TL Timer
current_design TL
Current design is 'TL'.
{TL}
#======================================================
#  Global Setting
#======================================================
#======================================================
#  Set Design Constraints
#======================================================
create_clock -name "clk" -period $CYCLE clk
1
set_input_delay  [ expr $CYCLE*0.5 ] -clock clk [all_inputs]
1
set_output_delay [ expr $CYCLE*0.5 ] -clock clk [all_outputs]
1
set_input_delay 0 -clock clk clk
1
set_input_delay 0 -clock clk rst_n
1
set_load 0.05 [all_outputs]
1
set_dont_use slow/JKFF*
1
#======================================================
#  Optimization
#======================================================
set_wire_load_mode top
1
check_design > Report/TL\.check
set_fix_multiple_port_nets -all -buffer_constants
1
set_fix_hold [all_clocks]
1
compile_ultra
Information: Performing power optimization. (PWR-850)
Alib files are up-to-date.
Information: Evaluating DesignWare library utilization. (UISN-27)

============================================================================
| DesignWare Building Block Library  |         Version         | Available |
============================================================================
| Basic DW Building Blocks           | S-2021.06-DWBB_202106.0 |     *     |
| Licensed DW Building Blocks        | S-2021.06-DWBB_202106.0 |     *     |
============================================================================

====================================================================================================
| Flow Information                                                                                 |
----------------------------------------------------------------------------------------------------
| Flow         | Design Compiler WLM                                                               |
| Comand line  | compile_ultra                                                                     |
====================================================================================================
| Design Information                                      | Value                                  |
====================================================================================================
| Number of Scenarios                                     | 0                                      |
| Leaf Cell Count                                         | 375                                    |
| Number of User Hierarchies                              | 1                                      |
| Sequential Cell Count                                   | 19                                     |
| Macro Count                                             | 0                                      |
| Number of Power Domains                                 | 0                                      |
| Number of Path Groups                                   | 2                                      |
| Number of VT class                                      | 0                                      |
| Number of Clocks                                        | 1                                      |
| Number of Dont Touch cells                              | 178                                    |
| Number of Dont Touch nets                               | 0                                      |
| Number of size only cells                               | 0                                      |
| Design with UPF Data                                    | false                                  |
----------------------------------------------------------------------------------------------------
| Variables                                               | Value                                  |
----------------------------------------------------------------------------------------------------
| set_fix_multiple_port_nets                              | -all -buffer_constants                 |
====================================================================================================
Information: Sequential output inversion is enabled.  SVF file must be used for formal verification. (OPT-1208)

Information: There are 3 potential problems in your design. Please run 'check_design' for more information. (LINT-99)

  Simplifying Design 'TL'

Loaded alib file './alib-52/slow.db.alib'
  Building model 'DW01_NAND2'
Information: Ungrouping hierarchy t1 before Pass 1 (OPT-776)
Information: Ungrouping 1 of 2 hierarchies before Pass 1 (OPT-775)
Information: State dependent leakage is now switched from on to off.

  Beginning Pass 1 Mapping
  ------------------------
  Processing 'TL'
Information: Added key list 'DesignWare' to design 'TL'. (DDB-72)

  Updating timing information
Information: Updating design information... (UID-85)
Information: The library cell 'HOLDX1' in the library 'slow' is not characterized for internal power. (PWR-536)
Information: The target library(s) contains cell(s), other than black boxes, that are not characterized for internal power. (PWR-24)

  Beginning Mapping Optimizations  (Ultra High effort)
  -------------------------------
Information: There is no timing violation in design TL. Delay-based auto_ungroup will not be performed. (OPT-780)

                                  TOTAL                                                            
   ELAPSED            WORST NEG   SETUP    DESIGN                              LEAKAGE   MIN DELAY 
    TIME      AREA      SLACK     COST    RULE COST         ENDPOINT            POWER      COST    
  --------- --------- --------- --------- --------- ------------------------- --------- -----------
    0:00:01    3369.6      0.00       0.0       0.0                           353406.7500      0.00  
    0:00:01    3369.6      0.00       0.0       0.0                           353406.7500      0.00  

  Beginning Constant Register Removal
  -----------------------------------
    0:00:01    3369.6      0.00       0.0       0.0                           353406.7500      0.00  
    0:00:01    3369.6      0.00       0.0       0.0                           353406.7500      0.00  

  Beginning Global Optimizations
  ------------------------------
  Numerical Synthesis (Phase 1)
  Numerical Synthesis (Phase 2)
  Global Optimization (Phase 1)
  Global Optimization (Phase 2)
  Global Optimization (Phase 3)
  Global Optimization (Phase 4)
  Global Optimization (Phase 5)
  Global Optimization (Phase 6)
  Global Optimization (Phase 7)
  Global Optimization (Phase 8)
  Global Optimization (Phase 9)
  Global Optimization (Phase 10)
  Global Optimization (Phase 11)
  Global Optimization (Phase 12)
  Global Optimization (Phase 13)
  Global Optimization (Phase 14)
  Global Optimization (Phase 15)
  Global Optimization (Phase 16)
  Global Optimization (Phase 17)
  Global Optimization (Phase 18)
  Global Optimization (Phase 19)
  Global Optimization (Phase 20)
  Global Optimization (Phase 21)
  Global Optimization (Phase 22)
  Global Optimization (Phase 23)
  Global Optimization (Phase 24)
  Global Optimization (Phase 25)
  Global Optimization (Phase 26)
  Global Optimization (Phase 27)
  Global Optimization (Phase 28)
  Global Optimization (Phase 29)

  Beginning Isolate Ports
  -----------------------

  Beginning Delay Optimization
  ----------------------------
    0:00:02    2774.2      0.00       0.0       0.0                           210485.8906      0.00  
    0:00:02    2774.2      0.00       0.0       0.0                           210485.8906      0.00  
    0:00:02    2774.2      0.00       0.0       0.0                           210485.8906      0.00  
    0:00:02    2701.0      0.00       0.0       0.0                           202061.5000      0.00  
    0:00:02    2701.0      0.00       0.0       0.0                           202061.5000      0.00  
    0:00:02    2701.0      0.00       0.0       0.0                           202061.5000      0.00  

  Beginning WLM Backend Optimization
  --------------------------------------
    0:00:02    2707.7      0.00       0.0       0.0                           199889.3750      0.00  
    0:00:02    2707.7      0.00       0.0       0.0                           199889.3750      0.00  
    0:00:02    2707.7      0.00       0.0       0.0                           199889.3750      0.00  
    0:00:02    2704.4      0.00       0.0       0.0                           187635.0000      0.00  
    0:00:02    2704.4      0.00       0.0       0.0                           187635.0000      0.00  
    0:00:02    2704.4      0.00       0.0       0.0                           187635.0000      0.00  
    0:00:02    2704.4      0.00       0.0       0.0                           187635.0000      0.00  
    0:00:02    2704.4      0.00       0.0       0.0                           187635.0000      0.00  
    0:00:02    2704.4      0.00       0.0       0.0                           187635.0000      0.00  
    0:00:02    2704.4      0.00       0.0       0.0                           187635.0000      0.00  
    0:00:02    2704.4      0.00       0.0       0.0                           187635.0000      0.00  
    0:00:02    2704.4      0.00       0.0       0.0                           187635.0000      0.00  
    0:00:02    2704.4      0.00       0.0       0.0                           187635.0000      0.00  
    0:00:02    2704.4      0.00       0.0       0.0                           187635.0000      0.00  
    0:00:02    2704.4      0.00       0.0       0.0                           187635.0000      0.00  
    0:00:02    2704.4      0.00       0.0       0.0                           187635.0000      0.00  
    0:00:02    2704.4      0.00       0.0       0.0                           187635.0000      0.00  
    0:00:02    2704.4      0.00       0.0       0.0                           187635.0000      0.00  
    0:00:02    2704.4      0.00       0.0       0.0                           187635.0000      0.00  
    0:00:02    2704.4      0.00       0.0       0.0                           187635.0000      0.00  
    0:00:02    2704.4      0.00       0.0       0.0                           187635.0000      0.00  
    0:00:02    2704.4      0.00       0.0       0.0                           187635.0000      0.00  
    0:00:02    2704.4      0.00       0.0       0.0                           187635.0000      0.00  
    0:00:02    2704.4      0.00       0.0       0.0                           187635.0000      0.00  


  Beginning Leakage Power Optimization  (max_leakage_power 0)
  ------------------------------------

                                  TOTAL                                                            
   ELAPSED            WORST NEG   SETUP    DESIGN                              LEAKAGE   MIN DELAY 
    TIME      AREA      SLACK     COST    RULE COST         ENDPOINT            POWER      COST    
  --------- --------- --------- --------- --------- ------------------------- --------- -----------
    0:00:02    2704.4      0.00       0.0       0.0                           187635.0000      0.00  
  Global Optimization (Phase 30)
  Global Optimization (Phase 31)
  Global Optimization (Phase 32)
  Global Optimization (Phase 33)
  Global Optimization (Phase 34)
  Global Optimization (Phase 35)
  Global Optimization (Phase 36)
  Global Optimization (Phase 37)
  Global Optimization (Phase 38)
  Global Optimization (Phase 39)
  Global Optimization (Phase 40)
  Global Optimization (Phase 41)
    0:00:02    2754.3      0.00       0.0       0.0                           164000.2812      0.00  
    0:00:02    2754.3      0.00       0.0       0.0                           164000.2812      0.00  
    0:00:02    2754.3      0.00       0.0       0.0                           164000.2812      0.00  
    0:00:02    2737.6      0.00       0.0       0.0                           165053.4844      0.00  
    0:00:02    2737.6      0.00       0.0       0.0                           165053.4844      0.00  
    0:00:02    2737.6      0.00       0.0       0.0                           165053.4844      0.00  
    0:00:02    2737.6      0.00       0.0       0.0                           165053.4844      0.00  
    0:00:02    2737.6      0.00       0.0       0.0                           165053.4844      0.00  
    0:00:02    2737.6      0.00       0.0       0.0                           165053.4844      0.00  
    0:00:02    2737.6      0.00       0.0       0.0                           165053.4844      0.00  
    0:00:02    2737.6      0.00       0.0       0.0                           165053.4844      0.00  
    0:00:02    2737.6      0.00       0.0       0.0                           165053.4844      0.00  
    0:00:02    2737.6      0.00       0.0       0.0                           165053.4844      0.00  
    0:00:02    2737.6      0.00       0.0       0.0                           165053.4844      0.00  
    0:00:02    2737.6      0.00       0.0       0.0                           165053.4844      0.00  
    0:00:02    2737.6      0.00       0.0       0.0                           165053.4844      0.00  
    0:00:02    2737.6      0.00       0.0       0.0                           165053.4844      0.00  
    0:00:02    2737.6      0.00       0.0       0.0                           165053.4844      0.00  
    0:00:02    2737.6      0.00       0.0       0.0                           165053.4844      0.00  
    0:00:02    2737.6      0.00       0.0       0.0                           165053.4844      0.00  
    0:00:02    2737.6      0.00       0.0       0.0                           165053.4844      0.00  
    0:00:02    2737.6      0.00       0.0       0.0                           165053.4844      0.00  

                                  TOTAL                                                            
   ELAPSED            WORST NEG   SETUP    DESIGN                              LEAKAGE   MIN DELAY 
    TIME      AREA      SLACK     COST    RULE COST         ENDPOINT            POWER      COST    
  --------- --------- --------- --------- --------- ------------------------- --------- -----------
    0:00:02    2737.6      0.00       0.0       0.0                           165053.4844      0.00  
    0:00:02    2701.0      0.00       0.0       0.0                           167370.5469      0.00  
    0:00:02    2701.0      0.00       0.0       0.0                           167370.5469      0.00  
    0:00:02    2701.0      0.00       0.0       0.0                           167370.5469      0.00  
    0:00:02    2701.0      0.00       0.0       0.0                           167370.5469      0.00  
    0:00:02    2731.0      0.00       0.0       0.0                           165474.7812      0.00  
    0:00:02    2731.0      0.00       0.0       0.0                           165474.7812      0.00  
    0:00:02    2731.0      0.00       0.0       0.0                           165474.7812      0.00  
    0:00:02    2731.0      0.00       0.0       0.0                           165474.7812      0.00  
    0:00:02    2731.0      0.00       0.0       0.0                           165474.7812      0.00  
    0:00:02    2731.0      0.00       0.0       0.0                           165474.7812      0.00  
Loading db file '/RAID2/COURSE/iclab/iclabta01/umc018/Synthesis/slow.db'


Note: Symbol # after min delay cost means estimated hold TNS across all active scenarios 


  Optimization Complete
  ---------------------
Information: State dependent leakage is now switched from off to on.
Information: Propagating switching activity (low effort zero delay simulation). (PWR-6)
1
#======================================================
#  Output Reports 
#======================================================
report_timing >  Report/TL\.timing
report_area >  Report/TL\.area
report_resource >  Report/TL\.resource
#======================================================
#  Change Naming Rule
#======================================================
set bus_inference_style "%s\[%d\]"
%s[%d]
set bus_naming_style "%s\[%d\]"
%s[%d]
set hdlout_internal_busses true
true
change_names -hierarchy -rule verilog
1
define_name_rules name_rule -allowed "a-z A-Z 0-9 _" -max_length 255 -type cell
1
define_name_rules name_rule -allowed "a-z A-Z 0-9 _[]" -max_length 255 -type net
1
define_name_rules name_rule -map {{"\\*cell\\*" "cell"}}
1
change_names -hierarchy -rules name_rule
1
#======================================================
#  Output Results
#======================================================
set verilogout_higher_designs_first true
true
write -format verilog -output Netlist/TL\_SYN.v -hierarchy
Writing verilog file '/RAID2/COURSE/dcs/dcs064/HW03/02_SYN/Netlist/TL_SYN.v'.
1
write_sdf -version 3.0 -context verilog -load_delay cell Netlist/TL\_SYN.sdf -significant_digits 6
Information: Writing timing information to file '/RAID2/COURSE/dcs/dcs064/HW03/02_SYN/Netlist/TL_SYN.sdf'. (WT-3)
1
#======================================================
#  Finish and Quit
#======================================================
report_area
 
****************************************
Report : area
Design : TL
Version: T-2022.03
Date   : Thu May  4 20:17:45 2023
****************************************

Library(s) Used:

    slow (File: /RAID2/COURSE/iclab/iclabta01/umc018/Synthesis/slow.db)

Number of ports:                           20
Number of nets:                           141
Number of cells:                          120
Number of combinational cells:            101
Number of sequential cells:                19
Number of macros/black boxes:               0
Number of buf/inv:                         16
Number of references:                      28

Combinational area:               1533.470426
Buf/Inv area:                      159.667206
Noncombinational area:            1197.503998
Macro/Black Box area:                0.000000
Net Interconnect area:      undefined  (No wire load specified)

Total cell area:                  2730.974423
Total area:                 undefined
1
report_timing
 
****************************************
Report : timing
        -path full
        -delay max
        -max_paths 1
Design : TL
Version: T-2022.03
Date   : Thu May  4 20:17:45 2023
****************************************

Operating Conditions: slow   Library: slow
Wire Load Model Mode: top

  Startpoint: in_valid (input port clocked by clk)
  Endpoint: t1_count_reg_0_
            (rising edge-triggered flip-flop clocked by clk)
  Path Group: clk
  Path Type: max

  Point                                    Incr       Path
  -----------------------------------------------------------
  clock clk (rise edge)                    0.00       0.00
  clock network delay (ideal)              0.00       0.00
  input external delay                     5.00       5.00 r
  in_valid (in)                            0.00       5.00 r
  U148/Y (NAND2XL)                         0.09       5.09 f
  U129/Y (NOR2X1)                          0.34       5.43 r
  U135/Y (NAND4XL)                         0.15       5.58 f
  U132/Y (OAI211XL)                        0.18       5.75 r
  U168/Y (AOI32XL)                         0.21       5.96 f
  U167/Y (OAI32XL)                         0.35       6.31 r
  U166/Y (AOI2BB1XL)                       0.26       6.57 r
  U209/Y (INVXL)                           0.06       6.63 f
  t1_count_reg_0_/D (DFFSX1)               0.00       6.63 f
  data arrival time                                   6.63

  clock clk (rise edge)                   10.00      10.00
  clock network delay (ideal)              0.00      10.00
  t1_count_reg_0_/CK (DFFSX1)              0.00      10.00 r
  library setup time                      -0.29       9.71
  data required time                                  9.71
  -----------------------------------------------------------
  data required time                                  9.71
  data arrival time                                  -6.63
  -----------------------------------------------------------
  slack (MET)                                         3.08


1
exit
Memory usage for this session 186 Mbytes.
Memory usage for this session including child processes 186 Mbytes.
CPU usage for this session 5 seconds ( 0.00 hours ).
Elapsed time for this session 8 seconds ( 0.00 hours ).

Thank you...
