
                           Design Compiler Graphical 
                                 DC Ultra (TM)
                                  DFTMAX (TM)
                              Power Compiler (TM)
                                 DesignWare (R)
                                 DC Expert (TM)
                               Design Vision (TM)
                               HDL Compiler (TM)
                               VHDL Compiler (TM)
                                  DFT Compiler
                               Design Compiler(R)

                 Version T-2022.03 for linux64 - Feb 22, 2022 

                    Copyright (c) 1988 - 2022 Synopsys, Inc.
   This software and the associated documentation are proprietary to Synopsys,
 Inc. This software may only be used in accordance with the terms and conditions
 of a written license agreement with Synopsys, Inc. All other use, reproduction,
   or distribution of this software is strictly prohibited.  Licensed Products
     communicate with Synopsys servers for the purpose of providing software
    updates, detecting software piracy and verifying that customers are using
    Licensed Products in conformity with the applicable License Key for such
  Licensed Products. Synopsys will use information gathered in connection with
    this process to deliver software updates and pursue software pirates and
                                   infringers.

 Inclusivity & Diversity - Visit SolvNetPlus to read the "Synopsys Statement on
            Inclusivity and Diversity" (Refer to article 000036315 at
                        https://solvnetplus.synopsys.com)
Initializing...
#======================================================
#
# Synopsys Synthesis Scripts (Design Vision dctcl mode)
#
#======================================================
#======================================================
#  Set Libraries
#======================================================
set search_path {  ./../01_RTL \
                   ~iclabta01/umc018/Synthesis/ \
                   /usr/synthesis/libraries/syn/ \ 
                   /usr/synthesis/dw/ }
  ./../01_RTL  ~iclabta01/umc018/Synthesis/  /usr/synthesis/libraries/syn/ \ 
                   /usr/synthesis/dw/ 
set synthetic_library {dw_foundation.sldb}
dw_foundation.sldb
set link_library {* dw_foundation.sldb standard.sldb slow.db }
* dw_foundation.sldb standard.sldb slow.db 
set target_library {slow.db}
slow.db
#report_lib slow
#======================================================
#  Global Parameters
#======================================================
#set DESIGN "MIPS"
set clk_period 10.0
10.0
set IN_DLY  [expr 0.5*$clk_period]
5.0
set OUT_DLY [expr 0.5*$clk_period]
5.0
#======================================================
#  Read RTL Code
#======================================================
#set hdlin_auto_save_templates TRUE
read_sverilog {MIPS.sv}
Loading db file '/usr/cad/synopsys/synthesis/2022.03/libraries/syn/dw_foundation.sldb'
Loading db file '/usr/cad/synopsys/synthesis/2022.03/libraries/syn/standard.sldb'
Loading db file '/RAID2/COURSE/iclab/iclabta01/umc018/Synthesis/slow.db'
Loading db file '/usr/cad/synopsys/synthesis/2022.03/libraries/syn/gtech.db'
  Loading link library 'slow'
  Loading link library 'gtech'
Loading sverilog file '/RAID2/COURSE/dcs/dcs064/HW05/01_RTL/MIPS.sv'
Detecting input file type automatically (-rtl or -netlist).
Reading with Presto HDL Compiler (equivalent to -rtl option).
Running PRESTO HDLC
Compiling source file /RAID2/COURSE/dcs/dcs064/HW05/01_RTL/MIPS.sv
Warning:  /RAID2/COURSE/dcs/dcs064/HW05/01_RTL/MIPS.sv:341: signed to unsigned assignment occurs. (VER-318)
Warning:  /RAID2/COURSE/dcs/dcs064/HW05/01_RTL/MIPS.sv:362: signed to unsigned assignment occurs. (VER-318)

Statistics for case statements in always block at line 65 in file
	'/RAID2/COURSE/dcs/dcs064/HW05/01_RTL/MIPS.sv'
===============================================
|           Line           |  full/ parallel  |
===============================================
|            67            |     no/auto      |
===============================================

Statistics for case statements in always block at line 87 in file
	'/RAID2/COURSE/dcs/dcs064/HW05/01_RTL/MIPS.sv'
===============================================
|           Line           |  full/ parallel  |
===============================================
|            91            |    auto/auto     |
|            99            |    auto/auto     |
|           109            |    auto/auto     |
|           121            |    auto/auto     |
===============================================

Statistics for case statements in always block at line 146 in file
	'/RAID2/COURSE/dcs/dcs064/HW05/01_RTL/MIPS.sv'
===============================================
|           Line           |  full/ parallel  |
===============================================
|           149            |    auto/auto     |
===============================================

Statistics for case statements in always block at line 185 in file
	'/RAID2/COURSE/dcs/dcs064/HW05/01_RTL/MIPS.sv'
===============================================
|           Line           |  full/ parallel  |
===============================================
|           186            |    auto/auto     |
|           194            |    auto/auto     |
|           202            |    auto/auto     |
|           210            |    auto/auto     |
===============================================

Statistics for case statements in always block at line 276 in file
	'/RAID2/COURSE/dcs/dcs064/HW05/01_RTL/MIPS.sv'
===============================================
|           Line           |  full/ parallel  |
===============================================
|           277            |    auto/auto     |
===============================================

Statistics for case statements in always block at line 285 in file
	'/RAID2/COURSE/dcs/dcs064/HW05/01_RTL/MIPS.sv'
===============================================
|           Line           |  full/ parallel  |
===============================================
|           286            |    auto/auto     |
|           304            |    auto/auto     |
===============================================

Inferred memory devices in process
	in routine MIPS line 60 in file
		'/RAID2/COURSE/dcs/dcs064/HW05/01_RTL/MIPS.sv'.
===============================================================================
|    Register Name    |   Type    | Width | Bus | MB | AR | AS | SR | SS | ST |
===============================================================================
|      state_reg      | Flip-flop |   2   |  Y  | N  | Y  | N  | N  | N  | N  |
===============================================================================

Inferred memory devices in process
	in routine MIPS line 81 in file
		'/RAID2/COURSE/dcs/dcs064/HW05/01_RTL/MIPS.sv'.
===============================================================================
|    Register Name    |   Type    | Width | Bus | MB | AR | AS | SR | SS | ST |
===============================================================================
|     Rs_idx_reg      | Flip-flop |   3   |  Y  | N  | N  | N  | N  | N  | N  |
|     Rt_idx_reg      | Flip-flop |   3   |  Y  | N  | N  | N  | N  | N  | N  |
|     Rd_idx_reg      | Flip-flop |   3   |  Y  | N  | N  | N  | N  | N  | N  |
===============================================================================

Inferred memory devices in process
	in routine MIPS line 138 in file
		'/RAID2/COURSE/dcs/dcs064/HW05/01_RTL/MIPS.sv'.
===============================================================================
|    Register Name    |   Type    | Width | Bus | MB | AR | AS | SR | SS | ST |
===============================================================================
|     opA_reg_reg     | Flip-flop |  16   |  Y  | N  | N  | N  | N  | N  | N  |
|   funct_code_reg    | Flip-flop |   3   |  Y  | N  | N  | N  | N  | N  | N  |
===============================================================================

Inferred memory devices in process
	in routine MIPS line 162 in file
		'/RAID2/COURSE/dcs/dcs064/HW05/01_RTL/MIPS.sv'.
===============================================================================
|    Register Name    |   Type    | Width | Bus | MB | AR | AS | SR | SS | ST |
===============================================================================
|    fool_reg_reg     | Flip-flop |   1   |  N  | N  | N  | N  | N  | N  | N  |
===============================================================================

Inferred memory devices in process
	in routine MIPS line 236 in file
		'/RAID2/COURSE/dcs/dcs064/HW05/01_RTL/MIPS.sv'.
===============================================================================
|    Register Name    |   Type    | Width | Bus | MB | AR | AS | SR | SS | ST |
===============================================================================
|    registers_reg    | Flip-flop |  96   |  Y  | N  | Y  | N  | N  | N  | N  |
===============================================================================

Inferred memory devices in process
	in routine MIPS line 241 in file
		'/RAID2/COURSE/dcs/dcs064/HW05/01_RTL/MIPS.sv'.
===============================================================================
|    Register Name    |   Type    | Width | Bus | MB | AR | AS | SR | SS | ST |
===============================================================================
|     reg_out_reg     | Flip-flop |  12   |  Y  | N  | N  | N  | N  | N  | N  |
===============================================================================

Inferred memory devices in process
	in routine MIPS line 250 in file
		'/RAID2/COURSE/dcs/dcs064/HW05/01_RTL/MIPS.sv'.
===============================================================================
|    Register Name    |   Type    | Width | Bus | MB | AR | AS | SR | SS | ST |
===============================================================================
|     gcd_run_reg     | Flip-flop |   1   |  N  | N  | Y  | N  | N  | N  | N  |
===============================================================================

Inferred memory devices in process
	in routine MIPS line 255 in file
		'/RAID2/COURSE/dcs/dcs064/HW05/01_RTL/MIPS.sv'.
===============================================================================
|    Register Name    |   Type    | Width | Bus | MB | AR | AS | SR | SS | ST |
===============================================================================
|      gcd_A_reg      | Flip-flop |  16   |  Y  | N  | N  | N  | N  | N  | N  |
|      gcd_B_reg      | Flip-flop |  16   |  Y  | N  | N  | N  | N  | N  | N  |
|    gcd_shift_reg    | Flip-flop |   4   |  Y  | N  | N  | N  | N  | N  | N  |
===============================================================================
Presto compilation completed successfully.
Current design is now '/RAID2/COURSE/dcs/dcs064/HW05/01_RTL/MIPS.db:MIPS'
Loaded 1 design.
Current design is 'MIPS'.
MIPS
current_design MIPS
Current design is 'MIPS'.
{MIPS}
#======================================================
#  Global Setting
#======================================================
#======================================================
#  Set Design Constraints
#======================================================
set_load 0.05 [all_outputs]
1
#set_dont_use slow/JKFF*
create_clock -name "clk" -period $clk_period clk
1
set_ideal_network -no_propagate clk
1
set_input_delay  $IN_DLY -clock clk [all_inputs]
1
set_output_delay $OUT_DLY  -clock clk [all_outputs]
1
set_input_delay 0 -clock clk clk
1
set_input_delay 0 -clock clk rst_n
1
#======================================================
#  Optimization
#======================================================
uniquify
1
set_wire_load_mode top
1
set_fix_multiple_port_nets -all -buffer_constants
1
compile_ultra
Information: Performing power optimization. (PWR-850)
Alib files are up-to-date.
Information: Evaluating DesignWare library utilization. (UISN-27)

============================================================================
| DesignWare Building Block Library  |         Version         | Available |
============================================================================
| Basic DW Building Blocks           | S-2021.06-DWBB_202106.0 |     *     |
| Licensed DW Building Blocks        | S-2021.06-DWBB_202106.0 |     *     |
============================================================================

====================================================================================================
| Flow Information                                                                                 |
----------------------------------------------------------------------------------------------------
| Flow         | Design Compiler WLM                                                               |
| Comand line  | compile_ultra                                                                     |
====================================================================================================
| Design Information                                      | Value                                  |
====================================================================================================
| Number of Scenarios                                     | 0                                      |
| Leaf Cell Count                                         | 8502                                   |
| Number of User Hierarchies                              | 0                                      |
| Sequential Cell Count                                   | 176                                    |
| Macro Count                                             | 0                                      |
| Number of Power Domains                                 | 0                                      |
| Number of Path Groups                                   | 2                                      |
| Number of VT class                                      | 0                                      |
| Number of Clocks                                        | 1                                      |
| Number of Dont Touch cells                              | 917                                    |
| Number of Dont Touch nets                               | 1                                      |
| Number of size only cells                               | 0                                      |
| Design with UPF Data                                    | false                                  |
----------------------------------------------------------------------------------------------------
| Variables                                               | Value                                  |
----------------------------------------------------------------------------------------------------
| set_fix_multiple_port_nets                              | -all -buffer_constants                 |
====================================================================================================
Information: Sequential output inversion is enabled.  SVF file must be used for formal verification. (OPT-1208)

Information: There are 17 potential problems in your design. Please run 'check_design' for more information. (LINT-99)

  Simplifying Design 'MIPS'

Loaded alib file './alib-52/slow.db.alib'
  Building model 'DW01_NAND2'
Information: Ungrouping 0 of 1 hierarchies before Pass 1 (OPT-775)
Information: State dependent leakage is now switched from on to off.

  Beginning Pass 1 Mapping
  ------------------------
  Processing 'MIPS'
Information: Added key list 'DesignWare' to design 'MIPS'. (DDB-72)
 Implement Synthetic for 'MIPS'.

  Updating timing information
Information: Updating design information... (UID-85)
Information: The library cell 'HOLDX1' in the library 'slow' is not characterized for internal power. (PWR-536)
Information: The target library(s) contains cell(s), other than black boxes, that are not characterized for internal power. (PWR-24)

  Beginning Mapping Optimizations  (Ultra High effort)
  -------------------------------
  Mapping Optimization (Phase 1)

                                  TOTAL                                                
   ELAPSED            WORST NEG   SETUP    DESIGN                              LEAKAGE 
    TIME      AREA      SLACK     COST    RULE COST         ENDPOINT            POWER  
  --------- --------- --------- --------- --------- ------------------------- ---------
    0:00:13  117312.1      0.89      80.6       0.0                           15139386.0000
    0:00:13  117152.5      0.89      80.5       0.0                           15122182.0000

  Beginning Constant Register Removal
  -----------------------------------
    0:00:13  117152.5      0.89      80.5       0.0                           15122182.0000
    0:00:13  117152.5      0.89      80.5       0.0                           15122182.0000

  Beginning Global Optimizations
  ------------------------------
  Numerical Synthesis (Phase 1)
  Numerical Synthesis (Phase 2)
  Global Optimization (Phase 1)
  Global Optimization (Phase 2)
  Global Optimization (Phase 3)
  Global Optimization (Phase 4)
  Global Optimization (Phase 5)
  Global Optimization (Phase 6)
  Global Optimization (Phase 7)
  Global Optimization (Phase 8)
  Global Optimization (Phase 9)
  Global Optimization (Phase 10)
  Global Optimization (Phase 11)
  Global Optimization (Phase 12)
  Global Optimization (Phase 13)
  Global Optimization (Phase 14)
  Global Optimization (Phase 15)
  Global Optimization (Phase 16)
  Global Optimization (Phase 17)
  Global Optimization (Phase 18)
  Global Optimization (Phase 19)
  Global Optimization (Phase 20)
  Global Optimization (Phase 21)
  Global Optimization (Phase 22)
  Global Optimization (Phase 23)
  Global Optimization (Phase 24)
  Global Optimization (Phase 25)
  Global Optimization (Phase 26)
  Global Optimization (Phase 27)
  Global Optimization (Phase 28)
  Global Optimization (Phase 29)
  Global Optimization (Phase 30)
  Global Optimization (Phase 31)
  Selecting critical implementations
  Mapping 'MIPS_DW01_sub_5'
  Mapping 'MIPS_DW01_sub_6'

  Beginning Isolate Ports
  -----------------------

  Beginning Delay Optimization
  ----------------------------
    0:00:14   61535.1      0.75      62.7       0.0                           5305585.5000
    0:00:15   63178.3      0.00       0.0       0.0                           5623607.5000
    0:00:15   63178.3      0.00       0.0       0.0                           5623607.5000
    0:00:15   62526.3      0.00       0.0       0.0                           5603852.5000
    0:00:15   62070.6      0.00       0.0       0.0                           5525364.0000
    0:00:16   61934.2      0.00       0.0       0.0                           5502210.0000

  Beginning WLM Backend Optimization
  --------------------------------------
    0:00:17   60690.2      0.00       0.0       0.0                           5320339.0000
    0:00:17   60690.2      0.00       0.0       0.0                           5320339.0000
    0:00:17   60690.2      0.00       0.0       0.0                           5320339.0000
    0:00:17   59945.1      0.00       0.0       0.0                           4873999.5000
    0:00:17   59945.1      0.00       0.0       0.0                           4873999.5000
    0:00:17   59945.1      0.00       0.0       0.0                           4873999.5000
    0:00:17   59945.1      0.00       0.0       0.0                           4873999.5000
    0:00:17   59945.1      0.00       0.0       0.0                           4873999.5000
    0:00:17   59945.1      0.00       0.0       0.0                           4873999.5000
    0:00:17   59945.1      0.00       0.0       0.0                           4873999.5000
    0:00:17   59945.1      0.00       0.0       0.0                           4873999.5000
    0:00:17   59945.1      0.00       0.0       0.0                           4873999.5000
    0:00:17   59945.1      0.00       0.0       0.0                           4873999.5000
    0:00:17   59945.1      0.00       0.0       0.0                           4873999.5000
    0:00:17   59945.1      0.00       0.0       0.0                           4873999.5000
    0:00:17   59945.1      0.00       0.0       0.0                           4873999.5000
    0:00:17   59945.1      0.00       0.0       0.0                           4873999.5000
    0:00:17   59945.1      0.00       0.0       0.0                           4873999.5000
    0:00:17   59945.1      0.00       0.0       0.0                           4873999.5000
    0:00:17   59945.1      0.00       0.0       0.0                           4873999.5000
    0:00:17   59945.1      0.00       0.0       0.0                           4873999.5000
    0:00:17   59945.1      0.00       0.0       0.0                           4873999.5000
    0:00:17   59945.1      0.00       0.0       0.0                           4873999.5000
    0:00:17   59945.1      0.00       0.0       0.0                           4873999.5000


  Beginning Leakage Power Optimization  (max_leakage_power 0)
  ------------------------------------

                                  TOTAL                                                
   ELAPSED            WORST NEG   SETUP    DESIGN                              LEAKAGE 
    TIME      AREA      SLACK     COST    RULE COST         ENDPOINT            POWER  
  --------- --------- --------- --------- --------- ------------------------- ---------
    0:00:17   59945.1      0.00       0.0       0.0                           4873999.5000
  Global Optimization (Phase 32)
  Global Optimization (Phase 33)
  Global Optimization (Phase 34)
  Global Optimization (Phase 35)
  Global Optimization (Phase 36)
  Global Optimization (Phase 37)
  Global Optimization (Phase 38)
  Global Optimization (Phase 39)
  Global Optimization (Phase 40)
  Global Optimization (Phase 41)
  Global Optimization (Phase 42)
  Global Optimization (Phase 43)
  Global Optimization (Phase 44)
  Global Optimization (Phase 45)
  Global Optimization (Phase 46)
  Global Optimization (Phase 47)
    0:00:18   60347.5      0.00       0.0       0.0                           4540147.0000
    0:00:18   60347.5      0.00       0.0       0.0                           4540147.0000
    0:00:18   60347.5      0.00       0.0       0.0                           4540147.0000
    0:00:18   60008.3      0.00       0.0       0.0                           4542133.0000
    0:00:18   60008.3      0.00       0.0       0.0                           4542133.0000
    0:00:18   60008.3      0.00       0.0       0.0                           4542133.0000
    0:00:18   60008.3      0.00       0.0       0.0                           4542133.0000
    0:00:18   60008.3      0.00       0.0       0.0                           4542133.0000
    0:00:18   60008.3      0.00       0.0       0.0                           4542133.0000
    0:00:18   60008.3      0.00       0.0       0.0                           4542133.0000
    0:00:18   60008.3      0.00       0.0       0.0                           4542133.0000
    0:00:18   60008.3      0.00       0.0       0.0                           4542133.0000
    0:00:18   60008.3      0.00       0.0       0.0                           4542133.0000
    0:00:18   60008.3      0.00       0.0       0.0                           4542133.0000
    0:00:18   60008.3      0.00       0.0       0.0                           4542133.0000
    0:00:18   60008.3      0.00       0.0       0.0                           4542133.0000
    0:00:18   60008.3      0.00       0.0       0.0                           4542133.0000
    0:00:18   60008.3      0.00       0.0       0.0                           4542133.0000
    0:00:18   60008.3      0.00       0.0       0.0                           4542133.0000
    0:00:18   60008.3      0.00       0.0       0.0                           4542133.0000
    0:00:18   60008.3      0.00       0.0       0.0                           4542133.0000
    0:00:18   60008.3      0.00       0.0       0.0                           4542133.0000

                                  TOTAL                                                
   ELAPSED            WORST NEG   SETUP    DESIGN                              LEAKAGE 
    TIME      AREA      SLACK     COST    RULE COST         ENDPOINT            POWER  
  --------- --------- --------- --------- --------- ------------------------- ---------
    0:00:18   60008.3      0.00       0.0       0.0                           4542133.0000
    0:00:18   58997.0      0.00       0.0       0.0                           4464696.0000
    0:00:18   58997.0      0.00       0.0       0.0                           4464696.0000
    0:00:18   58997.0      0.00       0.0       0.0                           4464696.0000
    0:00:19   59000.4      0.00       0.0       0.0                           4463914.0000
    0:00:19   59090.2      0.00       0.0       0.0                           4428717.0000
    0:00:19   59090.2      0.00       0.0       0.0                           4428717.0000
    0:00:19   59090.2      0.00       0.0       0.0                           4428717.0000
    0:00:19   59090.2      0.00       0.0       0.0                           4428717.0000
    0:00:19   59090.2      0.00       0.0       0.0                           4428717.0000
    0:00:19   59090.2      0.00       0.0       0.0                           4428717.0000
    0:00:19   58617.8      0.00       0.0       0.0                           4399289.5000
Loading db file '/RAID2/COURSE/iclab/iclabta01/umc018/Synthesis/slow.db'


Note: Symbol # after min delay cost means estimated hold TNS across all active scenarios 


  Optimization Complete
  ---------------------
Information: State dependent leakage is now switched from off to on.
Information: Propagating switching activity (low effort zero delay simulation). (PWR-6)
1
#======================================================
#  Output Reports 
#======================================================
report_timing >  Report/MIPS\.timing
report_area >  Report/MIPS\.area
report_cell >  Report/MIPS\.cell
report_resource >  Report/MIPS\.resource
check_design > Report/MIPS\.check
#======================================================
#  Change Naming Rule
#======================================================
set bus_inference_style "%s\[%d\]"
%s[%d]
set bus_naming_style "%s\[%d\]"
%s[%d]
set hdlout_internal_busses true
true
change_names -hierarchy -rule verilog
1
define_name_rules name_rule -allowed "a-z A-Z 0-9 _" -max_length 255 -type cell
1
define_name_rules name_rule -allowed "a-z A-Z 0-9 _[]" -max_length 255 -type net
1
define_name_rules name_rule -map {{"\\*cell\\*" "cell"}}
1
change_names -hierarchy -rules name_rule
1
#======================================================
#  Output Results
#======================================================
set verilogout_higher_designs_first true
true
write -format verilog -output Netlist/MIPS\_SYN.v -hierarchy
Writing verilog file '/RAID2/COURSE/dcs/dcs064/HW05/02_SYN/Netlist/MIPS_SYN.v'.
1
write_sdf -version 3.0 -context verilog -load_delay cell Netlist/MIPS\_SYN.sdf -significant_digits 6
Information: Writing timing information to file '/RAID2/COURSE/dcs/dcs064/HW05/02_SYN/Netlist/MIPS_SYN.sdf'. (WT-3)
1
write_sdc Netlist/MIPS\_SYN.sdc
1
#======================================================
#  Finish and Quit
#======================================================
report_area
 
****************************************
Report : area
Design : MIPS
Version: T-2022.03
Date   : Fri May 12 08:37:30 2023
****************************************

Library(s) Used:

    slow (File: /RAID2/COURSE/iclab/iclabta01/umc018/Synthesis/slow.db)

Number of ports:                          121
Number of nets:                          3214
Number of cells:                         3030
Number of combinational cells:           2854
Number of sequential cells:               176
Number of macros/black boxes:               0
Number of buf/inv:                        404
Number of references:                     105

Combinational area:              47278.124066
Buf/Inv area:                     4207.896141
Noncombinational area:           11339.697788
Macro/Black Box area:                0.000000
Net Interconnect area:      undefined  (No wire load specified)

Total cell area:                 58617.821855
Total area:                 undefined
1
report_timing
 
****************************************
Report : timing
        -path full
        -delay max
        -max_paths 1
Design : MIPS
Version: T-2022.03
Date   : Fri May 12 08:37:30 2023
****************************************

Operating Conditions: slow   Library: slow
Wire Load Model Mode: top

  Startpoint: instruction[21]
              (input port clocked by clk)
  Endpoint: registers_reg_2__0_
            (rising edge-triggered flip-flop clocked by clk)
  Path Group: clk
  Path Type: max

  Point                                    Incr       Path
  -----------------------------------------------------------
  clock clk (rise edge)                    0.00       0.00
  clock network delay (ideal)              0.00       0.00
  input external delay                     5.00       5.00 r
  instruction[21] (in)                     0.00       5.00 r
  U3697/Y (INVX8)                          0.03       5.03 f
  U3698/Y (NAND2X4)                        0.09       5.12 r
  U3699/Y (XOR2X4)                         0.23       5.35 r
  U3702/Y (NAND2X2)                        0.07       5.42 f
  U3703/Y (BUFX8)                          0.18       5.60 f
  U2379/Y (OAI21X1)                        0.22       5.82 r
  U3796/Y (NOR2X2)                         0.13       5.95 f
  U3816/Y (INVX2)                          0.08       6.03 r
  U2364/Y (MXI2X2)                         0.13       6.16 f
  U3826/Y (NAND3X2)                        0.19       6.35 r
  U3841/Y (NOR2X1)                         0.09       6.45 f
  U3849/Y (NAND2XL)                        0.13       6.58 r
  U3866/Y (NAND4X1)                        0.13       6.71 f
  U3867/Y (NOR2X1)                         0.18       6.89 r
  U3868/Y (NOR2X2)                         0.09       6.98 f
  U2385/Y (INVX2)                          0.21       7.19 r
  U3879/Y (NOR2X2)                         0.12       7.31 f
  U2329/Y (BUFX4)                          0.20       7.51 f
  U3880/Y (NAND2X1)                        0.09       7.60 r
  U3881/Y (NAND4X1)                        0.21       7.80 f
  U3883/Y (AOI2BB2X1)                      0.25       8.05 r
  U3890/Y (NAND2X1)                        0.09       8.14 f
  U3913/Y (NOR2X1)                         0.16       8.30 r
  U2667/Y (NAND4X2)                        0.12       8.42 f
  U3987/Y (OAI2BB2X2)                      0.24       8.65 r
  U3991/Y (INVX2)                          0.15       8.81 f
  U4385/Y (NAND2X4)                        0.11       8.92 r
  U4386/Y (NAND2X4)                        0.09       9.01 f
  U4387/Y (NOR2X4)                         0.11       9.12 r
  U4388/Y (NAND2XL)                        0.10       9.22 f
  U2278/Y (BUFX4)                          0.27       9.50 f
  U5064/Y (MXI2X1)                         0.19       9.69 f
  registers_reg_2__0_/D (DFFRX1)           0.00       9.69 f
  data arrival time                                   9.69

  clock clk (rise edge)                   10.00      10.00
  clock network delay (ideal)              0.00      10.00
  registers_reg_2__0_/CK (DFFRX1)          0.00      10.00 r
  library setup time                      -0.31       9.69
  data required time                                  9.69
  -----------------------------------------------------------
  data required time                                  9.69
  data arrival time                                  -9.69
  -----------------------------------------------------------
  slack (MET)                                         0.00


1
exit
Memory usage for this session 204 Mbytes.
Memory usage for this session including child processes 219 Mbytes.
CPU usage for this session 23 seconds ( 0.01 hours ).
Elapsed time for this session 27 seconds ( 0.01 hours ).

Thank you...
