
                           Design Compiler Graphical 
                                 DC Ultra (TM)
                                  DFTMAX (TM)
                              Power Compiler (TM)
                                 DesignWare (R)
                                 DC Expert (TM)
                               Design Vision (TM)
                               HDL Compiler (TM)
                               VHDL Compiler (TM)
                                  DFT Compiler
                               Design Compiler(R)

                 Version R-2020.09 for linux64 - Aug 26, 2020 

                    Copyright (c) 1988 - 2020 Synopsys, Inc.
   This software and the associated documentation are proprietary to Synopsys,
 Inc. This software may only be used in accordance with the terms and conditions
 of a written license agreement with Synopsys, Inc. All other use, reproduction,
            or distribution of this software is strictly prohibited.
Initializing...
#======================================================
#
# Synopsys Synthesis Scripts (Design Vision dctcl mode)
#
#======================================================
#======================================================
#  Set Libraries
#======================================================
set search_path {	./../01_RTL 					~iclabta01/umc018/Synthesis/ 					/usr/synthesis/libraries/syn/ 					/usr/synthesis/dw/ }
 ./../01_RTL      ~iclabta01/umc018/Synthesis/      /usr/synthesis/libraries/syn/      /usr/synthesis/dw/ 
set synthetic_library {dw_foundation.sldb}
dw_foundation.sldb
set link_library {* dw_foundation.sldb standard.sldb slow.db }
* dw_foundation.sldb standard.sldb slow.db 
set target_library {slow.db}
slow.db
#report_lib slow
#======================================================
#  Global Parameters
#======================================================
set DESIGN "inter"
inter
set CYCLE 5.0
5.0
#======================================================
#  Read RTL Code
#======================================================
#set hdlin_auto_save_templates TRUE
read_sverilog {inter\.sv}
Loading db file '/usr/synthesis/libraries/syn/dw_foundation.sldb'
Loading db file '/usr/synthesis/libraries/syn/standard.sldb'
Loading db file '/RAID2/COURSE/iclab/iclabta01/umc018/Synthesis/slow.db'
Loading db file '/RAID2/EDA/synopsys/synthesis/2020.09/libraries/syn/gtech.db'
Loading db file '/RAID2/EDA/synopsys/synthesis/2020.09/libraries/syn/standard.sldb'
  Loading link library 'slow'
  Loading link library 'gtech'
Loading sverilog file '/RAID2/COURSE/dcs/dcs064/Lab05/01_RTL/inter.sv'
Detecting input file type automatically (-rtl or -netlist).
Reading with Presto HDL Compiler (equivalent to -rtl option).
Running PRESTO HDLC
Compiling source file /RAID2/COURSE/dcs/dcs064/Lab05/01_RTL/inter.sv

Statistics for case statements in always block at line 72 in file
	'/RAID2/COURSE/dcs/dcs064/Lab05/01_RTL/inter.sv'
===============================================
|           Line           |  full/ parallel  |
===============================================
|            88            |    auto/auto     |
===============================================

Inferred memory devices in process
	in routine inter line 41 in file
		'/RAID2/COURSE/dcs/dcs064/Lab05/01_RTL/inter.sv'.
================================================================================
|    Register Name     |   Type    | Width | Bus | MB | AR | AS | SR | SS | ST |
================================================================================
|    value_out_reg     | Flip-flop |   3   |  Y  | N  | Y  | N  | N  | N  | N  |
|       in2_reg        | Flip-flop |   1   |  N  | N  | Y  | N  | N  | N  | N  |
|    data_1_reg_reg    | Flip-flop |   7   |  Y  | N  | Y  | N  | N  | N  | N  |
|    data_2_reg_reg    | Flip-flop |   7   |  Y  | N  | Y  | N  | N  | N  | N  |
|   valid_slave1_reg   | Flip-flop |   1   |  N  | N  | Y  | N  | N  | N  | N  |
|   valid_slave2_reg   | Flip-flop |   1   |  N  | N  | Y  | N  | N  | N  | N  |
| handshake_slave1_reg | Flip-flop |   1   |  N  | N  | Y  | N  | N  | N  | N  |
| handshake_slave2_reg | Flip-flop |   1   |  N  | N  | Y  | N  | N  | N  | N  |
|     addr_out_reg     | Flip-flop |   3   |  Y  | N  | Y  | N  | N  | N  | N  |
================================================================================

Inferred memory devices in process
	in routine inter line 67 in file
		'/RAID2/COURSE/dcs/dcs064/Lab05/01_RTL/inter.sv'.
===============================================================================
|    Register Name    |   Type    | Width | Bus | MB | AR | AS | SR | SS | ST |
===============================================================================
|      state_reg      | Flip-flop |   3   |  Y  | N  | Y  | N  | N  | N  | N  |
===============================================================================
Presto compilation completed successfully.
Current design is now '/RAID2/COURSE/dcs/dcs064/Lab05/01_RTL/inter.db:inter'
Loaded 1 design.
Current design is 'inter'.
inter
current_design inter
Current design is 'inter'.
{inter}
#======================================================
#  Global Setting
#======================================================
#======================================================
#  Set Design Constraints
#======================================================
create_clock -name "clk" -period $CYCLE clk
1
set_input_delay  [ expr $CYCLE*0.5 ] -clock clk [all_inputs]
1
set_output_delay [ expr $CYCLE*0.5 ] -clock clk [all_outputs]
1
set_input_delay 0 -clock clk clk
1
set_input_delay 0 -clock clk rst_n
1
set_load 0.05 [all_outputs]
1
set_dont_use slow/JKFF*
1
#======================================================
#  Optimization
#======================================================
set_wire_load_mode top
1
check_design > Report/inter\.check
set_fix_multiple_port_nets -all -buffer_constants
1
set_fix_hold [all_clocks]
1
compile_ultra
Information: Performing power optimization. (PWR-850)
Alib files are up-to-date.
Information: Evaluating DesignWare library utilization. (UISN-27)

============================================================================
| DesignWare Building Block Library  |         Version         | Available |
============================================================================
| Basic DW Building Blocks           | Q-2019.12-DWBB_201912.0 |     *     |
| Licensed DW Building Blocks        | Q-2019.12-DWBB_201912.0 |     *     |
============================================================================

Information: Sequential output inversion is enabled.  SVF file must be used for formal verification. (OPT-1208)
  Simplifying Design 'inter'

Loaded alib file './alib-52/slow.db.alib'
  Building model 'DW01_NAND2'
Information: Ungrouping 0 of 1 hierarchies before Pass 1 (OPT-775)
Information: State dependent leakage is now switched from on to off.

  Beginning Pass 1 Mapping
  ------------------------
  Processing 'inter'
Information: The register 'state_reg[2]' is a constant and will be removed. (OPT-1206)

  Updating timing information
Information: Updating design information... (UID-85)
Information: The library cell 'HOLDX1' in the library 'slow' is not characterized for internal power. (PWR-536)
Information: The target library(s) contains cell(s), other than black boxes, that are not characterized for internal power. (PWR-24)

  Beginning Mapping Optimizations  (Ultra High effort)
  -------------------------------
Information: There is no timing violation in design inter. Delay-based auto_ungroup will not be performed. (OPT-780)

                                  TOTAL                                                            
   ELAPSED            WORST NEG   SETUP    DESIGN                              LEAKAGE   MIN DELAY 
    TIME      AREA      SLACK     COST    RULE COST         ENDPOINT            POWER      COST    
  --------- --------- --------- --------- --------- ------------------------- --------- -----------
    0:00:02    3788.8      0.00       0.0       0.0                           470230.5625      0.00  
    0:00:02    3788.8      0.00       0.0       0.0                           470230.5625      0.00  

  Beginning Constant Register Removal
  -----------------------------------
    0:00:02    3788.8      0.00       0.0       0.0                           470230.5625      0.00  
    0:00:02    3788.8      0.00       0.0       0.0                           470230.5625      0.00  

  Beginning Global Optimizations
  ------------------------------
  Numerical Synthesis (Phase 1)
  Numerical Synthesis (Phase 2)
  Global Optimization (Phase 1)
  Global Optimization (Phase 2)
  Global Optimization (Phase 3)
  Global Optimization (Phase 4)
  Global Optimization (Phase 5)
  Global Optimization (Phase 6)
  Global Optimization (Phase 7)
  Global Optimization (Phase 8)
  Global Optimization (Phase 9)
  Global Optimization (Phase 10)
  Global Optimization (Phase 11)
  Global Optimization (Phase 12)
  Global Optimization (Phase 13)
  Global Optimization (Phase 14)
  Global Optimization (Phase 15)
  Global Optimization (Phase 16)
  Global Optimization (Phase 17)
  Global Optimization (Phase 18)
  Global Optimization (Phase 19)
  Global Optimization (Phase 20)
  Global Optimization (Phase 21)
  Global Optimization (Phase 22)
  Global Optimization (Phase 23)
  Global Optimization (Phase 24)
  Global Optimization (Phase 25)
  Global Optimization (Phase 26)
  Global Optimization (Phase 27)
  Global Optimization (Phase 28)
  Global Optimization (Phase 29)

  Beginning Isolate Ports
  -----------------------

  Beginning Delay Optimization
  ----------------------------
    0:00:02    2804.2      0.00       0.0       0.0                           224420.4219      0.00  
    0:00:02    2804.2      0.00       0.0       0.0                           224420.4219      0.00  
    0:00:02    2804.2      0.00       0.0       0.0                           224420.4219      0.00  
    0:00:02    2804.2      0.00       0.0       0.0                           224420.4219      0.00  
    0:00:02    2804.2      0.00       0.0       0.0                           224420.4219      0.00  
    0:00:02    2804.2      0.00       0.0       0.0                           224420.4219      0.00  

  Beginning WLM Backend Optimization
  --------------------------------------
    0:00:02    2804.2      0.00       0.0       0.0                           223713.9375      0.00  
    0:00:02    2804.2      0.00       0.0       0.0                           223713.9375      0.00  
    0:00:02    2804.2      0.00       0.0       0.0                           223713.9375      0.00  
    0:00:02    2804.2      0.00       0.0       0.0                           223713.9375      0.00  
    0:00:02    2804.2      0.00       0.0       0.0                           223713.9375      0.00  
    0:00:02    2804.2      0.00       0.0       0.0                           223713.9375      0.00  
    0:00:02    2804.2      0.00       0.0       0.0                           223713.9375      0.00  
    0:00:02    2804.2      0.00       0.0       0.0                           223713.9375      0.00  
    0:00:02    2804.2      0.00       0.0       0.0                           223713.9375      0.00  
    0:00:02    2804.2      0.00       0.0       0.0                           223713.9375      0.00  
    0:00:02    2804.2      0.00       0.0       0.0                           223713.9375      0.00  
    0:00:02    2804.2      0.00       0.0       0.0                           223713.9375      0.00  
    0:00:02    2804.2      0.00       0.0       0.0                           223713.9375      0.00  
    0:00:02    2804.2      0.00       0.0       0.0                           223713.9375      0.00  
    0:00:02    2804.2      0.00       0.0       0.0                           223713.9375      0.00  
    0:00:02    2804.2      0.00       0.0       0.0                           223713.9375      0.00  
    0:00:02    2804.2      0.00       0.0       0.0                           223713.9375      0.00  
    0:00:02    2804.2      0.00       0.0       0.0                           223713.9375      0.00  
    0:00:02    2804.2      0.00       0.0       0.0                           223713.9375      0.00  
    0:00:02    2804.2      0.00       0.0       0.0                           223713.9375      0.00  
    0:00:02    2804.2      0.00       0.0       0.0                           223713.9375      0.00  
    0:00:02    2804.2      0.00       0.0       0.0                           223713.9375      0.00  
    0:00:02    2804.2      0.00       0.0       0.0                           223713.9375      0.00  
    0:00:02    2804.2      0.00       0.0       0.0                           223713.9375      0.00  


  Beginning Leakage Power Optimization  (max_leakage_power 0)
  ------------------------------------

                                  TOTAL                                                            
   ELAPSED            WORST NEG   SETUP    DESIGN                              LEAKAGE   MIN DELAY 
    TIME      AREA      SLACK     COST    RULE COST         ENDPOINT            POWER      COST    
  --------- --------- --------- --------- --------- ------------------------- --------- -----------
    0:00:02    2804.2      0.00       0.0       0.0                           223713.9375      0.00  
  Global Optimization (Phase 30)
  Global Optimization (Phase 31)
  Global Optimization (Phase 32)
  Global Optimization (Phase 33)
  Global Optimization (Phase 34)
  Global Optimization (Phase 35)
  Global Optimization (Phase 36)
  Global Optimization (Phase 37)
  Global Optimization (Phase 38)
  Global Optimization (Phase 39)
  Global Optimization (Phase 40)
  Global Optimization (Phase 41)
    0:00:02    2800.8      0.00       0.0       0.0                           194811.5312      0.00  
    0:00:02    2800.8      0.00       0.0       0.0                           194811.5312      0.00  
    0:00:02    2800.8      0.00       0.0       0.0                           194811.5312      0.00  
    0:00:02    2800.8      0.00       0.0       0.0                           194811.5312      0.00  
    0:00:02    2800.8      0.00       0.0       0.0                           194811.5312      0.00  
    0:00:02    2800.8      0.00       0.0       0.0                           194811.5312      0.00  
    0:00:02    2800.8      0.00       0.0       0.0                           194811.5312      0.00  
    0:00:02    2800.8      0.00       0.0       0.0                           194811.5312      0.00  
    0:00:02    2800.8      0.00       0.0       0.0                           194811.5312      0.00  
    0:00:02    2800.8      0.00       0.0       0.0                           194811.5312      0.00  
    0:00:02    2800.8      0.00       0.0       0.0                           194811.5312      0.00  
    0:00:02    2800.8      0.00       0.0       0.0                           194811.5312      0.00  
    0:00:02    2800.8      0.00       0.0       0.0                           194811.5312      0.00  
    0:00:02    2800.8      0.00       0.0       0.0                           194811.5312      0.00  
    0:00:02    2800.8      0.00       0.0       0.0                           194811.5312      0.00  
    0:00:02    2800.8      0.00       0.0       0.0                           194811.5312      0.00  
    0:00:02    2800.8      0.00       0.0       0.0                           194811.5312      0.00  
    0:00:02    2800.8      0.00       0.0       0.0                           194811.5312      0.00  
    0:00:02    2800.8      0.00       0.0       0.0                           194811.5312      0.00  
    0:00:02    2800.8      0.00       0.0       0.0                           194811.5312      0.00  
    0:00:02    2800.8      0.00       0.0       0.0                           194811.5312      0.00  
    0:00:02    2800.8      0.00       0.0       0.0                           194811.5312      0.00  

                                  TOTAL                                                            
   ELAPSED            WORST NEG   SETUP    DESIGN                              LEAKAGE   MIN DELAY 
    TIME      AREA      SLACK     COST    RULE COST         ENDPOINT            POWER      COST    
  --------- --------- --------- --------- --------- ------------------------- --------- -----------
    0:00:02    2800.8      0.00       0.0       0.0                           194811.5312      0.00  
    0:00:02    2787.5      0.00       0.0       0.0                           195024.2188      0.00  
    0:00:02    2787.5      0.00       0.0       0.0                           195024.2188      0.00  
    0:00:02    2787.5      0.00       0.0       0.0                           195024.2188      0.00  
    0:00:03    2787.5      0.00       0.0       0.0                           195024.2188      0.00  
    0:00:03    2794.2      0.00       0.0       0.0                           194602.9375      0.00  
    0:00:03    2794.2      0.00       0.0       0.0                           194602.9375      0.00  
    0:00:03    2794.2      0.00       0.0       0.0                           194602.9375      0.00  
    0:00:03    2794.2      0.00       0.0       0.0                           194602.9375      0.00  
    0:00:03    2794.2      0.00       0.0       0.0                           194602.9375      0.00  
    0:00:03    2794.2      0.00       0.0       0.0                           194602.9375      0.00  
Loading db file '/RAID2/COURSE/iclab/iclabta01/umc018/Synthesis/slow.db'


Note: Symbol # after min delay cost means estimated hold TNS across all active scenarios 


  Optimization Complete
  ---------------------
Information: State dependent leakage is now switched from off to on.
Information: Propagating switching activity (low effort zero delay simulation). (PWR-6)
1
#======================================================
#  Output Reports 
#======================================================
report_timing >  Report/inter\.timing
report_area >  Report/inter\.area
report_resource >  Report/inter\.resource
#======================================================
#  Change Naming Rule
#======================================================
set bus_inference_style "%s\[%d\]"
%s[%d]
set bus_naming_style "%s\[%d\]"
%s[%d]
set hdlout_internal_busses true
true
change_names -hierarchy -rule verilog
1
define_name_rules name_rule -allowed "a-z A-Z 0-9 _" -max_length 255 -type cell
1
define_name_rules name_rule -allowed "a-z A-Z 0-9 _[]" -max_length 255 -type net
1
define_name_rules name_rule -map {{"\\*cell\\*" "cell"}}
1
change_names -hierarchy -rules name_rule
1
#======================================================
#  Output Results
#======================================================
set verilogout_higher_designs_first true
true
write -format verilog -output Netlist/inter\_SYN.v -hierarchy
Writing verilog file '/RAID2/COURSE/dcs/dcs064/Lab05/02_SYN/Netlist/inter_SYN.v'.
1
write_sdf -version 3.0 -context verilog -load_delay cell Netlist/inter\_SYN.sdf -significant_digits 6
Information: Writing timing information to file '/RAID2/COURSE/dcs/dcs064/Lab05/02_SYN/Netlist/inter_SYN.sdf'. (WT-3)
1
#======================================================
#  Finish and Quit
#======================================================
report_area
 
****************************************
Report : area
Design : inter
Version: R-2020.09
Date   : Thu Mar 30 23:45:51 2023
****************************************

Library(s) Used:

    slow (File: /RAID2/COURSE/iclab/iclabta01/umc018/Synthesis/slow.db)

Number of ports:                           30
Number of nets:                           116
Number of cells:                           96
Number of combinational cells:             69
Number of sequential cells:                27
Number of macros/black boxes:               0
Number of buf/inv:                          7
Number of references:                      11

Combinational area:                908.107215
Buf/Inv area:                       69.854403
Noncombinational area:            1886.068817
Macro/Black Box area:                0.000000
Net Interconnect area:      undefined  (No wire load specified)

Total cell area:                  2794.176032
Total area:                 undefined
1
report_timing
 
****************************************
Report : timing
        -path full
        -delay max
        -max_paths 1
Design : inter
Version: R-2020.09
Date   : Thu Mar 30 23:45:51 2023
****************************************

Operating Conditions: slow   Library: slow
Wire Load Model Mode: top

  Startpoint: in_valid_2 (input port clocked by clk)
  Endpoint: data_1_reg_reg_0_
            (rising edge-triggered flip-flop clocked by clk)
  Path Group: clk
  Path Type: max

  Point                                    Incr       Path
  -----------------------------------------------------------
  clock clk (rise edge)                    0.00       0.00
  clock network delay (ideal)              0.00       0.00
  input external delay                     2.50       2.50 r
  in_valid_2 (in)                          0.00       2.50 r
  U78/Y (OR2XL)                            0.17       2.67 r
  U76/Y (NOR2BXL)                          0.84       3.51 r
  U93/Y (INVXL)                            0.33       3.84 f
  U125/Y (OAI2BB1XL)                       0.32       4.16 f
  data_1_reg_reg_0_/D (DFFRHQXL)           0.00       4.16 f
  data arrival time                                   4.16

  clock clk (rise edge)                    5.00       5.00
  clock network delay (ideal)              0.00       5.00
  data_1_reg_reg_0_/CK (DFFRHQXL)          0.00       5.00 r
  library setup time                      -0.28       4.72
  data required time                                  4.72
  -----------------------------------------------------------
  data required time                                  4.72
  data arrival time                                  -4.16
  -----------------------------------------------------------
  slack (MET)                                         0.55


1
exit
Memory usage for this session 177 Mbytes.
Memory usage for this session including child processes 177 Mbytes.
CPU usage for this session 5 seconds ( 0.00 hours ).
Elapsed time for this session 6 seconds ( 0.00 hours ).

Thank you...
