
                           Design Compiler Graphical 
                                 DC Ultra (TM)
                                  DFTMAX (TM)
                              Power Compiler (TM)
                                 DesignWare (R)
                                 DC Expert (TM)
                               Design Vision (TM)
                               HDL Compiler (TM)
                               VHDL Compiler (TM)
                                  DFT Compiler
                               Design Compiler(R)

                 Version R-2020.09 for linux64 - Aug 26, 2020 

                    Copyright (c) 1988 - 2020 Synopsys, Inc.
   This software and the associated documentation are proprietary to Synopsys,
 Inc. This software may only be used in accordance with the terms and conditions
 of a written license agreement with Synopsys, Inc. All other use, reproduction,
            or distribution of this software is strictly prohibited.
Initializing...
#======================================================
#
# Synopsys Synthesis Scripts (Design Vision dctcl mode)
#
#======================================================
#======================================================
#  Set Libraries
#======================================================
set search_path {	./../01_RTL 					~iclabta01/umc018/Synthesis/ 					/usr/synthesis/libraries/syn/ 					/usr/synthesis/dw/ }
 ./../01_RTL      ~iclabta01/umc018/Synthesis/      /usr/synthesis/libraries/syn/      /usr/synthesis/dw/ 
set synthetic_library {dw_foundation.sldb}
dw_foundation.sldb
set link_library {* dw_foundation.sldb standard.sldb slow.db}
* dw_foundation.sldb standard.sldb slow.db
set target_library {slow.db}
slow.db
#======================================================
#
# Synopsys Synthesis Scripts (Design Vision dctcl mode)
#
#======================================================
#======================================================
#  Global Parameters
#======================================================
set DESIGN "BCD"
BCD
set MAX_DELAY 12
12
#======================================================
#  Read RTL Code
#======================================================
read_sverilog { $DESIGN\.sv}
Loading db file '/usr/synthesis/libraries/syn/dw_foundation.sldb'
Loading db file '/usr/synthesis/libraries/syn/standard.sldb'
Loading db file '/RAID2/COURSE/iclab/iclabta01/umc018/Synthesis/slow.db'
Loading db file '/RAID2/EDA/synopsys/synthesis/2020.09/libraries/syn/gtech.db'
Loading db file '/RAID2/EDA/synopsys/synthesis/2020.09/libraries/syn/standard.sldb'
  Loading link library 'slow'
  Loading link library 'gtech'
Loading sverilog file '/RAID2/COURSE/dcs/dcs064/Lab01/01_RTL/BCD.sv'
Detecting input file type automatically (-rtl or -netlist).
Reading with Presto HDL Compiler (equivalent to -rtl option).
Running PRESTO HDLC
Compiling source file /RAID2/COURSE/dcs/dcs064/Lab01/01_RTL/BCD.sv
Presto compilation completed successfully.
Current design is now '/RAID2/COURSE/dcs/dcs064/Lab01/01_RTL/BCD.db:BCD'
Loaded 1 design.
Current design is 'BCD'.
BCD
current_design $DESIGN
Current design is 'BCD'.
{BCD}
#======================================================
#  Global Setting
#======================================================
#set_wire_load_mode top
#======================================================
#  Set Design Constraints
#======================================================
#create_clock -name "CLK" -period $CLK_period CLK 
#set_input_delay  [ expr $CLK_period*0.5 ] -clock CLK [all_inputs]
#set_output_delay [ expr $CLK_period*0.5 ] -clock CLK [all_outputs]
#set_input_delay 0 -clock CLK CLK
#set_load 0.05 [all_outputs]
set_max_delay $MAX_DELAY -from [all_inputs] -to [all_outputs]
1
#======================================================
#  Optimization
#======================================================
uniquify
1
set_fix_multiple_port_nets -all -buffer_constants
1
#set_fix_hold [all_clocks]
compile_ultra
Information: Performing power optimization. (PWR-850)
Alib files are up-to-date.
Information: Evaluating DesignWare library utilization. (UISN-27)

============================================================================
| DesignWare Building Block Library  |         Version         | Available |
============================================================================
| Basic DW Building Blocks           | Q-2019.12-DWBB_201912.0 |     *     |
| Licensed DW Building Blocks        | Q-2019.12-DWBB_201912.0 |     *     |
============================================================================

Information: Sequential output inversion is enabled.  SVF file must be used for formal verification. (OPT-1208)
  Simplifying Design 'BCD'

Loaded alib file './alib-52/slow.db.alib'
  Building model 'DW01_NAND2'
Information: Ungrouping 0 of 1 hierarchies before Pass 1 (OPT-775)
Information: State dependent leakage is now switched from on to off.

  Beginning Pass 1 Mapping
  ------------------------
  Processing 'BCD'
 Implement Synthetic for 'BCD'.
  Processing 'BCD_DW_div_uns_J1_0'
  Processing 'BCD_DW_div_uns_J1_1'
  Processing 'BCD_DW_div_uns_J1_2'
  Processing 'BCD_DW_div_uns_J1_3'

  Updating timing information
Information: Updating design information... (UID-85)
Information: The library cell 'HOLDX1' in the library 'slow' is not characterized for internal power. (PWR-536)
Information: The target library(s) contains cell(s), other than black boxes, that are not characterized for internal power. (PWR-24)

  Beginning Mapping Optimizations  (Ultra High effort)
  -------------------------------
Information: Added key list 'DesignWare' to design 'BCD'. (DDB-72)
Information: Updating design information... (UID-85)
Information: There is no timing violation in design BCD. Delay-based auto_ungroup will not be performed. (OPT-780)

                                  TOTAL                                                
   ELAPSED            WORST NEG   SETUP    DESIGN                              LEAKAGE 
    TIME      AREA      SLACK     COST    RULE COST         ENDPOINT            POWER  
  --------- --------- --------- --------- --------- ------------------------- ---------
    0:00:03    1440.3      0.00       0.0       0.0                           119920.6719
    0:00:03    1377.1      0.00       0.0       0.0                           116962.4531

  Beginning Constant Register Removal
  -----------------------------------
    0:00:03    1377.1      0.00       0.0       0.0                           116962.4531
    0:00:03    1377.1      0.00       0.0       0.0                           116962.4531

  Beginning Global Optimizations
  ------------------------------
  Numerical Synthesis (Phase 1)
  Numerical Synthesis (Phase 2)
  Global Optimization (Phase 1)
  Global Optimization (Phase 2)
  Global Optimization (Phase 3)
  Global Optimization (Phase 4)
  Global Optimization (Phase 5)
  Global Optimization (Phase 6)
  Global Optimization (Phase 7)
  Global Optimization (Phase 8)
  Global Optimization (Phase 9)
  Global Optimization (Phase 10)
  Global Optimization (Phase 11)
  Global Optimization (Phase 12)
  Global Optimization (Phase 13)
  Global Optimization (Phase 14)
  Global Optimization (Phase 15)
  Global Optimization (Phase 16)
  Global Optimization (Phase 17)
  Global Optimization (Phase 18)
  Global Optimization (Phase 19)
  Global Optimization (Phase 20)
  Global Optimization (Phase 21)
  Global Optimization (Phase 22)
  Global Optimization (Phase 23)
  Global Optimization (Phase 24)
  Global Optimization (Phase 25)
  Global Optimization (Phase 26)
  Global Optimization (Phase 27)
  Global Optimization (Phase 28)
  Global Optimization (Phase 29)
  Global Optimization (Phase 30)

  Beginning Isolate Ports
  -----------------------

  Beginning Delay Optimization
  ----------------------------
    0:00:03    1383.8      0.00       0.0       0.0                           118637.9297
    0:00:03    1383.8      0.00       0.0       0.0                           118637.9297
    0:00:03    1383.8      0.00       0.0       0.0                           118637.9297
    0:00:03    1383.8      0.00       0.0       0.0                           118637.9297
    0:00:03    1403.7      0.00       0.0       0.0                           124054.7734
    0:00:03    1403.7      0.00       0.0       0.0                           124054.7734

  Beginning WLM Backend Optimization
  --------------------------------------
    0:00:03    1350.5      0.00       0.0       0.0                           110804.0078
    0:00:03    1350.5      0.00       0.0       0.0                           110804.0078
    0:00:03    1350.5      0.00       0.0       0.0                           110804.0078
    0:00:04    1350.5      0.00       0.0       0.0                           102782.4766
    0:00:04    1350.5      0.00       0.0       0.0                           102782.4766
    0:00:04    1350.5      0.00       0.0       0.0                           102782.4766
    0:00:04    1350.5      0.00       0.0       0.0                           102782.4766
    0:00:04    1350.5      0.00       0.0       0.0                           102782.4766
    0:00:04    1350.5      0.00       0.0       0.0                           102782.4766
    0:00:04    1350.5      0.00       0.0       0.0                           102782.4766
    0:00:04    1350.5      0.00       0.0       0.0                           102782.4766
    0:00:04    1350.5      0.00       0.0       0.0                           102782.4766
    0:00:04    1350.5      0.00       0.0       0.0                           102782.4766
    0:00:04    1350.5      0.00       0.0       0.0                           102782.4766
    0:00:04    1350.5      0.00       0.0       0.0                           102782.4766
    0:00:04    1350.5      0.00       0.0       0.0                           102782.4766
    0:00:04    1350.5      0.00       0.0       0.0                           102782.4766
    0:00:04    1350.5      0.00       0.0       0.0                           102782.4766
    0:00:04    1350.5      0.00       0.0       0.0                           102782.4766
    0:00:04    1350.5      0.00       0.0       0.0                           102782.4766
    0:00:04    1350.5      0.00       0.0       0.0                           102782.4766
    0:00:04    1350.5      0.00       0.0       0.0                           102782.4766
    0:00:04    1350.5      0.00       0.0       0.0                           102782.4766
    0:00:04    1350.5      0.00       0.0       0.0                           102782.4766


  Beginning Leakage Power Optimization  (max_leakage_power 0)
  ------------------------------------

                                  TOTAL                                                
   ELAPSED            WORST NEG   SETUP    DESIGN                              LEAKAGE 
    TIME      AREA      SLACK     COST    RULE COST         ENDPOINT            POWER  
  --------- --------- --------- --------- --------- ------------------------- ---------
    0:00:04    1350.5      0.00       0.0       0.0                           102782.4766
  Global Optimization (Phase 31)
  Global Optimization (Phase 32)
  Global Optimization (Phase 33)
  Global Optimization (Phase 34)
  Global Optimization (Phase 35)
  Global Optimization (Phase 36)
  Global Optimization (Phase 37)
  Global Optimization (Phase 38)
  Global Optimization (Phase 39)
  Global Optimization (Phase 40)
  Global Optimization (Phase 41)
    0:00:04    1397.1      0.00       0.0       0.0                           81045.9688
    0:00:04    1397.1      0.00       0.0       0.0                           81045.9688
    0:00:04    1397.1      0.00       0.0       0.0                           81045.9688
    0:00:04    1393.8      0.00       0.0       0.0                           81256.6094
    0:00:04    1393.8      0.00       0.0       0.0                           81256.6094
    0:00:04    1393.8      0.00       0.0       0.0                           81256.6094
    0:00:04    1393.8      0.00       0.0       0.0                           81256.6094
    0:00:04    1393.8      0.00       0.0       0.0                           81256.6094
    0:00:04    1393.8      0.00       0.0       0.0                           81256.6094
    0:00:04    1393.8      0.00       0.0       0.0                           81256.6094
    0:00:04    1393.8      0.00       0.0       0.0                           81256.6094
    0:00:04    1393.8      0.00       0.0       0.0                           81256.6094
    0:00:04    1393.8      0.00       0.0       0.0                           81256.6094
    0:00:04    1393.8      0.00       0.0       0.0                           81256.6094
    0:00:04    1393.8      0.00       0.0       0.0                           81256.6094
    0:00:04    1393.8      0.00       0.0       0.0                           81256.6094
    0:00:04    1393.8      0.00       0.0       0.0                           81256.6094
    0:00:04    1393.8      0.00       0.0       0.0                           81256.6094
    0:00:04    1393.8      0.00       0.0       0.0                           81256.6094
    0:00:04    1393.8      0.00       0.0       0.0                           81256.6094
    0:00:04    1393.8      0.00       0.0       0.0                           81256.6094
    0:00:04    1393.8      0.00       0.0       0.0                           81256.6094

                                  TOTAL                                                
   ELAPSED            WORST NEG   SETUP    DESIGN                              LEAKAGE 
    TIME      AREA      SLACK     COST    RULE COST         ENDPOINT            POWER  
  --------- --------- --------- --------- --------- ------------------------- ---------
    0:00:04    1393.8      0.00       0.0       0.0                           81256.6094
    0:00:04    1347.2      0.00       0.0       0.0                           84205.5938
    0:00:04    1347.2      0.00       0.0       0.0                           84205.5938
    0:00:04    1347.2      0.00       0.0       0.0                           84205.5938
    0:00:04    1347.2      0.00       0.0       0.0                           84205.5938
    0:00:04    1370.5      0.00       0.0       0.0                           82731.1016
    0:00:04    1370.5      0.00       0.0       0.0                           82731.1016
    0:00:04    1370.5      0.00       0.0       0.0                           82731.1016
    0:00:04    1370.5      0.00       0.0       0.0                           82731.1016
    0:00:04    1370.5      0.00       0.0       0.0                           82731.1016
    0:00:04    1370.5      0.00       0.0       0.0                           82731.1016
Loading db file '/RAID2/COURSE/iclab/iclabta01/umc018/Synthesis/slow.db'


Note: Symbol # after min delay cost means estimated hold TNS across all active scenarios 


  Optimization Complete
  ---------------------
Information: State dependent leakage is now switched from off to on.
Information: Propagating switching activity (low effort zero delay simulation). (PWR-6)
Warning: There is no defined clock in the design. (PWR-80)
1
#======================================================
#  Output Reports 
#======================================================
report_timing >  Report/$DESIGN\.timing
report_area >  Report/$DESIGN\.area
report_resource >  Report/$DESIGN\.resource
#======================================================
#  Change Naming Rule
#======================================================
set bus_inference_style "%s\[%d\]"
%s[%d]
set bus_naming_style "%s\[%d\]"
%s[%d]
set hdlout_internal_busses true
true
change_names -hierarchy -rule verilog
1
define_name_rules name_rule -allowed "a-z A-Z 0-9 _" -max_length 255 -type cell
1
define_name_rules name_rule -allowed "a-z A-Z 0-9 _[]" -max_length 255 -type net
1
define_name_rules name_rule -map {{"\\*cell\\*" "cell"}}
1
change_names -hierarchy -rules name_rule
1
#======================================================
#  Output Results
#======================================================
set verilogout_higher_designs_first true
true
write -format verilog -output Netlist/$DESIGN\_SYN.v -hierarchy
Writing verilog file '/RAID2/COURSE/dcs/dcs064/Lab01/02_SYN/Netlist/BCD_SYN.v'.
1
write_sdf -version 2.1 -context verilog -load_delay cell Netlist/$DESIGN\_SYN.sdf
Information: Writing timing information to file '/RAID2/COURSE/dcs/dcs064/Lab01/02_SYN/Netlist/BCD_SYN.sdf'. (WT-3)
1
#======================================================
#  Finish and Quit
#======================================================
report_timing
 
****************************************
Report : timing
        -path full
        -delay max
        -max_paths 1
Design : BCD
Version: R-2020.09
Date   : Wed Mar  1 00:06:11 2023
****************************************

Operating Conditions: slow   Library: slow
Wire Load Model Mode: top

  Startpoint: in_bin[8] (input port)
  Endpoint: out_unit[2]
            (output port)
  Path Group: default
  Path Type: max

  Point                                    Incr       Path
  -----------------------------------------------------------
  input external delay                     0.00       0.00 r
  in_bin[8] (in)                           0.00       0.00 r
  U31/Y (INVXL)                            0.07       0.07 f
  U36/Y (AOI2BB1XL)                        0.23       0.30 r
  U78/Y (INVXL)                            0.15       0.45 f
  U21/Y (NOR2X1)                           0.14       0.60 r
  U20/Y (NOR2X1)                           0.12       0.71 f
  U80/Y (AOI221XL)                         0.58       1.29 r
  U81/Y (INVXL)                            0.13       1.42 f
  U25/Y (NAND2XL)                          0.14       1.55 r
  U24/Y (OAI2BB1XL)                        0.10       1.66 f
  U8/Y (NOR2XL)                            0.17       1.82 r
  U16/Y (NOR2X1)                           0.07       1.90 f
  U15/Y (NOR2X1)                           0.22       2.12 r
  U38/Y (INVXL)                            0.12       2.24 f
  U23/Y (MXI2XL)                           0.25       2.49 r
  U26/Y (NAND2XL)                          0.10       2.58 f
  U41/Y (NAND2XL)                          0.13       2.71 r
  U39/Y (OAI211XL)                         0.14       2.85 f
  U75/Y (INVXL)                            0.26       3.11 r
  U53/Y (MXI2XL)                           0.29       3.39 r
  U48/Y (NAND2XL)                          0.13       3.52 f
  U51/Y (NAND2XL)                          0.16       3.68 r
  U55/Y (NAND2XL)                          0.14       3.82 f
  U35/Y (NAND2XL)                          0.15       3.97 r
  U54/Y (NOR2BXL)                          0.24       4.21 r
  U68/Y (OAI2BB1XL)                        0.22       4.44 r
  U50/Y (INVXL)                            0.11       4.55 f
  U47/Y (OR2XL)                            0.28       4.82 f
  U106/Y (OAI2BB2XL)                       0.19       5.01 f
  out_unit[2] (out)                        0.00       5.01 f
  data arrival time                                   5.01

  max_delay                               12.00      12.00
  output external delay                    0.00      12.00
  data required time                                 12.00
  -----------------------------------------------------------
  data required time                                 12.00
  data arrival time                                  -5.01
  -----------------------------------------------------------
  slack (MET)                                         6.99


1
report_area
 
****************************************
Report : area
Design : BCD
Version: R-2020.09
Date   : Wed Mar  1 00:06:11 2023
****************************************

Library(s) Used:

    slow (File: /RAID2/COURSE/iclab/iclabta01/umc018/Synthesis/slow.db)

Number of ports:                           20
Number of nets:                           109
Number of cells:                          100
Number of combinational cells:            100
Number of sequential cells:                 0
Number of macros/black boxes:               0
Number of buf/inv:                         26
Number of references:                      22

Combinational area:               1370.476825
Buf/Inv area:                      262.785609
Noncombinational area:               0.000000
Macro/Black Box area:                0.000000
Net Interconnect area:      undefined  (No wire load specified)

Total cell area:                  1370.476825
Total area:                 undefined
1
exit

Memory usage for this session 178 Mbytes.
Memory usage for this session including child processes 178 Mbytes.
CPU usage for this session 6 seconds ( 0.00 hours ).
Elapsed time for this session 9 seconds ( 0.00 hours ).

Thank you...
