
                           Design Compiler Graphical
                                 DC Ultra (TM)
                                  DFTMAX (TM)
                              Power Compiler (TM)
                                 DesignWare (R)
                                 DC Expert (TM)
                               Design Vision (TM)
                               HDL Compiler (TM)
                               VHDL Compiler (TM)
                                  DFT Compiler
                               Design Compiler(R)

                 Version R-2020.09 for linux64 - Aug 26, 2020

                    Copyright (c) 1988 - 2020 Synopsys, Inc.
   This software and the associated documentation are proprietary to Synopsys,
 Inc. This software may only be used in accordance with the terms and conditions
 of a written license agreement with Synopsys, Inc. All other use, reproduction,
            or distribution of this software is strictly prohibited.
Initializing...
#======================================================
#
# Synopsys Synthesis Scripts (Design Vision dctcl mode)
#
#======================================================
#======================================================
#  Set Libraries
#======================================================
#set search_path { ./../01_RTL #					/mnt/NAS/CAD/UMC018/Synthesis/ #					/CAD/synopsys/synthesis/cur/libraries/syn/ #					/CAD/synopsys/synthesis/cur/dw/ }
# below for iclab/ above for DCS
set search_path {	./../01_RTL 					~iclabta01/umc018/Synthesis/ 					/usr/synthesis/libraries/syn/ 					/usr/synthesis/dw/ }
 ./../01_RTL      ~iclabta01/umc018/Synthesis/      /usr/synthesis/libraries/syn/      /usr/synthesis/dw/
set synthetic_library {dw_foundation.sldb}
dw_foundation.sldb
set link_library {* dw_foundation.sldb standard.sldb slow.db }
* dw_foundation.sldb standard.sldb slow.db
set target_library {slow.db}
slow.db
#report_lib slow
#======================================================
#  Global Parameters
#======================================================
set CYCLE 10
10
#======================================================
#  Read RTL Code
#======================================================
#set hdlin_auto_save_templates TRUE
read_sverilog {Seq\.sv}
Loading db file '/usr/synthesis/libraries/syn/dw_foundation.sldb'
Loading db file '/usr/synthesis/libraries/syn/standard.sldb'
Loading db file '/RAID2/COURSE/iclab/iclabta01/umc018/Synthesis/slow.db'
Loading db file '/RAID2/EDA/synopsys/synthesis/2020.09/libraries/syn/gtech.db'
Loading db file '/RAID2/EDA/synopsys/synthesis/2020.09/libraries/syn/standard.sldb'
  Loading link library 'slow'
  Loading link library 'gtech'
Loading sverilog file '/RAID2/COURSE/dcs/dcs064/Lab04/01_RTL/Seq.sv'
Detecting input file type automatically (-rtl or -netlist).
Reading with Presto HDL Compiler (equivalent to -rtl option).
Running PRESTO HDLC
Compiling source file /RAID2/COURSE/dcs/dcs064/Lab04/01_RTL/Seq.sv

Inferred memory devices in process
	in routine Seq line 35 in file
		'/RAID2/COURSE/dcs/dcs064/Lab04/01_RTL/Seq.sv'.
===============================================================================
|    Register Name    |   Type    | Width | Bus | MB | AR | AS | SR | SS | ST |
===============================================================================
|     n1_reg_reg      | Flip-flop |   4   |  Y  | N  | Y  | N  | N  | N  | N  |
|     n0_reg_reg      | Flip-flop |   4   |  Y  | N  | Y  | N  | N  | N  | N  |
===============================================================================

Inferred memory devices in process
	in routine Seq line 68 in file
		'/RAID2/COURSE/dcs/dcs064/Lab04/01_RTL/Seq.sv'.
===============================================================================
|    Register Name    |   Type    | Width | Bus | MB | AR | AS | SR | SS | ST |
===============================================================================
|    out_data_reg     | Flip-flop |   1   |  N  | N  | Y  | N  | N  | N  | N  |
===============================================================================

Inferred memory devices in process
	in routine Seq line 80 in file
		'/RAID2/COURSE/dcs/dcs064/Lab04/01_RTL/Seq.sv'.
===============================================================================
|    Register Name    |   Type    | Width | Bus | MB | AR | AS | SR | SS | ST |
===============================================================================
|      count_reg      | Flip-flop |   2   |  Y  | N  | Y  | N  | N  | N  | N  |
===============================================================================

Inferred memory devices in process
	in routine Seq line 91 in file
		'/RAID2/COURSE/dcs/dcs064/Lab04/01_RTL/Seq.sv'.
===============================================================================
|    Register Name    |   Type    | Width | Bus | MB | AR | AS | SR | SS | ST |
===============================================================================
|    out_valid_reg    | Flip-flop |   1   |  N  | N  | Y  | N  | N  | N  | N  |
===============================================================================
Presto compilation completed successfully.
Current design is now '/RAID2/COURSE/dcs/dcs064/Lab04/01_RTL/Seq.db:Seq'
Loaded 1 design.
Current design is 'Seq'.
Seq
current_design Seq
Current design is 'Seq'.
{Seq}
#======================================================
#  Global Setting
#======================================================
#set_wire_load_mode top
#======================================================
#  Set Design Constraints
#======================================================
create_clock -name "clk" -period $CYCLE clk
1
set_input_delay  [ expr $CYCLE*0.5 ] -clock clk [all_inputs]
1
set_output_delay [ expr $CYCLE*0.5 ] -clock clk [all_outputs]
1
set_input_delay 0 -clock clk clk
1
set_input_delay 0 -clock clk rst_n
1
set_load 0.05 [all_outputs]
1
set_dont_use slow/JKFF*
1
#======================================================
#  Optimization
#======================================================
uniquify
1
check_design > Report/Seq\.check
set_fix_multiple_port_nets -all -buffer_constants
1
compile_ultra
Information: Performing power optimization. (PWR-850)
Alib files are up-to-date.
Information: Evaluating DesignWare library utilization. (UISN-27)

============================================================================
| DesignWare Building Block Library  |         Version         | Available |
============================================================================
| Basic DW Building Blocks           | Q-2019.12-DWBB_201912.0 |     *     |
| Licensed DW Building Blocks        | Q-2019.12-DWBB_201912.0 |     *     |
============================================================================

Information: Sequential output inversion is enabled.  SVF file must be used for formal verification. (OPT-1208)

Information: There are 2 potential problems in your design. Please run 'check_design' for more information. (LINT-99)

  Simplifying Design 'Seq'

Loaded alib file './alib-52/slow.db.alib'
  Building model 'DW01_NAND2'
Information: Ungrouping 0 of 1 hierarchies before Pass 1 (OPT-775)
Information: State dependent leakage is now switched from on to off.

  Beginning Pass 1 Mapping
  ------------------------
  Processing 'Seq'
Information: Added key list 'DesignWare' to design 'Seq'. (DDB-72)

  Updating timing information
Information: Updating design information... (UID-85)
Information: The library cell 'HOLDX1' in the library 'slow' is not characterized for internal power. (PWR-536)
Information: The target library(s) contains cell(s), other than black boxes, that are not characterized for internal power. (PWR-24)

  Beginning Mapping Optimizations  (Ultra High effort)
  -------------------------------
Information: There is no timing violation in design Seq. Delay-based auto_ungroup will not be performed. (OPT-780)

                                  TOTAL
   ELAPSED            WORST NEG   SETUP    DESIGN                              LEAKAGE
    TIME      AREA      SLACK     COST    RULE COST         ENDPOINT            POWER
  --------- --------- --------- --------- --------- ------------------------- ---------
    0:00:02    1802.9      0.00       0.0       0.0                           211114.5312
    0:00:02    1802.9      0.00       0.0       0.0                           211114.5312

  Beginning Constant Register Removal
  -----------------------------------
    0:00:02    1802.9      0.00       0.0       0.0                           211114.5312
    0:00:02    1802.9      0.00       0.0       0.0                           211114.5312

  Beginning Global Optimizations
  ------------------------------
  Numerical Synthesis (Phase 1)
  Numerical Synthesis (Phase 2)
  Global Optimization (Phase 1)
  Global Optimization (Phase 2)
  Global Optimization (Phase 3)
  Global Optimization (Phase 4)
  Global Optimization (Phase 5)
  Global Optimization (Phase 6)
  Global Optimization (Phase 7)
  Global Optimization (Phase 8)
  Global Optimization (Phase 9)
  Global Optimization (Phase 10)
  Global Optimization (Phase 11)
  Global Optimization (Phase 12)
  Global Optimization (Phase 13)
  Global Optimization (Phase 14)
  Global Optimization (Phase 15)
  Global Optimization (Phase 16)
  Global Optimization (Phase 17)
  Global Optimization (Phase 18)
  Global Optimization (Phase 19)
  Global Optimization (Phase 20)
  Global Optimization (Phase 21)
  Global Optimization (Phase 22)
  Global Optimization (Phase 23)
  Global Optimization (Phase 24)
  Global Optimization (Phase 25)
  Global Optimization (Phase 26)
  Global Optimization (Phase 27)
  Global Optimization (Phase 28)
  Global Optimization (Phase 29)

  Beginning Isolate Ports
  -----------------------

  Beginning Delay Optimization
  ----------------------------
    0:00:02    1363.8      0.00       0.0       0.0                           100186.6953
    0:00:02    1363.8      0.00       0.0       0.0                           100186.6953
    0:00:02    1363.8      0.00       0.0       0.0                           100186.6953
    0:00:02    1330.6      0.00       0.0       0.0                           97516.4453
    0:00:02    1330.6      0.00       0.0       0.0                           97516.4453
    0:00:02    1330.6      0.00       0.0       0.0                           97516.4453

  Beginning WLM Backend Optimization
  --------------------------------------
    0:00:02    1333.9      0.00       0.0       0.0                           96077.1406
    0:00:02    1333.9      0.00       0.0       0.0                           96077.1406
    0:00:02    1333.9      0.00       0.0       0.0                           96077.1406
    0:00:02    1333.9      0.00       0.0       0.0                           93437.6641
    0:00:02    1333.9      0.00       0.0       0.0                           93437.6641
    0:00:02    1333.9      0.00       0.0       0.0                           93437.6641
    0:00:02    1333.9      0.00       0.0       0.0                           93437.6641
    0:00:02    1333.9      0.00       0.0       0.0                           93437.6641
    0:00:02    1333.9      0.00       0.0       0.0                           93437.6641
    0:00:02    1333.9      0.00       0.0       0.0                           93437.6641
    0:00:02    1333.9      0.00       0.0       0.0                           93437.6641
    0:00:02    1333.9      0.00       0.0       0.0                           93437.6641
    0:00:02    1333.9      0.00       0.0       0.0                           93437.6641
    0:00:02    1333.9      0.00       0.0       0.0                           93437.6641
    0:00:02    1333.9      0.00       0.0       0.0                           93437.6641
    0:00:02    1333.9      0.00       0.0       0.0                           93437.6641
    0:00:02    1333.9      0.00       0.0       0.0                           93437.6641
    0:00:02    1333.9      0.00       0.0       0.0                           93437.6641
    0:00:02    1333.9      0.00       0.0       0.0                           93437.6641
    0:00:02    1333.9      0.00       0.0       0.0                           93437.6641
    0:00:02    1333.9      0.00       0.0       0.0                           93437.6641
    0:00:02    1333.9      0.00       0.0       0.0                           93437.6641
    0:00:02    1333.9      0.00       0.0       0.0                           93437.6641
    0:00:02    1333.9      0.00       0.0       0.0                           93437.6641


  Beginning Leakage Power Optimization  (max_leakage_power 0)
  ------------------------------------

                                  TOTAL
   ELAPSED            WORST NEG   SETUP    DESIGN                              LEAKAGE
    TIME      AREA      SLACK     COST    RULE COST         ENDPOINT            POWER
  --------- --------- --------- --------- --------- ------------------------- ---------
    0:00:02    1333.9      0.00       0.0       0.0                           93437.6641
  Global Optimization (Phase 30)
  Global Optimization (Phase 31)
  Global Optimization (Phase 32)
  Global Optimization (Phase 33)
  Global Optimization (Phase 34)
  Global Optimization (Phase 35)
  Global Optimization (Phase 36)
  Global Optimization (Phase 37)
  Global Optimization (Phase 38)
  Global Optimization (Phase 39)
  Global Optimization (Phase 40)
  Global Optimization (Phase 41)
    0:00:02    1347.2      0.00       0.0       0.0                           85805.4219
    0:00:02    1347.2      0.00       0.0       0.0                           85805.4219
    0:00:02    1347.2      0.00       0.0       0.0                           85805.4219
    0:00:02    1333.9      0.00       0.0       0.0                           86647.9922
    0:00:02    1333.9      0.00       0.0       0.0                           86647.9922
    0:00:02    1333.9      0.00       0.0       0.0                           86647.9922
    0:00:02    1333.9      0.00       0.0       0.0                           86647.9922
    0:00:02    1333.9      0.00       0.0       0.0                           86647.9922
    0:00:02    1333.9      0.00       0.0       0.0                           86647.9922
    0:00:02    1333.9      0.00       0.0       0.0                           86647.9922
    0:00:02    1333.9      0.00       0.0       0.0                           86647.9922
    0:00:02    1333.9      0.00       0.0       0.0                           86647.9922
    0:00:02    1333.9      0.00       0.0       0.0                           86647.9922
    0:00:02    1333.9      0.00       0.0       0.0                           86647.9922
    0:00:02    1333.9      0.00       0.0       0.0                           86647.9922
    0:00:02    1333.9      0.00       0.0       0.0                           86647.9922
    0:00:02    1333.9      0.00       0.0       0.0                           86647.9922
    0:00:02    1333.9      0.00       0.0       0.0                           86647.9922
    0:00:02    1333.9      0.00       0.0       0.0                           86647.9922
    0:00:02    1333.9      0.00       0.0       0.0                           86647.9922
    0:00:02    1333.9      0.00       0.0       0.0                           86647.9922
    0:00:02    1333.9      0.00       0.0       0.0                           86647.9922

                                  TOTAL
   ELAPSED            WORST NEG   SETUP    DESIGN                              LEAKAGE
    TIME      AREA      SLACK     COST    RULE COST         ENDPOINT            POWER
  --------- --------- --------- --------- --------- ------------------------- ---------
    0:00:02    1333.9      0.00       0.0       0.0                           86647.9922
    0:00:02    1333.9      0.00       0.0       0.0                           86647.9922
    0:00:02    1333.9      0.00       0.0       0.0                           86647.9922
    0:00:02    1333.9      0.00       0.0       0.0                           86647.9922
    0:00:02    1333.9      0.00       0.0       0.0                           86647.9922
    0:00:02    1340.5      0.00       0.0       0.0                           86226.7031
    0:00:02    1340.5      0.00       0.0       0.0                           86226.7031
    0:00:02    1340.5      0.00       0.0       0.0                           86226.7031
    0:00:02    1340.5      0.00       0.0       0.0                           86226.7031
    0:00:02    1340.5      0.00       0.0       0.0                           86226.7031
    0:00:02    1340.5      0.00       0.0       0.0                           86226.7031
Loading db file '/RAID2/COURSE/iclab/iclabta01/umc018/Synthesis/slow.db'


Note: Symbol # after min delay cost means estimated hold TNS across all active scenarios


  Optimization Complete
  ---------------------
Information: State dependent leakage is now switched from off to on.
Information: Propagating switching activity (low effort zero delay simulation). (PWR-6)
1
#======================================================
#  Output Reports
#======================================================
report_timing >  Report/Seq\.timing
report_area >  Report/Seq\.area
report_resource >  Report/Seq\.resource
#======================================================
#  Change Naming Rule
#======================================================
set bus_inference_style "%s\[%d\]"
%s[%d]
set bus_naming_style "%s\[%d\]"
%s[%d]
set hdlout_internal_busses true
true
change_names -hierarchy -rule verilog
1
define_name_rules name_rule -allowed "a-z A-Z 0-9 _" -max_length 255 -type cell
1
define_name_rules name_rule -allowed "a-z A-Z 0-9 _[]" -max_length 255 -type net
1
define_name_rules name_rule -map {{"\\*cell\\*" "cell"}}
1
change_names -hierarchy -rules name_rule
1
#======================================================
#  Output Results
#======================================================
set verilogout_higher_designs_first true
true
write -format verilog -output Netlist/Seq\_SYN.v -hierarchy
Writing verilog file '/RAID2/COURSE/dcs/dcs064/Lab04/02_SYN/Netlist/Seq_SYN.v'.
1
write_sdf -version 3.0 -context verilog -load_delay cell Netlist/Seq\_SYN.sdf -significant_digits 6
Information: Writing timing information to file '/RAID2/COURSE/dcs/dcs064/Lab04/02_SYN/Netlist/Seq_SYN.sdf'. (WT-3)
1
#======================================================
#  Finish and Quit
#======================================================
report_area

****************************************
Report : area
Design : Seq
Version: R-2020.09
Date   : Thu Mar 23 15:48:50 2023
****************************************

Library(s) Used:

    slow (File: /RAID2/COURSE/iclab/iclabta01/umc018/Synthesis/slow.db)

Number of ports:                            9
Number of nets:                            58
Number of cells:                           49
Number of combinational cells:             37
Number of sequential cells:                12
Number of macros/black boxes:               0
Number of buf/inv:                         10
Number of references:                      17

Combinational area:                535.550414
Buf/Inv area:                       99.792004
Noncombinational area:             804.988800
Macro/Black Box area:                0.000000
Net Interconnect area:      undefined  (No wire load specified)

Total cell area:                  1340.539214
Total area:                 undefined
1
report_timing

****************************************
Report : timing
        -path full
        -delay max
        -max_paths 1
Design : Seq
Version: R-2020.09
Date   : Thu Mar 23 15:48:50 2023
****************************************

Operating Conditions: slow   Library: slow
Wire Load Model Mode: top

  Startpoint: in_data[1] (input port clocked by clk)
  Endpoint: out_data_reg
            (rising edge-triggered flip-flop clocked by clk)
  Path Group: clk
  Path Type: max

  Point                                    Incr       Path
  -----------------------------------------------------------
  clock clk (rise edge)                    0.00       0.00
  clock network delay (ideal)              0.00       0.00
  input external delay                     5.00       5.00 f
  in_data[1] (in)                          0.00       5.00 f
  U46/Y (OAI211XL)                         0.20       5.20 r
  U45/Y (AOI31XL)                          0.20       5.40 f
  U77/Y (AOI222XL)                         0.49       5.89 r
  U62/Y (OAI31XL)                          0.16       6.05 f
  U61/Y (AND2XL)                           0.23       6.28 f
  out_data_reg/D (DFFRHQXL)                0.00       6.28 f
  data arrival time                                   6.28

  clock clk (rise edge)                   10.00      10.00
  clock network delay (ideal)              0.00      10.00
  out_data_reg/CK (DFFRHQXL)               0.00      10.00 r
  library setup time                      -0.28       9.72
  data required time                                  9.72
  -----------------------------------------------------------
  data required time                                  9.72
  data arrival time                                  -6.28
  -----------------------------------------------------------
  slack (MET)                                         3.44


1
exit
Memory usage for this session 176 Mbytes.
Memory usage for this session including child processes 176 Mbytes.
CPU usage for this session 5 seconds ( 0.00 hours ).
Elapsed time for this session 7 seconds ( 0.00 hours ).

Thank you...
error
Error
Latch
latch

