
                           Design Compiler Graphical 
                                 DC Ultra (TM)
                                  DFTMAX (TM)
                              Power Compiler (TM)
                                 DesignWare (R)
                                 DC Expert (TM)
                               Design Vision (TM)
                               HDL Compiler (TM)
                               VHDL Compiler (TM)
                                  DFT Compiler
                               Design Compiler(R)

                 Version R-2020.09 for linux64 - Aug 26, 2020 

                    Copyright (c) 1988 - 2020 Synopsys, Inc.
   This software and the associated documentation are proprietary to Synopsys,
 Inc. This software may only be used in accordance with the terms and conditions
 of a written license agreement with Synopsys, Inc. All other use, reproduction,
            or distribution of this software is strictly prohibited.
Initializing...
#======================================================
#
# Synopsys Synthesis Scripts (Design Vision dctcl mode)
#
#======================================================
#======================================================
#  Set Libraries
#======================================================
set search_path {	./../01_RTL 					~iclabta01/umc018/Synthesis/ 					/usr/synthesis/libraries/syn/ 					/usr/synthesis/dw/ }
 ./../01_RTL      ~iclabta01/umc018/Synthesis/      /usr/synthesis/libraries/syn/      /usr/synthesis/dw/ 
set synthetic_library {dw_foundation.sldb}
dw_foundation.sldb
set link_library {* dw_foundation.sldb standard.sldb slow.db}
* dw_foundation.sldb standard.sldb slow.db
set target_library {slow.db}
slow.db
#======================================================
#
# Synopsys Synthesis Scripts (Design Vision dctcl mode)
#
#======================================================
#======================================================
#  Global Parameters
#======================================================
# set DESIGN "SMJ"
# set MAX_DELAY 12
#======================================================
#  Read RTL Code
#======================================================
read_sverilog { SMJ.sv}
Loading db file '/usr/synthesis/libraries/syn/dw_foundation.sldb'
Loading db file '/usr/synthesis/libraries/syn/standard.sldb'
Loading db file '/RAID2/COURSE/iclab/iclabta01/umc018/Synthesis/slow.db'
Loading db file '/RAID2/EDA/synopsys/synthesis/2020.09/libraries/syn/gtech.db'
Loading db file '/RAID2/EDA/synopsys/synthesis/2020.09/libraries/syn/standard.sldb'
  Loading link library 'slow'
  Loading link library 'gtech'
Loading sverilog file '/RAID2/COURSE/dcs/dcs064/HW01/01_RTL/SMJ.sv'
Detecting input file type automatically (-rtl or -netlist).
Reading with Presto HDL Compiler (equivalent to -rtl option).
Running PRESTO HDLC
Compiling source file /RAID2/COURSE/dcs/dcs064/HW01/01_RTL/SMJ.sv
Presto compilation completed successfully.
Current design is now '/RAID2/COURSE/dcs/dcs064/HW01/01_RTL/SMJ.db:SMJ'
Loaded 3 designs.
Current design is 'SMJ'.
SMJ sorter comp
current_design "SMJ"
Current design is 'SMJ'.
{SMJ}
#======================================================
#  Global Setting
#======================================================
#set_wire_load_mode top
#======================================================
#  Set Design Constraints
#======================================================
#create_clock -name "CLK" -period $CLK_period CLK 
#set_input_delay  [ expr $CLK_period*0.5 ] -clock CLK [all_inputs]
#set_output_delay [ expr $CLK_period*0.5 ] -clock CLK [all_outputs]
#set_input_delay 0 -clock CLK CLK
#set_load 0.05 [all_outputs]
set_max_delay 30 -from [all_inputs] -to [all_outputs]
1
#======================================================
#  Optimization
#======================================================
uniquify
Information: Uniquified 10 instances of design 'comp'. (OPT-1056)
1
set_fix_multiple_port_nets -all -buffer_constants
1
#set_fix_hold [all_clocks]
compile_ultra
Information: Performing power optimization. (PWR-850)
Alib files are up-to-date.
Information: Evaluating DesignWare library utilization. (UISN-27)

============================================================================
| DesignWare Building Block Library  |         Version         | Available |
============================================================================
| Basic DW Building Blocks           | Q-2019.12-DWBB_201912.0 |     *     |
| Licensed DW Building Blocks        | Q-2019.12-DWBB_201912.0 |     *     |
============================================================================

Information: Sequential output inversion is enabled.  SVF file must be used for formal verification. (OPT-1208)
  Simplifying Design 'SMJ'

Loaded alib file './alib-52/slow.db.alib'
  Building model 'DW01_NAND2'
Information: Ungrouping hierarchy s1 before Pass 1 (OPT-776)
Information: Ungrouping hierarchy s1/c1 before Pass 1 (OPT-776)
Information: Ungrouping hierarchy s1/c10 before Pass 1 (OPT-776)
Information: Ungrouping hierarchy s1/c9 before Pass 1 (OPT-776)
Information: Ungrouping hierarchy s1/c8 before Pass 1 (OPT-776)
Information: Ungrouping hierarchy s1/c7 before Pass 1 (OPT-776)
Information: Ungrouping hierarchy s1/c6 before Pass 1 (OPT-776)
Information: Ungrouping hierarchy s1/c5 before Pass 1 (OPT-776)
Information: Ungrouping hierarchy s1/c4 before Pass 1 (OPT-776)
Information: Ungrouping hierarchy s1/c3 before Pass 1 (OPT-776)
Information: Ungrouping hierarchy s1/c2 before Pass 1 (OPT-776)
Information: Ungrouping 11 of 12 hierarchies before Pass 1 (OPT-775)
Information: State dependent leakage is now switched from on to off.

  Beginning Pass 1 Mapping
  ------------------------
  Processing 'SMJ'
Information: Added key list 'DesignWare' to design 'SMJ'. (DDB-72)
 Implement Synthetic for 'SMJ'.

  Updating timing information
Information: Updating design information... (UID-85)
Information: The library cell 'HOLDX1' in the library 'slow' is not characterized for internal power. (PWR-536)
Information: The target library(s) contains cell(s), other than black boxes, that are not characterized for internal power. (PWR-24)

  Beginning Mapping Optimizations  (Ultra High effort)
  -------------------------------
Information: There is no timing violation in design SMJ. Delay-based auto_ungroup will not be performed. (OPT-780)

                                  TOTAL                                                
   ELAPSED            WORST NEG   SETUP    DESIGN                              LEAKAGE 
    TIME      AREA      SLACK     COST    RULE COST         ENDPOINT            POWER  
  --------- --------- --------- --------- --------- ------------------------- ---------
    0:00:04    6200.4      0.00       0.0       0.0                           601361.7500
    0:00:04    6200.4      0.00       0.0       0.0                           601361.7500

  Beginning Constant Register Removal
  -----------------------------------
    0:00:04    6200.4      0.00       0.0       0.0                           601361.7500
    0:00:04    6200.4      0.00       0.0       0.0                           601361.7500

  Beginning Global Optimizations
  ------------------------------
  Numerical Synthesis (Phase 1)
  Numerical Synthesis (Phase 2)
  Global Optimization (Phase 1)
  Global Optimization (Phase 2)
  Global Optimization (Phase 3)
  Global Optimization (Phase 4)
  Global Optimization (Phase 5)
  Global Optimization (Phase 6)
  Global Optimization (Phase 7)
  Global Optimization (Phase 8)
  Global Optimization (Phase 9)
  Global Optimization (Phase 10)
  Global Optimization (Phase 11)
  Global Optimization (Phase 12)
  Global Optimization (Phase 13)
  Global Optimization (Phase 14)
  Global Optimization (Phase 15)
  Global Optimization (Phase 16)
  Global Optimization (Phase 17)
  Global Optimization (Phase 18)
  Global Optimization (Phase 19)
  Global Optimization (Phase 20)
  Global Optimization (Phase 21)
  Global Optimization (Phase 22)
  Global Optimization (Phase 23)
  Global Optimization (Phase 24)
  Global Optimization (Phase 25)
  Global Optimization (Phase 26)
  Global Optimization (Phase 27)
  Global Optimization (Phase 28)

  Beginning Isolate Ports
  -----------------------

  Beginning Delay Optimization
  ----------------------------
    0:00:05    6047.4      0.00       0.0       0.0                           582117.6875
    0:00:05    6047.4      0.00       0.0       0.0                           582117.6875
    0:00:05    6047.4      0.00       0.0       0.0                           582117.6875
    0:00:05    6047.4      0.00       0.0       0.0                           582117.6875
    0:00:05    6040.7      0.00       0.0       0.0                           583080.0000
    0:00:05    6040.7      0.00       0.0       0.0                           583080.0000

  Beginning WLM Backend Optimization
  --------------------------------------
    0:00:06    6030.8      0.00       0.0       0.0                           576044.1875
    0:00:06    6030.8      0.00       0.0       0.0                           576044.1875
    0:00:06    6030.8      0.00       0.0       0.0                           576044.1875
    0:00:06    6030.8      0.00       0.0       0.0                           463932.1875
    0:00:06    6030.8      0.00       0.0       0.0                           463932.1875
    0:00:06    6030.8      0.00       0.0       0.0                           463932.1875
    0:00:06    6030.8      0.00       0.0       0.0                           463932.1875
    0:00:06    6030.8      0.00       0.0       0.0                           463932.1875
    0:00:06    6030.8      0.00       0.0       0.0                           463932.1875
    0:00:06    6030.8      0.00       0.0       0.0                           463932.1875
    0:00:06    6030.8      0.00       0.0       0.0                           463932.1875
    0:00:06    6030.8      0.00       0.0       0.0                           463932.1875
    0:00:06    6030.8      0.00       0.0       0.0                           463932.1875
    0:00:06    6030.8      0.00       0.0       0.0                           463932.1875
    0:00:06    6030.8      0.00       0.0       0.0                           463932.1875
    0:00:06    6030.8      0.00       0.0       0.0                           463932.1875
    0:00:06    6030.8      0.00       0.0       0.0                           463932.1875
    0:00:06    6030.8      0.00       0.0       0.0                           463932.1875
    0:00:06    6030.8      0.00       0.0       0.0                           463932.1875
    0:00:06    6030.8      0.00       0.0       0.0                           463932.1875
    0:00:06    6030.8      0.00       0.0       0.0                           463932.1875
    0:00:06    6030.8      0.00       0.0       0.0                           463932.1875
    0:00:06    6030.8      0.00       0.0       0.0                           463932.1875
    0:00:06    6030.8      0.00       0.0       0.0                           463932.1875


  Beginning Leakage Power Optimization  (max_leakage_power 0)
  ------------------------------------

                                  TOTAL                                                
   ELAPSED            WORST NEG   SETUP    DESIGN                              LEAKAGE 
    TIME      AREA      SLACK     COST    RULE COST         ENDPOINT            POWER  
  --------- --------- --------- --------- --------- ------------------------- ---------
    0:00:06    6030.8      0.00       0.0       0.0                           463932.1875
  Global Optimization (Phase 29)
  Global Optimization (Phase 30)
  Global Optimization (Phase 31)
  Global Optimization (Phase 32)
  Global Optimization (Phase 33)
  Global Optimization (Phase 34)
  Global Optimization (Phase 35)
  Global Optimization (Phase 36)
  Global Optimization (Phase 37)
  Global Optimization (Phase 38)
  Global Optimization (Phase 39)
    0:00:06    6113.9      0.00       0.0       0.0                           458314.6250
    0:00:06    6113.9      0.00       0.0       0.0                           458314.6250
    0:00:06    6113.9      0.00       0.0       0.0                           458314.6250
    0:00:06    6030.8      0.00       0.0       0.0                           463580.6562
    0:00:06    6030.8      0.00       0.0       0.0                           463580.6562
    0:00:06    6030.8      0.00       0.0       0.0                           463580.6562
    0:00:06    6030.8      0.00       0.0       0.0                           463580.6562
    0:00:06    6030.8      0.00       0.0       0.0                           463580.6562
    0:00:06    6030.8      0.00       0.0       0.0                           463580.6562
    0:00:06    6030.8      0.00       0.0       0.0                           463580.6562
    0:00:06    6030.8      0.00       0.0       0.0                           463580.6562
    0:00:06    6030.8      0.00       0.0       0.0                           463580.6562
    0:00:06    6030.8      0.00       0.0       0.0                           463580.6562
    0:00:06    6030.8      0.00       0.0       0.0                           463580.6562
    0:00:06    6030.8      0.00       0.0       0.0                           463580.6562
    0:00:06    6030.8      0.00       0.0       0.0                           463580.6562
    0:00:06    6030.8      0.00       0.0       0.0                           463580.6562
    0:00:06    6030.8      0.00       0.0       0.0                           463580.6562
    0:00:06    6030.8      0.00       0.0       0.0                           463580.6562
    0:00:06    6030.8      0.00       0.0       0.0                           463580.6562
    0:00:06    6030.8      0.00       0.0       0.0                           463580.6562
    0:00:06    6030.8      0.00       0.0       0.0                           463580.6562

                                  TOTAL                                                
   ELAPSED            WORST NEG   SETUP    DESIGN                              LEAKAGE 
    TIME      AREA      SLACK     COST    RULE COST         ENDPOINT            POWER  
  --------- --------- --------- --------- --------- ------------------------- ---------
    0:00:06    6030.8      0.00       0.0       0.0                           463580.6562
    0:00:06    6030.8      0.00       0.0       0.0                           463580.6562
    0:00:06    6030.8      0.00       0.0       0.0                           463580.6562
    0:00:06    6030.8      0.00       0.0       0.0                           463580.6562
    0:00:06    6030.8      0.00       0.0       0.0                           463580.6562
    0:00:06    6074.0      0.00       0.0       0.0                           460842.3125
    0:00:06    6074.0      0.00       0.0       0.0                           460842.3125
    0:00:06    6074.0      0.00       0.0       0.0                           460842.3125
    0:00:06    6074.0      0.00       0.0       0.0                           460842.3125
    0:00:06    6074.0      0.00       0.0       0.0                           460842.3125
    0:00:06    6074.0      0.00       0.0       0.0                           460842.3125
Loading db file '/RAID2/COURSE/iclab/iclabta01/umc018/Synthesis/slow.db'


Note: Symbol # after min delay cost means estimated hold TNS across all active scenarios 


  Optimization Complete
  ---------------------
Information: State dependent leakage is now switched from off to on.
Information: Propagating switching activity (low effort zero delay simulation). (PWR-6)
Warning: There is no defined clock in the design. (PWR-80)
1
#======================================================
#  Output Reports 
#======================================================
report_timing >  Report/SMJ.timing
report_area >  Report/SMJ.area
report_resource >  Report/SMJ.resource
#======================================================
#  Change Naming Rule
#======================================================
set bus_inference_style "%s\[%d\]"
%s[%d]
set bus_naming_style "%s\[%d\]"
%s[%d]
set hdlout_internal_busses true
true
change_names -hierarchy -rule verilog
1
define_name_rules name_rule -allowed "a-z A-Z 0-9 _" -max_length 255 -type cell
1
define_name_rules name_rule -allowed "a-z A-Z 0-9 _[]" -max_length 255 -type net
1
define_name_rules name_rule -map {{"\\*cell\\*" "cell"}}
1
change_names -hierarchy -rules name_rule
1
#======================================================
#  Output Results
#======================================================
set verilogout_higher_designs_first true
true
write -format verilog -output Netlist/SMJ_SYN.v -hierarchy
Writing verilog file '/RAID2/COURSE/dcs/dcs064/HW01/02_SYN/Netlist/SMJ_SYN.v'.
1
write_sdf -version 2.1 -context verilog -load_delay cell Netlist/SMJ_SYN.sdf
Information: Writing timing information to file '/RAID2/COURSE/dcs/dcs064/HW01/02_SYN/Netlist/SMJ_SYN.sdf'. (WT-3)
1
#======================================================
#  Finish and Quit
#======================================================
report_timing
 
****************************************
Report : timing
        -path full
        -delay max
        -max_paths 1
Design : SMJ
Version: R-2020.09
Date   : Sun Mar 12 23:30:21 2023
****************************************

Operating Conditions: slow   Library: slow
Wire Load Model Mode: top

  Startpoint: hand_n3[0] (input port)
  Endpoint: out_data[1]
            (output port)
  Path Group: default
  Path Type: max

  Point                                    Incr       Path
  -----------------------------------------------------------
  input external delay                     0.00       0.00 r
  hand_n3[0] (in)                          0.00       0.00 r
  U374/Y (INVXL)                           0.06       0.06 f
  U400/Y (AOI222XL)                        0.58       0.64 r
  U401/Y (AOI222XL)                        0.34       0.98 f
  U402/Y (AOI222XL)                        0.61       1.58 r
  U403/Y (AOI222XL)                        0.34       1.92 f
  U404/Y (AOI222XL)                        1.19       3.12 r
  U405/Y (INVXL)                           0.46       3.58 f
  U406/Y (OAI22XL)                         0.35       3.93 r
  U418/Y (INVXL)                           0.13       4.06 f
  U419/Y (AOI222XL)                        0.59       4.66 r
  U420/Y (AOI222XL)                        0.31       4.97 f
  U421/Y (AOI222XL)                        0.63       5.61 r
  U422/Y (AOI222XL)                        0.31       5.92 f
  U423/Y (AOI222XL)                        1.72       7.64 r
  U460/Y (MXI2XL)                          0.75       8.39 f
  U467/Y (AOI222XL)                        0.68       9.07 r
  U468/Y (AOI222XL)                        0.31       9.39 f
  U472/Y (AOI222XL)                        0.56       9.94 r
  U475/Y (AOI222XL)                        0.30      10.24 f
  U479/Y (AOI222XL)                        1.64      11.88 r
  U539/Y (MXI2XL)                          0.75      12.64 r
  U541/Y (AOI222XL)                        0.34      12.98 f
  U542/Y (AOI222XL)                        0.53      13.51 r
  U544/Y (AOI2BB1XL)                       0.34      13.85 r
  U545/Y (AOI222XL)                        0.23      14.08 f
  U547/Y (AOI222XL)                        1.63      15.71 r
  U562/Y (MXI2XL)                          0.73      16.44 r
  U564/Y (AOI22XL)                         0.28      16.72 f
  U575/Y (AOI221XL)                        0.44      17.16 r
  U577/Y (AOI211XL)                        0.16      17.32 f
  U371/Y (OAI21XL)                         0.63      17.96 r
  U588/Y (INVXL)                           0.38      18.34 f
  U619/Y (MXI2XL)                          0.32      18.66 r
  U626/Y (INVXL)                           0.20      18.85 f
  U354/Y (NOR2XL)                          0.24      19.10 r
  U672/Y (XOR2XL)                          0.28      19.38 f
  U673/Y (NAND2XL)                         0.11      19.49 r
  U674/Y (OAI211XL)                        0.14      19.63 f
  U675/Y (NOR4BXL)                         0.34      19.97 r
  U676/Y (OAI211XL)                        0.16      20.13 f
  U684/Y (AOI31XL)                         0.18      20.31 r
  out_data[1] (out)                        0.00      20.31 r
  data arrival time                                  20.31

  max_delay                               30.00      30.00
  output external delay                    0.00      30.00
  data required time                                 30.00
  -----------------------------------------------------------
  data required time                                 30.00
  data arrival time                                 -20.31
  -----------------------------------------------------------
  slack (MET)                                         9.69


1
report_area
 
****************************************
Report : area
Design : SMJ
Version: R-2020.09
Date   : Sun Mar 12 23:30:21 2023
****************************************

Library(s) Used:

    slow (File: /RAID2/COURSE/iclab/iclabta01/umc018/Synthesis/slow.db)

Number of ports:                           32
Number of nets:                           368
Number of cells:                          338
Number of combinational cells:            338
Number of sequential cells:                 0
Number of macros/black boxes:               0
Number of buf/inv:                         77
Number of references:                      33

Combinational area:               6074.006460
Buf/Inv area:                      768.398428
Noncombinational area:               0.000000
Macro/Black Box area:                0.000000
Net Interconnect area:      undefined  (No wire load specified)

Total cell area:                  6074.006460
Total area:                 undefined
1
exit

Memory usage for this session 179 Mbytes.
Memory usage for this session including child processes 179 Mbytes.
CPU usage for this session 8 seconds ( 0.00 hours ).
Elapsed time for this session 11 seconds ( 0.00 hours ).

Thank you...
