
                           Design Compiler Graphical 
                                 DC Ultra (TM)
                                  DFTMAX (TM)
                              Power Compiler (TM)
                                 DesignWare (R)
                                 DC Expert (TM)
                               Design Vision (TM)
                               HDL Compiler (TM)
                               VHDL Compiler (TM)
                                  DFT Compiler
                               Design Compiler(R)

                 Version T-2022.03 for linux64 - Feb 22, 2022 

                    Copyright (c) 1988 - 2022 Synopsys, Inc.
   This software and the associated documentation are proprietary to Synopsys,
 Inc. This software may only be used in accordance with the terms and conditions
 of a written license agreement with Synopsys, Inc. All other use, reproduction,
   or distribution of this software is strictly prohibited.  Licensed Products
     communicate with Synopsys servers for the purpose of providing software
    updates, detecting software piracy and verifying that customers are using
    Licensed Products in conformity with the applicable License Key for such
  Licensed Products. Synopsys will use information gathered in connection with
    this process to deliver software updates and pursue software pirates and
                                   infringers.

 Inclusivity & Diversity - Visit SolvNetPlus to read the "Synopsys Statement on
            Inclusivity and Diversity" (Refer to article 000036315 at
                        https://solvnetplus.synopsys.com)
Initializing...
#======================================================
#
# Synopsys Synthesis Scripts (Design Vision dctcl mode)
#
#======================================================
#======================================================
#  Set Libraries
#======================================================
#set search_path { ./../01_RTL \
#					/mnt/NAS/CAD/UMC018/Synthesis/ \
#					/CAD/synopsys/synthesis/cur/libraries/syn/ \
#					/CAD/synopsys/synthesis/cur/dw/ }
# below for iclab/ above for DCS
set search_path {	./../01_RTL \
					~iclabta01/umc018/Synthesis/ \
					/usr/synthesis/libraries/syn/ \
					/usr/synthesis/dw/ }
 ./../01_RTL  ~iclabta01/umc018/Synthesis/  /usr/synthesis/libraries/syn/  /usr/synthesis/dw/ 
set synthetic_library {dw_foundation.sldb}
dw_foundation.sldb
set link_library {* dw_foundation.sldb standard.sldb slow.db }
* dw_foundation.sldb standard.sldb slow.db 
set target_library {slow.db}
slow.db
#report_lib slow
#======================================================
#  Global Parameters
#======================================================
set CYCLE 8
8
#======================================================
#  Read RTL Code
#======================================================
#set hdlin_auto_save_templates TRUE
read_sverilog {DCT\.sv}
Loading db file '/usr/cad/synopsys/synthesis/2022.03/libraries/syn/dw_foundation.sldb'
Loading db file '/usr/cad/synopsys/synthesis/2022.03/libraries/syn/standard.sldb'
Loading db file '/RAID2/COURSE/iclab/iclabta01/umc018/Synthesis/slow.db'
Loading db file '/usr/cad/synopsys/synthesis/2022.03/libraries/syn/gtech.db'
  Loading link library 'slow'
  Loading link library 'gtech'
Loading sverilog file '/RAID2/COURSE/dcs/dcs064/Lab07/01_RTL/DCT.sv'
Detecting input file type automatically (-rtl or -netlist).
Reading with Presto HDL Compiler (equivalent to -rtl option).
Running PRESTO HDLC
Compiling source file /RAID2/COURSE/dcs/dcs064/Lab07/01_RTL/DCT.sv
Warning:  /RAID2/COURSE/dcs/dcs064/Lab07/01_RTL/DCT.sv:58: unsigned to signed assignment occurs. (VER-318)
Warning:  /RAID2/COURSE/dcs/dcs064/Lab07/01_RTL/DCT.sv:59: unsigned to signed assignment occurs. (VER-318)
Warning:  /RAID2/COURSE/dcs/dcs064/Lab07/01_RTL/DCT.sv:61: unsigned to signed assignment occurs. (VER-318)
Warning:  /RAID2/COURSE/dcs/dcs064/Lab07/01_RTL/DCT.sv:62: unsigned to signed assignment occurs. (VER-318)
Warning:  /RAID2/COURSE/dcs/dcs064/Lab07/01_RTL/DCT.sv:65: unsigned to signed assignment occurs. (VER-318)
Warning:  /RAID2/COURSE/dcs/dcs064/Lab07/01_RTL/DCT.sv:67: unsigned to signed assignment occurs. (VER-318)

Statistics for case statements in always block at line 83 in file
	'/RAID2/COURSE/dcs/dcs064/Lab07/01_RTL/DCT.sv'
===============================================
|           Line           |  full/ parallel  |
===============================================
|            86            |    auto/auto     |
===============================================

Inferred memory devices in process
	in routine DCT line 70 in file
		'/RAID2/COURSE/dcs/dcs064/Lab07/01_RTL/DCT.sv'.
===============================================================================
|    Register Name    |   Type    | Width | Bus | MB | AR | AS | SR | SS | ST |
===============================================================================
|    out_data_reg     | Flip-flop |  10   |  Y  | N  | Y  | N  | N  | N  | N  |
|      STATE_reg      | Flip-flop |   3   |  Y  | N  | Y  | N  | N  | N  | N  |
|    out_valid_reg    | Flip-flop |   1   |  N  | N  | Y  | N  | N  | N  | N  |
===============================================================================

Inferred memory devices in process
	in routine DCT line 131 in file
		'/RAID2/COURSE/dcs/dcs064/Lab07/01_RTL/DCT.sv'.
===============================================================================
|    Register Name    |   Type    | Width | Bus | MB | AR | AS | SR | SS | ST |
===============================================================================
|    input_cnt_reg    | Flip-flop |   4   |  Y  | N  | Y  | N  | N  | N  | N  |
===============================================================================

Inferred memory devices in process
	in routine DCT line 145 in file
		'/RAID2/COURSE/dcs/dcs064/Lab07/01_RTL/DCT.sv'.
===============================================================================
|    Register Name    |   Type    | Width | Bus | MB | AR | AS | SR | SS | ST |
===============================================================================
|    inbuffer_reg     | Flip-flop |  128  |  Y  | N  | Y  | N  | N  | N  | N  |
===============================================================================

Inferred memory devices in process
	in routine DCT line 160 in file
		'/RAID2/COURSE/dcs/dcs064/Lab07/01_RTL/DCT.sv'.
===============================================================================
|    Register Name    |   Type    | Width | Bus | MB | AR | AS | SR | SS | ST |
===============================================================================
|   output_cnt_reg    | Flip-flop |   4   |  Y  | N  | Y  | N  | N  | N  | N  |
===============================================================================

Inferred memory devices in process
	in routine DCT line 177 in file
		'/RAID2/COURSE/dcs/dcs064/Lab07/01_RTL/DCT.sv'.
===============================================================================
|    Register Name    |   Type    | Width | Bus | MB | AR | AS | SR | SS | ST |
===============================================================================
|     cal_cnt_reg     | Flip-flop |   4   |  Y  | N  | Y  | N  | N  | N  | N  |
===============================================================================

Inferred memory devices in process
	in routine DCT line 192 in file
		'/RAID2/COURSE/dcs/dcs064/Lab07/01_RTL/DCT.sv'.
===============================================================================
|    Register Name    |   Type    | Width | Bus | MB | AR | AS | SR | SS | ST |
===============================================================================
|  tmp_outbuffer_reg  | Flip-flop |  160  |  Y  | N  | Y  | N  | N  | N  | N  |
|    outbuffer_reg    | Flip-flop |  160  |  Y  | N  | Y  | N  | N  | N  | N  |
===============================================================================
Statistics for MUX_OPs
======================================================
| block name/line  | Inputs | Outputs | # sel inputs |
======================================================
|      DCT/79      |   4    |   40    |      2       |
|      DCT/79      |   4    |   10    |      2       |
|     DCT/101      |   4    |   32    |      2       |
|     DCT/101      |   4    |   42    |      2       |
|     DCT/113      |   4    |   40    |      2       |
======================================================
Presto compilation completed successfully.
Current design is now '/RAID2/COURSE/dcs/dcs064/Lab07/01_RTL/DCT.db:DCT'
Loaded 1 design.
Current design is 'DCT'.
DCT
current_design DCT
Current design is 'DCT'.
{DCT}
#======================================================
#  Global Setting
#======================================================
#set_wire_load_mode top
#======================================================
#  Set Design Constraints
#======================================================
create_clock -name "clk" -period $CYCLE clk
1
set_input_delay  [ expr $CYCLE*0.5 ] -clock clk [all_inputs]
1
set_output_delay [ expr $CYCLE*0.5 ] -clock clk [all_outputs]
1
set_input_delay 0 -clock clk clk
1
set_input_delay 0 -clock clk rst_n
1
set_load 0.05 [all_outputs]
1
set_dont_use slow/JKFF*
1
#======================================================
#  Optimization
#======================================================
uniquify
1
check_design > Report/DCT\.check
set_fix_multiple_port_nets -all -buffer_constants
1
compile_ultra
Information: Performing power optimization. (PWR-850)
Alib files are up-to-date.
Information: Evaluating DesignWare library utilization. (UISN-27)

============================================================================
| DesignWare Building Block Library  |         Version         | Available |
============================================================================
| Basic DW Building Blocks           | S-2021.06-DWBB_202106.0 |     *     |
| Licensed DW Building Blocks        | S-2021.06-DWBB_202106.0 |     *     |
============================================================================

====================================================================================================
| Flow Information                                                                                 |
----------------------------------------------------------------------------------------------------
| Flow         | Design Compiler WLM                                                               |
| Comand line  | compile_ultra                                                                     |
====================================================================================================
| Design Information                                      | Value                                  |
====================================================================================================
| Number of Scenarios                                     | 0                                      |
| Leaf Cell Count                                         | 717                                    |
| Number of User Hierarchies                              | 0                                      |
| Sequential Cell Count                                   | 474                                    |
| Macro Count                                             | 0                                      |
| Number of Power Domains                                 | 0                                      |
| Number of Path Groups                                   | 2                                      |
| Number of VT class                                      | 0                                      |
| Number of Clocks                                        | 1                                      |
| Number of Dont Touch cells                              | 64                                     |
| Number of Dont Touch nets                               | 0                                      |
| Number of size only cells                               | 0                                      |
| Design with UPF Data                                    | false                                  |
----------------------------------------------------------------------------------------------------
| Variables                                               | Value                                  |
----------------------------------------------------------------------------------------------------
| set_fix_multiple_port_nets                              | -all -buffer_constants                 |
====================================================================================================
Information: Sequential output inversion is enabled.  SVF file must be used for formal verification. (OPT-1208)

Information: There are 5 potential problems in your design. Please run 'check_design' for more information. (LINT-99)

  Simplifying Design 'DCT'

Loaded alib file './alib-52/slow.db.alib'
  Building model 'DW01_NAND2'
Information: Ungrouping 0 of 1 hierarchies before Pass 1 (OPT-775)
Information: State dependent leakage is now switched from on to off.

  Beginning Pass 1 Mapping
  ------------------------
  Processing 'DCT'
Information: Added key list 'DesignWare' to design 'DCT'. (DDB-72)
 Implement Synthetic for 'DCT'.

  Updating timing information
Information: Updating design information... (UID-85)
Information: The library cell 'HOLDX1' in the library 'slow' is not characterized for internal power. (PWR-536)
Information: The target library(s) contains cell(s), other than black boxes, that are not characterized for internal power. (PWR-24)

  Beginning Mapping Optimizations  (Ultra High effort)
  -------------------------------
  Mapping Optimization (Phase 1)

                                  TOTAL                                                
   ELAPSED            WORST NEG   SETUP    DESIGN                              LEAKAGE 
    TIME      AREA      SLACK     COST    RULE COST         ENDPOINT            POWER  
  --------- --------- --------- --------- --------- ------------------------- ---------
    0:00:07  177137.5      0.00       0.0       0.0                           26460374.0000
    0:00:07  176272.6      0.00       0.0       0.0                           26313522.0000

  Beginning Constant Register Removal
  -----------------------------------
    0:00:07  176272.6      0.00       0.0       0.0                           26313522.0000
    0:00:07  176272.6      0.00       0.0       0.0                           26313522.0000

  Beginning Global Optimizations
  ------------------------------
  Numerical Synthesis (Phase 1)
  Numerical Synthesis (Phase 2)
  Global Optimization (Phase 1)
  Global Optimization (Phase 2)
  Global Optimization (Phase 3)
  Global Optimization (Phase 4)
  Global Optimization (Phase 5)
  Global Optimization (Phase 6)
  Global Optimization (Phase 7)
  Global Optimization (Phase 8)
  Global Optimization (Phase 9)
  Global Optimization (Phase 10)
  Global Optimization (Phase 11)
  Global Optimization (Phase 12)
  Global Optimization (Phase 13)
  Global Optimization (Phase 14)
  Global Optimization (Phase 15)
  Global Optimization (Phase 16)
  Global Optimization (Phase 17)
  Global Optimization (Phase 18)
  Global Optimization (Phase 19)
  Global Optimization (Phase 20)
  Global Optimization (Phase 21)
  Global Optimization (Phase 22)
  Global Optimization (Phase 23)
  Global Optimization (Phase 24)
  Global Optimization (Phase 25)
  Global Optimization (Phase 26)
  Global Optimization (Phase 27)
  Global Optimization (Phase 28)
  Global Optimization (Phase 29)
  Global Optimization (Phase 30)
  Global Optimization (Phase 31)
  Mapping 'DCT_DP_OP_61J1_122_5020_1'

  Beginning Isolate Ports
  -----------------------

  Beginning Delay Optimization
  ----------------------------
    0:00:08   97972.5      0.53      72.0       0.0                           9508794.0000
    0:00:09   97902.6      0.00       0.0       0.0                           9495588.0000
    0:00:09   97902.6      0.00       0.0       0.0                           9495588.0000
    0:00:09   97869.3      0.00       0.0       0.0                           9486988.0000
    0:00:09   95434.4      0.00       0.0       0.0                           9136727.0000
    0:00:09   94892.2      0.97     230.2       0.0                           9057935.0000

  Beginning WLM Backend Optimization
  --------------------------------------
    0:00:10   94170.4      0.84     170.2       0.0                           8963530.0000
    0:00:10   94123.8      0.00       0.0       0.0                           8943301.0000
    0:00:10   94123.8      0.00       0.0       0.0                           8943301.0000
    0:00:10   94060.6      0.00       0.0       0.0                           8765272.0000
    0:00:10   94060.6      0.00       0.0       0.0                           8765272.0000
    0:00:10   94060.6      0.00       0.0       0.0                           8765272.0000
    0:00:10   94060.6      0.00       0.0       0.0                           8765272.0000
    0:00:10   94060.6      0.00       0.0       0.0                           8765272.0000
    0:00:10   94060.6      0.00       0.0       0.0                           8765272.0000
    0:00:10   94060.6      0.00       0.0       0.0                           8765272.0000
    0:00:10   94060.6      0.00       0.0       0.0                           8765272.0000
    0:00:10   94060.6      0.00       0.0       0.0                           8765272.0000
    0:00:10   94060.6      0.00       0.0       0.0                           8765272.0000
    0:00:10   94060.6      0.00       0.0       0.0                           8765272.0000
    0:00:10   94060.6      0.00       0.0       0.0                           8765272.0000
    0:00:10   94060.6      0.00       0.0       0.0                           8765272.0000
    0:00:10   94060.6      0.00       0.0       0.0                           8765272.0000
    0:00:10   94060.6      0.00       0.0       0.0                           8765272.0000
    0:00:10   94060.6      0.00       0.0       0.0                           8765272.0000
    0:00:10   94060.6      0.00       0.0       0.0                           8765272.0000
    0:00:10   94060.6      0.00       0.0       0.0                           8765272.0000
    0:00:10   94060.6      0.00       0.0       0.0                           8765272.0000
    0:00:10   94060.6      0.00       0.0       0.0                           8765272.0000
    0:00:10   94060.6      0.00       0.0       0.0                           8765272.0000


  Beginning Leakage Power Optimization  (max_leakage_power 0)
  ------------------------------------

                                  TOTAL                                                
   ELAPSED            WORST NEG   SETUP    DESIGN                              LEAKAGE 
    TIME      AREA      SLACK     COST    RULE COST         ENDPOINT            POWER  
  --------- --------- --------- --------- --------- ------------------------- ---------
    0:00:10   94060.6      0.00       0.0       0.0                           8765272.0000
  Global Optimization (Phase 32)
  Global Optimization (Phase 33)
  Global Optimization (Phase 34)
  Global Optimization (Phase 35)
  Global Optimization (Phase 36)
  Global Optimization (Phase 37)
  Global Optimization (Phase 38)
  Global Optimization (Phase 39)
  Global Optimization (Phase 40)
  Global Optimization (Phase 41)
  Global Optimization (Phase 42)
  Global Optimization (Phase 43)
  Global Optimization (Phase 44)
  Global Optimization (Phase 45)
  Global Optimization (Phase 46)
    0:00:11   92470.6      0.00       0.0       0.0                           7890755.0000
    0:00:11   92470.6      0.00       0.0       0.0                           7890755.0000
    0:00:11   92470.6      0.00       0.0       0.0                           7890755.0000
    0:00:12   92414.0      0.00       0.0       0.0                           7893389.0000
    0:00:12   92414.0      0.00       0.0       0.0                           7893389.0000
    0:00:12   92414.0      0.00       0.0       0.0                           7893389.0000
    0:00:12   92414.0      0.00       0.0       0.0                           7893389.0000
    0:00:12   92414.0      0.00       0.0       0.0                           7893389.0000
    0:00:12   92414.0      0.00       0.0       0.0                           7893389.0000
    0:00:12   92414.0      0.00       0.0       0.0                           7893389.0000
    0:00:12   92414.0      0.00       0.0       0.0                           7893389.0000
    0:00:12   92414.0      0.00       0.0       0.0                           7893389.0000
    0:00:12   92414.0      0.00       0.0       0.0                           7893389.0000
    0:00:12   92414.0      0.00       0.0       0.0                           7893389.0000
    0:00:12   92414.0      0.00       0.0       0.0                           7893389.0000
    0:00:12   92414.0      0.00       0.0       0.0                           7893389.0000
    0:00:12   92414.0      0.00       0.0       0.0                           7893389.0000
    0:00:12   92414.0      0.00       0.0       0.0                           7893389.0000
    0:00:12   92414.0      0.00       0.0       0.0                           7893389.0000
    0:00:12   92414.0      0.00       0.0       0.0                           7893389.0000
    0:00:12   92414.0      0.00       0.0       0.0                           7893389.0000
    0:00:12   92414.0      0.00       0.0       0.0                           7893389.0000

                                  TOTAL                                                
   ELAPSED            WORST NEG   SETUP    DESIGN                              LEAKAGE 
    TIME      AREA      SLACK     COST    RULE COST         ENDPOINT            POWER  
  --------- --------- --------- --------- --------- ------------------------- ---------
    0:00:12   92414.0      0.00       0.0       0.0                           7893389.0000
    0:00:12   90518.0      0.00       0.0       0.0                           7782609.5000
    0:00:12   90518.0      0.00       0.0       0.0                           7782609.5000
    0:00:12   90518.0      0.00       0.0       0.0                           7782609.5000
    0:00:12   90518.0      0.00       0.0       0.0                           7782609.5000
    0:00:12   90647.7      0.00       0.0       0.0                           7745283.5000
    0:00:12   90647.7      0.00       0.0       0.0                           7745283.5000
    0:00:12   90647.7      0.00       0.0       0.0                           7745283.5000
    0:00:12   90647.7      0.00       0.0       0.0                           7745283.5000
    0:00:12   90647.7      0.00       0.0       0.0                           7745283.5000
    0:00:12   90647.7      0.00       0.0       0.0                           7745283.5000
    0:00:13   90355.0      0.00       0.0       0.0                           7738391.0000
Loading db file '/RAID2/COURSE/iclab/iclabta01/umc018/Synthesis/slow.db'


Note: Symbol # after min delay cost means estimated hold TNS across all active scenarios 


  Optimization Complete
  ---------------------
Information: State dependent leakage is now switched from off to on.
Information: Propagating switching activity (low effort zero delay simulation). (PWR-6)
1
#======================================================
#  Output Reports 
#======================================================
report_timing >  Report/DCT\.timing
report_area >  Report/DCT\.area
report_resource >  Report/DCT\.resource
#======================================================
#  Change Naming Rule
#======================================================
set bus_inference_style "%s\[%d\]"
%s[%d]
set bus_naming_style "%s\[%d\]"
%s[%d]
set hdlout_internal_busses true
true
change_names -hierarchy -rule verilog
1
define_name_rules name_rule -allowed "a-z A-Z 0-9 _" -max_length 255 -type cell
1
define_name_rules name_rule -allowed "a-z A-Z 0-9 _[]" -max_length 255 -type net
1
define_name_rules name_rule -map {{"\\*cell\\*" "cell"}}
1
change_names -hierarchy -rules name_rule
1
#======================================================
#  Output Results
#======================================================
set verilogout_higher_designs_first true
true
write -format verilog -output Netlist/DCT\_SYN.v -hierarchy
Writing verilog file '/RAID2/COURSE/dcs/dcs064/Lab07/02_SYN/Netlist/DCT_SYN.v'.
1
write_sdf -version 3.0 -context verilog -load_delay cell Netlist/DCT\_SYN.sdf -significant_digits 6
Information: Writing timing information to file '/RAID2/COURSE/dcs/dcs064/Lab07/02_SYN/Netlist/DCT_SYN.sdf'. (WT-3)
1
#======================================================
#  Finish and Quit
#======================================================
report_area
 
****************************************
Report : area
Design : DCT
Version: T-2022.03
Date   : Thu Apr 27 18:37:28 2023
****************************************

Library(s) Used:

    slow (File: /RAID2/COURSE/iclab/iclabta01/umc018/Synthesis/slow.db)

Number of ports:                           22
Number of nets:                          3644
Number of cells:                         3362
Number of combinational cells:           2888
Number of sequential cells:               474
Number of macros/black boxes:               0
Number of buf/inv:                        288
Number of references:                      61

Combinational area:              57160.858740
Buf/Inv area:                     2960.496101
Noncombinational area:           33194.145897
Macro/Black Box area:                0.000000
Net Interconnect area:      undefined  (No wire load specified)

Total cell area:                 90355.004637
Total area:                 undefined
1
report_timing
 
****************************************
Report : timing
        -path full
        -delay max
        -max_paths 1
Design : DCT
Version: T-2022.03
Date   : Thu Apr 27 18:37:28 2023
****************************************

Operating Conditions: slow   Library: slow
Wire Load Model Mode: top

  Startpoint: cal_cnt_reg_0_
              (rising edge-triggered flip-flop clocked by clk)
  Endpoint: outbuffer_reg_2__3__9_
            (rising edge-triggered flip-flop clocked by clk)
  Path Group: clk
  Path Type: max

  Point                                    Incr       Path
  -----------------------------------------------------------
  clock clk (rise edge)                    0.00       0.00
  clock network delay (ideal)              0.00       0.00
  cal_cnt_reg_0_/CK (DFFSHQX1)             0.00       0.00 r
  cal_cnt_reg_0_/Q (DFFSHQX1)              0.40       0.40 r
  U1071/Y (INVXL)                          0.15       0.55 f
  U1114/Y (NAND2X1)                        0.20       0.74 r
  U1072/Y (BUFX2)                          0.82       1.57 r
  U1455/Y (NOR2X1)                         0.15       1.72 f
  U2757/CO (ADDHXL)                        0.27       1.99 f
  U3836/ICO (CMPR42X1)                     0.30       2.29 f
  mult_x_2_U130/S (CMPR42X1)               0.87       3.15 f
  U3579/Y (NOR2X1)                         0.18       3.34 r
  U3583/Y (OAI21XL)                        0.10       3.44 f
  U3584/Y (AOI21XL)                        0.20       3.64 r
  U1138/Y (INVX1)                          0.15       3.79 f
  U3645/Y (AOI21XL)                        0.22       4.00 r
  U3647/Y (XOR2X1)                         0.33       4.34 r
  U3659/CO (ADDFHX1)                       0.48       4.82 r
  U3655/S (ADDFX1)                         0.63       5.45 f
  U3708/Y (NAND2XL)                        0.13       5.58 r
  U1293/Y (OAI21XL)                        0.11       5.69 f
  U1123/Y (AOI21XL)                        0.19       5.88 r
  U1286/Y (OAI21XL)                        0.11       5.99 f
  U1678/Y (AOI21XL)                        0.17       6.16 r
  U1677/Y (AND2X2)                         0.21       6.37 r
  U1120/Y (AOI21X2)                        0.14       6.51 f
  U3771/Y (OAI21X4)                        0.16       6.67 r
  U2714/Y (AOI21X2)                        0.11       6.79 f
  U1280/Y (OAI21X1)                        0.20       6.99 r
  U3810/CO (ADDFHX4)                       0.26       7.25 r
  U3812/Y (XOR2X4)                         0.26       7.51 f
  U3819/Y (NAND2XL)                        0.10       7.61 r
  U1271/Y (OAI2BB1XL)                      0.09       7.70 f
  outbuffer_reg_2__3__9_/D (DFFRHQXL)      0.00       7.70 f
  data arrival time                                   7.70

  clock clk (rise edge)                    8.00       8.00
  clock network delay (ideal)              0.00       8.00
  outbuffer_reg_2__3__9_/CK (DFFRHQXL)     0.00       8.00 r
  library setup time                      -0.28       7.72
  data required time                                  7.72
  -----------------------------------------------------------
  data required time                                  7.72
  data arrival time                                  -7.70
  -----------------------------------------------------------
  slack (MET)                                         0.02


1
exit
Memory usage for this session 200 Mbytes.
Memory usage for this session including child processes 200 Mbytes.
CPU usage for this session 16 seconds ( 0.00 hours ).
Elapsed time for this session 20 seconds ( 0.01 hours ).

Thank you...
