irun(64): 15.20-s084: (c) Copyright 1995-2020 Cadence Design Systems, Inc.
TOOL:	irun(64)	15.20-s084: Started on May 04, 2023 at 16:15:01 CST
irun
	TESTBENCH.sv
	-define GATE
	-debug
	-loadpli1 debpli:novas_pli_boot
	-v /RAID2/COURSE/iclab/iclabta01/umc018/Verilog/umc18_neg.v
	-y /RAID2/cad/synopsys/synthesis/cur/dw/sim_ver/
	+libext+.v
Recompiling... reason: file './Fpc_SYN.sdf' is newer than expected.
	expected: Thu May  4 13:22:23 2023
	actual:   Thu May  4 16:14:44 2023
file: TESTBENCH.sv
	module worklib.Fpc:v
		errors: 0, warnings: 0
file: /RAID2/COURSE/iclab/iclabta01/umc018/Verilog/umc18_neg.v
	module umc18_neg.AOI2BB2XL:v
		errors: 0, warnings: 0
	module umc18_neg.AOI31XL:v
		errors: 0, warnings: 0
	module umc18_neg.OAI221XL:v
		errors: 0, warnings: 0
	module umc18_neg.OR3XL:v
		errors: 0, warnings: 0
		Caching library 'sim_ver' ....... Done
		Caching library 'umc18_neg' ....... Done
		Caching library 'worklib' ....... Done
	Elaborating the design hierarchy:
  DFFX1 exponent_b_reg_6_ ( .D(in_b[13]), .CK(clk), .Q(exponent_b[6]) );
                        |
ncelab: *W,CUVWSP (./Fpc_SYN.v,216|24): 1 output port was not connected:
ncelab: (/RAID2/COURSE/iclab/iclabta01/umc018/Verilog/umc18_neg.v,6234): QN

  DFFX1 exponent_b_reg_5_ ( .D(in_b[12]), .CK(clk), .Q(exponent_b[5]) );
                        |
ncelab: *W,CUVWSP (./Fpc_SYN.v,217|24): 1 output port was not connected:
ncelab: (/RAID2/COURSE/iclab/iclabta01/umc018/Verilog/umc18_neg.v,6234): QN

  DFFX1 exponent_a_reg_7_ ( .D(in_a[14]), .CK(clk), .Q(exponent_a[7]) );
                        |
ncelab: *W,CUVWSP (./Fpc_SYN.v,225|24): 1 output port was not connected:
ncelab: (/RAID2/COURSE/iclab/iclabta01/umc018/Verilog/umc18_neg.v,6234): QN

  DFFX1 exponent_a_reg_4_ ( .D(in_a[11]), .CK(clk), .Q(exponent_a[4]) );
                        |
ncelab: *W,CUVWSP (./Fpc_SYN.v,230|24): 1 output port was not connected:
ncelab: (/RAID2/COURSE/iclab/iclabta01/umc018/Verilog/umc18_neg.v,6234): QN

  DFFX1 exponent_a_reg_3_ ( .D(in_a[10]), .CK(clk), .Q(exponent_a[3]) );
                        |
ncelab: *W,CUVWSP (./Fpc_SYN.v,231|24): 1 output port was not connected:
ncelab: (/RAID2/COURSE/iclab/iclabta01/umc018/Verilog/umc18_neg.v,6234): QN

  DFFX1 exponent_a_reg_1_ ( .D(in_a[8]), .CK(clk), .Q(exponent_a[1]) );
                        |
ncelab: *W,CUVWSP (./Fpc_SYN.v,233|24): 1 output port was not connected:
ncelab: (/RAID2/COURSE/iclab/iclabta01/umc018/Verilog/umc18_neg.v,6234): QN

  DFFX1 exponent_a_reg_0_ ( .D(in_a[7]), .CK(clk), .Q(exponent_a[0]) );
                        |
ncelab: *W,CUVWSP (./Fpc_SYN.v,234|24): 1 output port was not connected:
ncelab: (/RAID2/COURSE/iclab/iclabta01/umc018/Verilog/umc18_neg.v,6234): QN

	Top level design units:
		TESTBED
ncelab: *W,DSEMEL: This SystemVerilog design will be simulated as per IEEE 1800-2009 SystemVerilog simulation semantics. Use -disable_sem2009 option for turning off SV 2009 simulation semantics.
	Reading SDF file from location "Fpc_SYN.sdf"
	Compiled SDF file "Fpc_SYN.sdf.X" older than source SDF file "Fpc_SYN.sdf".
	Recompiling.
	Writing compiled SDF file to "Fpc_SYN.sdf.X".
	Annotating SDF timing data:
		Compiled SDF file:     Fpc_SYN.sdf.X
		Log file:
		Backannotation scope:  TESTBED.I_design
		Configuration file:
		MTM control:
		Scale factors:
		Scale type:
ncelab: *W,SDFNEP: Unable to annotate to non-existent path (IOPATH (posedge S0) Y) of instance TESTBED.I_design.U727 of module MXI2XL <./Fpc_SYN.sdf, line 1699>.
ncelab: *W,SDFNEP: Unable to annotate to non-existent path (IOPATH (negedge S0) Y) of instance TESTBED.I_design.U727 of module MXI2XL <./Fpc_SYN.sdf, line 1700>.
ncelab: *W,SDFNEP: Unable to annotate to non-existent path (IOPATH (posedge A) S) of instance TESTBED.I_design.U663 of module ADDFXL <./Fpc_SYN.sdf, line 2434>.
ncelab: *W,SDFNEP: Unable to annotate to non-existent path (IOPATH (negedge A) S) of instance TESTBED.I_design.U663 of module ADDFXL <./Fpc_SYN.sdf, line 2435>.
ncelab: *W,SDFNEP: Unable to annotate to non-existent path (IOPATH (posedge B) S) of instance TESTBED.I_design.U663 of module ADDFXL <./Fpc_SYN.sdf, line 2440>.
ncelab: *W,SDFNEP: Unable to annotate to non-existent path (IOPATH (negedge B) S) of instance TESTBED.I_design.U663 of module ADDFXL <./Fpc_SYN.sdf, line 2441>.
ncelab: *W,SDFNEP: Unable to annotate to non-existent path (IOPATH (posedge CI) S) of instance TESTBED.I_design.U663 of module ADDFXL <./Fpc_SYN.sdf, line 2444>.
ncelab: *W,SDFNEP: Unable to annotate to non-existent path (IOPATH (negedge CI) S) of instance TESTBED.I_design.U663 of module ADDFXL <./Fpc_SYN.sdf, line 2445>.
ncelab: *W,SDFNEP: Unable to annotate to non-existent path (IOPATH (posedge A) S) of instance TESTBED.I_design.U621 of module ADDFXL <./Fpc_SYN.sdf, line 2920>.
ncelab: *W,SDFNEP: Unable to annotate to non-existent path (IOPATH (negedge A) S) of instance TESTBED.I_design.U621 of module ADDFXL <./Fpc_SYN.sdf, line 2921>.
ncelab: *W,SDFNEP: Unable to annotate to non-existent path (IOPATH (posedge B) S) of instance TESTBED.I_design.U621 of module ADDFXL <./Fpc_SYN.sdf, line 2926>.
ncelab: *W,SDFNEP: Unable to annotate to non-existent path (IOPATH (negedge B) S) of instance TESTBED.I_design.U621 of module ADDFXL <./Fpc_SYN.sdf, line 2927>.
ncelab: *W,SDFNEP: Unable to annotate to non-existent path (IOPATH (posedge CI) S) of instance TESTBED.I_design.U621 of module ADDFXL <./Fpc_SYN.sdf, line 2930>.
ncelab: *W,SDFNEP: Unable to annotate to non-existent path (IOPATH (negedge CI) S) of instance TESTBED.I_design.U621 of module ADDFXL <./Fpc_SYN.sdf, line 2931>.
ncelab: *W,SDFNEP: Unable to annotate to non-existent path (IOPATH (posedge A) S) of instance TESTBED.I_design.U620 of module ADDFXL <./Fpc_SYN.sdf, line 2951>.
ncelab: *W,SDFNEP: Unable to annotate to non-existent path (IOPATH (negedge A) S) of instance TESTBED.I_design.U620 of module ADDFXL <./Fpc_SYN.sdf, line 2952>.
ncelab: *W,SDFNEP: Unable to annotate to non-existent path (IOPATH (posedge B) S) of instance TESTBED.I_design.U620 of module ADDFXL <./Fpc_SYN.sdf, line 2957>.
ncelab: *W,SDFNEP: Unable to annotate to non-existent path (IOPATH (negedge B) S) of instance TESTBED.I_design.U620 of module ADDFXL <./Fpc_SYN.sdf, line 2958>.
ncelab: *W,SDFNEP: Unable to annotate to non-existent path (IOPATH (posedge CI) S) of instance TESTBED.I_design.U620 of module ADDFXL <./Fpc_SYN.sdf, line 2961>.
ncelab: *W,SDFNEP: Unable to annotate to non-existent path (IOPATH (negedge CI) S) of instance TESTBED.I_design.U620 of module ADDFXL <./Fpc_SYN.sdf, line 2962>.
ncelab: *W,SDFNEP: Unable to annotate to non-existent path (IOPATH (posedge A) S) of instance TESTBED.I_design.U619 of module ADDFXL <./Fpc_SYN.sdf, line 2982>.
ncelab: *W,SDFNEP: Unable to annotate to non-existent path (IOPATH (negedge A) S) of instance TESTBED.I_design.U619 of module ADDFXL <./Fpc_SYN.sdf, line 2983>.
ncelab: *W,SDFNEP: Unable to annotate to non-existent path (IOPATH (posedge B) S) of instance TESTBED.I_design.U619 of module ADDFXL <./Fpc_SYN.sdf, line 2988>.
ncelab: *W,SDFNEP: Unable to annotate to non-existent path (IOPATH (negedge B) S) of instance TESTBED.I_design.U619 of module ADDFXL <./Fpc_SYN.sdf, line 2989>.
ncelab: *W,SDFNEP: Unable to annotate to non-existent path (IOPATH (posedge CI) S) of instance TESTBED.I_design.U619 of module ADDFXL <./Fpc_SYN.sdf, line 2992>.
ncelab: *W,SDFNEP: Unable to annotate to non-existent path (IOPATH (negedge CI) S) of instance TESTBED.I_design.U619 of module ADDFXL <./Fpc_SYN.sdf, line 2993>.
ncelab: *W,SDFNEP: Unable to annotate to non-existent path (IOPATH (posedge A) S) of instance TESTBED.I_design.U618 of module ADDFXL <./Fpc_SYN.sdf, line 3013>.
ncelab: *W,SDFNEP: Unable to annotate to non-existent path (IOPATH (negedge A) S) of instance TESTBED.I_design.U618 of module ADDFXL <./Fpc_SYN.sdf, line 3014>.
ncelab: *W,SDFNEP: Unable to annotate to non-existent path (IOPATH (posedge B) S) of instance TESTBED.I_design.U618 of module ADDFXL <./Fpc_SYN.sdf, line 3019>.
ncelab: *W,SDFNEP: Unable to annotate to non-existent path (IOPATH (negedge B) S) of instance TESTBED.I_design.U618 of module ADDFXL <./Fpc_SYN.sdf, line 3020>.
ncelab: *W,SDFNEP: Unable to annotate to non-existent path (IOPATH (posedge CI) S) of instance TESTBED.I_design.U618 of module ADDFXL <./Fpc_SYN.sdf, line 3023>.
ncelab: *W,SDFNEP: Unable to annotate to non-existent path (IOPATH (negedge CI) S) of instance TESTBED.I_design.U618 of module ADDFXL <./Fpc_SYN.sdf, line 3024>.
ncelab: *W,SDFNEP: Unable to annotate to non-existent path (IOPATH (posedge A) S) of instance TESTBED.I_design.U617 of module ADDFXL <./Fpc_SYN.sdf, line 3044>.
ncelab: *W,SDFNEP: Unable to annotate to non-existent path (IOPATH (negedge A) S) of instance TESTBED.I_design.U617 of module ADDFXL <./Fpc_SYN.sdf, line 3045>.
ncelab: *W,SDFNEP: Unable to annotate to non-existent path (IOPATH (posedge B) S) of instance TESTBED.I_design.U617 of module ADDFXL <./Fpc_SYN.sdf, line 3050>.
ncelab: *W,SDFNEP: Unable to annotate to non-existent path (IOPATH (negedge B) S) of instance TESTBED.I_design.U617 of module ADDFXL <./Fpc_SYN.sdf, line 3051>.
ncelab: *W,SDFNEP: Unable to annotate to non-existent path (IOPATH (posedge CI) S) of instance TESTBED.I_design.U617 of module ADDFXL <./Fpc_SYN.sdf, line 3054>.
ncelab: *W,SDFNEP: Unable to annotate to non-existent path (IOPATH (negedge CI) S) of instance TESTBED.I_design.U617 of module ADDFXL <./Fpc_SYN.sdf, line 3055>.
ncelab: *W,SDFNEP: Unable to annotate to non-existent path (IOPATH (posedge A) S) of instance TESTBED.I_design.U616 of module ADDFXL <./Fpc_SYN.sdf, line 3075>.
ncelab: *W,SDFNEP: Unable to annotate to non-existent path (IOPATH (negedge A) S) of instance TESTBED.I_design.U616 of module ADDFXL <./Fpc_SYN.sdf, line 3076>.
ncelab: *W,SDFNEP: Unable to annotate to non-existent path (IOPATH (posedge B) S) of instance TESTBED.I_design.U616 of module ADDFXL <./Fpc_SYN.sdf, line 3081>.
ncelab: *W,SDFNEP: Unable to annotate to non-existent path (IOPATH (negedge B) S) of instance TESTBED.I_design.U616 of module ADDFXL <./Fpc_SYN.sdf, line 3082>.
ncelab: *W,SDFNEP: Unable to annotate to non-existent path (IOPATH (posedge CI) S) of instance TESTBED.I_design.U616 of module ADDFXL <./Fpc_SYN.sdf, line 3085>.
ncelab: *W,SDFNEP: Unable to annotate to non-existent path (IOPATH (negedge CI) S) of instance TESTBED.I_design.U616 of module ADDFXL <./Fpc_SYN.sdf, line 3086>.
ncelab: *W,SDFNEP: Unable to annotate to non-existent path (IOPATH (posedge A) Y) of instance TESTBED.I_design.U594 of module XOR2XL <./Fpc_SYN.sdf, line 3335>.
ncelab: *W,SDFNEP: Unable to annotate to non-existent path (IOPATH (negedge A) Y) of instance TESTBED.I_design.U594 of module XOR2XL <./Fpc_SYN.sdf, line 3336>.
ncelab: *W,SDFNEP: Unable to annotate to non-existent path (IOPATH (posedge B) Y) of instance TESTBED.I_design.U594 of module XOR2XL <./Fpc_SYN.sdf, line 3339>.
ncelab: *W,SDFNEP: Unable to annotate to non-existent path (IOPATH (negedge B) Y) of instance TESTBED.I_design.U594 of module XOR2XL <./Fpc_SYN.sdf, line 3340>.
ncelab: *W,SDFNEP: Unable to annotate to non-existent path (IOPATH (posedge A) Y) of instance TESTBED.I_design.U570 of module XOR2XL <./Fpc_SYN.sdf, line 3606>.
ncelab: *W,SDFNEP: Unable to annotate to non-existent path (IOPATH (negedge A) Y) of instance TESTBED.I_design.U570 of module XOR2XL <./Fpc_SYN.sdf, line 3607>.
ncelab: *W,SDFNEP: Unable to annotate to non-existent path (IOPATH (posedge B) Y) of instance TESTBED.I_design.U570 of module XOR2XL <./Fpc_SYN.sdf, line 3610>.
ncelab: *W,SDFNEP: Unable to annotate to non-existent path (IOPATH (negedge B) Y) of instance TESTBED.I_design.U570 of module XOR2XL <./Fpc_SYN.sdf, line 3611>.
ncelab: *W,SDFNEP: Unable to annotate to non-existent path (IOPATH (posedge A) Y) of instance TESTBED.I_design.U566 of module XOR2XL <./Fpc_SYN.sdf, line 3649>.
ncelab: *W,SDFNEP: Unable to annotate to non-existent path (IOPATH (negedge A) Y) of instance TESTBED.I_design.U566 of module XOR2XL <./Fpc_SYN.sdf, line 3650>.
ncelab: *W,SDFNEP: Unable to annotate to non-existent path (IOPATH (posedge B) Y) of instance TESTBED.I_design.U566 of module XOR2XL <./Fpc_SYN.sdf, line 3653>.
ncelab: *W,SDFNEP: Unable to annotate to non-existent path (IOPATH (negedge B) Y) of instance TESTBED.I_design.U566 of module XOR2XL <./Fpc_SYN.sdf, line 3654>.
ncelab: *W,SDFNEP: Unable to annotate to non-existent path (IOPATH (posedge S0) Y) of instance TESTBED.I_design.U565 of module MXI2XL <./Fpc_SYN.sdf, line 3667>.
ncelab: *W,SDFNEP: Unable to annotate to non-existent path (IOPATH (negedge S0) Y) of instance TESTBED.I_design.U565 of module MXI2XL <./Fpc_SYN.sdf, line 3668>.
ncelab: *W,SDFNEP: Unable to annotate to non-existent path (IOPATH (posedge S0) Y) of instance TESTBED.I_design.U523 of module MXI2XL <./Fpc_SYN.sdf, line 4125>.
ncelab: *W,SDFNEP: Unable to annotate to non-existent path (IOPATH (negedge S0) Y) of instance TESTBED.I_design.U523 of module MXI2XL <./Fpc_SYN.sdf, line 4126>.
ncelab: *W,SDFNEP: Unable to annotate to non-existent path (IOPATH (posedge A) Y) of instance TESTBED.I_design.U516 of module XOR2XL <./Fpc_SYN.sdf, line 4201>.
ncelab: *W,SDFNEP: Unable to annotate to non-existent path (IOPATH (negedge A) Y) of instance TESTBED.I_design.U516 of module XOR2XL <./Fpc_SYN.sdf, line 4202>.
ncelab: *W,SDFNEP: Unable to annotate to non-existent path (IOPATH (posedge B) Y) of instance TESTBED.I_design.U516 of module XOR2XL <./Fpc_SYN.sdf, line 4205>.
ncelab: *W,SDFNEP: Unable to annotate to non-existent path (IOPATH (negedge B) Y) of instance TESTBED.I_design.U516 of module XOR2XL <./Fpc_SYN.sdf, line 4206>.
ncelab: *W,SDFNEP: Unable to annotate to non-existent path (IOPATH (posedge A) Y) of instance TESTBED.I_design.U510 of module XOR2XL <./Fpc_SYN.sdf, line 4263>.
ncelab: *W,SDFNEP: Unable to annotate to non-existent path (IOPATH (negedge A) Y) of instance TESTBED.I_design.U510 of module XOR2XL <./Fpc_SYN.sdf, line 4264>.
ncelab: *W,SDFNEP: Unable to annotate to non-existent path (IOPATH (posedge B) Y) of instance TESTBED.I_design.U510 of module XOR2XL <./Fpc_SYN.sdf, line 4267>.
ncelab: *W,SDFNEP: Unable to annotate to non-existent path (IOPATH (negedge B) Y) of instance TESTBED.I_design.U510 of module XOR2XL <./Fpc_SYN.sdf, line 4268>.
ncelab: *W,SDFNEP: Unable to annotate to non-existent path (IOPATH (posedge A) Y) of instance TESTBED.I_design.U509 of module XOR2XL <./Fpc_SYN.sdf, line 4279>.
ncelab: *W,SDFNEP: Unable to annotate to non-existent path (IOPATH (negedge A) Y) of instance TESTBED.I_design.U509 of module XOR2XL <./Fpc_SYN.sdf, line 4280>.
ncelab: *W,SDFNEP: Unable to annotate to non-existent path (IOPATH (posedge B) Y) of instance TESTBED.I_design.U509 of module XOR2XL <./Fpc_SYN.sdf, line 4283>.
ncelab: *W,SDFNEP: Unable to annotate to non-existent path (IOPATH (negedge B) Y) of instance TESTBED.I_design.U509 of module XOR2XL <./Fpc_SYN.sdf, line 4284>.
ncelab: *W,SDFNEP: Unable to annotate to non-existent path (IOPATH (posedge A) Y) of instance TESTBED.I_design.U473 of module XOR2XL <./Fpc_SYN.sdf, line 4660>.
ncelab: *W,SDFNEP: Unable to annotate to non-existent path (IOPATH (negedge A) Y) of instance TESTBED.I_design.U473 of module XOR2XL <./Fpc_SYN.sdf, line 4661>.
ncelab: *W,SDFNEP: Unable to annotate to non-existent path (IOPATH (posedge B) Y) of instance TESTBED.I_design.U473 of module XOR2XL <./Fpc_SYN.sdf, line 4664>.
ncelab: *W,SDFNEP: Unable to annotate to non-existent path (IOPATH (negedge B) Y) of instance TESTBED.I_design.U473 of module XOR2XL <./Fpc_SYN.sdf, line 4665>.
ncelab: *W,SDFNEP: Unable to annotate to non-existent path (IOPATH (posedge A) Y) of instance TESTBED.I_design.U465 of module XNOR2XL <./Fpc_SYN.sdf, line 4748>.
ncelab: *W,SDFNEP: Unable to annotate to non-existent path (IOPATH (negedge A) Y) of instance TESTBED.I_design.U465 of module XNOR2XL <./Fpc_SYN.sdf, line 4749>.
ncelab: *W,SDFNEP: Unable to annotate to non-existent path (IOPATH (posedge B) Y) of instance TESTBED.I_design.U465 of module XNOR2XL <./Fpc_SYN.sdf, line 4752>.
ncelab: *W,SDFNEP: Unable to annotate to non-existent path (IOPATH (negedge B) Y) of instance TESTBED.I_design.U465 of module XNOR2XL <./Fpc_SYN.sdf, line 4753>.
ncelab: *W,SDFNEP: Unable to annotate to non-existent path (IOPATH (posedge A) Y) of instance TESTBED.I_design.U458 of module XOR2XL <./Fpc_SYN.sdf, line 4824>.
ncelab: *W,SDFNEP: Unable to annotate to non-existent path (IOPATH (negedge A) Y) of instance TESTBED.I_design.U458 of module XOR2XL <./Fpc_SYN.sdf, line 4825>.
ncelab: *W,SDFNEP: Unable to annotate to non-existent path (IOPATH (posedge B) Y) of instance TESTBED.I_design.U458 of module XOR2XL <./Fpc_SYN.sdf, line 4828>.
ncelab: *W,SDFNEP: Unable to annotate to non-existent path (IOPATH (negedge B) Y) of instance TESTBED.I_design.U458 of module XOR2XL <./Fpc_SYN.sdf, line 4829>.
ncelab: *W,SDFNEP: Unable to annotate to non-existent path (IOPATH (posedge S0) Y) of instance TESTBED.I_design.U455 of module MXI2XL <./Fpc_SYN.sdf, line 4862>.
ncelab: *W,SDFNEP: Unable to annotate to non-existent path (IOPATH (negedge S0) Y) of instance TESTBED.I_design.U455 of module MXI2XL <./Fpc_SYN.sdf, line 4863>.
ncelab: *W,SDFNEP: Unable to annotate to non-existent path (IOPATH (posedge A) Y) of instance TESTBED.I_design.U403 of module XNOR2XL <./Fpc_SYN.sdf, line 5414>.
ncelab: *W,SDFNEP: Unable to annotate to non-existent path (IOPATH (negedge A) Y) of instance TESTBED.I_design.U403 of module XNOR2XL <./Fpc_SYN.sdf, line 5415>.
ncelab: *W,SDFNEP: Unable to annotate to non-existent path (IOPATH (posedge B) Y) of instance TESTBED.I_design.U403 of module XNOR2XL <./Fpc_SYN.sdf, line 5418>.
ncelab: *W,SDFNEP: Unable to annotate to non-existent path (IOPATH (negedge B) Y) of instance TESTBED.I_design.U403 of module XNOR2XL <./Fpc_SYN.sdf, line 5419>.
ncelab: *W,SDFNEP: Unable to annotate to non-existent path (IOPATH (posedge A) Y) of instance TESTBED.I_design.U384 of module XOR2XL <./Fpc_SYN.sdf, line 5619>.
ncelab: *W,SDFNEP: Unable to annotate to non-existent path (IOPATH (negedge A) Y) of instance TESTBED.I_design.U384 of module XOR2XL <./Fpc_SYN.sdf, line 5620>.
ncelab: *W,SDFNEP: Unable to annotate to non-existent path (IOPATH (posedge B) Y) of instance TESTBED.I_design.U384 of module XOR2XL <./Fpc_SYN.sdf, line 5623>.
ncelab: *W,SDFNEP: Unable to annotate to non-existent path (IOPATH (negedge B) Y) of instance TESTBED.I_design.U384 of module XOR2XL <./Fpc_SYN.sdf, line 5624>.
ncelab: *W,SDFNEP: Unable to annotate to non-existent path (IOPATH (posedge A) S) of instance TESTBED.I_design.intadd_1_U3 of module ADDFXL <./Fpc_SYN.sdf, line 6709>.
ncelab: *W,SDFNEP: Unable to annotate to non-existent path (IOPATH (negedge A) S) of instance TESTBED.I_design.intadd_1_U3 of module ADDFXL <./Fpc_SYN.sdf, line 6710>.
ncelab: *W,SDFNEP: Unable to annotate to non-existent path (IOPATH (posedge B) S) of instance TESTBED.I_design.intadd_1_U3 of module ADDFXL <./Fpc_SYN.sdf, line 6715>.
ncelab: *W,SDFNEP: Unable to annotate to non-existent path (IOPATH (negedge B) S) of instance TESTBED.I_design.intadd_1_U3 of module ADDFXL <./Fpc_SYN.sdf, line 6716>.
ncelab: *W,SDFNEP: Unable to annotate to non-existent path (IOPATH (posedge CI) S) of instance TESTBED.I_design.intadd_1_U3 of module ADDFXL <./Fpc_SYN.sdf, line 6719>.
ncelab: *W,SDFNEP: Unable to annotate to non-existent path (IOPATH (negedge CI) S) of instance TESTBED.I_design.intadd_1_U3 of module ADDFXL <./Fpc_SYN.sdf, line 6720>.
ncelab: *W,SDFNEP: Unable to annotate to non-existent path (IOPATH (posedge A) S) of instance TESTBED.I_design.intadd_1_U4 of module ADDFXL <./Fpc_SYN.sdf, line 6740>.
ncelab: *W,SDFNEP: Unable to annotate to non-existent path (IOPATH (negedge A) S) of instance TESTBED.I_design.intadd_1_U4 of module ADDFXL <./Fpc_SYN.sdf, line 6741>.
ncelab: *W,SDFNEP: Unable to annotate to non-existent path (IOPATH (posedge B) S) of instance TESTBED.I_design.intadd_1_U4 of module ADDFXL <./Fpc_SYN.sdf, line 6746>.
ncelab: *W,SDFNEP: Unable to annotate to non-existent path (IOPATH (negedge B) S) of instance TESTBED.I_design.intadd_1_U4 of module ADDFXL <./Fpc_SYN.sdf, line 6747>.
ncelab: *W,SDFNEP: Unable to annotate to non-existent path (IOPATH (posedge CI) S) of instance TESTBED.I_design.intadd_1_U4 of module ADDFXL <./Fpc_SYN.sdf, line 6750>.
ncelab: *W,SDFNEP: Unable to annotate to non-existent path (IOPATH (negedge CI) S) of instance TESTBED.I_design.intadd_1_U4 of module ADDFXL <./Fpc_SYN.sdf, line 6751>.
ncelab: *W,SDFNEP: Unable to annotate to non-existent path (IOPATH (posedge A) S) of instance TESTBED.I_design.intadd_1_U2 of module ADDFXL <./Fpc_SYN.sdf, line 6771>.
ncelab: *W,SDFNEP: Unable to annotate to non-existent path (IOPATH (negedge A) S) of instance TESTBED.I_design.intadd_1_U2 of module ADDFXL <./Fpc_SYN.sdf, line 6772>.
ncelab: *W,SDFNEP: Unable to annotate to non-existent path (IOPATH (posedge B) S) of instance TESTBED.I_design.intadd_1_U2 of module ADDFXL <./Fpc_SYN.sdf, line 6777>.
ncelab: *W,SDFNEP: Unable to annotate to non-existent path (IOPATH (negedge B) S) of instance TESTBED.I_design.intadd_1_U2 of module ADDFXL <./Fpc_SYN.sdf, line 6778>.
ncelab: *W,SDFNEP: Unable to annotate to non-existent path (IOPATH (posedge CI) S) of instance TESTBED.I_design.intadd_1_U2 of module ADDFXL <./Fpc_SYN.sdf, line 6781>.
ncelab: *W,SDFNEP: Unable to annotate to non-existent path (IOPATH (negedge CI) S) of instance TESTBED.I_design.intadd_1_U2 of module ADDFXL <./Fpc_SYN.sdf, line 6782>.
ncelab: *W,SDFNEP: Unable to annotate to non-existent path (IOPATH (posedge A) S) of instance TESTBED.I_design.intadd_1_U5 of module ADDFXL <./Fpc_SYN.sdf, line 7756>.
ncelab: *W,SDFNEP: Unable to annotate to non-existent path (IOPATH (negedge A) S) of instance TESTBED.I_design.intadd_1_U5 of module ADDFXL <./Fpc_SYN.sdf, line 7757>.
ncelab: *W,SDFNEP: Unable to annotate to non-existent path (IOPATH (posedge B) S) of instance TESTBED.I_design.intadd_1_U5 of module ADDFXL <./Fpc_SYN.sdf, line 7762>.
ncelab: *W,SDFNEP: Unable to annotate to non-existent path (IOPATH (negedge B) S) of instance TESTBED.I_design.intadd_1_U5 of module ADDFXL <./Fpc_SYN.sdf, line 7763>.
ncelab: *W,SDFNEP: Unable to annotate to non-existent path (IOPATH (posedge CI) S) of instance TESTBED.I_design.intadd_1_U5 of module ADDFXL <./Fpc_SYN.sdf, line 7766>.
ncelab: *W,SDFNEP: Unable to annotate to non-existent path (IOPATH (negedge CI) S) of instance TESTBED.I_design.intadd_1_U5 of module ADDFXL <./Fpc_SYN.sdf, line 7767>.
ncelab: *W,SDFNEP: Unable to annotate to non-existent path (IOPATH (posedge A) S) of instance TESTBED.I_design.intadd_1_U6 of module ADDFXL <./Fpc_SYN.sdf, line 7787>.
ncelab: *W,SDFNEP: Unable to annotate to non-existent path (IOPATH (negedge A) S) of instance TESTBED.I_design.intadd_1_U6 of module ADDFXL <./Fpc_SYN.sdf, line 7788>.
ncelab: *W,SDFNEP: Unable to annotate to non-existent path (IOPATH (posedge B) S) of instance TESTBED.I_design.intadd_1_U6 of module ADDFXL <./Fpc_SYN.sdf, line 7793>.
ncelab: *W,SDFNEP: Unable to annotate to non-existent path (IOPATH (negedge B) S) of instance TESTBED.I_design.intadd_1_U6 of module ADDFXL <./Fpc_SYN.sdf, line 7794>.
ncelab: *W,SDFNEP: Unable to annotate to non-existent path (IOPATH (posedge CI) S) of instance TESTBED.I_design.intadd_1_U6 of module ADDFXL <./Fpc_SYN.sdf, line 7797>.
ncelab: *W,SDFNEP: Unable to annotate to non-existent path (IOPATH (negedge CI) S) of instance TESTBED.I_design.intadd_1_U6 of module ADDFXL <./Fpc_SYN.sdf, line 7798>.
ncelab: *W,SDFNEP: Unable to annotate to non-existent path (IOPATH (posedge A) S) of instance TESTBED.I_design.intadd_1_U7 of module ADDFXL <./Fpc_SYN.sdf, line 7818>.
ncelab: *W,SDFNEP: Unable to annotate to non-existent path (IOPATH (negedge A) S) of instance TESTBED.I_design.intadd_1_U7 of module ADDFXL <./Fpc_SYN.sdf, line 7819>.
ncelab: *W,SDFNEP: Unable to annotate to non-existent path (IOPATH (posedge B) S) of instance TESTBED.I_design.intadd_1_U7 of module ADDFXL <./Fpc_SYN.sdf, line 7824>.
ncelab: *W,SDFNEP: Unable to annotate to non-existent path (IOPATH (negedge B) S) of instance TESTBED.I_design.intadd_1_U7 of module ADDFXL <./Fpc_SYN.sdf, line 7825>.
ncelab: *W,SDFNEP: Unable to annotate to non-existent path (IOPATH (posedge CI) S) of instance TESTBED.I_design.intadd_1_U7 of module ADDFXL <./Fpc_SYN.sdf, line 7828>.
ncelab: *W,SDFNEP: Unable to annotate to non-existent path (IOPATH (negedge CI) S) of instance TESTBED.I_design.intadd_1_U7 of module ADDFXL <./Fpc_SYN.sdf, line 7829>.
ncelab: *W,SDFNEP: Unable to annotate to non-existent path (IOPATH (posedge A) S) of instance TESTBED.I_design.intadd_1_U8 of module ADDFXL <./Fpc_SYN.sdf, line 7849>.
ncelab: *W,SDFNEP: Unable to annotate to non-existent path (IOPATH (negedge A) S) of instance TESTBED.I_design.intadd_1_U8 of module ADDFXL <./Fpc_SYN.sdf, line 7850>.
ncelab: *W,SDFNEP: Unable to annotate to non-existent path (IOPATH (posedge B) S) of instance TESTBED.I_design.intadd_1_U8 of module ADDFXL <./Fpc_SYN.sdf, line 7855>.
ncelab: *W,SDFNEP: Unable to annotate to non-existent path (IOPATH (negedge B) S) of instance TESTBED.I_design.intadd_1_U8 of module ADDFXL <./Fpc_SYN.sdf, line 7856>.
ncelab: *W,SDFNEP: Unable to annotate to non-existent path (IOPATH (posedge CI) S) of instance TESTBED.I_design.intadd_1_U8 of module ADDFXL <./Fpc_SYN.sdf, line 7859>.
ncelab: *W,SDFNEP: Unable to annotate to non-existent path (IOPATH (negedge CI) S) of instance TESTBED.I_design.intadd_1_U8 of module ADDFXL <./Fpc_SYN.sdf, line 7860>.
ncelab: *W,SDFNEP: Unable to annotate to non-existent path (IOPATH (posedge A) S) of instance TESTBED.I_design.intadd_0_U8 of module ADDFXL <./Fpc_SYN.sdf, line 7880>.
ncelab: *W,SDFNEP: Unable to annotate to non-existent path (IOPATH (negedge A) S) of instance TESTBED.I_design.intadd_0_U8 of module ADDFXL <./Fpc_SYN.sdf, line 7881>.
ncelab: *W,SDFNEP: Unable to annotate to non-existent path (IOPATH (posedge B) S) of instance TESTBED.I_design.intadd_0_U8 of module ADDFXL <./Fpc_SYN.sdf, line 7886>.
ncelab: *W,SDFNEP: Unable to annotate to non-existent path (IOPATH (negedge B) S) of instance TESTBED.I_design.intadd_0_U8 of module ADDFXL <./Fpc_SYN.sdf, line 7887>.
ncelab: *W,SDFNEP: Unable to annotate to non-existent path (IOPATH (posedge CI) S) of instance TESTBED.I_design.intadd_0_U8 of module ADDFXL <./Fpc_SYN.sdf, line 7890>.
ncelab: *W,SDFNEP: Unable to annotate to non-existent path (IOPATH (negedge CI) S) of instance TESTBED.I_design.intadd_0_U8 of module ADDFXL <./Fpc_SYN.sdf, line 7891>.
ncelab: *W,SDFNEP: Unable to annotate to non-existent path (IOPATH (posedge A) S) of instance TESTBED.I_design.intadd_0_U7 of module ADDFXL <./Fpc_SYN.sdf, line 7911>.
ncelab: *W,SDFNEP: Unable to annotate to non-existent path (IOPATH (negedge A) S) of instance TESTBED.I_design.intadd_0_U7 of module ADDFXL <./Fpc_SYN.sdf, line 7912>.
ncelab: *W,SDFNEP: Unable to annotate to non-existent path (IOPATH (posedge B) S) of instance TESTBED.I_design.intadd_0_U7 of module ADDFXL <./Fpc_SYN.sdf, line 7917>.
ncelab: *W,SDFNEP: Unable to annotate to non-existent path (IOPATH (negedge B) S) of instance TESTBED.I_design.intadd_0_U7 of module ADDFXL <./Fpc_SYN.sdf, line 7918>.
ncelab: *W,SDFNEP: Unable to annotate to non-existent path (IOPATH (posedge CI) S) of instance TESTBED.I_design.intadd_0_U7 of module ADDFXL <./Fpc_SYN.sdf, line 7921>.
ncelab: *W,SDFNEP: Unable to annotate to non-existent path (IOPATH (negedge CI) S) of instance TESTBED.I_design.intadd_0_U7 of module ADDFXL <./Fpc_SYN.sdf, line 7922>.
ncelab: *W,SDFNEP: Unable to annotate to non-existent path (IOPATH (posedge A) S) of instance TESTBED.I_design.intadd_0_U6 of module ADDFXL <./Fpc_SYN.sdf, line 7942>.
ncelab: *W,SDFNEP: Unable to annotate to non-existent path (IOPATH (negedge A) S) of instance TESTBED.I_design.intadd_0_U6 of module ADDFXL <./Fpc_SYN.sdf, line 7943>.
ncelab: *W,SDFNEP: Unable to annotate to non-existent path (IOPATH (posedge B) S) of instance TESTBED.I_design.intadd_0_U6 of module ADDFXL <./Fpc_SYN.sdf, line 7948>.
ncelab: *W,SDFNEP: Unable to annotate to non-existent path (IOPATH (negedge B) S) of instance TESTBED.I_design.intadd_0_U6 of module ADDFXL <./Fpc_SYN.sdf, line 7949>.
ncelab: *W,SDFNEP: Unable to annotate to non-existent path (IOPATH (posedge CI) S) of instance TESTBED.I_design.intadd_0_U6 of module ADDFXL <./Fpc_SYN.sdf, line 7952>.
ncelab: *W,SDFNEP: Unable to annotate to non-existent path (IOPATH (negedge CI) S) of instance TESTBED.I_design.intadd_0_U6 of module ADDFXL <./Fpc_SYN.sdf, line 7953>.
ncelab: *W,SDFNEP: Unable to annotate to non-existent path (IOPATH (posedge A) S) of instance TESTBED.I_design.intadd_0_U4 of module ADDFXL <./Fpc_SYN.sdf, line 7973>.
ncelab: *W,SDFNEP: Unable to annotate to non-existent path (IOPATH (negedge A) S) of instance TESTBED.I_design.intadd_0_U4 of module ADDFXL <./Fpc_SYN.sdf, line 7974>.
ncelab: *W,SDFNEP: Unable to annotate to non-existent path (IOPATH (posedge B) S) of instance TESTBED.I_design.intadd_0_U4 of module ADDFXL <./Fpc_SYN.sdf, line 7979>.
ncelab: *W,SDFNEP: Unable to annotate to non-existent path (IOPATH (negedge B) S) of instance TESTBED.I_design.intadd_0_U4 of module ADDFXL <./Fpc_SYN.sdf, line 7980>.
ncelab: *W,SDFNEP: Unable to annotate to non-existent path (IOPATH (posedge CI) S) of instance TESTBED.I_design.intadd_0_U4 of module ADDFXL <./Fpc_SYN.sdf, line 7983>.
ncelab: *W,SDFNEP: Unable to annotate to non-existent path (IOPATH (negedge CI) S) of instance TESTBED.I_design.intadd_0_U4 of module ADDFXL <./Fpc_SYN.sdf, line 7984>.
ncelab: *W,SDFNEP: Unable to annotate to non-existent path (IOPATH (posedge A) S) of instance TESTBED.I_design.intadd_0_U5 of module ADDFXL <./Fpc_SYN.sdf, line 8004>.
ncelab: *W,SDFNEP: Unable to annotate to non-existent path (IOPATH (negedge A) S) of instance TESTBED.I_design.intadd_0_U5 of module ADDFXL <./Fpc_SYN.sdf, line 8005>.
ncelab: *W,SDFNEP: Unable to annotate to non-existent path (IOPATH (posedge B) S) of instance TESTBED.I_design.intadd_0_U5 of module ADDFXL <./Fpc_SYN.sdf, line 8010>.
ncelab: *W,SDFNEP: Unable to annotate to non-existent path (IOPATH (negedge B) S) of instance TESTBED.I_design.intadd_0_U5 of module ADDFXL <./Fpc_SYN.sdf, line 8011>.
ncelab: *W,SDFNEP: Unable to annotate to non-existent path (IOPATH (posedge CI) S) of instance TESTBED.I_design.intadd_0_U5 of module ADDFXL <./Fpc_SYN.sdf, line 8014>.
ncelab: *W,SDFNEP: Unable to annotate to non-existent path (IOPATH (negedge CI) S) of instance TESTBED.I_design.intadd_0_U5 of module ADDFXL <./Fpc_SYN.sdf, line 8015>.
ncelab: *W,SDFNEP: Unable to annotate to non-existent path (IOPATH (posedge A) S) of instance TESTBED.I_design.intadd_0_U2 of module ADDFXL <./Fpc_SYN.sdf, line 8035>.
ncelab: *W,SDFNEP: Unable to annotate to non-existent path (IOPATH (negedge A) S) of instance TESTBED.I_design.intadd_0_U2 of module ADDFXL <./Fpc_SYN.sdf, line 8036>.
ncelab: *W,SDFNEP: Unable to annotate to non-existent path (IOPATH (posedge B) S) of instance TESTBED.I_design.intadd_0_U2 of module ADDFXL <./Fpc_SYN.sdf, line 8041>.
ncelab: *W,SDFNEP: Unable to annotate to non-existent path (IOPATH (negedge B) S) of instance TESTBED.I_design.intadd_0_U2 of module ADDFXL <./Fpc_SYN.sdf, line 8042>.
ncelab: *W,SDFNEP: Unable to annotate to non-existent path (IOPATH (posedge CI) S) of instance TESTBED.I_design.intadd_0_U2 of module ADDFXL <./Fpc_SYN.sdf, line 8045>.
ncelab: *W,SDFNEP: Unable to annotate to non-existent path (IOPATH (negedge CI) S) of instance TESTBED.I_design.intadd_0_U2 of module ADDFXL <./Fpc_SYN.sdf, line 8046>.
ncelab: *W,SDFNEP: Unable to annotate to non-existent path (IOPATH (posedge A) S) of instance TESTBED.I_design.intadd_0_U3 of module ADDFXL <./Fpc_SYN.sdf, line 8066>.
ncelab: *W,SDFNEP: Unable to annotate to non-existent path (IOPATH (negedge A) S) of instance TESTBED.I_design.intadd_0_U3 of module ADDFXL <./Fpc_SYN.sdf, line 8067>.
ncelab: *W,SDFNEP: Unable to annotate to non-existent path (IOPATH (posedge B) S) of instance TESTBED.I_design.intadd_0_U3 of module ADDFXL <./Fpc_SYN.sdf, line 8072>.
ncelab: *W,SDFNEP: Unable to annotate to non-existent path (IOPATH (negedge B) S) of instance TESTBED.I_design.intadd_0_U3 of module ADDFXL <./Fpc_SYN.sdf, line 8073>.
ncelab: *W,SDFNEP: Unable to annotate to non-existent path (IOPATH (posedge CI) S) of instance TESTBED.I_design.intadd_0_U3 of module ADDFXL <./Fpc_SYN.sdf, line 8076>.
ncelab: *W,SDFNEP: Unable to annotate to non-existent path (IOPATH (negedge CI) S) of instance TESTBED.I_design.intadd_0_U3 of module ADDFXL <./Fpc_SYN.sdf, line 8077>.
ncelab: *W,SDFNEP: Unable to annotate to non-existent path (IOPATH (posedge A) S) of instance TESTBED.I_design.DP_OP_61J1_123_6112_U36 of module CMPR42X1 <./Fpc_SYN.sdf, line 8088>.
ncelab: *W,SDFNEP: Unable to annotate to non-existent path (IOPATH (negedge A) S) of instance TESTBED.I_design.DP_OP_61J1_123_6112_U36 of module CMPR42X1 <./Fpc_SYN.sdf, line 8089>.
ncelab: *W,SDFNEP: Unable to annotate to non-existent path (IOPATH (posedge B) S) of instance TESTBED.I_design.DP_OP_61J1_123_6112_U36 of module CMPR42X1 <./Fpc_SYN.sdf, line 8092>.
ncelab: *W,SDFNEP: Unable to annotate to non-existent path (IOPATH (negedge B) S) of instance TESTBED.I_design.DP_OP_61J1_123_6112_U36 of module CMPR42X1 <./Fpc_SYN.sdf, line 8093>.
ncelab: *W,SDFNEP: Unable to annotate to non-existent path (IOPATH (posedge C) S) of instance TESTBED.I_design.DP_OP_61J1_123_6112_U36 of module CMPR42X1 <./Fpc_SYN.sdf, line 8096>.
ncelab: *W,SDFNEP: Unable to annotate to non-existent path (IOPATH (negedge C) S) of instance TESTBED.I_design.DP_OP_61J1_123_6112_U36 of module CMPR42X1 <./Fpc_SYN.sdf, line 8097>.
ncelab: *W,SDFNEP: Unable to annotate to non-existent path (IOPATH (posedge D) S) of instance TESTBED.I_design.DP_OP_61J1_123_6112_U36 of module CMPR42X1 <./Fpc_SYN.sdf, line 8100>.
ncelab: *W,SDFNEP: Unable to annotate to non-existent path (IOPATH (negedge D) S) of instance TESTBED.I_design.DP_OP_61J1_123_6112_U36 of module CMPR42X1 <./Fpc_SYN.sdf, line 8101>.
ncelab: *W,SDFNEP: Unable to annotate to non-existent path (IOPATH (posedge ICI) S) of instance TESTBED.I_design.DP_OP_61J1_123_6112_U36 of module CMPR42X1 <./Fpc_SYN.sdf, line 8104>.
ncelab: *W,SDFNEP: Unable to annotate to non-existent path (IOPATH (negedge ICI) S) of instance TESTBED.I_design.DP_OP_61J1_123_6112_U36 of module CMPR42X1 <./Fpc_SYN.sdf, line 8105>.
ncelab: *W,SDFNEP: Unable to annotate to non-existent path (IOPATH (posedge A) CO) of instance TESTBED.I_design.DP_OP_61J1_123_6112_U36 of module CMPR42X1 <./Fpc_SYN.sdf, line 8115>.
ncelab: *W,SDFNEP: Unable to annotate to non-existent path (IOPATH (negedge A) CO) of instance TESTBED.I_design.DP_OP_61J1_123_6112_U36 of module CMPR42X1 <./Fpc_SYN.sdf, line 8116>.
ncelab: *W,SDFNEP: Unable to annotate to non-existent path (IOPATH (posedge B) CO) of instance TESTBED.I_design.DP_OP_61J1_123_6112_U36 of module CMPR42X1 <./Fpc_SYN.sdf, line 8119>.
ncelab: *W,SDFNEP: Unable to annotate to non-existent path (IOPATH (negedge B) CO) of instance TESTBED.I_design.DP_OP_61J1_123_6112_U36 of module CMPR42X1 <./Fpc_SYN.sdf, line 8120>.
ncelab: *W,SDFNEP: Unable to annotate to non-existent path (IOPATH (posedge C) CO) of instance TESTBED.I_design.DP_OP_61J1_123_6112_U36 of module CMPR42X1 <./Fpc_SYN.sdf, line 8123>.
ncelab: *W,SDFNEP: Unable to annotate to non-existent path (IOPATH (negedge C) CO) of instance TESTBED.I_design.DP_OP_61J1_123_6112_U36 of module CMPR42X1 <./Fpc_SYN.sdf, line 8124>.
ncelab: *W,SDFNEP: Unable to annotate to non-existent path (IOPATH (posedge A) S) of instance TESTBED.I_design.DP_OP_61J1_123_6112_U37 of module CMPR42X1 <./Fpc_SYN.sdf, line 8137>.
ncelab: *W,SDFNEP: Unable to annotate to non-existent path (IOPATH (negedge A) S) of instance TESTBED.I_design.DP_OP_61J1_123_6112_U37 of module CMPR42X1 <./Fpc_SYN.sdf, line 8138>.
ncelab: *W,SDFNEP: Unable to annotate to non-existent path (IOPATH (posedge B) S) of instance TESTBED.I_design.DP_OP_61J1_123_6112_U37 of module CMPR42X1 <./Fpc_SYN.sdf, line 8141>.
ncelab: *W,SDFNEP: Unable to annotate to non-existent path (IOPATH (negedge B) S) of instance TESTBED.I_design.DP_OP_61J1_123_6112_U37 of module CMPR42X1 <./Fpc_SYN.sdf, line 8142>.
ncelab: *W,SDFNEP: Unable to annotate to non-existent path (IOPATH (posedge C) S) of instance TESTBED.I_design.DP_OP_61J1_123_6112_U37 of module CMPR42X1 <./Fpc_SYN.sdf, line 8145>.
ncelab: *W,SDFNEP: Unable to annotate to non-existent path (IOPATH (negedge C) S) of instance TESTBED.I_design.DP_OP_61J1_123_6112_U37 of module CMPR42X1 <./Fpc_SYN.sdf, line 8146>.
ncelab: *W,SDFNEP: Unable to annotate to non-existent path (IOPATH (posedge D) S) of instance TESTBED.I_design.DP_OP_61J1_123_6112_U37 of module CMPR42X1 <./Fpc_SYN.sdf, line 8149>.
ncelab: *W,SDFNEP: Unable to annotate to non-existent path (IOPATH (negedge D) S) of instance TESTBED.I_design.DP_OP_61J1_123_6112_U37 of module CMPR42X1 <./Fpc_SYN.sdf, line 8150>.
ncelab: *W,SDFNEP: Unable to annotate to non-existent path (IOPATH (posedge ICI) S) of instance TESTBED.I_design.DP_OP_61J1_123_6112_U37 of module CMPR42X1 <./Fpc_SYN.sdf, line 8153>.
ncelab: *W,SDFNEP: Unable to annotate to non-existent path (IOPATH (negedge ICI) S) of instance TESTBED.I_design.DP_OP_61J1_123_6112_U37 of module CMPR42X1 <./Fpc_SYN.sdf, line 8154>.
ncelab: *W,SDFNEP: Unable to annotate to non-existent path (IOPATH (posedge A) CO) of instance TESTBED.I_design.DP_OP_61J1_123_6112_U37 of module CMPR42X1 <./Fpc_SYN.sdf, line 8164>.
ncelab: *W,SDFNEP: Unable to annotate to non-existent path (IOPATH (negedge A) CO) of instance TESTBED.I_design.DP_OP_61J1_123_6112_U37 of module CMPR42X1 <./Fpc_SYN.sdf, line 8165>.
ncelab: *W,SDFNEP: Unable to annotate to non-existent path (IOPATH (posedge B) CO) of instance TESTBED.I_design.DP_OP_61J1_123_6112_U37 of module CMPR42X1 <./Fpc_SYN.sdf, line 8168>.
ncelab: *W,SDFNEP: Unable to annotate to non-existent path (IOPATH (negedge B) CO) of instance TESTBED.I_design.DP_OP_61J1_123_6112_U37 of module CMPR42X1 <./Fpc_SYN.sdf, line 8169>.
ncelab: *W,SDFNEP: Unable to annotate to non-existent path (IOPATH (posedge C) CO) of instance TESTBED.I_design.DP_OP_61J1_123_6112_U37 of module CMPR42X1 <./Fpc_SYN.sdf, line 8172>.
ncelab: *W,SDFNEP: Unable to annotate to non-existent path (IOPATH (negedge C) CO) of instance TESTBED.I_design.DP_OP_61J1_123_6112_U37 of module CMPR42X1 <./Fpc_SYN.sdf, line 8173>.
ncelab: *W,SDFNEP: Unable to annotate to non-existent path (IOPATH (posedge A) S) of instance TESTBED.I_design.DP_OP_61J1_123_6112_U39 of module CMPR42X1 <./Fpc_SYN.sdf, line 8186>.
ncelab: *W,SDFNEP: Unable to annotate to non-existent path (IOPATH (negedge A) S) of instance TESTBED.I_design.DP_OP_61J1_123_6112_U39 of module CMPR42X1 <./Fpc_SYN.sdf, line 8187>.
ncelab: *W,SDFNEP: Unable to annotate to non-existent path (IOPATH (posedge B) S) of instance TESTBED.I_design.DP_OP_61J1_123_6112_U39 of module CMPR42X1 <./Fpc_SYN.sdf, line 8190>.
ncelab: *W,SDFNEP: Unable to annotate to non-existent path (IOPATH (negedge B) S) of instance TESTBED.I_design.DP_OP_61J1_123_6112_U39 of module CMPR42X1 <./Fpc_SYN.sdf, line 8191>.
ncelab: *W,SDFNEP: Unable to annotate to non-existent path (IOPATH (posedge C) S) of instance TESTBED.I_design.DP_OP_61J1_123_6112_U39 of module CMPR42X1 <./Fpc_SYN.sdf, line 8194>.
ncelab: *W,SDFNEP: Unable to annotate to non-existent path (IOPATH (negedge C) S) of instance TESTBED.I_design.DP_OP_61J1_123_6112_U39 of module CMPR42X1 <./Fpc_SYN.sdf, line 8195>.
ncelab: *W,SDFNEP: Unable to annotate to non-existent path (IOPATH (posedge D) S) of instance TESTBED.I_design.DP_OP_61J1_123_6112_U39 of module CMPR42X1 <./Fpc_SYN.sdf, line 8198>.
ncelab: *W,SDFNEP: Unable to annotate to non-existent path (IOPATH (negedge D) S) of instance TESTBED.I_design.DP_OP_61J1_123_6112_U39 of module CMPR42X1 <./Fpc_SYN.sdf, line 8199>.
ncelab: *W,SDFNEP: Unable to annotate to non-existent path (IOPATH (posedge ICI) S) of instance TESTBED.I_design.DP_OP_61J1_123_6112_U39 of module CMPR42X1 <./Fpc_SYN.sdf, line 8202>.
ncelab: *W,SDFNEP: Unable to annotate to non-existent path (IOPATH (negedge ICI) S) of instance TESTBED.I_design.DP_OP_61J1_123_6112_U39 of module CMPR42X1 <./Fpc_SYN.sdf, line 8203>.
ncelab: *W,SDFNEP: Unable to annotate to non-existent path (IOPATH (posedge A) CO) of instance TESTBED.I_design.DP_OP_61J1_123_6112_U39 of module CMPR42X1 <./Fpc_SYN.sdf, line 8213>.
ncelab: *W,SDFNEP: Unable to annotate to non-existent path (IOPATH (negedge A) CO) of instance TESTBED.I_design.DP_OP_61J1_123_6112_U39 of module CMPR42X1 <./Fpc_SYN.sdf, line 8214>.
ncelab: *W,SDFNEP: Unable to annotate to non-existent path (IOPATH (posedge B) CO) of instance TESTBED.I_design.DP_OP_61J1_123_6112_U39 of module CMPR42X1 <./Fpc_SYN.sdf, line 8217>.
ncelab: *W,SDFNEP: Unable to annotate to non-existent path (IOPATH (negedge B) CO) of instance TESTBED.I_design.DP_OP_61J1_123_6112_U39 of module CMPR42X1 <./Fpc_SYN.sdf, line 8218>.
ncelab: *W,SDFNEP: Unable to annotate to non-existent path (IOPATH (posedge C) CO) of instance TESTBED.I_design.DP_OP_61J1_123_6112_U39 of module CMPR42X1 <./Fpc_SYN.sdf, line 8221>.
ncelab: *W,SDFNEP: Unable to annotate to non-existent path (IOPATH (negedge C) CO) of instance TESTBED.I_design.DP_OP_61J1_123_6112_U39 of module CMPR42X1 <./Fpc_SYN.sdf, line 8222>.
ncelab: *W,SDFNEP: Unable to annotate to non-existent path (IOPATH (posedge A) S) of instance TESTBED.I_design.DP_OP_61J1_123_6112_U40 of module CMPR42X1 <./Fpc_SYN.sdf, line 8235>.
ncelab: *W,SDFNEP: Unable to annotate to non-existent path (IOPATH (negedge A) S) of instance TESTBED.I_design.DP_OP_61J1_123_6112_U40 of module CMPR42X1 <./Fpc_SYN.sdf, line 8236>.
ncelab: *W,SDFNEP: Unable to annotate to non-existent path (IOPATH (posedge B) S) of instance TESTBED.I_design.DP_OP_61J1_123_6112_U40 of module CMPR42X1 <./Fpc_SYN.sdf, line 8239>.
ncelab: *W,SDFNEP: Unable to annotate to non-existent path (IOPATH (negedge B) S) of instance TESTBED.I_design.DP_OP_61J1_123_6112_U40 of module CMPR42X1 <./Fpc_SYN.sdf, line 8240>.
ncelab: *W,SDFNEP: Unable to annotate to non-existent path (IOPATH (posedge C) S) of instance TESTBED.I_design.DP_OP_61J1_123_6112_U40 of module CMPR42X1 <./Fpc_SYN.sdf, line 8243>.
ncelab: *W,SDFNEP: Unable to annotate to non-existent path (IOPATH (negedge C) S) of instance TESTBED.I_design.DP_OP_61J1_123_6112_U40 of module CMPR42X1 <./Fpc_SYN.sdf, line 8244>.
ncelab: *W,SDFNEP: Unable to annotate to non-existent path (IOPATH (posedge D) S) of instance TESTBED.I_design.DP_OP_61J1_123_6112_U40 of module CMPR42X1 <./Fpc_SYN.sdf, line 8247>.
ncelab: *W,SDFNEP: Unable to annotate to non-existent path (IOPATH (negedge D) S) of instance TESTBED.I_design.DP_OP_61J1_123_6112_U40 of module CMPR42X1 <./Fpc_SYN.sdf, line 8248>.
ncelab: *W,SDFNEP: Unable to annotate to non-existent path (IOPATH (posedge ICI) S) of instance TESTBED.I_design.DP_OP_61J1_123_6112_U40 of module CMPR42X1 <./Fpc_SYN.sdf, line 8251>.
ncelab: *W,SDFNEP: Unable to annotate to non-existent path (IOPATH (negedge ICI) S) of instance TESTBED.I_design.DP_OP_61J1_123_6112_U40 of module CMPR42X1 <./Fpc_SYN.sdf, line 8252>.
ncelab: *W,SDFNEP: Unable to annotate to non-existent path (IOPATH (posedge A) CO) of instance TESTBED.I_design.DP_OP_61J1_123_6112_U40 of module CMPR42X1 <./Fpc_SYN.sdf, line 8262>.
ncelab: *W,SDFNEP: Unable to annotate to non-existent path (IOPATH (negedge A) CO) of instance TESTBED.I_design.DP_OP_61J1_123_6112_U40 of module CMPR42X1 <./Fpc_SYN.sdf, line 8263>.
ncelab: *W,SDFNEP: Unable to annotate to non-existent path (IOPATH (posedge B) CO) of instance TESTBED.I_design.DP_OP_61J1_123_6112_U40 of module CMPR42X1 <./Fpc_SYN.sdf, line 8266>.
ncelab: *W,SDFNEP: Unable to annotate to non-existent path (IOPATH (negedge B) CO) of instance TESTBED.I_design.DP_OP_61J1_123_6112_U40 of module CMPR42X1 <./Fpc_SYN.sdf, line 8267>.
ncelab: *W,SDFNEP: Unable to annotate to non-existent path (IOPATH (posedge C) CO) of instance TESTBED.I_design.DP_OP_61J1_123_6112_U40 of module CMPR42X1 <./Fpc_SYN.sdf, line 8270>.
ncelab: *W,SDFNEP: Unable to annotate to non-existent path (IOPATH (negedge C) CO) of instance TESTBED.I_design.DP_OP_61J1_123_6112_U40 of module CMPR42X1 <./Fpc_SYN.sdf, line 8271>.
ncelab: *W,SDFNEP: Unable to annotate to non-existent path (IOPATH (posedge A) S) of instance TESTBED.I_design.DP_OP_61J1_123_6112_U41 of module CMPR42X1 <./Fpc_SYN.sdf, line 8284>.
ncelab: *W,SDFNEP: Unable to annotate to non-existent path (IOPATH (negedge A) S) of instance TESTBED.I_design.DP_OP_61J1_123_6112_U41 of module CMPR42X1 <./Fpc_SYN.sdf, line 8285>.
ncelab: *W,SDFNEP: Unable to annotate to non-existent path (IOPATH (posedge B) S) of instance TESTBED.I_design.DP_OP_61J1_123_6112_U41 of module CMPR42X1 <./Fpc_SYN.sdf, line 8288>.
ncelab: *W,SDFNEP: Unable to annotate to non-existent path (IOPATH (negedge B) S) of instance TESTBED.I_design.DP_OP_61J1_123_6112_U41 of module CMPR42X1 <./Fpc_SYN.sdf, line 8289>.
ncelab: *W,SDFNEP: Unable to annotate to non-existent path (IOPATH (posedge C) S) of instance TESTBED.I_design.DP_OP_61J1_123_6112_U41 of module CMPR42X1 <./Fpc_SYN.sdf, line 8292>.
ncelab: *W,SDFNEP: Unable to annotate to non-existent path (IOPATH (negedge C) S) of instance TESTBED.I_design.DP_OP_61J1_123_6112_U41 of module CMPR42X1 <./Fpc_SYN.sdf, line 8293>.
ncelab: *W,SDFNEP: Unable to annotate to non-existent path (IOPATH (posedge D) S) of instance TESTBED.I_design.DP_OP_61J1_123_6112_U41 of module CMPR42X1 <./Fpc_SYN.sdf, line 8296>.
ncelab: *W,SDFNEP: Unable to annotate to non-existent path (IOPATH (negedge D) S) of instance TESTBED.I_design.DP_OP_61J1_123_6112_U41 of module CMPR42X1 <./Fpc_SYN.sdf, line 8297>.
ncelab: *W,SDFNEP: Unable to annotate to non-existent path (IOPATH (posedge ICI) S) of instance TESTBED.I_design.DP_OP_61J1_123_6112_U41 of module CMPR42X1 <./Fpc_SYN.sdf, line 8300>.
ncelab: *W,SDFNEP: Unable to annotate to non-existent path (IOPATH (negedge ICI) S) of instance TESTBED.I_design.DP_OP_61J1_123_6112_U41 of module CMPR42X1 <./Fpc_SYN.sdf, line 8301>.
ncelab: *W,SDFNEP: Unable to annotate to non-existent path (IOPATH (posedge A) CO) of instance TESTBED.I_design.DP_OP_61J1_123_6112_U41 of module CMPR42X1 <./Fpc_SYN.sdf, line 8311>.
ncelab: *W,SDFNEP: Unable to annotate to non-existent path (IOPATH (negedge A) CO) of instance TESTBED.I_design.DP_OP_61J1_123_6112_U41 of module CMPR42X1 <./Fpc_SYN.sdf, line 8312>.
ncelab: *W,SDFNEP: Unable to annotate to non-existent path (IOPATH (posedge B) CO) of instance TESTBED.I_design.DP_OP_61J1_123_6112_U41 of module CMPR42X1 <./Fpc_SYN.sdf, line 8315>.
ncelab: *W,SDFNEP: Unable to annotate to non-existent path (IOPATH (negedge B) CO) of instance TESTBED.I_design.DP_OP_61J1_123_6112_U41 of module CMPR42X1 <./Fpc_SYN.sdf, line 8316>.
ncelab: *W,SDFNEP: Unable to annotate to non-existent path (IOPATH (posedge C) CO) of instance TESTBED.I_design.DP_OP_61J1_123_6112_U41 of module CMPR42X1 <./Fpc_SYN.sdf, line 8319>.
ncelab: *W,SDFNEP: Unable to annotate to non-existent path (IOPATH (negedge C) CO) of instance TESTBED.I_design.DP_OP_61J1_123_6112_U41 of module CMPR42X1 <./Fpc_SYN.sdf, line 8320>.
ncelab: *W,SDFNEP: Unable to annotate to non-existent path (IOPATH (posedge A) S) of instance TESTBED.I_design.DP_OP_61J1_123_6112_U42 of module CMPR42X1 <./Fpc_SYN.sdf, line 8333>.
ncelab: *W,SDFNEP: Unable to annotate to non-existent path (IOPATH (negedge A) S) of instance TESTBED.I_design.DP_OP_61J1_123_6112_U42 of module CMPR42X1 <./Fpc_SYN.sdf, line 8334>.
ncelab: *W,SDFNEP: Unable to annotate to non-existent path (IOPATH (posedge B) S) of instance TESTBED.I_design.DP_OP_61J1_123_6112_U42 of module CMPR42X1 <./Fpc_SYN.sdf, line 8337>.
ncelab: *W,SDFNEP: Unable to annotate to non-existent path (IOPATH (negedge B) S) of instance TESTBED.I_design.DP_OP_61J1_123_6112_U42 of module CMPR42X1 <./Fpc_SYN.sdf, line 8338>.
ncelab: *W,SDFNEP: Unable to annotate to non-existent path (IOPATH (posedge C) S) of instance TESTBED.I_design.DP_OP_61J1_123_6112_U42 of module CMPR42X1 <./Fpc_SYN.sdf, line 8341>.
ncelab: *W,SDFNEP: Unable to annotate to non-existent path (IOPATH (negedge C) S) of instance TESTBED.I_design.DP_OP_61J1_123_6112_U42 of module CMPR42X1 <./Fpc_SYN.sdf, line 8342>.
ncelab: *W,SDFNEP: Unable to annotate to non-existent path (IOPATH (posedge D) S) of instance TESTBED.I_design.DP_OP_61J1_123_6112_U42 of module CMPR42X1 <./Fpc_SYN.sdf, line 8345>.
ncelab: *W,SDFNEP: Unable to annotate to non-existent path (IOPATH (negedge D) S) of instance TESTBED.I_design.DP_OP_61J1_123_6112_U42 of module CMPR42X1 <./Fpc_SYN.sdf, line 8346>.
ncelab: *W,SDFNEP: Unable to annotate to non-existent path (IOPATH (posedge ICI) S) of instance TESTBED.I_design.DP_OP_61J1_123_6112_U42 of module CMPR42X1 <./Fpc_SYN.sdf, line 8349>.
ncelab: *W,SDFNEP: Unable to annotate to non-existent path (IOPATH (negedge ICI) S) of instance TESTBED.I_design.DP_OP_61J1_123_6112_U42 of module CMPR42X1 <./Fpc_SYN.sdf, line 8350>.
ncelab: *W,SDFNEP: Unable to annotate to non-existent path (IOPATH (posedge A) CO) of instance TESTBED.I_design.DP_OP_61J1_123_6112_U42 of module CMPR42X1 <./Fpc_SYN.sdf, line 8360>.
ncelab: *W,SDFNEP: Unable to annotate to non-existent path (IOPATH (negedge A) CO) of instance TESTBED.I_design.DP_OP_61J1_123_6112_U42 of module CMPR42X1 <./Fpc_SYN.sdf, line 8361>.
ncelab: *W,SDFNEP: Unable to annotate to non-existent path (IOPATH (posedge B) CO) of instance TESTBED.I_design.DP_OP_61J1_123_6112_U42 of module CMPR42X1 <./Fpc_SYN.sdf, line 8364>.
ncelab: *W,SDFNEP: Unable to annotate to non-existent path (IOPATH (negedge B) CO) of instance TESTBED.I_design.DP_OP_61J1_123_6112_U42 of module CMPR42X1 <./Fpc_SYN.sdf, line 8365>.
ncelab: *W,SDFNEP: Unable to annotate to non-existent path (IOPATH (posedge C) CO) of instance TESTBED.I_design.DP_OP_61J1_123_6112_U42 of module CMPR42X1 <./Fpc_SYN.sdf, line 8368>.
ncelab: *W,SDFNEP: Unable to annotate to non-existent path (IOPATH (negedge C) CO) of instance TESTBED.I_design.DP_OP_61J1_123_6112_U42 of module CMPR42X1 <./Fpc_SYN.sdf, line 8369>.
ncelab: *W,SDFNEP: Unable to annotate to non-existent path (IOPATH (posedge A) S) of instance TESTBED.I_design.DP_OP_61J1_123_6112_U44 of module CMPR42X1 <./Fpc_SYN.sdf, line 8382>.
ncelab: *W,SDFNEP: Unable to annotate to non-existent path (IOPATH (negedge A) S) of instance TESTBED.I_design.DP_OP_61J1_123_6112_U44 of module CMPR42X1 <./Fpc_SYN.sdf, line 8383>.
ncelab: *W,SDFNEP: Unable to annotate to non-existent path (IOPATH (posedge B) S) of instance TESTBED.I_design.DP_OP_61J1_123_6112_U44 of module CMPR42X1 <./Fpc_SYN.sdf, line 8386>.
ncelab: *W,SDFNEP: Unable to annotate to non-existent path (IOPATH (negedge B) S) of instance TESTBED.I_design.DP_OP_61J1_123_6112_U44 of module CMPR42X1 <./Fpc_SYN.sdf, line 8387>.
ncelab: *W,SDFNEP: Unable to annotate to non-existent path (IOPATH (posedge C) S) of instance TESTBED.I_design.DP_OP_61J1_123_6112_U44 of module CMPR42X1 <./Fpc_SYN.sdf, line 8390>.
ncelab: *W,SDFNEP: Unable to annotate to non-existent path (IOPATH (negedge C) S) of instance TESTBED.I_design.DP_OP_61J1_123_6112_U44 of module CMPR42X1 <./Fpc_SYN.sdf, line 8391>.
ncelab: *W,SDFNEP: Unable to annotate to non-existent path (IOPATH (posedge D) S) of instance TESTBED.I_design.DP_OP_61J1_123_6112_U44 of module CMPR42X1 <./Fpc_SYN.sdf, line 8394>.
ncelab: *W,SDFNEP: Unable to annotate to non-existent path (IOPATH (negedge D) S) of instance TESTBED.I_design.DP_OP_61J1_123_6112_U44 of module CMPR42X1 <./Fpc_SYN.sdf, line 8395>.
ncelab: *W,SDFNEP: Unable to annotate to non-existent path (IOPATH (posedge ICI) S) of instance TESTBED.I_design.DP_OP_61J1_123_6112_U44 of module CMPR42X1 <./Fpc_SYN.sdf, line 8398>.
ncelab: *W,SDFNEP: Unable to annotate to non-existent path (IOPATH (negedge ICI) S) of instance TESTBED.I_design.DP_OP_61J1_123_6112_U44 of module CMPR42X1 <./Fpc_SYN.sdf, line 8399>.
ncelab: *W,SDFNEP: Unable to annotate to non-existent path (IOPATH (posedge A) CO) of instance TESTBED.I_design.DP_OP_61J1_123_6112_U44 of module CMPR42X1 <./Fpc_SYN.sdf, line 8409>.
ncelab: *W,SDFNEP: Unable to annotate to non-existent path (IOPATH (negedge A) CO) of instance TESTBED.I_design.DP_OP_61J1_123_6112_U44 of module CMPR42X1 <./Fpc_SYN.sdf, line 8410>.
ncelab: *W,SDFNEP: Unable to annotate to non-existent path (IOPATH (posedge B) CO) of instance TESTBED.I_design.DP_OP_61J1_123_6112_U44 of module CMPR42X1 <./Fpc_SYN.sdf, line 8413>.
ncelab: *W,SDFNEP: Unable to annotate to non-existent path (IOPATH (negedge B) CO) of instance TESTBED.I_design.DP_OP_61J1_123_6112_U44 of module CMPR42X1 <./Fpc_SYN.sdf, line 8414>.
ncelab: *W,SDFNEP: Unable to annotate to non-existent path (IOPATH (posedge C) CO) of instance TESTBED.I_design.DP_OP_61J1_123_6112_U44 of module CMPR42X1 <./Fpc_SYN.sdf, line 8417>.
ncelab: *W,SDFNEP: Unable to annotate to non-existent path (IOPATH (negedge C) CO) of instance TESTBED.I_design.DP_OP_61J1_123_6112_U44 of module CMPR42X1 <./Fpc_SYN.sdf, line 8418>.
ncelab: *W,SDFNEP: Unable to annotate to non-existent path (IOPATH (posedge A) S) of instance TESTBED.I_design.DP_OP_61J1_123_6112_U45 of module CMPR42X1 <./Fpc_SYN.sdf, line 8431>.
ncelab: *W,SDFNEP: Unable to annotate to non-existent path (IOPATH (negedge A) S) of instance TESTBED.I_design.DP_OP_61J1_123_6112_U45 of module CMPR42X1 <./Fpc_SYN.sdf, line 8432>.
ncelab: *W,SDFNEP: Unable to annotate to non-existent path (IOPATH (posedge B) S) of instance TESTBED.I_design.DP_OP_61J1_123_6112_U45 of module CMPR42X1 <./Fpc_SYN.sdf, line 8435>.
ncelab: *W,SDFNEP: Unable to annotate to non-existent path (IOPATH (negedge B) S) of instance TESTBED.I_design.DP_OP_61J1_123_6112_U45 of module CMPR42X1 <./Fpc_SYN.sdf, line 8436>.
ncelab: *W,SDFNEP: Unable to annotate to non-existent path (IOPATH (posedge C) S) of instance TESTBED.I_design.DP_OP_61J1_123_6112_U45 of module CMPR42X1 <./Fpc_SYN.sdf, line 8439>.
ncelab: *W,SDFNEP: Unable to annotate to non-existent path (IOPATH (negedge C) S) of instance TESTBED.I_design.DP_OP_61J1_123_6112_U45 of module CMPR42X1 <./Fpc_SYN.sdf, line 8440>.
ncelab: *W,SDFNEP: Unable to annotate to non-existent path (IOPATH (posedge D) S) of instance TESTBED.I_design.DP_OP_61J1_123_6112_U45 of module CMPR42X1 <./Fpc_SYN.sdf, line 8443>.
ncelab: *W,SDFNEP: Unable to annotate to non-existent path (IOPATH (negedge D) S) of instance TESTBED.I_design.DP_OP_61J1_123_6112_U45 of module CMPR42X1 <./Fpc_SYN.sdf, line 8444>.
ncelab: *W,SDFNEP: Unable to annotate to non-existent path (IOPATH (posedge ICI) S) of instance TESTBED.I_design.DP_OP_61J1_123_6112_U45 of module CMPR42X1 <./Fpc_SYN.sdf, line 8447>.
ncelab: *W,SDFNEP: Unable to annotate to non-existent path (IOPATH (negedge ICI) S) of instance TESTBED.I_design.DP_OP_61J1_123_6112_U45 of module CMPR42X1 <./Fpc_SYN.sdf, line 8448>.
ncelab: *W,SDFNEP: Unable to annotate to non-existent path (IOPATH (posedge A) CO) of instance TESTBED.I_design.DP_OP_61J1_123_6112_U45 of module CMPR42X1 <./Fpc_SYN.sdf, line 8458>.
ncelab: *W,SDFNEP: Unable to annotate to non-existent path (IOPATH (negedge A) CO) of instance TESTBED.I_design.DP_OP_61J1_123_6112_U45 of module CMPR42X1 <./Fpc_SYN.sdf, line 8459>.
ncelab: *W,SDFNEP: Unable to annotate to non-existent path (IOPATH (posedge B) CO) of instance TESTBED.I_design.DP_OP_61J1_123_6112_U45 of module CMPR42X1 <./Fpc_SYN.sdf, line 8462>.
ncelab: *W,SDFNEP: Unable to annotate to non-existent path (IOPATH (negedge B) CO) of instance TESTBED.I_design.DP_OP_61J1_123_6112_U45 of module CMPR42X1 <./Fpc_SYN.sdf, line 8463>.
ncelab: *W,SDFNEP: Unable to annotate to non-existent path (IOPATH (posedge C) CO) of instance TESTBED.I_design.DP_OP_61J1_123_6112_U45 of module CMPR42X1 <./Fpc_SYN.sdf, line 8466>.
ncelab: *W,SDFNEP: Unable to annotate to non-existent path (IOPATH (negedge C) CO) of instance TESTBED.I_design.DP_OP_61J1_123_6112_U45 of module CMPR42X1 <./Fpc_SYN.sdf, line 8467>.
ncelab: *W,SDFNEP: Unable to annotate to non-existent path (IOPATH (posedge A) S) of instance TESTBED.I_design.DP_OP_61J1_123_6112_U48 of module CMPR42X1 <./Fpc_SYN.sdf, line 8480>.
ncelab: *W,SDFNEP: Unable to annotate to non-existent path (IOPATH (negedge A) S) of instance TESTBED.I_design.DP_OP_61J1_123_6112_U48 of module CMPR42X1 <./Fpc_SYN.sdf, line 8481>.
ncelab: *W,SDFNEP: Unable to annotate to non-existent path (IOPATH (posedge B) S) of instance TESTBED.I_design.DP_OP_61J1_123_6112_U48 of module CMPR42X1 <./Fpc_SYN.sdf, line 8484>.
ncelab: *W,SDFNEP: Unable to annotate to non-existent path (IOPATH (negedge B) S) of instance TESTBED.I_design.DP_OP_61J1_123_6112_U48 of module CMPR42X1 <./Fpc_SYN.sdf, line 8485>.
ncelab: *W,SDFNEP: Unable to annotate to non-existent path (IOPATH (posedge C) S) of instance TESTBED.I_design.DP_OP_61J1_123_6112_U48 of module CMPR42X1 <./Fpc_SYN.sdf, line 8488>.
ncelab: *W,SDFNEP: Unable to annotate to non-existent path (IOPATH (negedge C) S) of instance TESTBED.I_design.DP_OP_61J1_123_6112_U48 of module CMPR42X1 <./Fpc_SYN.sdf, line 8489>.
ncelab: *W,SDFNEP: Unable to annotate to non-existent path (IOPATH (posedge D) S) of instance TESTBED.I_design.DP_OP_61J1_123_6112_U48 of module CMPR42X1 <./Fpc_SYN.sdf, line 8492>.
ncelab: *W,SDFNEP: Unable to annotate to non-existent path (IOPATH (negedge D) S) of instance TESTBED.I_design.DP_OP_61J1_123_6112_U48 of module CMPR42X1 <./Fpc_SYN.sdf, line 8493>.
ncelab: *W,SDFNEP: Unable to annotate to non-existent path (IOPATH (posedge ICI) S) of instance TESTBED.I_design.DP_OP_61J1_123_6112_U48 of module CMPR42X1 <./Fpc_SYN.sdf, line 8496>.
ncelab: *W,SDFNEP: Unable to annotate to non-existent path (IOPATH (negedge ICI) S) of instance TESTBED.I_design.DP_OP_61J1_123_6112_U48 of module CMPR42X1 <./Fpc_SYN.sdf, line 8497>.
ncelab: *W,SDFNEP: Unable to annotate to non-existent path (IOPATH (posedge A) CO) of instance TESTBED.I_design.DP_OP_61J1_123_6112_U48 of module CMPR42X1 <./Fpc_SYN.sdf, line 8507>.
ncelab: *W,SDFNEP: Unable to annotate to non-existent path (IOPATH (negedge A) CO) of instance TESTBED.I_design.DP_OP_61J1_123_6112_U48 of module CMPR42X1 <./Fpc_SYN.sdf, line 8508>.
ncelab: *W,SDFNEP: Unable to annotate to non-existent path (IOPATH (posedge B) CO) of instance TESTBED.I_design.DP_OP_61J1_123_6112_U48 of module CMPR42X1 <./Fpc_SYN.sdf, line 8511>.
ncelab: *W,SDFNEP: Unable to annotate to non-existent path (IOPATH (negedge B) CO) of instance TESTBED.I_design.DP_OP_61J1_123_6112_U48 of module CMPR42X1 <./Fpc_SYN.sdf, line 8512>.
ncelab: *W,SDFNEP: Unable to annotate to non-existent path (IOPATH (posedge C) CO) of instance TESTBED.I_design.DP_OP_61J1_123_6112_U48 of module CMPR42X1 <./Fpc_SYN.sdf, line 8515>.
ncelab: *W,SDFNEP: Unable to annotate to non-existent path (IOPATH (negedge C) CO) of instance TESTBED.I_design.DP_OP_61J1_123_6112_U48 of module CMPR42X1 <./Fpc_SYN.sdf, line 8516>.
ncelab: *W,SDFNEP: Unable to annotate to non-existent path (IOPATH (posedge A) S) of instance TESTBED.I_design.DP_OP_61J1_123_6112_U49 of module CMPR42X1 <./Fpc_SYN.sdf, line 8529>.
ncelab: *W,SDFNEP: Unable to annotate to non-existent path (IOPATH (negedge A) S) of instance TESTBED.I_design.DP_OP_61J1_123_6112_U49 of module CMPR42X1 <./Fpc_SYN.sdf, line 8530>.
ncelab: *W,SDFNEP: Unable to annotate to non-existent path (IOPATH (posedge B) S) of instance TESTBED.I_design.DP_OP_61J1_123_6112_U49 of module CMPR42X1 <./Fpc_SYN.sdf, line 8533>.
ncelab: *W,SDFNEP: Unable to annotate to non-existent path (IOPATH (negedge B) S) of instance TESTBED.I_design.DP_OP_61J1_123_6112_U49 of module CMPR42X1 <./Fpc_SYN.sdf, line 8534>.
ncelab: *W,SDFNEP: Unable to annotate to non-existent path (IOPATH (posedge C) S) of instance TESTBED.I_design.DP_OP_61J1_123_6112_U49 of module CMPR42X1 <./Fpc_SYN.sdf, line 8537>.
ncelab: *W,SDFNEP: Unable to annotate to non-existent path (IOPATH (negedge C) S) of instance TESTBED.I_design.DP_OP_61J1_123_6112_U49 of module CMPR42X1 <./Fpc_SYN.sdf, line 8538>.
ncelab: *W,SDFNEP: Unable to annotate to non-existent path (IOPATH (posedge D) S) of instance TESTBED.I_design.DP_OP_61J1_123_6112_U49 of module CMPR42X1 <./Fpc_SYN.sdf, line 8541>.
ncelab: *W,SDFNEP: Unable to annotate to non-existent path (IOPATH (negedge D) S) of instance TESTBED.I_design.DP_OP_61J1_123_6112_U49 of module CMPR42X1 <./Fpc_SYN.sdf, line 8542>.
ncelab: *W,SDFNEP: Unable to annotate to non-existent path (IOPATH (posedge ICI) S) of instance TESTBED.I_design.DP_OP_61J1_123_6112_U49 of module CMPR42X1 <./Fpc_SYN.sdf, line 8545>.
ncelab: *W,SDFNEP: Unable to annotate to non-existent path (IOPATH (negedge ICI) S) of instance TESTBED.I_design.DP_OP_61J1_123_6112_U49 of module CMPR42X1 <./Fpc_SYN.sdf, line 8546>.
ncelab: *W,SDFNEP: Unable to annotate to non-existent path (IOPATH (posedge A) CO) of instance TESTBED.I_design.DP_OP_61J1_123_6112_U49 of module CMPR42X1 <./Fpc_SYN.sdf, line 8556>.
ncelab: *W,SDFNEP: Unable to annotate to non-existent path (IOPATH (negedge A) CO) of instance TESTBED.I_design.DP_OP_61J1_123_6112_U49 of module CMPR42X1 <./Fpc_SYN.sdf, line 8557>.
ncelab: *W,SDFNEP: Unable to annotate to non-existent path (IOPATH (posedge B) CO) of instance TESTBED.I_design.DP_OP_61J1_123_6112_U49 of module CMPR42X1 <./Fpc_SYN.sdf, line 8560>.
ncelab: *W,SDFNEP: Unable to annotate to non-existent path (IOPATH (negedge B) CO) of instance TESTBED.I_design.DP_OP_61J1_123_6112_U49 of module CMPR42X1 <./Fpc_SYN.sdf, line 8561>.
ncelab: *W,SDFNEP: Unable to annotate to non-existent path (IOPATH (posedge C) CO) of instance TESTBED.I_design.DP_OP_61J1_123_6112_U49 of module CMPR42X1 <./Fpc_SYN.sdf, line 8564>.
ncelab: *W,SDFNEP: Unable to annotate to non-existent path (IOPATH (negedge C) CO) of instance TESTBED.I_design.DP_OP_61J1_123_6112_U49 of module CMPR42X1 <./Fpc_SYN.sdf, line 8565>.
ncelab: *W,SDFNEP: Unable to annotate to non-existent path (IOPATH (posedge A) S) of instance TESTBED.I_design.DP_OP_61J1_123_6112_U52 of module CMPR42X1 <./Fpc_SYN.sdf, line 8578>.
ncelab: *W,SDFNEP: Unable to annotate to non-existent path (IOPATH (negedge A) S) of instance TESTBED.I_design.DP_OP_61J1_123_6112_U52 of module CMPR42X1 <./Fpc_SYN.sdf, line 8579>.
ncelab: *W,SDFNEP: Unable to annotate to non-existent path (IOPATH (posedge B) S) of instance TESTBED.I_design.DP_OP_61J1_123_6112_U52 of module CMPR42X1 <./Fpc_SYN.sdf, line 8582>.
ncelab: *W,SDFNEP: Unable to annotate to non-existent path (IOPATH (negedge B) S) of instance TESTBED.I_design.DP_OP_61J1_123_6112_U52 of module CMPR42X1 <./Fpc_SYN.sdf, line 8583>.
ncelab: *W,SDFNEP: Unable to annotate to non-existent path (IOPATH (posedge C) S) of instance TESTBED.I_design.DP_OP_61J1_123_6112_U52 of module CMPR42X1 <./Fpc_SYN.sdf, line 8586>.
ncelab: *W,SDFNEP: Unable to annotate to non-existent path (IOPATH (negedge C) S) of instance TESTBED.I_design.DP_OP_61J1_123_6112_U52 of module CMPR42X1 <./Fpc_SYN.sdf, line 8587>.
ncelab: *W,SDFNEP: Unable to annotate to non-existent path (IOPATH (posedge D) S) of instance TESTBED.I_design.DP_OP_61J1_123_6112_U52 of module CMPR42X1 <./Fpc_SYN.sdf, line 8590>.
ncelab: *W,SDFNEP: Unable to annotate to non-existent path (IOPATH (negedge D) S) of instance TESTBED.I_design.DP_OP_61J1_123_6112_U52 of module CMPR42X1 <./Fpc_SYN.sdf, line 8591>.
ncelab: *W,SDFNEP: Unable to annotate to non-existent path (IOPATH (posedge ICI) S) of instance TESTBED.I_design.DP_OP_61J1_123_6112_U52 of module CMPR42X1 <./Fpc_SYN.sdf, line 8594>.
ncelab: *W,SDFNEP: Unable to annotate to non-existent path (IOPATH (negedge ICI) S) of instance TESTBED.I_design.DP_OP_61J1_123_6112_U52 of module CMPR42X1 <./Fpc_SYN.sdf, line 8595>.
ncelab: *W,SDFNEP: Unable to annotate to non-existent path (IOPATH (posedge A) CO) of instance TESTBED.I_design.DP_OP_61J1_123_6112_U52 of module CMPR42X1 <./Fpc_SYN.sdf, line 8605>.
ncelab: *W,SDFNEP: Unable to annotate to non-existent path (IOPATH (negedge A) CO) of instance TESTBED.I_design.DP_OP_61J1_123_6112_U52 of module CMPR42X1 <./Fpc_SYN.sdf, line 8606>.
ncelab: *W,SDFNEP: Unable to annotate to non-existent path (IOPATH (posedge B) CO) of instance TESTBED.I_design.DP_OP_61J1_123_6112_U52 of module CMPR42X1 <./Fpc_SYN.sdf, line 8609>.
ncelab: *W,SDFNEP: Unable to annotate to non-existent path (IOPATH (negedge B) CO) of instance TESTBED.I_design.DP_OP_61J1_123_6112_U52 of module CMPR42X1 <./Fpc_SYN.sdf, line 8610>.
ncelab: *W,SDFNEP: Unable to annotate to non-existent path (IOPATH (posedge C) CO) of instance TESTBED.I_design.DP_OP_61J1_123_6112_U52 of module CMPR42X1 <./Fpc_SYN.sdf, line 8613>.
ncelab: *W,SDFNEP: Unable to annotate to non-existent path (IOPATH (negedge C) CO) of instance TESTBED.I_design.DP_OP_61J1_123_6112_U52 of module CMPR42X1 <./Fpc_SYN.sdf, line 8614>.
ncelab: *W,SDFNEP: Unable to annotate to non-existent path (IOPATH (posedge A) S) of instance TESTBED.I_design.DP_OP_61J1_123_6112_U53 of module CMPR42X1 <./Fpc_SYN.sdf, line 8627>.
ncelab: *W,SDFNEP: Unable to annotate to non-existent path (IOPATH (negedge A) S) of instance TESTBED.I_design.DP_OP_61J1_123_6112_U53 of module CMPR42X1 <./Fpc_SYN.sdf, line 8628>.
ncelab: *W,SDFNEP: Unable to annotate to non-existent path (IOPATH (posedge B) S) of instance TESTBED.I_design.DP_OP_61J1_123_6112_U53 of module CMPR42X1 <./Fpc_SYN.sdf, line 8631>.
ncelab: *W,SDFNEP: Unable to annotate to non-existent path (IOPATH (negedge B) S) of instance TESTBED.I_design.DP_OP_61J1_123_6112_U53 of module CMPR42X1 <./Fpc_SYN.sdf, line 8632>.
ncelab: *W,SDFNEP: Unable to annotate to non-existent path (IOPATH (posedge C) S) of instance TESTBED.I_design.DP_OP_61J1_123_6112_U53 of module CMPR42X1 <./Fpc_SYN.sdf, line 8635>.
ncelab: *W,SDFNEP: Unable to annotate to non-existent path (IOPATH (negedge C) S) of instance TESTBED.I_design.DP_OP_61J1_123_6112_U53 of module CMPR42X1 <./Fpc_SYN.sdf, line 8636>.
ncelab: *W,SDFNEP: Unable to annotate to non-existent path (IOPATH (posedge D) S) of instance TESTBED.I_design.DP_OP_61J1_123_6112_U53 of module CMPR42X1 <./Fpc_SYN.sdf, line 8639>.
ncelab: *W,SDFNEP: Unable to annotate to non-existent path (IOPATH (negedge D) S) of instance TESTBED.I_design.DP_OP_61J1_123_6112_U53 of module CMPR42X1 <./Fpc_SYN.sdf, line 8640>.
ncelab: *W,SDFNEP: Unable to annotate to non-existent path (IOPATH (posedge ICI) S) of instance TESTBED.I_design.DP_OP_61J1_123_6112_U53 of module CMPR42X1 <./Fpc_SYN.sdf, line 8643>.
ncelab: *W,SDFNEP: Unable to annotate to non-existent path (IOPATH (negedge ICI) S) of instance TESTBED.I_design.DP_OP_61J1_123_6112_U53 of module CMPR42X1 <./Fpc_SYN.sdf, line 8644>.
ncelab: *W,SDFNEP: Unable to annotate to non-existent path (IOPATH (posedge A) CO) of instance TESTBED.I_design.DP_OP_61J1_123_6112_U53 of module CMPR42X1 <./Fpc_SYN.sdf, line 8654>.
ncelab: *W,SDFNEP: Unable to annotate to non-existent path (IOPATH (negedge A) CO) of instance TESTBED.I_design.DP_OP_61J1_123_6112_U53 of module CMPR42X1 <./Fpc_SYN.sdf, line 8655>.
ncelab: *W,SDFNEP: Unable to annotate to non-existent path (IOPATH (posedge B) CO) of instance TESTBED.I_design.DP_OP_61J1_123_6112_U53 of module CMPR42X1 <./Fpc_SYN.sdf, line 8658>.
ncelab: *W,SDFNEP: Unable to annotate to non-existent path (IOPATH (negedge B) CO) of instance TESTBED.I_design.DP_OP_61J1_123_6112_U53 of module CMPR42X1 <./Fpc_SYN.sdf, line 8659>.
ncelab: *W,SDFNEP: Unable to annotate to non-existent path (IOPATH (posedge C) CO) of instance TESTBED.I_design.DP_OP_61J1_123_6112_U53 of module CMPR42X1 <./Fpc_SYN.sdf, line 8662>.
ncelab: *W,SDFNEP: Unable to annotate to non-existent path (IOPATH (negedge C) CO) of instance TESTBED.I_design.DP_OP_61J1_123_6112_U53 of module CMPR42X1 <./Fpc_SYN.sdf, line 8663>.
ncelab: *W,SDFNEP: Unable to annotate to non-existent path (IOPATH (posedge A) S) of instance TESTBED.I_design.DP_OP_61J1_123_6112_U55 of module CMPR42X1 <./Fpc_SYN.sdf, line 8676>.
ncelab: *W,SDFNEP: Unable to annotate to non-existent path (IOPATH (negedge A) S) of instance TESTBED.I_design.DP_OP_61J1_123_6112_U55 of module CMPR42X1 <./Fpc_SYN.sdf, line 8677>.
ncelab: *W,SDFNEP: Unable to annotate to non-existent path (IOPATH (posedge B) S) of instance TESTBED.I_design.DP_OP_61J1_123_6112_U55 of module CMPR42X1 <./Fpc_SYN.sdf, line 8680>.
ncelab: *W,SDFNEP: Unable to annotate to non-existent path (IOPATH (negedge B) S) of instance TESTBED.I_design.DP_OP_61J1_123_6112_U55 of module CMPR42X1 <./Fpc_SYN.sdf, line 8681>.
ncelab: *W,SDFNEP: Unable to annotate to non-existent path (IOPATH (posedge C) S) of instance TESTBED.I_design.DP_OP_61J1_123_6112_U55 of module CMPR42X1 <./Fpc_SYN.sdf, line 8684>.
ncelab: *W,SDFNEP: Unable to annotate to non-existent path (IOPATH (negedge C) S) of instance TESTBED.I_design.DP_OP_61J1_123_6112_U55 of module CMPR42X1 <./Fpc_SYN.sdf, line 8685>.
ncelab: *W,SDFNEP: Unable to annotate to non-existent path (IOPATH (posedge D) S) of instance TESTBED.I_design.DP_OP_61J1_123_6112_U55 of module CMPR42X1 <./Fpc_SYN.sdf, line 8688>.
ncelab: *W,SDFNEP: Unable to annotate to non-existent path (IOPATH (negedge D) S) of instance TESTBED.I_design.DP_OP_61J1_123_6112_U55 of module CMPR42X1 <./Fpc_SYN.sdf, line 8689>.
ncelab: *W,SDFNEP: Unable to annotate to non-existent path (IOPATH (posedge ICI) S) of instance TESTBED.I_design.DP_OP_61J1_123_6112_U55 of module CMPR42X1 <./Fpc_SYN.sdf, line 8692>.
ncelab: *W,SDFNEP: Unable to annotate to non-existent path (IOPATH (negedge ICI) S) of instance TESTBED.I_design.DP_OP_61J1_123_6112_U55 of module CMPR42X1 <./Fpc_SYN.sdf, line 8693>.
ncelab: *W,SDFNEP: Unable to annotate to non-existent path (IOPATH (posedge A) CO) of instance TESTBED.I_design.DP_OP_61J1_123_6112_U55 of module CMPR42X1 <./Fpc_SYN.sdf, line 8703>.
ncelab: *W,SDFNEP: Unable to annotate to non-existent path (IOPATH (negedge A) CO) of instance TESTBED.I_design.DP_OP_61J1_123_6112_U55 of module CMPR42X1 <./Fpc_SYN.sdf, line 8704>.
ncelab: *W,SDFNEP: Unable to annotate to non-existent path (IOPATH (posedge B) CO) of instance TESTBED.I_design.DP_OP_61J1_123_6112_U55 of module CMPR42X1 <./Fpc_SYN.sdf, line 8707>.
ncelab: *W,SDFNEP: Unable to annotate to non-existent path (IOPATH (negedge B) CO) of instance TESTBED.I_design.DP_OP_61J1_123_6112_U55 of module CMPR42X1 <./Fpc_SYN.sdf, line 8708>.
ncelab: *W,SDFNEP: Unable to annotate to non-existent path (IOPATH (posedge C) CO) of instance TESTBED.I_design.DP_OP_61J1_123_6112_U55 of module CMPR42X1 <./Fpc_SYN.sdf, line 8711>.
ncelab: *W,SDFNEP: Unable to annotate to non-existent path (IOPATH (negedge C) CO) of instance TESTBED.I_design.DP_OP_61J1_123_6112_U55 of module CMPR42X1 <./Fpc_SYN.sdf, line 8712>.
ncelab: *W,SDFNEP: Unable to annotate to non-existent path (IOPATH (posedge A) S) of instance TESTBED.I_design.DP_OP_61J1_123_6112_U58 of module CMPR42X1 <./Fpc_SYN.sdf, line 8725>.
ncelab: *W,SDFNEP: Unable to annotate to non-existent path (IOPATH (negedge A) S) of instance TESTBED.I_design.DP_OP_61J1_123_6112_U58 of module CMPR42X1 <./Fpc_SYN.sdf, line 8726>.
ncelab: *W,SDFNEP: Unable to annotate to non-existent path (IOPATH (posedge B) S) of instance TESTBED.I_design.DP_OP_61J1_123_6112_U58 of module CMPR42X1 <./Fpc_SYN.sdf, line 8729>.
ncelab: *W,SDFNEP: Unable to annotate to non-existent path (IOPATH (negedge B) S) of instance TESTBED.I_design.DP_OP_61J1_123_6112_U58 of module CMPR42X1 <./Fpc_SYN.sdf, line 8730>.
ncelab: *W,SDFNEP: Unable to annotate to non-existent path (IOPATH (posedge C) S) of instance TESTBED.I_design.DP_OP_61J1_123_6112_U58 of module CMPR42X1 <./Fpc_SYN.sdf, line 8733>.
ncelab: *W,SDFNEP: Unable to annotate to non-existent path (IOPATH (negedge C) S) of instance TESTBED.I_design.DP_OP_61J1_123_6112_U58 of module CMPR42X1 <./Fpc_SYN.sdf, line 8734>.
ncelab: *W,SDFNEP: Unable to annotate to non-existent path (IOPATH (posedge D) S) of instance TESTBED.I_design.DP_OP_61J1_123_6112_U58 of module CMPR42X1 <./Fpc_SYN.sdf, line 8737>.
ncelab: *W,SDFNEP: Unable to annotate to non-existent path (IOPATH (negedge D) S) of instance TESTBED.I_design.DP_OP_61J1_123_6112_U58 of module CMPR42X1 <./Fpc_SYN.sdf, line 8738>.
ncelab: *W,SDFNEP: Unable to annotate to non-existent path (IOPATH (posedge ICI) S) of instance TESTBED.I_design.DP_OP_61J1_123_6112_U58 of module CMPR42X1 <./Fpc_SYN.sdf, line 8741>.
ncelab: *W,SDFNEP: Unable to annotate to non-existent path (IOPATH (negedge ICI) S) of instance TESTBED.I_design.DP_OP_61J1_123_6112_U58 of module CMPR42X1 <./Fpc_SYN.sdf, line 8742>.
ncelab: *W,SDFNEP: Unable to annotate to non-existent path (IOPATH (posedge A) CO) of instance TESTBED.I_design.DP_OP_61J1_123_6112_U58 of module CMPR42X1 <./Fpc_SYN.sdf, line 8752>.
ncelab: *W,SDFNEP: Unable to annotate to non-existent path (IOPATH (negedge A) CO) of instance TESTBED.I_design.DP_OP_61J1_123_6112_U58 of module CMPR42X1 <./Fpc_SYN.sdf, line 8753>.
ncelab: *W,SDFNEP: Unable to annotate to non-existent path (IOPATH (posedge B) CO) of instance TESTBED.I_design.DP_OP_61J1_123_6112_U58 of module CMPR42X1 <./Fpc_SYN.sdf, line 8756>.
ncelab: *W,SDFNEP: Unable to annotate to non-existent path (IOPATH (negedge B) CO) of instance TESTBED.I_design.DP_OP_61J1_123_6112_U58 of module CMPR42X1 <./Fpc_SYN.sdf, line 8757>.
ncelab: *W,SDFNEP: Unable to annotate to non-existent path (IOPATH (posedge C) CO) of instance TESTBED.I_design.DP_OP_61J1_123_6112_U58 of module CMPR42X1 <./Fpc_SYN.sdf, line 8760>.
ncelab: *W,SDFNEP: Unable to annotate to non-existent path (IOPATH (negedge C) CO) of instance TESTBED.I_design.DP_OP_61J1_123_6112_U58 of module CMPR42X1 <./Fpc_SYN.sdf, line 8761>.
	Annotation completed with 0 Errors and 402 Warnings
	SDF statistics: No. of Pathdelays = 1990  Annotated = 100.00% -- No. of Tchecks = 236  Annotated = 100.00%
				        Total 	   Annotated	  Percentage
		 Path Delays	        1990	        1990	      100.00
		      $width	         118	         118	      100.00
		  $setuphold	         118	         118	      100.00
	Building instance overlay tables: .................... Done
	Generating native compiled code:
		umc18_neg.XNOR2XL:v <0x1a502a11>
			streams:   0, words:     0
	Building instance specific data structures.
	Loading native compiled code:     .................... Done
	Design hierarchy summary:
		                    Instances  Unique
		Modules:                  555      47
		UDPs:                      54       2
		Primitives:              1228       8
		Timing outputs:           625      20
		Registers:                354     277
		Scalar wires:             932       -
		Expanded wires:            48       3
		Vectored wires:            53       -
		Always blocks:              7       9
		Initial blocks:            18      16
		Cont. assignments:         21      21
		Pseudo assignments:        48      48
		Timing checks:            354     102
		Interconnect:            1478       -
		Delayed tcheck signals:   118      52
		Simulation timescale:     1ps
	Writing initial simulation snapshot: worklib.TESTBED:sv
Loading snapshot worklib.TESTBED:sv .................... Done
SVSEED default: 1
ncsim: *W,DSEM2009: This SystemVerilog design is simulated as per IEEE 1800-2009 SystemVerilog simulation semantics. Use -disable_sem2009 option for turning off SV 2009 simulation semantics.
*Verdi* Loading libsscore_ius152.so
ncsim> source /usr/cad/cadence/INCISIV/INCISIVE_15.20.084/tools/inca/files/ncsimrc
ncsim> run
FSDB Dumper for IUS, Release Verdi_P-2019.06, Linux x86_64/64bit, 05/26/2019
(C) 1996 - 2019 by Synopsys, Inc.
*Verdi* FSDB WARNING: The FSDB file already exists. Overwriting the FSDB file may crash the programs that are using this file.
*Verdi* : Create FSDB file 'Fpc_SYN.fsdb'
*Verdi* : Begin traversing the scopes, layer (0).
*Verdi* : End of traversing.
[37m
[37m                                                                                [32m      :BBQvi.
[37m                                                              .i7ssrvs7         [32m     BBBBBBBBQi
[37m                        .:r7rrrr:::.        .::::::...   .i7vr:.      .B:       [32m    :BBBP :7BBBB.
[37m                      .Kv.........:rrvYr7v7rr:.....:rrirJr.   .rgBBBBg  Bi      [32m    BBBB     BBBB
[37m                     7Q  :rubEPUri:.       ..:irrii:..    :bBBBBBBBBBBB  B      [32m   iBBBv     BBBB       vBr
[37m                    7B  BBBBBBBBBBBBBBB::BBBBBBBBBBBBBBBBBBBBBBBBBBBBBBB :R     [32m   BBBBBKrirBBBB.     :BBBBBB:
[37m                   Jd .BBBBBBBBBBBBBBBBBBBBBBBBBBBBBBBBBBBBBBBBBBBBBBBBB: Bi    [32m  rBBBBBBBBBBBR.    .BBBM:BBB
[37m                  uZ .BBBBBBBBBBBBBBBBBBBBBBBBBBBBBBBBBBBBBBBBBBBBBBBBBBB .B    [32m  BBBB   .::.      EBBBi :BBU
[37m                 7B .BBBBBBBBBBBBBBBBBBBBBBBBBBBBBBBBBBBBBBBBBBBBBBBBBBBB  B    [32m MBBBr           vBBBu   BBB.
[37m                .B  BBBBBBBBBBBBBBBBBBBBBBBBBBBBBBBBBBBBBBBBBBBBBBBBBBBBB: JJ   [32m i7PB          iBBBBB.  iBBB
[37m                B. BBBBBBBBBBBBBBBBBBBBBBBBBBBBBBBBBBBBBBBBBBBBBBBBBBBBBBB  Lu             [32m  vBBBBPBBBBPBBB7       .7QBB5i
[37m               Y1 KBBBBBBBBBBBBBBBBBBBBBBBBBBBBBBBBBBBBBBBBBBBBBBi XBBBBBBBi :B            [32m :RBBB.  .rBBBBB.      rBBBBBBBB7
[37m              :B .BBBBBBBBBBBBBsRBBBBBBBBBBBrQBBBBB. UBBBRrBBBBBBr 1BBBBBBBBB  B.          [32m    .       BBBB       BBBB  :BBBB
[37m              Bi BBBBBBBBBBBBBi :BBBBBBBBBBE .BBK.  .  .   QBBBBBBBBBBBBBBBBBB  Bi         [32m           rBBBr       BBBB    BBBU
[37m             .B .BBBBBBBBBBBBBBQBBBBBBBBBBBB       [38;2;242;172;172mBBv [37m.LBBBBBBBBBBBBBBBBBBBBBB. B7.:ii:   [32m           vBBB        .BBBB   :7i.
[37m            .B  PBBBBBBBBBBBBBBBBBBBBBBBBBBBBbYQB. [38;2;242;172;172mBB: [37mBBBBBBBBBBBBBBBBBBBBBBBBB  Jr:::rK7 [32m             .7  BBB7   iBBBg
[37m           7M  PBBBBBBBBBBBBBBBBBBBBBBBBBBBBBBBBB  [38;2;242;172;172mBB. [37mBBBBBBBBBBBBBBBBBBBBBBB..i   .   v1                  [32mdBBB.   5BBBr
[37m          sZ .BBBBBBBBBBBBBBBBBBBBBBBBBBBBBBBBBBB  [38;2;242;172;172mBB. [37mBBBBBBBBBBBBBBBBBBBBBBBBBBB iD2BBQL.                 [32m ZBBBr  EBBBv     YBBBBQi
[37m  .7YYUSIX5 .BBBBBBBBBBBBBBBBBBBBBBBBBBBBBBBBBBBB  [38;2;242;172;172mBB. [37mBBBBBBBBBBBBBBBBBBBBBBBBY.:.      :B                 [32m  iBBBBBBBBD     BBBBBBBBB.
[37m LB.        ..BBBBBBBBBBBBBBBBBBBBBBBBBBBBBBBBBBB. [38;2;242;172;172mBB: [37mBBBBBBBBBBBBBBBBBBBBBBBBMBBB. BP17si                 [32m    :LBBBr      vBBBi  5BBB
[37m  KvJPBBB :BBBBBBBBBBBBBBBBBBBBBBBBBBBBBBBBBBBBBB: [38;2;242;172;172mZB: [37mBBBBBBBBBBBBBBBBBBBBBBBBBsiJr .i7ssr:                [32m          ...   :BBB:   BBBu
[37m i7ii:.   ::BBBBBBBBBBBBBBBBBBBBBBBBBBBBBBBBBBBBBj [38;2;242;172;172muBi [37mQBBBBBBBBBBBBBBBBBBBBBBBBi.ir      iB                [32m         .BBBi   BBBB   iMBu
[37mDB    .  vBdBBBBBBBBBBBBBBBBBBBBBBBBBBBBBBBBBBBBBg [38;2;242;172;172m7Bi [37mBBBBBBBBBBBBBBBBBBBBBBBBBBBBB rBrXPv.                [32m          BBBX   :BBBr
[37m :vQBBB. BQBBBBBBBBBBBBBBBBBBBBBBBBBBBBBBBBBBBBBBQ [38;2;242;172;172miB: [37mBBBBBBBBBBBBBBBBBBBBBBBBBBBBB .L:ii::irrrrrrrr7jIr   [32m          .BBBv  :BBBQ
[37m :7:.   .. 5BBBBBBBBBBBBBBBBBBBBBBBBBBBBBBBBBBBBBB  [38;2;242;172;172mBr [37mBBBBBBBBBBBBBBBBBBBBBBBBBBBB:            ..... ..YB. [32m           .BBBBBBBBB:
[37mBU  .:. BBBBBBBBBBBBBBBBBBBBBBBBBBBBBBBBBBBBBBBBBB  [38;2;242;172;172mB7 [37mgBBBBBBBBBBBBBBBBBBBBBBBBBB. gBBBBBBBBBBBBBBBBBB. BL [32m             rBBBBB1.
[37m rY7iB: BBBBBBBBBBBBBBBBBBBBBBBBBBBBBBBBBBBBBBBBBB: [38;2;242;172;172mB7 [37mBBBBBBBBBBBBBBBBBBBBBBBBBB. QBBBBBBBBBBBBBBBBBi  v5
[37m     us EBBBBBBBBBBBBBBBBBBBBBBBBBBBBBBBBBBBBBBBBBB [38;2;242;172;172mIr [37mBBBBBBBBBBBBBBBBBBBBBBBBBBBBBBBBBgu7i.:BBBBBBBr Bu
[37m      B  7BBBBBBBBBBBBBBBBBBBBBBBBBBBBBBBBBBBBBBBBB.[38;2;242;172;172m:i [37mBBBBBBBBBBBBBBBBBBBBBBBBBBBv:.  .. :::  .rr    rB
[37m      us  .BBBBBBBBBBBBBQLXBBBBBBBBBBBBBBBBBBBBBBBBq  .BBBBBBBBBBBBBBBBBBBBBBBBBv  :iJ7vri:::1Jr..isJYr
[37m      B  BBBBBBB  MBBBM      qBBBBBBBBBBBBBBBBBBBBBB: BBBBBBBBBBBBBBBBBBBBBBBBBB  B:           iir:
[37m     iB iBBBBBBBL       BBBP. :BBBBBBBBBBBBBBBBBBBBBBBBBBBBBBBBBBBBBBBBBBBBBBBB  B.
[37m     P: BBBBBBBBBBB5v7gBBBBBB  BBBBBBBBBBBBBBBBBBBBBBBBBBBBBBBBBBBBBBBBBBBBBBB: Br
[37m     B  BBBs 7BBBBBBBBBBBBBB7 :BBBBBBBBBBBBBBBBBBBBBBBBBBBBBBBBBBBBBBBBBBBBBBB .B
[37m    .B :BBBB.  EBBBBBQBBBBBJ .BBBBBBBBBBBBBBBBBBBBBBBBBBBBBBBBBBBBBBBBBBBBBBB. B.
[37m    ij qBBBBBg          ..  .BBBBBBBBBBBBBBBBBBBBBBBBBBBBBBBBBBBBBBBBBBBBBBBB .B
[37m    UY QBBBBBBBBSUSPDQL...iBBBBBBBBBBBBBBBBBBBBBBBBBBBBBBBBBBBBBBBBBBBBBBBBBK EL
[37m    B7 BBBBBBBBBBBBBBBBBBBBBBBBBBBBBBBBBBBBBBBBBBBBBBBBBBBBBBBBBBBBBBBBBBBBB: B:
[37m    B  BBBBBBBBBBBBBBBBBBBBBBBBBBBBBBBBBBBBBBBYrBB vBBBBBBBBBBBBBBBBBBBBBBBB. Ls
[37m    B  BBBBBBBBBBBBBBBBBBBBBBBBBBBBBBBBBBBBBBBi_  /UBBBBBBBBBBBBBBBBBBBBBBBBB. :B:
[37m   rM .BBBBBBBBBBBBBBBBBBBBBBBBBBBBBBBBBBBBBBBB  ..IBBBBBBBBBBBBBBBBQBBBBBBBBBB  B
[37m   B  BBBBBBBBBdZBBBBBBBBBBBBBBBBBBBBBBBBBBBBBBPBBBBBBBBBBBBEji:..     sBBBBBBBr Br
[37m  7B 7BBBBBBBr     .:vXQBBBBBBBBBBBBBBBBBBBBBBBBBQqui::..  ...i:i7777vi  BBBBBBr Bi
[37m  Ki BBBBBBB  rY7vr:i....  .............:.....  ...:rii7vrr7r:..      7B  BBBBB  Bi
[37m  B. BBBBBB  B:    .::ir77rrYLvvriiiiiiirvvY7rr77ri:..                 bU  iQBB:..rI
[37m.S: 7BBBBP  B.                                                          vI7.  .:.  B.
[37mB: ir:.   :B.                                                             :rvsUjUgU.
[37mrMvrrirJKur                                                                                                                               [m
----------------------------------------------------------------------------------------------------------------------
                                                  Congratulations!
                                           You have passed all patterns!
----------------------------------------------------------------------------------------------------------------------
Simulation complete via $finish(1) at time 65870 NS + 0
./PATTERN.sv:270 $finish;	
ncsim> exit
TOOL:	irun(64)	15.20-s084: Exiting on May 04, 2023 at 16:15:03 CST  (total: 00:00:02)
