
                           Design Compiler Graphical 
                                 DC Ultra (TM)
                                  DFTMAX (TM)
                              Power Compiler (TM)
                                 DesignWare (R)
                                 DC Expert (TM)
                               Design Vision (TM)
                               HDL Compiler (TM)
                               VHDL Compiler (TM)
                                  DFT Compiler
                               Design Compiler(R)

                 Version T-2022.03 for linux64 - Feb 22, 2022 

                    Copyright (c) 1988 - 2022 Synopsys, Inc.
   This software and the associated documentation are proprietary to Synopsys,
 Inc. This software may only be used in accordance with the terms and conditions
 of a written license agreement with Synopsys, Inc. All other use, reproduction,
   or distribution of this software is strictly prohibited.  Licensed Products
     communicate with Synopsys servers for the purpose of providing software
    updates, detecting software piracy and verifying that customers are using
    Licensed Products in conformity with the applicable License Key for such
  Licensed Products. Synopsys will use information gathered in connection with
    this process to deliver software updates and pursue software pirates and
                                   infringers.

 Inclusivity & Diversity - Visit SolvNetPlus to read the "Synopsys Statement on
            Inclusivity and Diversity" (Refer to article 000036315 at
                        https://solvnetplus.synopsys.com)
Initializing...
#======================================================
#
# Synopsys Synthesis Scripts (Design Vision dctcl mode)
#
#======================================================
#======================================================
#  Set Libraries
#======================================================
#set search_path { ./../01_RTL \
#					/mnt/NAS/CAD/UMC018/Synthesis/ \
#					/CAD/synopsys/synthesis/cur/libraries/syn/ \
#					/CAD/synopsys/synthesis/cur/dw/ }
# below for iclab/ above for DCS
set search_path {	./../01_RTL \
					~iclabta01/umc018/Synthesis/ \
					/usr/synthesis/libraries/syn/ \
					/usr/synthesis/dw/ }
 ./../01_RTL  ~iclabta01/umc018/Synthesis/  /usr/synthesis/libraries/syn/  /usr/synthesis/dw/ 
set synthetic_library {dw_foundation.sldb}
dw_foundation.sldb
set link_library {* dw_foundation.sldb standard.sldb slow.db }
* dw_foundation.sldb standard.sldb slow.db 
set target_library {slow.db}
slow.db
#report_lib slow
#======================================================
#  Global Parameters
#======================================================
set CYCLE 5.0
5.0
#======================================================
#  Read RTL Code
#======================================================
#set hdlin_auto_save_templates TRUE
read_sverilog {SS.sv}
Loading db file '/usr/cad/synopsys/synthesis/2022.03/libraries/syn/dw_foundation.sldb'
Loading db file '/usr/cad/synopsys/synthesis/2022.03/libraries/syn/standard.sldb'
Loading db file '/RAID2/COURSE/iclab/iclabta01/umc018/Synthesis/slow.db'
Loading db file '/usr/cad/synopsys/synthesis/2022.03/libraries/syn/gtech.db'
  Loading link library 'slow'
  Loading link library 'gtech'
Loading sverilog file '/RAID2/COURSE/dcs/dcs064/OT/01_RTL/SS.sv'
Detecting input file type automatically (-rtl or -netlist).
Reading with Presto HDL Compiler (equivalent to -rtl option).
Running PRESTO HDLC
Compiling source file /RAID2/COURSE/dcs/dcs064/OT/01_RTL/SS.sv

Statistics for case statements in always block at line 48 in file
	'/RAID2/COURSE/dcs/dcs064/OT/01_RTL/SS.sv'
===============================================
|           Line           |  full/ parallel  |
===============================================
|            62            |     no/auto      |
===============================================
Warning:  /RAID2/COURSE/dcs/dcs064/OT/01_RTL/SS.sv:199: Out of bounds bit select R_nxt[4], valid bounds are [0:3]. (ELAB-312)

Statistics for case statements in always block at line 163 in file
	'/RAID2/COURSE/dcs/dcs064/OT/01_RTL/SS.sv'
===============================================
|           Line           |  full/ parallel  |
===============================================
|           170            |     no/auto      |
===============================================

Inferred memory devices in process
	in routine SS line 40 in file
		'/RAID2/COURSE/dcs/dcs064/OT/01_RTL/SS.sv'.
===============================================================================
|    Register Name    |   Type    | Width | Bus | MB | AR | AS | SR | SS | ST |
===============================================================================
|       cs_reg        | Flip-flop |   3   |  Y  | N  | Y  | N  | N  | N  | N  |
===============================================================================

Inferred memory devices in process
	in routine SS line 206 in file
		'/RAID2/COURSE/dcs/dcs064/OT/01_RTL/SS.sv'.
===============================================================================
|    Register Name    |   Type    | Width | Bus | MB | AR | AS | SR | SS | ST |
===============================================================================
|       cnt_reg       | Flip-flop |   6   |  Y  | N  | Y  | N  | N  | N  | N  |
|    out_valid_reg    | Flip-flop |   1   |  N  | N  | Y  | N  | N  | N  | N  |
|    out_value_reg    | Flip-flop |  40   |  Y  | N  | Y  | N  | N  | N  | N  |
|     buffer_reg      | Flip-flop |  448  |  Y  | N  | Y  | N  | N  | N  | N  |
|        W_reg        | Flip-flop |  256  |  Y  | N  | Y  | N  | N  | N  | N  |
|        D_reg        | Flip-flop |  640  |  Y  | N  | Y  | N  | N  | N  | N  |
|        R_reg        | Flip-flop |  192  |  Y  | N  | Y  | N  | N  | N  | N  |
|        X_reg        | Flip-flop |  256  |  Y  | N  | Y  | N  | N  | N  | N  |
===============================================================================
Presto compilation completed successfully.
Current design is now '/RAID2/COURSE/dcs/dcs064/OT/01_RTL/SS.db:SS'
Loaded 1 design.
Current design is 'SS'.
SS
current_design SS
Current design is 'SS'.
{SS}
#======================================================
#  Global Setting
#======================================================
set_wire_load_mode top
1
#======================================================
#  Set Design Constraints
#======================================================
create_clock -name "clk" -period $CYCLE clk
1
set_input_delay  [ expr $CYCLE*0.5 ] -clock clk [all_inputs]
1
set_output_delay [ expr $CYCLE*0.5 ] -clock clk [all_outputs]
1
set_input_delay 0 -clock clk clk
1
set_input_delay 0 -clock clk rst_n
1
set_load 0.05 [all_outputs]
1
set_dont_use slow/JKFF*
1
#======================================================
#  Optimization
#======================================================
uniquify
1
check_design > Report/Seq\.check
set_fix_multiple_port_nets -all -buffer_constants
1
set_fix_hold [all_clocks]
1
compile_ultra
Information: Performing power optimization. (PWR-850)
Alib files are up-to-date.
Information: Evaluating DesignWare library utilization. (UISN-27)

============================================================================
| DesignWare Building Block Library  |         Version         | Available |
============================================================================
| Basic DW Building Blocks           | S-2021.06-DWBB_202106.0 |     *     |
| Licensed DW Building Blocks        | S-2021.06-DWBB_202106.0 |     *     |
============================================================================

====================================================================================================
| Flow Information                                                                                 |
----------------------------------------------------------------------------------------------------
| Flow         | Design Compiler WLM                                                               |
| Comand line  | compile_ultra                                                                     |
====================================================================================================
| Design Information                                      | Value                                  |
====================================================================================================
| Number of Scenarios                                     | 0                                      |
| Leaf Cell Count                                         | 2416                                   |
| Number of User Hierarchies                              | 0                                      |
| Sequential Cell Count                                   | 1842                                   |
| Macro Count                                             | 0                                      |
| Number of Power Domains                                 | 0                                      |
| Number of Path Groups                                   | 2                                      |
| Number of VT class                                      | 0                                      |
| Number of Clocks                                        | 1                                      |
| Number of Dont Touch cells                              | 189                                    |
| Number of Dont Touch nets                               | 0                                      |
| Number of size only cells                               | 0                                      |
| Design with UPF Data                                    | false                                  |
----------------------------------------------------------------------------------------------------
| Variables                                               | Value                                  |
----------------------------------------------------------------------------------------------------
| set_fix_multiple_port_nets                              | -all -buffer_constants                 |
====================================================================================================
Information: Sequential output inversion is enabled.  SVF file must be used for formal verification. (OPT-1208)

Information: There are 7 potential problems in your design. Please run 'check_design' for more information. (LINT-99)

  Simplifying Design 'SS'

Loaded alib file './alib-52/slow.db.alib'
  Building model 'DW01_NAND2'
Information: Ungrouping 0 of 1 hierarchies before Pass 1 (OPT-775)
Information: State dependent leakage is now switched from on to off.

  Beginning Pass 1 Mapping
  ------------------------
  Processing 'SS'
Information: Added key list 'DesignWare' to design 'SS'. (DDB-72)
Information: The register 'D_reg[0][1][39]' is a constant and will be removed. (OPT-1206)
Information: The register 'D_reg[0][1][38]' is a constant and will be removed. (OPT-1206)
Information: The register 'D_reg[0][1][37]' is a constant and will be removed. (OPT-1206)
Information: The register 'D_reg[0][1][36]' is a constant and will be removed. (OPT-1206)
Information: The register 'D_reg[0][1][35]' is a constant and will be removed. (OPT-1206)
Information: The register 'D_reg[0][1][34]' is a constant and will be removed. (OPT-1206)
Information: The register 'D_reg[0][1][33]' is a constant and will be removed. (OPT-1206)
Information: The register 'D_reg[0][1][32]' is a constant and will be removed. (OPT-1206)
Information: The register 'D_reg[0][2][39]' is a constant and will be removed. (OPT-1206)
Information: The register 'D_reg[0][2][38]' is a constant and will be removed. (OPT-1206)
Information: The register 'D_reg[0][2][37]' is a constant and will be removed. (OPT-1206)
Information: The register 'D_reg[0][2][36]' is a constant and will be removed. (OPT-1206)
Information: The register 'D_reg[0][2][35]' is a constant and will be removed. (OPT-1206)
Information: The register 'D_reg[0][2][34]' is a constant and will be removed. (OPT-1206)
Information: The register 'D_reg[0][2][33]' is a constant and will be removed. (OPT-1206)
Information: The register 'D_reg[0][2][32]' is a constant and will be removed. (OPT-1206)
Information: The register 'D_reg[0][3][39]' is a constant and will be removed. (OPT-1206)
Information: The register 'D_reg[0][3][38]' is a constant and will be removed. (OPT-1206)
Information: The register 'D_reg[0][3][37]' is a constant and will be removed. (OPT-1206)
Information: The register 'D_reg[0][3][36]' is a constant and will be removed. (OPT-1206)
Information: The register 'D_reg[0][3][35]' is a constant and will be removed. (OPT-1206)
Information: The register 'D_reg[0][3][34]' is a constant and will be removed. (OPT-1206)
Information: The register 'D_reg[0][3][33]' is a constant and will be removed. (OPT-1206)
Information: The register 'D_reg[0][3][32]' is a constant and will be removed. (OPT-1206)
Information: The register 'D_reg[0][0][32]' is a constant and will be removed. (OPT-1206)
Information: The register 'D_reg[0][0][33]' is a constant and will be removed. (OPT-1206)
Information: The register 'D_reg[0][0][34]' is a constant and will be removed. (OPT-1206)
Information: The register 'D_reg[0][0][35]' is a constant and will be removed. (OPT-1206)
Information: The register 'D_reg[0][0][36]' is a constant and will be removed. (OPT-1206)
Information: The register 'D_reg[0][0][37]' is a constant and will be removed. (OPT-1206)
Information: The register 'D_reg[0][0][38]' is a constant and will be removed. (OPT-1206)
Information: The register 'D_reg[0][0][39]' is a constant and will be removed. (OPT-1206)
Information: The register 'buffer_reg[1][6][2]' is a constant and will be removed. (OPT-1206)
Information: The register 'buffer_reg[1][6][1]' is a constant and will be removed. (OPT-1206)
Information: The register 'buffer_reg[1][6][0]' is a constant and will be removed. (OPT-1206)
Information: The register 'buffer_reg[2][6][15]' is a constant and will be removed. (OPT-1206)
Information: The register 'buffer_reg[2][6][14]' is a constant and will be removed. (OPT-1206)
Information: The register 'buffer_reg[2][6][13]' is a constant and will be removed. (OPT-1206)
Information: The register 'buffer_reg[2][6][12]' is a constant and will be removed. (OPT-1206)
Information: The register 'buffer_reg[2][6][11]' is a constant and will be removed. (OPT-1206)
Information: The register 'buffer_reg[2][6][10]' is a constant and will be removed. (OPT-1206)
Information: The register 'buffer_reg[2][6][9]' is a constant and will be removed. (OPT-1206)
Information: The register 'buffer_reg[2][6][8]' is a constant and will be removed. (OPT-1206)
Information: The register 'buffer_reg[2][6][7]' is a constant and will be removed. (OPT-1206)
Information: The register 'buffer_reg[2][6][6]' is a constant and will be removed. (OPT-1206)
Information: The register 'buffer_reg[2][6][5]' is a constant and will be removed. (OPT-1206)
Information: The register 'buffer_reg[2][6][4]' is a constant and will be removed. (OPT-1206)
Information: The register 'buffer_reg[2][6][3]' is a constant and will be removed. (OPT-1206)
Information: The register 'buffer_reg[2][6][2]' is a constant and will be removed. (OPT-1206)
Information: The register 'buffer_reg[2][6][1]' is a constant and will be removed. (OPT-1206)
Information: The register 'buffer_reg[2][6][0]' is a constant and will be removed. (OPT-1206)
Information: The register 'buffer_reg[0][6][15]' is a constant and will be removed. (OPT-1206)
Information: The register 'buffer_reg[0][5][15]' is a constant and will be removed. (OPT-1206)
Information: The register 'buffer_reg[0][4][15]' is a constant and will be removed. (OPT-1206)
Information: The register 'buffer_reg[0][6][14]' is a constant and will be removed. (OPT-1206)
Information: The register 'buffer_reg[0][5][14]' is a constant and will be removed. (OPT-1206)
Information: The register 'buffer_reg[0][4][14]' is a constant and will be removed. (OPT-1206)
Information: The register 'buffer_reg[0][6][13]' is a constant and will be removed. (OPT-1206)
Information: The register 'buffer_reg[0][5][13]' is a constant and will be removed. (OPT-1206)
Information: The register 'buffer_reg[0][4][13]' is a constant and will be removed. (OPT-1206)
Information: The register 'buffer_reg[0][6][12]' is a constant and will be removed. (OPT-1206)
Information: The register 'buffer_reg[0][5][12]' is a constant and will be removed. (OPT-1206)
Information: The register 'buffer_reg[0][4][12]' is a constant and will be removed. (OPT-1206)
Information: The register 'buffer_reg[0][6][11]' is a constant and will be removed. (OPT-1206)
Information: The register 'buffer_reg[0][5][11]' is a constant and will be removed. (OPT-1206)
Information: The register 'buffer_reg[0][4][11]' is a constant and will be removed. (OPT-1206)
Information: The register 'buffer_reg[0][6][10]' is a constant and will be removed. (OPT-1206)
Information: The register 'buffer_reg[0][5][10]' is a constant and will be removed. (OPT-1206)
Information: The register 'buffer_reg[0][4][10]' is a constant and will be removed. (OPT-1206)
Information: The register 'buffer_reg[0][6][9]' is a constant and will be removed. (OPT-1206)
Information: The register 'buffer_reg[0][5][9]' is a constant and will be removed. (OPT-1206)
Information: The register 'buffer_reg[0][4][9]' is a constant and will be removed. (OPT-1206)
Information: The register 'buffer_reg[0][6][8]' is a constant and will be removed. (OPT-1206)
Information: The register 'buffer_reg[0][5][8]' is a constant and will be removed. (OPT-1206)
Information: The register 'buffer_reg[0][4][8]' is a constant and will be removed. (OPT-1206)
Information: The register 'buffer_reg[0][6][7]' is a constant and will be removed. (OPT-1206)
Information: The register 'buffer_reg[0][5][7]' is a constant and will be removed. (OPT-1206)
Information: The register 'buffer_reg[0][4][7]' is a constant and will be removed. (OPT-1206)
Information: The register 'buffer_reg[0][6][6]' is a constant and will be removed. (OPT-1206)
Information: The register 'buffer_reg[0][5][6]' is a constant and will be removed. (OPT-1206)
Information: The register 'buffer_reg[0][4][6]' is a constant and will be removed. (OPT-1206)
Information: The register 'buffer_reg[0][6][5]' is a constant and will be removed. (OPT-1206)
Information: The register 'buffer_reg[0][5][5]' is a constant and will be removed. (OPT-1206)
Information: The register 'buffer_reg[0][4][5]' is a constant and will be removed. (OPT-1206)
Information: The register 'buffer_reg[0][6][4]' is a constant and will be removed. (OPT-1206)
Information: The register 'buffer_reg[0][5][4]' is a constant and will be removed. (OPT-1206)
Information: The register 'buffer_reg[0][4][4]' is a constant and will be removed. (OPT-1206)
Information: The register 'buffer_reg[0][6][3]' is a constant and will be removed. (OPT-1206)
Information: The register 'buffer_reg[0][5][3]' is a constant and will be removed. (OPT-1206)
Information: The register 'buffer_reg[0][4][3]' is a constant and will be removed. (OPT-1206)
Information: The register 'buffer_reg[0][6][2]' is a constant and will be removed. (OPT-1206)
Information: The register 'buffer_reg[0][5][2]' is a constant and will be removed. (OPT-1206)
Information: The register 'buffer_reg[0][4][2]' is a constant and will be removed. (OPT-1206)
Information: The register 'buffer_reg[0][6][1]' is a constant and will be removed. (OPT-1206)
Information: The register 'buffer_reg[0][5][1]' is a constant and will be removed. (OPT-1206)
Information: The register 'buffer_reg[0][4][1]' is a constant and will be removed. (OPT-1206)
Information: The register 'buffer_reg[0][6][0]' is a constant and will be removed. (OPT-1206)
Information: The register 'buffer_reg[0][5][0]' is a constant and will be removed. (OPT-1206)
Information: The register 'buffer_reg[0][4][0]' is a constant and will be removed. (OPT-1206)
Information: The register 'buffer_reg[1][5][2]' is a constant and will be removed. (OPT-1206)
Information: The register 'buffer_reg[1][5][1]' is a constant and will be removed. (OPT-1206)
Information: The register 'buffer_reg[1][5][0]' is a constant and will be removed. (OPT-1206)
Information: The register 'buffer_reg[1][6][15]' is a constant and will be removed. (OPT-1206)
Information: The register 'buffer_reg[1][5][15]' is a constant and will be removed. (OPT-1206)
Information: The register 'buffer_reg[1][6][14]' is a constant and will be removed. (OPT-1206)
Information: The register 'buffer_reg[1][5][14]' is a constant and will be removed. (OPT-1206)
Information: The register 'buffer_reg[1][6][13]' is a constant and will be removed. (OPT-1206)
Information: The register 'buffer_reg[1][5][13]' is a constant and will be removed. (OPT-1206)
Information: The register 'buffer_reg[1][6][12]' is a constant and will be removed. (OPT-1206)
Information: The register 'buffer_reg[1][5][12]' is a constant and will be removed. (OPT-1206)
Information: The register 'buffer_reg[1][6][11]' is a constant and will be removed. (OPT-1206)
Information: The register 'buffer_reg[1][5][11]' is a constant and will be removed. (OPT-1206)
Information: The register 'buffer_reg[1][6][10]' is a constant and will be removed. (OPT-1206)
Information: The register 'buffer_reg[1][5][10]' is a constant and will be removed. (OPT-1206)
Information: The register 'buffer_reg[1][6][9]' is a constant and will be removed. (OPT-1206)
Information: The register 'buffer_reg[1][5][9]' is a constant and will be removed. (OPT-1206)
Information: The register 'buffer_reg[1][6][8]' is a constant and will be removed. (OPT-1206)
Information: The register 'buffer_reg[1][5][8]' is a constant and will be removed. (OPT-1206)
Information: The register 'buffer_reg[1][6][7]' is a constant and will be removed. (OPT-1206)
Information: The register 'buffer_reg[1][5][7]' is a constant and will be removed. (OPT-1206)
Information: The register 'buffer_reg[1][6][6]' is a constant and will be removed. (OPT-1206)
Information: The register 'buffer_reg[1][5][6]' is a constant and will be removed. (OPT-1206)
Information: The register 'buffer_reg[1][6][5]' is a constant and will be removed. (OPT-1206)
Information: The register 'buffer_reg[1][5][5]' is a constant and will be removed. (OPT-1206)
Information: The register 'buffer_reg[1][6][4]' is a constant and will be removed. (OPT-1206)
Information: The register 'buffer_reg[1][5][4]' is a constant and will be removed. (OPT-1206)
Information: The register 'buffer_reg[1][6][3]' is a constant and will be removed. (OPT-1206)
Information: The register 'buffer_reg[1][5][3]' is a constant and will be removed. (OPT-1206)
 Implement Synthetic for 'SS'.

  Updating timing information
Information: Updating design information... (UID-85)
Information: The library cell 'HOLDX1' in the library 'slow' is not characterized for internal power. (PWR-536)
Information: The target library(s) contains cell(s), other than black boxes, that are not characterized for internal power. (PWR-24)

  Beginning Mapping Optimizations  (Ultra High effort)
  -------------------------------
Information: The register 'X_reg[3][3][0]' will be removed. (OPT-1207)
Information: The register 'X_reg[3][3][15]' will be removed. (OPT-1207)
Information: The register 'X_reg[3][3][14]' will be removed. (OPT-1207)
Information: The register 'X_reg[3][3][13]' will be removed. (OPT-1207)
Information: The register 'X_reg[3][3][12]' will be removed. (OPT-1207)
Information: The register 'X_reg[3][3][11]' will be removed. (OPT-1207)
Information: The register 'X_reg[3][3][10]' will be removed. (OPT-1207)
Information: The register 'X_reg[3][3][9]' will be removed. (OPT-1207)
Information: The register 'X_reg[3][3][8]' will be removed. (OPT-1207)
Information: The register 'X_reg[3][3][7]' will be removed. (OPT-1207)
Information: The register 'X_reg[3][3][6]' will be removed. (OPT-1207)
Information: The register 'X_reg[3][3][5]' will be removed. (OPT-1207)
Information: The register 'X_reg[3][3][4]' will be removed. (OPT-1207)
Information: The register 'X_reg[3][3][3]' will be removed. (OPT-1207)
Information: The register 'X_reg[3][3][2]' will be removed. (OPT-1207)
Information: The register 'X_reg[3][3][1]' will be removed. (OPT-1207)
  Mapping Optimization (Phase 1)

                                  TOTAL                                                            
   ELAPSED            WORST NEG   SETUP    DESIGN                              LEAKAGE   MIN DELAY 
    TIME      AREA      SLACK     COST    RULE COST         ENDPOINT            POWER      COST    
  --------- --------- --------- --------- --------- ------------------------- --------- -----------
    0:00:24  926089.7      0.00      -0.0       0.0                           140255824.0000      0.00  
    0:00:24  925836.9      0.22       8.2       0.0                           140221984.0000      0.00  

  Beginning Constant Register Removal
  -----------------------------------
    0:00:25  926026.5      0.22       8.2       0.0                           140269200.0000      0.00  
    0:00:25  926026.5      0.22       8.2       0.0                           140269200.0000      0.00  

  Beginning Global Optimizations
  ------------------------------
  Numerical Synthesis (Phase 1)
  Numerical Synthesis (Phase 2)
  Global Optimization (Phase 1)
  Global Optimization (Phase 2)
  Global Optimization (Phase 3)
  Global Optimization (Phase 4)
  Global Optimization (Phase 5)
  Global Optimization (Phase 6)
  Global Optimization (Phase 7)
  Global Optimization (Phase 8)
  Global Optimization (Phase 9)
  Global Optimization (Phase 10)
  Global Optimization (Phase 11)
  Global Optimization (Phase 12)
  Global Optimization (Phase 13)
  Global Optimization (Phase 14)
  Global Optimization (Phase 15)
  Global Optimization (Phase 16)
  Global Optimization (Phase 17)
  Global Optimization (Phase 18)
  Global Optimization (Phase 19)
  Global Optimization (Phase 20)
  Global Optimization (Phase 21)
  Global Optimization (Phase 22)
  Global Optimization (Phase 23)
  Global Optimization (Phase 24)
  Global Optimization (Phase 25)
  Global Optimization (Phase 26)
  Global Optimization (Phase 27)
  Global Optimization (Phase 28)
  Global Optimization (Phase 29)
  Global Optimization (Phase 30)
  Global Optimization (Phase 31)

  Beginning Isolate Ports
  -----------------------

  Beginning Delay Optimization
  ----------------------------
    0:00:30  611731.6      0.89     205.9       0.0                           68368688.0000      0.00  
  Mapping 'SS_DP_OP_264J1_123_6050_1'
  Mapping 'SS_DP_OP_263J1_122_6050_1'
    0:00:42  616707.9      0.00       0.0       0.4                           69490328.0000      0.00  
    0:00:42  616707.9      0.00       0.0       0.4                           69490328.0000      0.00  
    0:00:42  616707.9      0.00       0.0       0.4                           69490328.0000      0.00  
    0:00:43  615324.1      0.01       0.0       0.4                           69269600.0000      0.00  
    0:00:44  615324.1      0.01       0.0       0.4                           69269600.0000      0.00  

  Beginning WLM Backend Optimization
  --------------------------------------
    0:00:47  611734.9      0.01       0.1       0.0                           68426384.0000      0.00  
    0:00:47  610823.5      0.01       0.1       0.0                           68288752.0000      0.00  
    0:00:47  610730.4      0.00       0.0       0.0                           68266888.0000      0.00  
    0:00:47  610730.4      0.00       0.0       0.0                           68266888.0000      0.00  
    0:00:49  606223.1      0.00       0.0       0.0                           66173728.0000      0.00  
    0:00:49  606223.1      0.00       0.0       0.0                           66173728.0000      0.00  
    0:00:49  606223.1      0.00       0.0       0.0                           66173728.0000      0.00  
    0:00:49  606223.1      0.00       0.0       0.0                           66173728.0000      0.00  
    0:00:49  606223.1      0.00       0.0       0.0                           66173728.0000      0.00  
    0:00:49  606223.1      0.00       0.0       0.0                           66173728.0000      0.00  
    0:00:49  606223.1      0.00       0.0       0.0                           66173728.0000      0.00  
    0:00:49  606223.1      0.00       0.0       0.0                           66173728.0000      0.00  
    0:00:49  606223.1      0.00       0.0       0.0                           66173728.0000      0.00  
    0:00:49  606223.1      0.00       0.0       0.0                           66173728.0000      0.00  
    0:00:49  606223.1      0.00       0.0       0.0                           66173728.0000      0.00  
    0:00:49  606223.1      0.00       0.0       0.0                           66173728.0000      0.00  
    0:00:49  606223.1      0.00       0.0       0.0                           66173728.0000      0.00  
    0:00:49  606223.1      0.00       0.0       0.0                           66173728.0000      0.00  
    0:00:49  606223.1      0.00       0.0       0.0                           66173728.0000      0.00  
    0:00:49  606223.1      0.00       0.0       0.0                           66173728.0000      0.00  
    0:00:49  606223.1      0.00       0.0       0.0                           66173728.0000      0.00  
    0:00:49  606223.1      0.00       0.0       0.0                           66173728.0000      0.00  
    0:00:49  606223.1      0.00       0.0       0.0                           66173728.0000      0.00  
    0:00:49  606223.1      0.00       0.0       0.0                           66173728.0000      0.00  
    0:00:49  606223.1      0.00       0.0       0.0                           66173728.0000      0.00  


  Beginning Leakage Power Optimization  (max_leakage_power 0)
  ------------------------------------

                                  TOTAL                                                            
   ELAPSED            WORST NEG   SETUP    DESIGN                              LEAKAGE   MIN DELAY 
    TIME      AREA      SLACK     COST    RULE COST         ENDPOINT            POWER      COST    
  --------- --------- --------- --------- --------- ------------------------- --------- -----------
    0:00:49  606223.1      0.00       0.0       0.0                           66173728.0000      0.00  
  Global Optimization (Phase 32)
  Global Optimization (Phase 33)
  Global Optimization (Phase 34)
  Global Optimization (Phase 35)
  Global Optimization (Phase 36)
  Global Optimization (Phase 37)
  Global Optimization (Phase 38)
  Global Optimization (Phase 39)
  Global Optimization (Phase 40)
  Global Optimization (Phase 41)
  Global Optimization (Phase 42)
  Global Optimization (Phase 43)
  Global Optimization (Phase 44)
  Global Optimization (Phase 45)
    0:00:55  595947.8      0.05       3.7       0.0                           62566264.0000      0.00  
    0:01:01  602966.6      0.03       1.5       0.0                           63894252.0000      0.00  
    0:01:01  602966.6      0.03       1.5       0.0                           63894252.0000      0.00  
    0:01:02  595701.7      0.02       1.0       0.0                           62547656.0000      0.00  
    0:01:02  595701.7      0.02       1.0       0.0                           62547656.0000      0.00  
    0:01:07  601023.9      0.01       0.2       2.8                           63502652.0000      0.00  
    0:01:07  601023.9      0.01       0.2       2.8                           63502652.0000      0.00  
    0:01:07  601193.6      0.00       0.0       2.8                           63557176.0000      0.00  
    0:01:07  601193.6      0.00       0.0       2.8                           63557176.0000      0.00  
    0:01:09  601193.6      0.00       0.0       2.8                           63557176.0000      0.00  
    0:01:09  601193.6      0.00       0.0       2.8                           63557176.0000      0.00  
    0:01:09  601193.6      0.00       0.0       2.8                           63557176.0000      0.00  
    0:01:09  601193.6      0.00       0.0       2.8                           63557176.0000      0.00  
    0:01:09  601193.6      0.00       0.0       2.8                           63557176.0000      0.00  
    0:01:09  601193.6      0.00       0.0       2.8                           63557176.0000      0.00  
    0:01:09  601193.6      0.00       0.0       2.8                           63557176.0000      0.00  
    0:01:09  601193.6      0.00       0.0       2.8                           63557176.0000      0.00  
    0:01:09  601193.6      0.00       0.0       2.8                           63557176.0000      0.00  
    0:01:09  601193.6      0.00       0.0       2.8                           63557176.0000      0.00  
    0:01:09  601193.6      0.00       0.0       2.8                           63557176.0000      0.00  
    0:01:09  601193.6      0.00       0.0       2.8                           63557176.0000      0.00  
    0:01:09  601193.6      0.00       0.0       2.8                           63557176.0000      0.00  

                                  TOTAL                                                            
   ELAPSED            WORST NEG   SETUP    DESIGN                              LEAKAGE   MIN DELAY 
    TIME      AREA      SLACK     COST    RULE COST         ENDPOINT            POWER      COST    
  --------- --------- --------- --------- --------- ------------------------- --------- -----------
    0:01:09  601193.6      0.00       0.0       2.8                           63557176.0000      0.00  
    0:01:11  589977.0      0.00       0.0       0.0                           60939152.0000      0.00  
    0:01:11  589977.0      0.00       0.0       0.0                           60939152.0000      0.00  
    0:01:11  589977.0      0.00       0.0       0.0                           60939152.0000      0.00  
    0:01:12  589211.9      0.00       0.0       0.0                           60730800.0000      0.00  
    0:01:13  587888.0      0.00       0.0       0.0                           60424776.0000      0.00  
    0:01:14  587794.8      0.00       0.0       0.0                           60329944.0000      0.00  
    0:01:14  587794.8      0.00       0.0       0.0                           60329944.0000      0.00  
    0:01:14  587794.8      0.00       0.0       0.0                           60329944.0000      0.00  
    0:01:14  587794.8      0.00       0.0       0.0                           60329944.0000      0.00  
    0:01:14  587794.8      0.00       0.0       0.0                           60329944.0000      0.00  
    0:01:14  587794.8      0.00       0.0       0.0                           60329944.0000      0.00  
    0:01:16  581178.6      0.00       0.0       0.0                           59231700.0000      0.00  
Loading db file '/RAID2/COURSE/iclab/iclabta01/umc018/Synthesis/slow.db'


Note: Symbol # after min delay cost means estimated hold TNS across all active scenarios 


  Optimization Complete
  ---------------------
Warning: Design 'SS' contains 2 high-fanout nets. A fanout number of 1000 will be used for delay calculations involving these nets. (TIM-134)
     Net 'clk': 1698 load(s), 1 driver(s)
     Net 'rst_n': 1698 load(s), 1 driver(s)
Information: State dependent leakage is now switched from off to on.
Information: Propagating switching activity (low effort zero delay simulation). (PWR-6)
1
#======================================================
#  Output Reports 
#======================================================
report_timing >  Report/SS\.timing
report_area >  Report/SS\.area
report_resource >  Report/SS\.resource
#======================================================
#  Change Naming Rule
#======================================================
set bus_inference_style "%s\[%d\]"
%s[%d]
set bus_naming_style "%s\[%d\]"
%s[%d]
set hdlout_internal_busses true
true
change_names -hierarchy -rule verilog
1
define_name_rules name_rule -allowed "a-z A-Z 0-9 _" -max_length 255 -type cell
1
define_name_rules name_rule -allowed "a-z A-Z 0-9 _[]" -max_length 255 -type net
1
define_name_rules name_rule -map {{"\\*cell\\*" "cell"}}
1
change_names -hierarchy -rules name_rule
1
#======================================================
#  Output Results
#======================================================
set verilogout_higher_designs_first true
true
write -format verilog -output Netlist/SS\_SYN.sv -hierarchy
Writing verilog file '/RAID2/COURSE/dcs/dcs064/OT/02_SYN/Netlist/SS_SYN.sv'.
1
write_sdf -version 3.0 -context verilog -load_delay cell Netlist/SS\_SYN.sdf -significant_digits 6
Information: Writing timing information to file '/RAID2/COURSE/dcs/dcs064/OT/02_SYN/Netlist/SS_SYN.sdf'. (WT-3)
1
#======================================================
#  Finish and Quit
#======================================================
report_area
 
****************************************
Report : area
Design : SS
Version: T-2022.03
Date   : Fri Jun  2 15:31:59 2023
****************************************

Library(s) Used:

    slow (File: /RAID2/COURSE/iclab/iclabta01/umc018/Synthesis/slow.db)

Number of ports:                           61
Number of nets:                         21480
Number of cells:                        19176
Number of combinational cells:          17478
Number of sequential cells:              1698
Number of macros/black boxes:               0
Number of buf/inv:                       2362
Number of references:                      97

Combinational area:             454213.269730
Buf/Inv area:                    26581.263198
Noncombinational area:          126965.361855
Macro/Black Box area:                0.000000
Net Interconnect area:      undefined  (No wire load specified)

Total cell area:                581178.631584
Total area:                 undefined
1
report_timing
 
****************************************
Report : timing
        -path full
        -delay max
        -max_paths 1
Design : SS
Version: T-2022.03
Date   : Fri Jun  2 15:31:59 2023
****************************************

 # A fanout number of 1000 was used for high fanout net computations.

Operating Conditions: slow   Library: slow
Wire Load Model Mode: top

  Startpoint: cnt_reg_5_ (rising edge-triggered flip-flop clocked by clk)
  Endpoint: out_value_reg_29_
            (rising edge-triggered flip-flop clocked by clk)
  Path Group: clk
  Path Type: max

  Point                                    Incr       Path
  -----------------------------------------------------------
  clock clk (rise edge)                    0.00       0.00
  clock network delay (ideal)              0.00       0.00
  cnt_reg_5_/CK (DFFRHQX2)                 0.00 #     0.00 r
  cnt_reg_5_/Q (DFFRHQX2)                  0.33       0.33 r
  U13167/Y (NAND2BX1)                      0.27       0.60 r
  U13168/Y (NOR2X2)                        0.17       0.77 f
  U8950/Y (AOI21X1)                        0.21       0.98 r
  U5047/Y (CLKINVX2)                       0.23       1.21 f
  U7780/Y (INVX2)                          0.41       1.62 r
  U7507/Y (MX2XL)                          0.50       2.11 r
  U6609/S (CMPR42X1)                       0.87       2.99 f
  U15170/Y (NAND2XL)                       0.17       3.15 r
  U4649/Y (OAI21X1)                        0.18       3.34 f
  U5846/Y (AOI21X2)                        0.22       3.56 r
  U5847/Y (OAI21X1)                        0.14       3.70 f
  U7776/Y (INVXL)                          0.29       3.99 r
  U15266/Y (OAI21XL)                       0.11       4.10 f
  U15267/Y (AOI21XL)                       0.19       4.29 r
  U15272/Y (XOR2X1)                        0.25       4.54 f
  U15273/Y (AND2XL)                        0.19       4.72 f
  out_value_reg_29_/D (DFFRHQXL)           0.00       4.72 f
  data arrival time                                   4.72

  clock clk (rise edge)                    5.00       5.00
  clock network delay (ideal)              0.00       5.00
  out_value_reg_29_/CK (DFFRHQXL)          0.00       5.00 r
  library setup time                      -0.28       4.72
  data required time                                  4.72
  -----------------------------------------------------------
  data required time                                  4.72
  data arrival time                                  -4.72
  -----------------------------------------------------------
  slack (MET)                                         0.00


1
exit
Memory usage for this session 245 Mbytes.
Memory usage for this session including child processes 272 Mbytes.
CPU usage for this session 80 seconds ( 0.02 hours ).
Elapsed time for this session 90 seconds ( 0.03 hours ).

Thank you...
