
                           Design Compiler Graphical 
                                 DC Ultra (TM)
                                  DFTMAX (TM)
                              Power Compiler (TM)
                                 DesignWare (R)
                                 DC Expert (TM)
                               Design Vision (TM)
                               HDL Compiler (TM)
                               VHDL Compiler (TM)
                                  DFT Compiler
                               Design Compiler(R)

                 Version T-2022.03 for linux64 - Feb 22, 2022 

                    Copyright (c) 1988 - 2022 Synopsys, Inc.
   This software and the associated documentation are proprietary to Synopsys,
 Inc. This software may only be used in accordance with the terms and conditions
 of a written license agreement with Synopsys, Inc. All other use, reproduction,
   or distribution of this software is strictly prohibited.  Licensed Products
     communicate with Synopsys servers for the purpose of providing software
    updates, detecting software piracy and verifying that customers are using
    Licensed Products in conformity with the applicable License Key for such
  Licensed Products. Synopsys will use information gathered in connection with
    this process to deliver software updates and pursue software pirates and
                                   infringers.

 Inclusivity & Diversity - Visit SolvNetPlus to read the "Synopsys Statement on
            Inclusivity and Diversity" (Refer to article 000036315 at
                        https://solvnetplus.synopsys.com)
Initializing...
#======================================================
#
# Synopsys Synthesis Scripts (Design Vision dctcl mode)
#
#======================================================
#======================================================
#  Set Libraries
#======================================================
set search_path {  ./../01_RTL \
                   ~iclabta01/umc018/Synthesis/ \
                   /usr/synthesis/libraries/syn/ \ 
                   /usr/synthesis/dw/ }
  ./../01_RTL  ~iclabta01/umc018/Synthesis/  /usr/synthesis/libraries/syn/ \ 
                   /usr/synthesis/dw/ 
set synthetic_library {dw_foundation.sldb}
dw_foundation.sldb
set link_library {* dw_foundation.sldb standard.sldb slow.db }
* dw_foundation.sldb standard.sldb slow.db 
set target_library {slow.db}
slow.db
#======================================================
#  Global Parameters
#======================================================
#set DESIGN "Sort"
set MAX_Delay 10
10
#set CYCLE 10
#======================================================
#  Read RTL Code
#======================================================
read_sverilog {Sort.sv}
Loading db file '/usr/cad/synopsys/synthesis/2022.03/libraries/syn/dw_foundation.sldb'
Loading db file '/usr/cad/synopsys/synthesis/2022.03/libraries/syn/standard.sldb'
Loading db file '/RAID2/COURSE/iclab/iclabta01/umc018/Synthesis/slow.db'
Loading db file '/usr/cad/synopsys/synthesis/2022.03/libraries/syn/gtech.db'
  Loading link library 'slow'
  Loading link library 'gtech'
Loading sverilog file '/RAID2/COURSE/dcs/dcs064/Lab02/01_RTL/Sort.sv'
Detecting input file type automatically (-rtl or -netlist).
Reading with Presto HDL Compiler (equivalent to -rtl option).
Running PRESTO HDLC
Compiling source file /RAID2/COURSE/dcs/dcs064/Lab02/01_RTL/Sort.sv
Presto compilation completed successfully.
Current design is now '/RAID2/COURSE/dcs/dcs064/Lab02/01_RTL/Sort.db:Sort'
Loaded 1 design.
Current design is 'Sort'.
Sort
current_design Sort
Current design is 'Sort'.
{Sort}
#======================================================
#  Global Setting
#======================================================
set_wire_load_mode top
1
#======================================================
#  Set Design Constraints
#======================================================
#create_clock -name "clk" -period $CYCLE clk
#set_input_delay  [ expr $CYCLE*0.5 ] -clock clk [all_inputs]
#set_output_delay [ expr $CYCLE*0.5 ] -clock clk [all_outputs]
#set_input_delay 0 -clock clk clk
#set_input_delay 0 -clock clk rst_n
set_load 0.05 [all_outputs]
1
set_max_delay $MAX_Delay -from [all_inputs] -to [all_outputs]
1
#set_dont_use slow/JKFF*
#======================================================
#  Optimization
#======================================================
uniquify
1
set_fix_multiple_port_nets -all -buffer_constants
1
compile_ultra
Information: Performing power optimization. (PWR-850)
Alib files are up-to-date.
Information: Evaluating DesignWare library utilization. (UISN-27)

============================================================================
| DesignWare Building Block Library  |         Version         | Available |
============================================================================
| Basic DW Building Blocks           | S-2021.06-DWBB_202106.0 |     *     |
| Licensed DW Building Blocks        | S-2021.06-DWBB_202106.0 |     *     |
============================================================================

====================================================================================================
| Flow Information                                                                                 |
----------------------------------------------------------------------------------------------------
| Flow         | Design Compiler WLM                                                               |
| Comand line  | compile_ultra                                                                     |
====================================================================================================
| Design Information                                      | Value                                  |
====================================================================================================
| Number of Scenarios                                     | 0                                      |
| Leaf Cell Count                                         | 36                                     |
| Number of User Hierarchies                              | 0                                      |
| Sequential Cell Count                                   | 0                                      |
| Macro Count                                             | 0                                      |
| Number of Power Domains                                 | 0                                      |
| Number of Path Groups                                   | 1                                      |
| Number of VT class                                      | 0                                      |
| Number of Clocks                                        | 0                                      |
| Number of Dont Touch cells                              | 18                                     |
| Number of Dont Touch nets                               | 0                                      |
| Number of size only cells                               | 0                                      |
| Design with UPF Data                                    | false                                  |
----------------------------------------------------------------------------------------------------
| Variables                                               | Value                                  |
----------------------------------------------------------------------------------------------------
| set_fix_multiple_port_nets                              | -all -buffer_constants                 |
====================================================================================================
Information: Sequential output inversion is enabled.  SVF file must be used for formal verification. (OPT-1208)
  Simplifying Design 'Sort'

Loaded alib file './alib-52/slow.db.alib'
  Building model 'DW01_NAND2'
Information: Ungrouping 0 of 1 hierarchies before Pass 1 (OPT-775)
Information: State dependent leakage is now switched from on to off.

  Beginning Pass 1 Mapping
  ------------------------
  Processing 'Sort'
 Implement Synthetic for 'Sort'.
Information: Added key list 'DesignWare' to design 'Sort'. (DDB-72)

  Updating timing information
Information: Updating design information... (UID-85)
Information: The library cell 'HOLDX1' in the library 'slow' is not characterized for internal power. (PWR-536)
Information: The target library(s) contains cell(s), other than black boxes, that are not characterized for internal power. (PWR-24)

  Beginning Mapping Optimizations  (Ultra High effort)
  -------------------------------

                                  TOTAL                                                
   ELAPSED            WORST NEG   SETUP    DESIGN                              LEAKAGE 
    TIME      AREA      SLACK     COST    RULE COST         ENDPOINT            POWER  
  --------- --------- --------- --------- --------- ------------------------- ---------
    0:00:03    9310.6      0.00       0.0       0.0                           1476464.1250
    0:00:03    9310.6      0.00       0.0       0.0                           1476464.1250

  Beginning Constant Register Removal
  -----------------------------------
    0:00:03    9310.6      0.00       0.0       0.0                           1476464.1250
    0:00:03    9310.6      0.00       0.0       0.0                           1476464.1250

  Beginning Global Optimizations
  ------------------------------
  Numerical Synthesis (Phase 1)
  Numerical Synthesis (Phase 2)
  Global Optimization (Phase 1)
  Global Optimization (Phase 2)
  Global Optimization (Phase 3)
  Global Optimization (Phase 4)
  Global Optimization (Phase 5)
  Global Optimization (Phase 6)
  Global Optimization (Phase 7)
  Global Optimization (Phase 8)
  Global Optimization (Phase 9)
  Global Optimization (Phase 10)
  Global Optimization (Phase 11)
  Global Optimization (Phase 12)
  Global Optimization (Phase 13)
  Global Optimization (Phase 14)
  Global Optimization (Phase 15)
  Global Optimization (Phase 16)
  Global Optimization (Phase 17)
  Global Optimization (Phase 18)
  Global Optimization (Phase 19)
  Global Optimization (Phase 20)
  Global Optimization (Phase 21)
  Global Optimization (Phase 22)
  Global Optimization (Phase 23)
  Global Optimization (Phase 24)
  Global Optimization (Phase 25)
  Global Optimization (Phase 26)
  Global Optimization (Phase 27)
  Global Optimization (Phase 28)

  Beginning Isolate Ports
  -----------------------

  Beginning Delay Optimization
  ----------------------------
    0:00:03    5425.4      1.88       9.4       0.0                           730011.0625
    0:00:03    5308.9      0.00       0.0       0.0                           695858.8125
    0:00:03    5308.9      0.00       0.0       0.0                           695858.8125
    0:00:03    5308.9      0.00       0.0       0.0                           695858.8125
    0:00:03    5308.9      0.00       0.0       0.0                           695858.8125
    0:00:03    5308.9      0.00       0.0       0.0                           695858.8125

  Beginning WLM Backend Optimization
  --------------------------------------
    0:00:03    5189.2      0.00       0.0       0.0                           670720.5000
    0:00:03    5189.2      0.00       0.0       0.0                           670720.5000
    0:00:03    5189.2      0.00       0.0       0.0                           670720.5000
    0:00:03    5086.1      0.00       0.0       0.0                           645217.3125
    0:00:03    5086.1      0.00       0.0       0.0                           645217.3125
    0:00:03    5086.1      0.00       0.0       0.0                           645217.3125
    0:00:03    5086.1      0.00       0.0       0.0                           645217.3125
    0:00:03    5086.1      0.00       0.0       0.0                           645217.3125
    0:00:03    5086.1      0.00       0.0       0.0                           645217.3125
    0:00:03    5086.1      0.00       0.0       0.0                           645217.3125
    0:00:03    5086.1      0.00       0.0       0.0                           645217.3125
    0:00:03    5086.1      0.00       0.0       0.0                           645217.3125
    0:00:03    5086.1      0.00       0.0       0.0                           645217.3125
    0:00:03    5086.1      0.00       0.0       0.0                           645217.3125
    0:00:03    5086.1      0.00       0.0       0.0                           645217.3125
    0:00:03    5086.1      0.00       0.0       0.0                           645217.3125
    0:00:03    5086.1      0.00       0.0       0.0                           645217.3125
    0:00:03    5086.1      0.00       0.0       0.0                           645217.3125
    0:00:03    5086.1      0.00       0.0       0.0                           645217.3125
    0:00:03    5086.1      0.00       0.0       0.0                           645217.3125
    0:00:03    5086.1      0.00       0.0       0.0                           645217.3125
    0:00:03    5086.1      0.00       0.0       0.0                           645217.3125
    0:00:03    5086.1      0.00       0.0       0.0                           645217.3125
    0:00:03    5086.1      0.00       0.0       0.0                           645217.3125


  Beginning Leakage Power Optimization  (max_leakage_power 0)
  ------------------------------------

                                  TOTAL                                                
   ELAPSED            WORST NEG   SETUP    DESIGN                              LEAKAGE 
    TIME      AREA      SLACK     COST    RULE COST         ENDPOINT            POWER  
  --------- --------- --------- --------- --------- ------------------------- ---------
    0:00:03    5086.1      0.00       0.0       0.0                           645217.3125
  Global Optimization (Phase 29)
  Global Optimization (Phase 30)
  Global Optimization (Phase 31)
  Global Optimization (Phase 32)
  Global Optimization (Phase 33)
  Global Optimization (Phase 34)
  Global Optimization (Phase 35)
  Global Optimization (Phase 36)
  Global Optimization (Phase 37)
  Global Optimization (Phase 38)
  Global Optimization (Phase 39)
  Global Optimization (Phase 40)
  Global Optimization (Phase 41)
    0:00:03    4533.9      0.00       0.0       0.0                           490570.0625
    0:00:03    4533.9      0.00       0.0       0.0                           490570.0625
    0:00:03    4533.9      0.00       0.0       0.0                           490570.0625
    0:00:03    4523.9      0.00       0.0       0.0                           488085.6562
    0:00:03    4523.9      0.00       0.0       0.0                           488085.6562
    0:00:03    4523.9      0.00       0.0       0.0                           488085.6562
    0:00:03    4523.9      0.00       0.0       0.0                           488085.6562
    0:00:03    4523.9      0.00       0.0       0.0                           488085.6562
    0:00:03    4523.9      0.00       0.0       0.0                           488085.6562
    0:00:03    4523.9      0.00       0.0       0.0                           488085.6562
    0:00:03    4523.9      0.00       0.0       0.0                           488085.6562
    0:00:03    4523.9      0.00       0.0       0.0                           488085.6562
    0:00:03    4523.9      0.00       0.0       0.0                           488085.6562
    0:00:03    4523.9      0.00       0.0       0.0                           488085.6562
    0:00:03    4523.9      0.00       0.0       0.0                           488085.6562
    0:00:03    4523.9      0.00       0.0       0.0                           488085.6562
    0:00:03    4523.9      0.00       0.0       0.0                           488085.6562
    0:00:03    4523.9      0.00       0.0       0.0                           488085.6562
    0:00:03    4523.9      0.00       0.0       0.0                           488085.6562
    0:00:03    4523.9      0.00       0.0       0.0                           488085.6562
    0:00:03    4523.9      0.00       0.0       0.0                           488085.6562
    0:00:03    4523.9      0.00       0.0       0.0                           488085.6562

                                  TOTAL                                                
   ELAPSED            WORST NEG   SETUP    DESIGN                              LEAKAGE 
    TIME      AREA      SLACK     COST    RULE COST         ENDPOINT            POWER  
  --------- --------- --------- --------- --------- ------------------------- ---------
    0:00:03    4523.9      0.00       0.0       0.0                           488085.6562
    0:00:04    4347.6      0.00       0.0       0.0                           456086.7812
    0:00:04    4347.6      0.00       0.0       0.0                           456086.7812
    0:00:04    4347.6      0.00       0.0       0.0                           456086.7812
    0:00:04    4347.6      0.00       0.0       0.0                           456086.7812
    0:00:04    4357.6      0.00       0.0       0.0                           454932.6562
    0:00:04    4357.6      0.00       0.0       0.0                           454932.6562
    0:00:04    4357.6      0.00       0.0       0.0                           454932.6562
    0:00:04    4357.6      0.00       0.0       0.0                           454932.6562
    0:00:04    4357.6      0.00       0.0       0.0                           454932.6562
    0:00:04    4357.6      0.00       0.0       0.0                           454932.6562
    0:00:04    4347.6      0.00       0.0       0.0                           453501.0625
Loading db file '/RAID2/COURSE/iclab/iclabta01/umc018/Synthesis/slow.db'


Note: Symbol # after min delay cost means estimated hold TNS across all active scenarios 


  Optimization Complete
  ---------------------
Information: State dependent leakage is now switched from off to on.
Information: Propagating switching activity (low effort zero delay simulation). (PWR-6)
Warning: There is no defined clock in the design. (PWR-80)
1
#======================================================
#  Output Reports 
#======================================================
check_design > Report/Sort\.check
report_timing >  Report/Sort\.timing
report_area >  Report/Sort\.area
report_resource >  Report/Sort\.resource
#======================================================
#  Change Naming Rule
#======================================================
set bus_inference_style "%s\[%d\]"
%s[%d]
set bus_naming_style "%s\[%d\]"
%s[%d]
set hdlout_internal_busses true
true
change_names -hierarchy -rule verilog
1
define_name_rules name_rule -allowed "a-z A-Z 0-9 _" -max_length 255 -type cell
1
define_name_rules name_rule -allowed "a-z A-Z 0-9 _[]" -max_length 255 -type net
1
define_name_rules name_rule -map {{"\\*cell\\*" "cell"}}
1
change_names -hierarchy -rules name_rule
1
#======================================================
#  Output Results
#======================================================
set verilogout_higher_designs_first true
true
write -format verilog -output Netlist/Sort\_SYN.v -hierarchy
Writing verilog file '/RAID2/COURSE/dcs/dcs064/Lab02/02_SYN/Netlist/Sort_SYN.v'.
1
write_sdf -version 3.0 -context verilog -load_delay cell Netlist/Sort\_SYN.sdf -significant_digits 6
Information: Writing timing information to file '/RAID2/COURSE/dcs/dcs064/Lab02/02_SYN/Netlist/Sort_SYN.sdf'. (WT-3)
1
#======================================================
#  Finish and Quit
#======================================================
report_area
 
****************************************
Report : area
Design : Sort
Version: T-2022.03
Date   : Thu Jun  1 21:06:33 2023
****************************************

Library(s) Used:

    slow (File: /RAID2/COURSE/iclab/iclabta01/umc018/Synthesis/slow.db)

Number of ports:                           36
Number of nets:                           272
Number of cells:                          242
Number of combinational cells:            242
Number of sequential cells:                 0
Number of macros/black boxes:               0
Number of buf/inv:                         81
Number of references:                      31

Combinational area:               4347.604824
Buf/Inv area:                      808.315229
Noncombinational area:               0.000000
Macro/Black Box area:                0.000000
Net Interconnect area:      undefined  (No wire load specified)

Total cell area:                  4347.604824
Total area:                 undefined
1
report_timing
 
****************************************
Report : timing
        -path full
        -delay max
        -max_paths 1
Design : Sort
Version: T-2022.03
Date   : Thu Jun  1 21:06:33 2023
****************************************

Operating Conditions: slow   Library: slow
Wire Load Model Mode: top

  Startpoint: in_num0[2] (input port)
  Endpoint: out_num[0] (output port)
  Path Group: default
  Path Type: max

  Point                                    Incr       Path
  -----------------------------------------------------------
  input external delay                     0.00       0.00 f
  in_num0[2] (in)                          0.00       0.00 f
  U230/Y (INVX1)                           0.07       0.07 r
  U283/Y (NAND2XL)                         0.07       0.14 f
  U282/Y (OAI211XL)                        0.11       0.26 r
  U244/Y (OAI2BB1XL)                       0.24       0.50 r
  U228/Y (NAND2X1)                         0.10       0.60 f
  U353/Y (OAI21X2)                         0.28       0.88 r
  U337/Y (MXI2XL)                          0.38       1.26 f
  U242/Y (OAI21XL)                         0.23       1.49 r
  U336/Y (OAI211XL)                        0.13       1.61 f
  U210/Y (OAI2BB1XL)                       0.23       1.85 f
  U226/Y (OAI21X1)                         0.16       2.01 r
  U406/Y (NAND2X1)                         0.09       2.10 f
  U225/Y (NAND2X1)                         0.12       2.22 r
  U224/Y (OAI21X2)                         0.25       2.47 f
  U338/Y (MXI2X1)                          0.21       2.68 r
  U312/Y (INVXL)                           0.13       2.81 f
  U240/Y (OAI2BB2XL)                       0.21       3.02 r
  U355/Y (OAI22XL)                         0.15       3.18 f
  U272/Y (AOI2BB2XL)                       0.27       3.45 f
  U219/Y (OAI2BB1X1)                       0.28       3.73 f
  U412/Y (OAI21X2)                         0.28       4.01 r
  U268/Y (MXI2XL)                          0.40       4.41 f
  U363/Y (NAND2XL)                         0.18       4.59 r
  U362/Y (NAND2XL)                         0.08       4.67 f
  U361/Y (OAI21XL)                         0.15       4.81 r
  U266/Y (OAI22XL)                         0.15       4.96 f
  U400/Y (OAI22X1)                         0.27       5.23 r
  U420/CON (AFHCONX2)                      0.19       5.42 f
  U421/CON (AFHCONX2)                      0.43       5.85 r
  U216/Y (MXI2X1)                          0.41       6.26 f
  U215/Y (NAND2XL)                         0.15       6.41 r
  U260/Y (OAI21XL)                         0.11       6.52 f
  U360/Y (OAI22X1)                         0.25       6.77 r
  U427/CON (AFHCONX2)                      0.15       6.92 f
  U237/Y (OAI22X1)                         0.19       7.11 r
  U429/Y (OAI2BB1X2)                       0.22       7.34 r
  U256/Y (NAND2X2)                         0.13       7.47 f
  U378/Y (MXI2XL)                          0.26       7.73 r
  U203/CO (ADDFX1)                         0.54       8.28 r
  U235/CO (ADDFHX1)                        0.24       8.52 r
  U234/Y (OAI21XL)                         0.10       8.62 f
  U402/Y (NAND2X1)                         0.12       8.73 r
  U250/Y (NAND2XL)                         0.09       8.82 f
  U233/Y (AOI222X1)                        0.44       9.26 r
  U232/Y (AOI2BB1X2)                       0.21       9.48 f
  U287/Y (MXI2X1)                          0.52      10.00 r
  out_num[0] (out)                         0.00      10.00 r
  data arrival time                                  10.00

  max_delay                               10.00      10.00
  output external delay                    0.00      10.00
  data required time                                 10.00
  -----------------------------------------------------------
  data required time                                 10.00
  data arrival time                                 -10.00
  -----------------------------------------------------------
  slack (MET)                                         0.00


1
exit

Memory usage for this session 187 Mbytes.
Memory usage for this session including child processes 187 Mbytes.
CPU usage for this session 6 seconds ( 0.00 hours ).
Elapsed time for this session 9 seconds ( 0.00 hours ).

Thank you...
