irun: 15.20-s084: (c) Copyright 1995-2020 Cadence Design Systems, Inc.
TOOL:	irun	15.20-s084: Started on Mar 09, 2023 at 15:35:34 CST
irun
	-timescale 1ns/1fs
	-override_precision
	-sdf_precision 1fs
	TESTBED.sv
	-define GATE
	-debug
	-v /RAID2/COURSE/iclab/iclabta01/umc018/Verilog/umc18_neg.v
	-nontcglitch
	-loadpli1 debpli:novas_pli_boot
file: TESTBED.sv
		errors: 0, warnings: 0
	module worklib.Sort:v
		errors: 0, warnings: 0
	module worklib.TESTBED:sv
		errors: 0, warnings: 0
file: /RAID2/COURSE/iclab/iclabta01/umc018/Verilog/umc18_neg.v
	module umc18_neg.AFHCONX2:v
		errors: 0, warnings: 0
	module umc18_neg.ADDFXL:v
		errors: 0, warnings: 0
	module umc18_neg.AOI21XL:v
		errors: 0, warnings: 0
	module umc18_neg.AOI222XL:v
		errors: 0, warnings: 0
	module umc18_neg.AOI22XL:v
		errors: 0, warnings: 0
	module umc18_neg.AOI2BB1X1:v
		errors: 0, warnings: 0
	module umc18_neg.AOI2BB2XL:v
		errors: 0, warnings: 0
	module umc18_neg.BUFX2:v
		errors: 0, warnings: 0
	module umc18_neg.INVX1:v
		errors: 0, warnings: 0
	module umc18_neg.INVXL:v
		errors: 0, warnings: 0
	module umc18_neg.MX2XL:v
		errors: 0, warnings: 0
	module umc18_neg.MXI2X1:v
		errors: 0, warnings: 0
	module umc18_neg.MXI2XL:v
		errors: 0, warnings: 0
	module umc18_neg.NAND2X1:v
		errors: 0, warnings: 0
	module umc18_neg.NAND2XL:v
		errors: 0, warnings: 0
	module umc18_neg.NOR2X1:v
		errors: 0, warnings: 0
	module umc18_neg.NOR2XL:v
		errors: 0, warnings: 0
	module umc18_neg.NOR2BXL:v
		errors: 0, warnings: 0
	module umc18_neg.OAI211XL:v
		errors: 0, warnings: 0
	module umc18_neg.OAI21X1:v
		errors: 0, warnings: 0
	module umc18_neg.OAI21XL:v
		errors: 0, warnings: 0
	module umc18_neg.OAI22X1:v
		errors: 0, warnings: 0
	module umc18_neg.OAI22XL:v
		errors: 0, warnings: 0
	module umc18_neg.OAI2BB1XL:v
		errors: 0, warnings: 0
	primitive umc18_neg.udp_mux2:v
		errors: 0, warnings: 0
ncelab: *W,LIBLDFL: Failed to load dynamic library debpli:
	debpli.so: cannot open shared object file: No such file or directory or file is not valid ELFCLASS32 library..
		Caching library 'umc18_neg' ....... Done
		Caching library 'worklib' ....... Done
	Elaborating the design hierarchy:
  ADDFXL U357 ( .A(n396), .B(n393), .CI(n369), .CO(n370) );
            |
ncelab: *W,CUVWSP (./Sort_SYN.v,204|12): 1 output port was not connected:
ncelab: (/RAID2/COURSE/iclab/iclabta01/umc018/Verilog/umc18_neg.v,2680): S

  ADDFXL U377 ( .A(n389), .B(n387), .CI(n370), .CO(n378) );
            |
ncelab: *W,CUVWSP (./Sort_SYN.v,224|12): 1 output port was not connected:
ncelab: (/RAID2/COURSE/iclab/iclabta01/umc018/Verilog/umc18_neg.v,2680): S

  AFHCONX2 U387 ( .A(n320), .B(n319), .CI(n266), .CON(n267) );
              |
ncelab: *W,CUVWSP (./Sort_SYN.v,234|14): 1 output port was not connected:
ncelab: (/RAID2/COURSE/iclab/iclabta01/umc018/Verilog/umc18_neg.v,798): S

  AFHCONX2 U388 ( .A(n311), .B(n312), .CI(n267), .CON(n268) );
              |
ncelab: *W,CUVWSP (./Sort_SYN.v,235|14): 1 output port was not connected:
ncelab: (/RAID2/COURSE/iclab/iclabta01/umc018/Verilog/umc18_neg.v,798): S

  AFHCONX2 U389 ( .A(n331), .B(n334), .CI(n268), .CON(n269) );
              |
ncelab: *W,CUVWSP (./Sort_SYN.v,236|14): 1 output port was not connected:
ncelab: (/RAID2/COURSE/iclab/iclabta01/umc018/Verilog/umc18_neg.v,798): S

  AFHCONX2 U390 ( .A(n303), .B(n270), .CI(n269), .CON(n332) );
              |
ncelab: *W,CUVWSP (./Sort_SYN.v,237|14): 1 output port was not connected:
ncelab: (/RAID2/COURSE/iclab/iclabta01/umc018/Verilog/umc18_neg.v,798): S

  AFHCONX2 U397 ( .A(n358), .B(n340), .CI(n360), .CON(n329) );
              |
ncelab: *W,CUVWSP (./Sort_SYN.v,244|14): 1 output port was not connected:
ncelab: (/RAID2/COURSE/iclab/iclabta01/umc018/Verilog/umc18_neg.v,798): S

  AFHCONX2 U398 ( .A(n353), .B(n354), .CI(n329), .CON(n330) );
              |
ncelab: *W,CUVWSP (./Sort_SYN.v,245|14): 1 output port was not connected:
ncelab: (/RAID2/COURSE/iclab/iclabta01/umc018/Verilog/umc18_neg.v,798): S

  AFHCONX2 U399 ( .A(n348), .B(n349), .CI(n330), .CON(n335) );
              |
ncelab: *W,CUVWSP (./Sort_SYN.v,246|14): 1 output port was not connected:
ncelab: (/RAID2/COURSE/iclab/iclabta01/umc018/Verilog/umc18_neg.v,798): S

	Top level design units:
		TESTBED
ncelab: *W,DSEMEL: This SystemVerilog design will be simulated as per IEEE 1800-2009 SystemVerilog simulation semantics. Use -disable_sem2009 option for turning off SV 2009 simulation semantics.
	Reading SDF file from location "Sort_SYN.sdf"
	Writing compiled SDF file to "Sort_SYN.sdf.X".
	Annotating SDF timing data:
		Compiled SDF file:     Sort_SYN.sdf.X
		Log file:              
		Backannotation scope:  TESTBED.I_Sort
		Configuration file:    
		MTM control:           
		Scale factors:         
		Scale type:            
ncelab: *W,SDFNEP: Unable to annotate to non-existent path (IOPATH (posedge A) S) of instance TESTBED.I_Sort.U399 of module AFHCONX2 <./Sort_SYN.sdf, line 623>.
ncelab: *W,SDFNEP: Unable to annotate to non-existent path (IOPATH (negedge A) S) of instance TESTBED.I_Sort.U399 of module AFHCONX2 <./Sort_SYN.sdf, line 624>.
ncelab: *W,SDFNEP: Unable to annotate to non-existent path (IOPATH (posedge B) S) of instance TESTBED.I_Sort.U399 of module AFHCONX2 <./Sort_SYN.sdf, line 629>.
ncelab: *W,SDFNEP: Unable to annotate to non-existent path (IOPATH (negedge B) S) of instance TESTBED.I_Sort.U399 of module AFHCONX2 <./Sort_SYN.sdf, line 630>.
ncelab: *W,SDFNEP: Unable to annotate to non-existent path (IOPATH (posedge CI) S) of instance TESTBED.I_Sort.U399 of module AFHCONX2 <./Sort_SYN.sdf, line 633>.
ncelab: *W,SDFNEP: Unable to annotate to non-existent path (IOPATH (negedge CI) S) of instance TESTBED.I_Sort.U399 of module AFHCONX2 <./Sort_SYN.sdf, line 634>.
ncelab: *W,SDFNEP: Unable to annotate to non-existent path (IOPATH (posedge A) S) of instance TESTBED.I_Sort.U398 of module AFHCONX2 <./Sort_SYN.sdf, line 654>.
ncelab: *W,SDFNEP: Unable to annotate to non-existent path (IOPATH (negedge A) S) of instance TESTBED.I_Sort.U398 of module AFHCONX2 <./Sort_SYN.sdf, line 655>.
ncelab: *W,SDFNEP: Unable to annotate to non-existent path (IOPATH (posedge B) S) of instance TESTBED.I_Sort.U398 of module AFHCONX2 <./Sort_SYN.sdf, line 660>.
ncelab: *W,SDFNEP: Unable to annotate to non-existent path (IOPATH (negedge B) S) of instance TESTBED.I_Sort.U398 of module AFHCONX2 <./Sort_SYN.sdf, line 661>.
ncelab: *W,SDFNEP: Unable to annotate to non-existent path (IOPATH (posedge CI) S) of instance TESTBED.I_Sort.U398 of module AFHCONX2 <./Sort_SYN.sdf, line 664>.
ncelab: *W,SDFNEP: Unable to annotate to non-existent path (IOPATH (negedge CI) S) of instance TESTBED.I_Sort.U398 of module AFHCONX2 <./Sort_SYN.sdf, line 665>.
ncelab: *W,SDFNEP: Unable to annotate to non-existent path (IOPATH (posedge A) S) of instance TESTBED.I_Sort.U397 of module AFHCONX2 <./Sort_SYN.sdf, line 685>.
ncelab: *W,SDFNEP: Unable to annotate to non-existent path (IOPATH (negedge A) S) of instance TESTBED.I_Sort.U397 of module AFHCONX2 <./Sort_SYN.sdf, line 686>.
ncelab: *W,SDFNEP: Unable to annotate to non-existent path (IOPATH (posedge B) S) of instance TESTBED.I_Sort.U397 of module AFHCONX2 <./Sort_SYN.sdf, line 691>.
ncelab: *W,SDFNEP: Unable to annotate to non-existent path (IOPATH (negedge B) S) of instance TESTBED.I_Sort.U397 of module AFHCONX2 <./Sort_SYN.sdf, line 692>.
ncelab: *W,SDFNEP: Unable to annotate to non-existent path (IOPATH (posedge CI) S) of instance TESTBED.I_Sort.U397 of module AFHCONX2 <./Sort_SYN.sdf, line 695>.
ncelab: *W,SDFNEP: Unable to annotate to non-existent path (IOPATH (negedge CI) S) of instance TESTBED.I_Sort.U397 of module AFHCONX2 <./Sort_SYN.sdf, line 696>.
ncelab: *W,SDFNEP: Unable to annotate to non-existent path (IOPATH (posedge A) S) of instance TESTBED.I_Sort.U390 of module AFHCONX2 <./Sort_SYN.sdf, line 775>.
ncelab: *W,SDFNEP: Unable to annotate to non-existent path (IOPATH (negedge A) S) of instance TESTBED.I_Sort.U390 of module AFHCONX2 <./Sort_SYN.sdf, line 776>.
ncelab: *W,SDFNEP: Unable to annotate to non-existent path (IOPATH (posedge B) S) of instance TESTBED.I_Sort.U390 of module AFHCONX2 <./Sort_SYN.sdf, line 781>.
ncelab: *W,SDFNEP: Unable to annotate to non-existent path (IOPATH (negedge B) S) of instance TESTBED.I_Sort.U390 of module AFHCONX2 <./Sort_SYN.sdf, line 782>.
ncelab: *W,SDFNEP: Unable to annotate to non-existent path (IOPATH (posedge CI) S) of instance TESTBED.I_Sort.U390 of module AFHCONX2 <./Sort_SYN.sdf, line 785>.
ncelab: *W,SDFNEP: Unable to annotate to non-existent path (IOPATH (negedge CI) S) of instance TESTBED.I_Sort.U390 of module AFHCONX2 <./Sort_SYN.sdf, line 786>.
ncelab: *W,SDFNEP: Unable to annotate to non-existent path (IOPATH (posedge A) S) of instance TESTBED.I_Sort.U389 of module AFHCONX2 <./Sort_SYN.sdf, line 806>.
ncelab: *W,SDFNEP: Unable to annotate to non-existent path (IOPATH (negedge A) S) of instance TESTBED.I_Sort.U389 of module AFHCONX2 <./Sort_SYN.sdf, line 807>.
ncelab: *W,SDFNEP: Unable to annotate to non-existent path (IOPATH (posedge B) S) of instance TESTBED.I_Sort.U389 of module AFHCONX2 <./Sort_SYN.sdf, line 812>.
ncelab: *W,SDFNEP: Unable to annotate to non-existent path (IOPATH (negedge B) S) of instance TESTBED.I_Sort.U389 of module AFHCONX2 <./Sort_SYN.sdf, line 813>.
ncelab: *W,SDFNEP: Unable to annotate to non-existent path (IOPATH (posedge CI) S) of instance TESTBED.I_Sort.U389 of module AFHCONX2 <./Sort_SYN.sdf, line 816>.
ncelab: *W,SDFNEP: Unable to annotate to non-existent path (IOPATH (negedge CI) S) of instance TESTBED.I_Sort.U389 of module AFHCONX2 <./Sort_SYN.sdf, line 817>.
ncelab: *W,SDFNEP: Unable to annotate to non-existent path (IOPATH (posedge A) S) of instance TESTBED.I_Sort.U388 of module AFHCONX2 <./Sort_SYN.sdf, line 837>.
ncelab: *W,SDFNEP: Unable to annotate to non-existent path (IOPATH (negedge A) S) of instance TESTBED.I_Sort.U388 of module AFHCONX2 <./Sort_SYN.sdf, line 838>.
ncelab: *W,SDFNEP: Unable to annotate to non-existent path (IOPATH (posedge B) S) of instance TESTBED.I_Sort.U388 of module AFHCONX2 <./Sort_SYN.sdf, line 843>.
ncelab: *W,SDFNEP: Unable to annotate to non-existent path (IOPATH (negedge B) S) of instance TESTBED.I_Sort.U388 of module AFHCONX2 <./Sort_SYN.sdf, line 844>.
ncelab: *W,SDFNEP: Unable to annotate to non-existent path (IOPATH (posedge CI) S) of instance TESTBED.I_Sort.U388 of module AFHCONX2 <./Sort_SYN.sdf, line 847>.
ncelab: *W,SDFNEP: Unable to annotate to non-existent path (IOPATH (negedge CI) S) of instance TESTBED.I_Sort.U388 of module AFHCONX2 <./Sort_SYN.sdf, line 848>.
ncelab: *W,SDFNEP: Unable to annotate to non-existent path (IOPATH (posedge A) S) of instance TESTBED.I_Sort.U387 of module AFHCONX2 <./Sort_SYN.sdf, line 868>.
ncelab: *W,SDFNEP: Unable to annotate to non-existent path (IOPATH (negedge A) S) of instance TESTBED.I_Sort.U387 of module AFHCONX2 <./Sort_SYN.sdf, line 869>.
ncelab: *W,SDFNEP: Unable to annotate to non-existent path (IOPATH (posedge B) S) of instance TESTBED.I_Sort.U387 of module AFHCONX2 <./Sort_SYN.sdf, line 874>.
ncelab: *W,SDFNEP: Unable to annotate to non-existent path (IOPATH (negedge B) S) of instance TESTBED.I_Sort.U387 of module AFHCONX2 <./Sort_SYN.sdf, line 875>.
ncelab: *W,SDFNEP: Unable to annotate to non-existent path (IOPATH (posedge CI) S) of instance TESTBED.I_Sort.U387 of module AFHCONX2 <./Sort_SYN.sdf, line 878>.
ncelab: *W,SDFNEP: Unable to annotate to non-existent path (IOPATH (negedge CI) S) of instance TESTBED.I_Sort.U387 of module AFHCONX2 <./Sort_SYN.sdf, line 879>.
ncelab: *W,SDFNEP: Unable to annotate to non-existent path (IOPATH (posedge S0) Y) of instance TESTBED.I_Sort.U383 of module MX2XL <./Sort_SYN.sdf, line 920>.
ncelab: *W,SDFNEP: Unable to annotate to non-existent path (IOPATH (negedge S0) Y) of instance TESTBED.I_Sort.U383 of module MX2XL <./Sort_SYN.sdf, line 921>.
ncelab: *W,SDFNEP: Unable to annotate to non-existent path (IOPATH (posedge A) S) of instance TESTBED.I_Sort.U377 of module ADDFXL <./Sort_SYN.sdf, line 989>.
ncelab: *W,SDFNEP: Unable to annotate to non-existent path (IOPATH (negedge A) S) of instance TESTBED.I_Sort.U377 of module ADDFXL <./Sort_SYN.sdf, line 990>.
ncelab: *W,SDFNEP: Unable to annotate to non-existent path (IOPATH (posedge B) S) of instance TESTBED.I_Sort.U377 of module ADDFXL <./Sort_SYN.sdf, line 995>.
ncelab: *W,SDFNEP: Unable to annotate to non-existent path (IOPATH (negedge B) S) of instance TESTBED.I_Sort.U377 of module ADDFXL <./Sort_SYN.sdf, line 996>.
ncelab: *W,SDFNEP: Unable to annotate to non-existent path (IOPATH (posedge CI) S) of instance TESTBED.I_Sort.U377 of module ADDFXL <./Sort_SYN.sdf, line 999>.
ncelab: *W,SDFNEP: Unable to annotate to non-existent path (IOPATH (negedge CI) S) of instance TESTBED.I_Sort.U377 of module ADDFXL <./Sort_SYN.sdf, line 1000>.
ncelab: *W,SDFNEP: Unable to annotate to non-existent path (IOPATH (posedge S0) Y) of instance TESTBED.I_Sort.U372 of module MXI2XL <./Sort_SYN.sdf, line 1049>.
ncelab: *W,SDFNEP: Unable to annotate to non-existent path (IOPATH (negedge S0) Y) of instance TESTBED.I_Sort.U372 of module MXI2XL <./Sort_SYN.sdf, line 1050>.
ncelab: *W,SDFNEP: Unable to annotate to non-existent path (IOPATH (posedge S0) Y) of instance TESTBED.I_Sort.U371 of module MXI2XL <./Sort_SYN.sdf, line 1063>.
ncelab: *W,SDFNEP: Unable to annotate to non-existent path (IOPATH (negedge S0) Y) of instance TESTBED.I_Sort.U371 of module MXI2XL <./Sort_SYN.sdf, line 1064>.
ncelab: *W,SDFNEP: Unable to annotate to non-existent path (IOPATH (posedge S0) Y) of instance TESTBED.I_Sort.U370 of module MXI2XL <./Sort_SYN.sdf, line 1077>.
ncelab: *W,SDFNEP: Unable to annotate to non-existent path (IOPATH (negedge S0) Y) of instance TESTBED.I_Sort.U370 of module MXI2XL <./Sort_SYN.sdf, line 1078>.
ncelab: *W,SDFNEP: Unable to annotate to non-existent path (IOPATH (posedge S0) Y) of instance TESTBED.I_Sort.U369 of module MXI2XL <./Sort_SYN.sdf, line 1091>.
ncelab: *W,SDFNEP: Unable to annotate to non-existent path (IOPATH (negedge S0) Y) of instance TESTBED.I_Sort.U369 of module MXI2XL <./Sort_SYN.sdf, line 1092>.
ncelab: *W,SDFNEP: Unable to annotate to non-existent path (IOPATH (posedge S0) Y) of instance TESTBED.I_Sort.U368 of module MXI2XL <./Sort_SYN.sdf, line 1105>.
ncelab: *W,SDFNEP: Unable to annotate to non-existent path (IOPATH (negedge S0) Y) of instance TESTBED.I_Sort.U368 of module MXI2XL <./Sort_SYN.sdf, line 1106>.
ncelab: *W,SDFNEP: Unable to annotate to non-existent path (IOPATH (posedge S0) Y) of instance TESTBED.I_Sort.U367 of module MXI2XL <./Sort_SYN.sdf, line 1119>.
ncelab: *W,SDFNEP: Unable to annotate to non-existent path (IOPATH (negedge S0) Y) of instance TESTBED.I_Sort.U367 of module MXI2XL <./Sort_SYN.sdf, line 1120>.
ncelab: *W,SDFNEP: Unable to annotate to non-existent path (IOPATH (posedge S0) Y) of instance TESTBED.I_Sort.U363 of module MXI2XL <./Sort_SYN.sdf, line 1162>.
ncelab: *W,SDFNEP: Unable to annotate to non-existent path (IOPATH (negedge S0) Y) of instance TESTBED.I_Sort.U363 of module MXI2XL <./Sort_SYN.sdf, line 1163>.
ncelab: *W,SDFNEP: Unable to annotate to non-existent path (IOPATH (posedge S0) Y) of instance TESTBED.I_Sort.U362 of module MXI2XL <./Sort_SYN.sdf, line 1176>.
ncelab: *W,SDFNEP: Unable to annotate to non-existent path (IOPATH (negedge S0) Y) of instance TESTBED.I_Sort.U362 of module MXI2XL <./Sort_SYN.sdf, line 1177>.
ncelab: *W,SDFNEP: Unable to annotate to non-existent path (IOPATH (posedge S0) Y) of instance TESTBED.I_Sort.U359 of module MXI2XL <./Sort_SYN.sdf, line 1211>.
ncelab: *W,SDFNEP: Unable to annotate to non-existent path (IOPATH (negedge S0) Y) of instance TESTBED.I_Sort.U359 of module MXI2XL <./Sort_SYN.sdf, line 1212>.
ncelab: *W,SDFNEP: Unable to annotate to non-existent path (IOPATH (posedge A) S) of instance TESTBED.I_Sort.U357 of module ADDFXL <./Sort_SYN.sdf, line 1244>.
ncelab: *W,SDFNEP: Unable to annotate to non-existent path (IOPATH (negedge A) S) of instance TESTBED.I_Sort.U357 of module ADDFXL <./Sort_SYN.sdf, line 1245>.
ncelab: *W,SDFNEP: Unable to annotate to non-existent path (IOPATH (posedge B) S) of instance TESTBED.I_Sort.U357 of module ADDFXL <./Sort_SYN.sdf, line 1250>.
ncelab: *W,SDFNEP: Unable to annotate to non-existent path (IOPATH (negedge B) S) of instance TESTBED.I_Sort.U357 of module ADDFXL <./Sort_SYN.sdf, line 1251>.
ncelab: *W,SDFNEP: Unable to annotate to non-existent path (IOPATH (posedge CI) S) of instance TESTBED.I_Sort.U357 of module ADDFXL <./Sort_SYN.sdf, line 1254>.
ncelab: *W,SDFNEP: Unable to annotate to non-existent path (IOPATH (negedge CI) S) of instance TESTBED.I_Sort.U357 of module ADDFXL <./Sort_SYN.sdf, line 1255>.
ncelab: *W,SDFNEP: Unable to annotate to non-existent path (IOPATH (posedge S0) Y) of instance TESTBED.I_Sort.U355 of module MXI2XL <./Sort_SYN.sdf, line 1277>.
ncelab: *W,SDFNEP: Unable to annotate to non-existent path (IOPATH (negedge S0) Y) of instance TESTBED.I_Sort.U355 of module MXI2XL <./Sort_SYN.sdf, line 1278>.
ncelab: *W,SDFNEP: Unable to annotate to non-existent path (IOPATH (posedge S0) Y) of instance TESTBED.I_Sort.U353 of module MXI2XL <./Sort_SYN.sdf, line 1300>.
ncelab: *W,SDFNEP: Unable to annotate to non-existent path (IOPATH (negedge S0) Y) of instance TESTBED.I_Sort.U353 of module MXI2XL <./Sort_SYN.sdf, line 1301>.
ncelab: *W,SDFNEP: Unable to annotate to non-existent path (IOPATH (posedge S0) Y) of instance TESTBED.I_Sort.U351 of module MXI2XL <./Sort_SYN.sdf, line 1323>.
ncelab: *W,SDFNEP: Unable to annotate to non-existent path (IOPATH (negedge S0) Y) of instance TESTBED.I_Sort.U351 of module MXI2XL <./Sort_SYN.sdf, line 1324>.
ncelab: *W,SDFNEP: Unable to annotate to non-existent path (IOPATH (posedge S0) Y) of instance TESTBED.I_Sort.U349 of module MXI2XL <./Sort_SYN.sdf, line 1346>.
ncelab: *W,SDFNEP: Unable to annotate to non-existent path (IOPATH (negedge S0) Y) of instance TESTBED.I_Sort.U349 of module MXI2XL <./Sort_SYN.sdf, line 1347>.
ncelab: *W,SDFNEP: Unable to annotate to non-existent path (IOPATH (posedge S0) Y) of instance TESTBED.I_Sort.U348 of module MXI2XL <./Sort_SYN.sdf, line 1360>.
ncelab: *W,SDFNEP: Unable to annotate to non-existent path (IOPATH (negedge S0) Y) of instance TESTBED.I_Sort.U348 of module MXI2XL <./Sort_SYN.sdf, line 1361>.
ncelab: *W,SDFNEP: Unable to annotate to non-existent path (IOPATH (posedge S0) Y) of instance TESTBED.I_Sort.U347 of module MXI2XL <./Sort_SYN.sdf, line 1374>.
ncelab: *W,SDFNEP: Unable to annotate to non-existent path (IOPATH (negedge S0) Y) of instance TESTBED.I_Sort.U347 of module MXI2XL <./Sort_SYN.sdf, line 1375>.
ncelab: *W,SDFNEP: Unable to annotate to non-existent path (IOPATH (posedge S0) Y) of instance TESTBED.I_Sort.U345 of module MXI2XL <./Sort_SYN.sdf, line 1397>.
ncelab: *W,SDFNEP: Unable to annotate to non-existent path (IOPATH (negedge S0) Y) of instance TESTBED.I_Sort.U345 of module MXI2XL <./Sort_SYN.sdf, line 1398>.
ncelab: *W,SDFNEP: Unable to annotate to non-existent path (IOPATH (posedge S0) Y) of instance TESTBED.I_Sort.U342 of module MXI2XL <./Sort_SYN.sdf, line 1432>.
ncelab: *W,SDFNEP: Unable to annotate to non-existent path (IOPATH (negedge S0) Y) of instance TESTBED.I_Sort.U342 of module MXI2XL <./Sort_SYN.sdf, line 1433>.
ncelab: *W,SDFNEP: Unable to annotate to non-existent path (IOPATH (posedge S0) Y) of instance TESTBED.I_Sort.U339 of module MXI2XL <./Sort_SYN.sdf, line 1465>.
ncelab: *W,SDFNEP: Unable to annotate to non-existent path (IOPATH (negedge S0) Y) of instance TESTBED.I_Sort.U339 of module MXI2XL <./Sort_SYN.sdf, line 1466>.
ncelab: *W,SDFNEP: Unable to annotate to non-existent path (IOPATH (posedge S0) Y) of instance TESTBED.I_Sort.U334 of module MXI2XL <./Sort_SYN.sdf, line 1516>.
ncelab: *W,SDFNEP: Unable to annotate to non-existent path (IOPATH (negedge S0) Y) of instance TESTBED.I_Sort.U334 of module MXI2XL <./Sort_SYN.sdf, line 1517>.
ncelab: *W,SDFNEP: Unable to annotate to non-existent path (IOPATH (posedge S0) Y) of instance TESTBED.I_Sort.U332 of module MXI2XL <./Sort_SYN.sdf, line 1539>.
ncelab: *W,SDFNEP: Unable to annotate to non-existent path (IOPATH (negedge S0) Y) of instance TESTBED.I_Sort.U332 of module MXI2XL <./Sort_SYN.sdf, line 1540>.
ncelab: *W,SDFNEP: Unable to annotate to non-existent path (IOPATH (posedge S0) Y) of instance TESTBED.I_Sort.U331 of module MXI2XL <./Sort_SYN.sdf, line 1553>.
ncelab: *W,SDFNEP: Unable to annotate to non-existent path (IOPATH (negedge S0) Y) of instance TESTBED.I_Sort.U331 of module MXI2XL <./Sort_SYN.sdf, line 1554>.
ncelab: *W,SDFNEP: Unable to annotate to non-existent path (IOPATH (posedge S0) Y) of instance TESTBED.I_Sort.U323 of module MXI2XL <./Sort_SYN.sdf, line 1642>.
ncelab: *W,SDFNEP: Unable to annotate to non-existent path (IOPATH (negedge S0) Y) of instance TESTBED.I_Sort.U323 of module MXI2XL <./Sort_SYN.sdf, line 1643>.
ncelab: *W,SDFNEP: Unable to annotate to non-existent path (IOPATH (posedge S0) Y) of instance TESTBED.I_Sort.U322 of module MXI2XL <./Sort_SYN.sdf, line 1656>.
ncelab: *W,SDFNEP: Unable to annotate to non-existent path (IOPATH (negedge S0) Y) of instance TESTBED.I_Sort.U322 of module MXI2XL <./Sort_SYN.sdf, line 1657>.
ncelab: *W,SDFNEP: Unable to annotate to non-existent path (IOPATH (posedge S0) Y) of instance TESTBED.I_Sort.U319 of module MXI2XL <./Sort_SYN.sdf, line 1688>.
ncelab: *W,SDFNEP: Unable to annotate to non-existent path (IOPATH (negedge S0) Y) of instance TESTBED.I_Sort.U319 of module MXI2XL <./Sort_SYN.sdf, line 1689>.
ncelab: *W,SDFNEP: Unable to annotate to non-existent path (IOPATH (posedge S0) Y) of instance TESTBED.I_Sort.U318 of module MXI2XL <./Sort_SYN.sdf, line 1702>.
ncelab: *W,SDFNEP: Unable to annotate to non-existent path (IOPATH (negedge S0) Y) of instance TESTBED.I_Sort.U318 of module MXI2XL <./Sort_SYN.sdf, line 1703>.
ncelab: *W,SDFNEP: Unable to annotate to non-existent path (IOPATH (posedge S0) Y) of instance TESTBED.I_Sort.U314 of module MXI2XL <./Sort_SYN.sdf, line 1744>.
ncelab: *W,SDFNEP: Unable to annotate to non-existent path (IOPATH (negedge S0) Y) of instance TESTBED.I_Sort.U314 of module MXI2XL <./Sort_SYN.sdf, line 1745>.
ncelab: *W,SDFNEP: Unable to annotate to non-existent path (IOPATH (posedge S0) Y) of instance TESTBED.I_Sort.U286 of module MXI2XL <./Sort_SYN.sdf, line 2042>.
ncelab: *W,SDFNEP: Unable to annotate to non-existent path (IOPATH (negedge S0) Y) of instance TESTBED.I_Sort.U286 of module MXI2XL <./Sort_SYN.sdf, line 2043>.
ncelab: *W,SDFNEP: Unable to annotate to non-existent path (IOPATH (posedge S0) Y) of instance TESTBED.I_Sort.U285 of module MXI2XL <./Sort_SYN.sdf, line 2056>.
ncelab: *W,SDFNEP: Unable to annotate to non-existent path (IOPATH (negedge S0) Y) of instance TESTBED.I_Sort.U285 of module MXI2XL <./Sort_SYN.sdf, line 2057>.
ncelab: *W,SDFNEP: Unable to annotate to non-existent path (IOPATH (posedge S0) Y) of instance TESTBED.I_Sort.U282 of module MXI2XL <./Sort_SYN.sdf, line 2088>.
ncelab: *W,SDFNEP: Unable to annotate to non-existent path (IOPATH (negedge S0) Y) of instance TESTBED.I_Sort.U282 of module MXI2XL <./Sort_SYN.sdf, line 2089>.
ncelab: *W,SDFNEP: Unable to annotate to non-existent path (IOPATH (posedge S0) Y) of instance TESTBED.I_Sort.U281 of module MXI2XL <./Sort_SYN.sdf, line 2102>.
ncelab: *W,SDFNEP: Unable to annotate to non-existent path (IOPATH (negedge S0) Y) of instance TESTBED.I_Sort.U281 of module MXI2XL <./Sort_SYN.sdf, line 2103>.
ncelab: *W,SDFNEP: Unable to annotate to non-existent path (IOPATH (posedge S0) Y) of instance TESTBED.I_Sort.U280 of module MXI2XL <./Sort_SYN.sdf, line 2116>.
ncelab: *W,SDFNEP: Unable to annotate to non-existent path (IOPATH (negedge S0) Y) of instance TESTBED.I_Sort.U280 of module MXI2XL <./Sort_SYN.sdf, line 2117>.
ncelab: *W,SDFNEP: Unable to annotate to non-existent path (IOPATH (posedge S0) Y) of instance TESTBED.I_Sort.U279 of module MXI2XL <./Sort_SYN.sdf, line 2130>.
ncelab: *W,SDFNEP: Unable to annotate to non-existent path (IOPATH (negedge S0) Y) of instance TESTBED.I_Sort.U279 of module MXI2XL <./Sort_SYN.sdf, line 2131>.
ncelab: *W,SDFNEP: Unable to annotate to non-existent path (IOPATH (posedge S0) Y) of instance TESTBED.I_Sort.U264 of module MXI2XL <./Sort_SYN.sdf, line 2283>.
ncelab: *W,SDFNEP: Unable to annotate to non-existent path (IOPATH (negedge S0) Y) of instance TESTBED.I_Sort.U264 of module MXI2XL <./Sort_SYN.sdf, line 2284>.
ncelab: *W,SDFNEP: Unable to annotate to non-existent path (IOPATH (posedge S0) Y) of instance TESTBED.I_Sort.U262 of module MXI2XL <./Sort_SYN.sdf, line 2306>.
ncelab: *W,SDFNEP: Unable to annotate to non-existent path (IOPATH (negedge S0) Y) of instance TESTBED.I_Sort.U262 of module MXI2XL <./Sort_SYN.sdf, line 2307>.
ncelab: *W,SDFNEP: Unable to annotate to non-existent path (IOPATH (posedge S0) Y) of instance TESTBED.I_Sort.U259 of module MXI2XL <./Sort_SYN.sdf, line 2338>.
ncelab: *W,SDFNEP: Unable to annotate to non-existent path (IOPATH (negedge S0) Y) of instance TESTBED.I_Sort.U259 of module MXI2XL <./Sort_SYN.sdf, line 2339>.
ncelab: *W,SDFNEP: Unable to annotate to non-existent path (IOPATH (posedge S0) Y) of instance TESTBED.I_Sort.U258 of module MXI2XL <./Sort_SYN.sdf, line 2352>.
ncelab: *W,SDFNEP: Unable to annotate to non-existent path (IOPATH (negedge S0) Y) of instance TESTBED.I_Sort.U258 of module MXI2XL <./Sort_SYN.sdf, line 2353>.
ncelab: *W,SDFNEP: Unable to annotate to non-existent path (IOPATH (posedge S0) Y) of instance TESTBED.I_Sort.U256 of module MXI2XL <./Sort_SYN.sdf, line 2375>.
ncelab: *W,SDFNEP: Unable to annotate to non-existent path (IOPATH (negedge S0) Y) of instance TESTBED.I_Sort.U256 of module MXI2XL <./Sort_SYN.sdf, line 2376>.
ncelab: *W,SDFNEP: Unable to annotate to non-existent path (IOPATH (posedge S0) Y) of instance TESTBED.I_Sort.U255 of module MXI2XL <./Sort_SYN.sdf, line 2389>.
ncelab: *W,SDFNEP: Unable to annotate to non-existent path (IOPATH (negedge S0) Y) of instance TESTBED.I_Sort.U255 of module MXI2XL <./Sort_SYN.sdf, line 2390>.
ncelab: *W,SDFNEP: Unable to annotate to non-existent path (IOPATH (posedge S0) Y) of instance TESTBED.I_Sort.U254 of module MXI2XL <./Sort_SYN.sdf, line 2403>.
ncelab: *W,SDFNEP: Unable to annotate to non-existent path (IOPATH (negedge S0) Y) of instance TESTBED.I_Sort.U254 of module MXI2XL <./Sort_SYN.sdf, line 2404>.
ncelab: *W,SDFNEP: Unable to annotate to non-existent path (IOPATH (posedge S0) Y) of instance TESTBED.I_Sort.U253 of module MXI2XL <./Sort_SYN.sdf, line 2417>.
ncelab: *W,SDFNEP: Unable to annotate to non-existent path (IOPATH (negedge S0) Y) of instance TESTBED.I_Sort.U253 of module MXI2XL <./Sort_SYN.sdf, line 2418>.
ncelab: *W,SDFNEP: Unable to annotate to non-existent path (IOPATH (posedge S0) Y) of instance TESTBED.I_Sort.U252 of module MXI2XL <./Sort_SYN.sdf, line 2431>.
ncelab: *W,SDFNEP: Unable to annotate to non-existent path (IOPATH (negedge S0) Y) of instance TESTBED.I_Sort.U252 of module MXI2XL <./Sort_SYN.sdf, line 2432>.
ncelab: *W,SDFNEP: Unable to annotate to non-existent path (IOPATH (posedge S0) Y) of instance TESTBED.I_Sort.U246 of module MXI2XL <./Sort_SYN.sdf, line 2498>.
ncelab: *W,SDFNEP: Unable to annotate to non-existent path (IOPATH (negedge S0) Y) of instance TESTBED.I_Sort.U246 of module MXI2XL <./Sort_SYN.sdf, line 2499>.
ncelab: *W,SDFNEP: Unable to annotate to non-existent path (IOPATH (posedge S0) Y) of instance TESTBED.I_Sort.U245 of module MXI2XL <./Sort_SYN.sdf, line 2512>.
ncelab: *W,SDFNEP: Unable to annotate to non-existent path (IOPATH (negedge S0) Y) of instance TESTBED.I_Sort.U245 of module MXI2XL <./Sort_SYN.sdf, line 2513>.
ncelab: *W,SDFNEP: Unable to annotate to non-existent path (IOPATH (posedge S0) Y) of instance TESTBED.I_Sort.U244 of module MXI2XL <./Sort_SYN.sdf, line 2526>.
ncelab: *W,SDFNEP: Unable to annotate to non-existent path (IOPATH (negedge S0) Y) of instance TESTBED.I_Sort.U244 of module MXI2XL <./Sort_SYN.sdf, line 2527>.
ncelab: *W,SDFNEP: Unable to annotate to non-existent path (IOPATH (posedge S0) Y) of instance TESTBED.I_Sort.U242 of module MXI2XL <./Sort_SYN.sdf, line 2549>.
ncelab: *W,SDFNEP: Unable to annotate to non-existent path (IOPATH (negedge S0) Y) of instance TESTBED.I_Sort.U242 of module MXI2XL <./Sort_SYN.sdf, line 2550>.
ncelab: *W,SDFNEP: Unable to annotate to non-existent path (IOPATH (posedge S0) Y) of instance TESTBED.I_Sort.U241 of module MXI2XL <./Sort_SYN.sdf, line 2563>.
ncelab: *W,SDFNEP: Unable to annotate to non-existent path (IOPATH (negedge S0) Y) of instance TESTBED.I_Sort.U241 of module MXI2XL <./Sort_SYN.sdf, line 2564>.
ncelab: *W,SDFNEP: Unable to annotate to non-existent path (IOPATH (posedge S0) Y) of instance TESTBED.I_Sort.U240 of module MXI2XL <./Sort_SYN.sdf, line 2577>.
ncelab: *W,SDFNEP: Unable to annotate to non-existent path (IOPATH (negedge S0) Y) of instance TESTBED.I_Sort.U240 of module MXI2XL <./Sort_SYN.sdf, line 2578>.
ncelab: *W,SDFNEP: Unable to annotate to non-existent path (IOPATH (posedge S0) Y) of instance TESTBED.I_Sort.U239 of module MXI2XL <./Sort_SYN.sdf, line 2591>.
ncelab: *W,SDFNEP: Unable to annotate to non-existent path (IOPATH (negedge S0) Y) of instance TESTBED.I_Sort.U239 of module MXI2XL <./Sort_SYN.sdf, line 2592>.
ncelab: *W,SDFNEP: Unable to annotate to non-existent path (IOPATH (posedge S0) Y) of instance TESTBED.I_Sort.U238 of module MXI2XL <./Sort_SYN.sdf, line 2605>.
ncelab: *W,SDFNEP: Unable to annotate to non-existent path (IOPATH (negedge S0) Y) of instance TESTBED.I_Sort.U238 of module MXI2XL <./Sort_SYN.sdf, line 2606>.
ncelab: *W,SDFNEP: Unable to annotate to non-existent path (IOPATH (posedge S0) Y) of instance TESTBED.I_Sort.U236 of module MXI2XL <./Sort_SYN.sdf, line 2628>.
ncelab: *W,SDFNEP: Unable to annotate to non-existent path (IOPATH (negedge S0) Y) of instance TESTBED.I_Sort.U236 of module MXI2XL <./Sort_SYN.sdf, line 2629>.
ncelab: *W,SDFNEP: Unable to annotate to non-existent path (IOPATH (posedge S0) Y) of instance TESTBED.I_Sort.U231 of module MXI2XL <./Sort_SYN.sdf, line 2686>.
ncelab: *W,SDFNEP: Unable to annotate to non-existent path (IOPATH (negedge S0) Y) of instance TESTBED.I_Sort.U231 of module MXI2XL <./Sort_SYN.sdf, line 2687>.
ncelab: *W,SDFNEP: Unable to annotate to non-existent path (IOPATH (posedge S0) Y) of instance TESTBED.I_Sort.U229 of module MXI2XL <./Sort_SYN.sdf, line 2709>.
ncelab: *W,SDFNEP: Unable to annotate to non-existent path (IOPATH (negedge S0) Y) of instance TESTBED.I_Sort.U229 of module MXI2XL <./Sort_SYN.sdf, line 2710>.
ncelab: *W,SDFNEP: Unable to annotate to non-existent path (IOPATH (posedge S0) Y) of instance TESTBED.I_Sort.U228 of module MXI2XL <./Sort_SYN.sdf, line 2723>.
ncelab: *W,SDFNEP: Unable to annotate to non-existent path (IOPATH (negedge S0) Y) of instance TESTBED.I_Sort.U228 of module MXI2XL <./Sort_SYN.sdf, line 2724>.
ncelab: *W,SDFNEP: Unable to annotate to non-existent path (IOPATH (posedge S0) Y) of instance TESTBED.I_Sort.U227 of module MXI2XL <./Sort_SYN.sdf, line 2737>.
ncelab: *W,SDFNEP: Unable to annotate to non-existent path (IOPATH (negedge S0) Y) of instance TESTBED.I_Sort.U227 of module MXI2XL <./Sort_SYN.sdf, line 2738>.
ncelab: *W,SDFNEP: Unable to annotate to non-existent path (IOPATH (posedge S0) Y) of instance TESTBED.I_Sort.U220 of module MXI2XL <./Sort_SYN.sdf, line 2817>.
ncelab: *W,SDFNEP: Unable to annotate to non-existent path (IOPATH (negedge S0) Y) of instance TESTBED.I_Sort.U220 of module MXI2XL <./Sort_SYN.sdf, line 2818>.
ncelab: *W,SDFNEP: Unable to annotate to non-existent path (IOPATH (posedge S0) Y) of instance TESTBED.I_Sort.U219 of module MXI2XL <./Sort_SYN.sdf, line 2831>.
ncelab: *W,SDFNEP: Unable to annotate to non-existent path (IOPATH (negedge S0) Y) of instance TESTBED.I_Sort.U219 of module MXI2XL <./Sort_SYN.sdf, line 2832>.
ncelab: *W,SDFNEP: Unable to annotate to non-existent path (IOPATH (posedge S0) Y) of instance TESTBED.I_Sort.U210 of module MXI2X1 <./Sort_SYN.sdf, line 2924>.
ncelab: *W,SDFNEP: Unable to annotate to non-existent path (IOPATH (negedge S0) Y) of instance TESTBED.I_Sort.U210 of module MXI2X1 <./Sort_SYN.sdf, line 2925>.
ncelab: *W,SDFNEP: Unable to annotate to non-existent path (IOPATH (posedge S0) Y) of instance TESTBED.I_Sort.U207 of module MXI2XL <./Sort_SYN.sdf, line 2959>.
ncelab: *W,SDFNEP: Unable to annotate to non-existent path (IOPATH (negedge S0) Y) of instance TESTBED.I_Sort.U207 of module MXI2XL <./Sort_SYN.sdf, line 2960>.
	Annotation completed with 0 Errors and 172 Warnings
	SDF statistics: No. of Pathdelays = 653  Annotated = 100.00% -- No. of Tchecks = 0  Annotated = 0.00% 
	Building instance overlay tables: .................... Done
	Generating native compiled code:
		umc18_neg.ADDFXL:v <0x448336dd>
			streams:   0, words:     0
		umc18_neg.AFHCONX2:v <0x13e70c2f>
			streams:   0, words:     0
		umc18_neg.MX2XL:v <0x776f0d69>
			streams:   0, words:     0
		umc18_neg.MXI2X1:v <0x4ba2e7b0>
			streams:   0, words:     0
		umc18_neg.MXI2XL:v <0x67c2b347>
			streams:   0, words:     0
			streams:  10, words: 46369
		worklib.TESTBED:sv <0x40aae7ba>
			streams:  13, words:  3579
	Building instance specific data structures.
	Loading native compiled code:     .................... Done
	Design hierarchy summary:
		                 Instances  Unique
		Modules:               214      27
		UDPs:                   59       1
		Primitives:            316       7
		Timing outputs:        220      13
		Registers:              21      21
		Scalar wires:          220       -
		Expanded wires:         36       6
		Vectored wires:         11       -
		Always blocks:           1       1
		Initial blocks:          5       5
		Pseudo assignments:     12      12
		Interconnect:          486       -
		Simulation timescale:  1fs
	Writing initial simulation snapshot: worklib.TESTBED:sv
Loading snapshot worklib.TESTBED:sv .................... Done
SVSEED default: 1
ncsim: *W,DSEM2009: This SystemVerilog design is simulated as per IEEE 1800-2009 SystemVerilog simulation semantics. Use -disable_sem2009 option for turning off SV 2009 simulation semantics.
*Verdi* Loading libsscore_ius152.so
ncsim: *W,LIBLDFL: Failed to load dynamic library debpli:
	debpli.so: cannot open shared object file: No such file or directory or file is not valid ELFCLASS32 library..
ncsim> source /RAID2/EDA/cadence/INCISIV/INCISIVE_15.20.084/tools/inca/files/ncsimrc
ncsim> run
FSDB Dumper for IUS, Release Verdi_P-2019.06, Linux, 05/26/2019
(C) 1996 - 2019 by Synopsys, Inc.
*Verdi* : Create FSDB file 'Sort_SYN.fsdb'
*Verdi* : Begin traversing the scopes, layer (0).
*Verdi* : Enable +mda dumping.
*Verdi* : End of traversing.
[0;32mPASS PATTERN NO.  0 [m
[0;32mPASS PATTERN NO.  1 [m
[0;32mPASS PATTERN NO.  2 [m
[0;32mPASS PATTERN NO.  3 [m
[0;32mPASS PATTERN NO.  4 [m
[0;32mPASS PATTERN NO.  5 [m
[0;32mPASS PATTERN NO.  6 [m
[0;32mPASS PATTERN NO.  7 [m
[0;32mPASS PATTERN NO.  8 [m
[0;32mPASS PATTERN NO.  9 [m
[0;32mPASS PATTERN NO. 10 [m
[0;32mPASS PATTERN NO. 11 [m
[0;32mPASS PATTERN NO. 12 [m
[0;32mPASS PATTERN NO. 13 [m
[0;32mPASS PATTERN NO. 14 [m
[0;32mPASS PATTERN NO. 15 [m
[0;32mPASS PATTERN NO. 16 [m
[0;32mPASS PATTERN NO. 17 [m
[0;32mPASS PATTERN NO. 18 [m
[0;32mPASS PATTERN NO. 19 [m
[0;32mPASS PATTERN NO. 20 [m
[0;32mPASS PATTERN NO. 21 [m
[0;32mPASS PATTERN NO. 22 [m
[0;32mPASS PATTERN NO. 23 [m
[0;32mPASS PATTERN NO. 24 [m
[0;32mPASS PATTERN NO. 25 [m
[0;32mPASS PATTERN NO. 26 [m
[0;32mPASS PATTERN NO. 27 [m
[0;32mPASS PATTERN NO. 28 [m
[0;32mPASS PATTERN NO. 29 [m
[0;32mPASS PATTERN NO. 30 [m
[0;32mPASS PATTERN NO. 31 [m
[0;32mPASS PATTERN NO. 32 [m
[0;32mPASS PATTERN NO. 33 [m
[0;32mPASS PATTERN NO. 34 [m
[0;32mPASS PATTERN NO. 35 [m
[0;32mPASS PATTERN NO. 36 [m
[0;32mPASS PATTERN NO. 37 [m
[0;32mPASS PATTERN NO. 38 [m
[0;32mPASS PATTERN NO. 39 [m
[0;32mPASS PATTERN NO. 40 [m
[0;32mPASS PATTERN NO. 41 [m
[0;32mPASS PATTERN NO. 42 [m
[0;32mPASS PATTERN NO. 43 [m
[0;32mPASS PATTERN NO. 44 [m
[0;32mPASS PATTERN NO. 45 [m
[0;32mPASS PATTERN NO. 46 [m
[0;32mPASS PATTERN NO. 47 [m
[0;32mPASS PATTERN NO. 48 [m
[0;32mPASS PATTERN NO. 49 [m
[0;32mPASS PATTERN NO. 50 [m
[0;32mPASS PATTERN NO. 51 [m
[0;32mPASS PATTERN NO. 52 [m
[0;32mPASS PATTERN NO. 53 [m
[0;32mPASS PATTERN NO. 54 [m
[0;32mPASS PATTERN NO. 55 [m
[0;32mPASS PATTERN NO. 56 [m
[0;32mPASS PATTERN NO. 57 [m
[0;32mPASS PATTERN NO. 58 [m
[0;32mPASS PATTERN NO. 59 [m
[0;32mPASS PATTERN NO. 60 [m
[0;32mPASS PATTERN NO. 61 [m
[0;32mPASS PATTERN NO. 62 [m
[0;32mPASS PATTERN NO. 63 [m
[0;32mPASS PATTERN NO. 64 [m
[0;32mPASS PATTERN NO. 65 [m
[0;32mPASS PATTERN NO. 66 [m
[0;32mPASS PATTERN NO. 67 [m
[0;32mPASS PATTERN NO. 68 [m
[0;32mPASS PATTERN NO. 69 [m
[0;32mPASS PATTERN NO. 70 [m
[0;32mPASS PATTERN NO. 71 [m
[0;32mPASS PATTERN NO. 72 [m
[0;32mPASS PATTERN NO. 73 [m
[0;32mPASS PATTERN NO. 74 [m
[0;32mPASS PATTERN NO. 75 [m
[0;32mPASS PATTERN NO. 76 [m
[0;32mPASS PATTERN NO. 77 [m
[0;32mPASS PATTERN NO. 78 [m
[0;32mPASS PATTERN NO. 79 [m
[0;32mPASS PATTERN NO. 80 [m
[0;32mPASS PATTERN NO. 81 [m
[0;32mPASS PATTERN NO. 82 [m
[0;32mPASS PATTERN NO. 83 [m
[0;32mPASS PATTERN NO. 84 [m
[0;32mPASS PATTERN NO. 85 [m
[0;32mPASS PATTERN NO. 86 [m
[0;32mPASS PATTERN NO. 87 [m
[0;32mPASS PATTERN NO. 88 [m
[0;32mPASS PATTERN NO. 89 [m
[0;32mPASS PATTERN NO. 90 [m
[0;32mPASS PATTERN NO. 91 [m
[0;32mPASS PATTERN NO. 92 [m
[0;32mPASS PATTERN NO. 93 [m
[0;32mPASS PATTERN NO. 94 [m
[0;32mPASS PATTERN NO. 95 [m
[0;32mPASS PATTERN NO. 96 [m
[0;32mPASS PATTERN NO. 97 [m
[0;32mPASS PATTERN NO. 98 [m
[0;32mPASS PATTERN NO. 99 [m
[0;32mPASS PATTERN NO.100 [m
[0;32mPASS PATTERN NO.101 [m
[0;32mPASS PATTERN NO.102 [m
[0;32mPASS PATTERN NO.103 [m
[0;32mPASS PATTERN NO.104 [m
[0;32mPASS PATTERN NO.105 [m
[0;32mPASS PATTERN NO.106 [m
[0;32mPASS PATTERN NO.107 [m
[0;32mPASS PATTERN NO.108 [m
[0;32mPASS PATTERN NO.109 [m
[0;32mPASS PATTERN NO.110 [m
[0;32mPASS PATTERN NO.111 [m
[0;32mPASS PATTERN NO.112 [m
[0;32mPASS PATTERN NO.113 [m
[0;32mPASS PATTERN NO.114 [m
[0;32mPASS PATTERN NO.115 [m
[0;32mPASS PATTERN NO.116 [m
[0;32mPASS PATTERN NO.117 [m
[0;32mPASS PATTERN NO.118 [m
[0;32mPASS PATTERN NO.119 [m
[0;32mPASS PATTERN NO.120 [m
[0;32mPASS PATTERN NO.121 [m
[0;32mPASS PATTERN NO.122 [m
[0;32mPASS PATTERN NO.123 [m
[0;32mPASS PATTERN NO.124 [m
[0;32mPASS PATTERN NO.125 [m
[0;32mPASS PATTERN NO.126 [m
[0;32mPASS PATTERN NO.127 [m
[0;32mPASS PATTERN NO.128 [m
[0;32mPASS PATTERN NO.129 [m
[0;32mPASS PATTERN NO.130 [m
[0;32mPASS PATTERN NO.131 [m
[0;32mPASS PATTERN NO.132 [m
[0;32mPASS PATTERN NO.133 [m
[0;32mPASS PATTERN NO.134 [m
[0;32mPASS PATTERN NO.135 [m
[0;32mPASS PATTERN NO.136 [m
[0;32mPASS PATTERN NO.137 [m
[0;32mPASS PATTERN NO.138 [m
[0;32mPASS PATTERN NO.139 [m
[0;32mPASS PATTERN NO.140 [m
[0;32mPASS PATTERN NO.141 [m
[0;32mPASS PATTERN NO.142 [m
[0;32mPASS PATTERN NO.143 [m
[0;32mPASS PATTERN NO.144 [m
[0;32mPASS PATTERN NO.145 [m
[0;32mPASS PATTERN NO.146 [m
[0;32mPASS PATTERN NO.147 [m
[0;32mPASS PATTERN NO.148 [m
[0;32mPASS PATTERN NO.149 [m
[0;32mPASS PATTERN NO.150 [m
[0;32mPASS PATTERN NO.151 [m
[0;32mPASS PATTERN NO.152 [m
[0;32mPASS PATTERN NO.153 [m
[0;32mPASS PATTERN NO.154 [m
[0;32mPASS PATTERN NO.155 [m
[0;32mPASS PATTERN NO.156 [m
[0;32mPASS PATTERN NO.157 [m
[0;32mPASS PATTERN NO.158 [m
[0;32mPASS PATTERN NO.159 [m
[0;32mPASS PATTERN NO.160 [m
[0;32mPASS PATTERN NO.161 [m
[0;32mPASS PATTERN NO.162 [m
[0;32mPASS PATTERN NO.163 [m
[0;32mPASS PATTERN NO.164 [m
[0;32mPASS PATTERN NO.165 [m
[0;32mPASS PATTERN NO.166 [m
[0;32mPASS PATTERN NO.167 [m
[0;32mPASS PATTERN NO.168 [m
[0;32mPASS PATTERN NO.169 [m
[0;32mPASS PATTERN NO.170 [m
[0;32mPASS PATTERN NO.171 [m
[0;32mPASS PATTERN NO.172 [m
[0;32mPASS PATTERN NO.173 [m
[0;32mPASS PATTERN NO.174 [m
[0;32mPASS PATTERN NO.175 [m
[0;32mPASS PATTERN NO.176 [m
[0;32mPASS PATTERN NO.177 [m
[0;32mPASS PATTERN NO.178 [m
[0;32mPASS PATTERN NO.179 [m
[0;32mPASS PATTERN NO.180 [m
[0;32mPASS PATTERN NO.181 [m
[0;32mPASS PATTERN NO.182 [m
[0;32mPASS PATTERN NO.183 [m
[0;32mPASS PATTERN NO.184 [m
[0;32mPASS PATTERN NO.185 [m
[0;32mPASS PATTERN NO.186 [m
[0;32mPASS PATTERN NO.187 [m
[0;32mPASS PATTERN NO.188 [m
[0;32mPASS PATTERN NO.189 [m
[0;32mPASS PATTERN NO.190 [m
[0;32mPASS PATTERN NO.191 [m
[0;32mPASS PATTERN NO.192 [m
[0;32mPASS PATTERN NO.193 [m
[0;32mPASS PATTERN NO.194 [m
[0;32mPASS PATTERN NO.195 [m
[0;32mPASS PATTERN NO.196 [m
[0;32mPASS PATTERN NO.197 [m
[0;32mPASS PATTERN NO.198 [m
[0;32mPASS PATTERN NO.199 [m
[0;32mPASS PATTERN NO.200 [m
[0;32mPASS PATTERN NO.201 [m
[0;32mPASS PATTERN NO.202 [m
[0;32mPASS PATTERN NO.203 [m
[0;32mPASS PATTERN NO.204 [m
[0;32mPASS PATTERN NO.205 [m
[0;32mPASS PATTERN NO.206 [m
[0;32mPASS PATTERN NO.207 [m
[0;32mPASS PATTERN NO.208 [m
[0;32mPASS PATTERN NO.209 [m
[0;32mPASS PATTERN NO.210 [m
[0;32mPASS PATTERN NO.211 [m
[0;32mPASS PATTERN NO.212 [m
[0;32mPASS PATTERN NO.213 [m
[0;32mPASS PATTERN NO.214 [m
[0;32mPASS PATTERN NO.215 [m
[0;32mPASS PATTERN NO.216 [m
[0;32mPASS PATTERN NO.217 [m
[0;32mPASS PATTERN NO.218 [m
[0;32mPASS PATTERN NO.219 [m
[0;32mPASS PATTERN NO.220 [m
[0;32mPASS PATTERN NO.221 [m
[0;32mPASS PATTERN NO.222 [m
[0;32mPASS PATTERN NO.223 [m
[0;32mPASS PATTERN NO.224 [m
[0;32mPASS PATTERN NO.225 [m
[0;32mPASS PATTERN NO.226 [m
[0;32mPASS PATTERN NO.227 [m
[0;32mPASS PATTERN NO.228 [m
[0;32mPASS PATTERN NO.229 [m
[0;32mPASS PATTERN NO.230 [m
[0;32mPASS PATTERN NO.231 [m
[0;32mPASS PATTERN NO.232 [m
[0;32mPASS PATTERN NO.233 [m
[0;32mPASS PATTERN NO.234 [m
[0;32mPASS PATTERN NO.235 [m
[0;32mPASS PATTERN NO.236 [m
[0;32mPASS PATTERN NO.237 [m
[0;32mPASS PATTERN NO.238 [m
[0;32mPASS PATTERN NO.239 [m
[0;32mPASS PATTERN NO.240 [m
[0;32mPASS PATTERN NO.241 [m
[0;32mPASS PATTERN NO.242 [m
[0;32mPASS PATTERN NO.243 [m
[0;32mPASS PATTERN NO.244 [m
[0;32mPASS PATTERN NO.245 [m
[0;32mPASS PATTERN NO.246 [m
[0;32mPASS PATTERN NO.247 [m
[0;32mPASS PATTERN NO.248 [m
[0;32mPASS PATTERN NO.249 [m
[0;32mPASS PATTERN NO.250 [m
[0;32mPASS PATTERN NO.251 [m
[0;32mPASS PATTERN NO.252 [m
[0;32mPASS PATTERN NO.253 [m
[0;32mPASS PATTERN NO.254 [m
[0;32mPASS PATTERN NO.255 [m
[0;32mPASS PATTERN NO.256 [m
[0;32mPASS PATTERN NO.257 [m
[0;32mPASS PATTERN NO.258 [m
[0;32mPASS PATTERN NO.259 [m
[0;32mPASS PATTERN NO.260 [m
[0;32mPASS PATTERN NO.261 [m
[0;32mPASS PATTERN NO.262 [m
[0;32mPASS PATTERN NO.263 [m
[0;32mPASS PATTERN NO.264 [m
[0;32mPASS PATTERN NO.265 [m
[0;32mPASS PATTERN NO.266 [m
[0;32mPASS PATTERN NO.267 [m
[0;32mPASS PATTERN NO.268 [m
[0;32mPASS PATTERN NO.269 [m
[0;32mPASS PATTERN NO.270 [m
[0;32mPASS PATTERN NO.271 [m
[0;32mPASS PATTERN NO.272 [m
[0;32mPASS PATTERN NO.273 [m
[0;32mPASS PATTERN NO.274 [m
[0;32mPASS PATTERN NO.275 [m
[0;32mPASS PATTERN NO.276 [m
[0;32mPASS PATTERN NO.277 [m
[0;32mPASS PATTERN NO.278 [m
[0;32mPASS PATTERN NO.279 [m
[0;32mPASS PATTERN NO.280 [m
[0;32mPASS PATTERN NO.281 [m
[0;32mPASS PATTERN NO.282 [m
[0;32mPASS PATTERN NO.283 [m
[0;32mPASS PATTERN NO.284 [m
[0;32mPASS PATTERN NO.285 [m
[0;32mPASS PATTERN NO.286 [m
[0;32mPASS PATTERN NO.287 [m
[0;32mPASS PATTERN NO.288 [m
[0;32mPASS PATTERN NO.289 [m
[0;32mPASS PATTERN NO.290 [m
[0;32mPASS PATTERN NO.291 [m
[0;32mPASS PATTERN NO.292 [m
[0;32mPASS PATTERN NO.293 [m
[0;32mPASS PATTERN NO.294 [m
[0;32mPASS PATTERN NO.295 [m
[0;32mPASS PATTERN NO.296 [m
[0;32mPASS PATTERN NO.297 [m
[0;32mPASS PATTERN NO.298 [m
[0;32mPASS PATTERN NO.299 [m
[0;32mPASS PATTERN NO.300 [m
[0;32mPASS PATTERN NO.301 [m
[0;32mPASS PATTERN NO.302 [m
[0;32mPASS PATTERN NO.303 [m
[0;32mPASS PATTERN NO.304 [m
[0;32mPASS PATTERN NO.305 [m
[0;32mPASS PATTERN NO.306 [m
[0;32mPASS PATTERN NO.307 [m
[0;32mPASS PATTERN NO.308 [m
[0;32mPASS PATTERN NO.309 [m
[0;32mPASS PATTERN NO.310 [m
[0;32mPASS PATTERN NO.311 [m
[0;32mPASS PATTERN NO.312 [m
[0;32mPASS PATTERN NO.313 [m
[0;32mPASS PATTERN NO.314 [m
[0;32mPASS PATTERN NO.315 [m
[0;32mPASS PATTERN NO.316 [m
[0;32mPASS PATTERN NO.317 [m
[0;32mPASS PATTERN NO.318 [m
[0;32mPASS PATTERN NO.319 [m
[0;32mPASS PATTERN NO.320 [m
[0;32mPASS PATTERN NO.321 [m
[0;32mPASS PATTERN NO.322 [m
[0;32mPASS PATTERN NO.323 [m
[0;32mPASS PATTERN NO.324 [m
[0;32mPASS PATTERN NO.325 [m
[0;32mPASS PATTERN NO.326 [m
[0;32mPASS PATTERN NO.327 [m
[0;32mPASS PATTERN NO.328 [m
[0;32mPASS PATTERN NO.329 [m
[0;32mPASS PATTERN NO.330 [m
[0;32mPASS PATTERN NO.331 [m
[0;32mPASS PATTERN NO.332 [m
[0;32mPASS PATTERN NO.333 [m
[0;32mPASS PATTERN NO.334 [m
[0;32mPASS PATTERN NO.335 [m
[0;32mPASS PATTERN NO.336 [m
[0;32mPASS PATTERN NO.337 [m
[0;32mPASS PATTERN NO.338 [m
[0;32mPASS PATTERN NO.339 [m
[0;32mPASS PATTERN NO.340 [m
[0;32mPASS PATTERN NO.341 [m
[0;32mPASS PATTERN NO.342 [m
[0;32mPASS PATTERN NO.343 [m
[0;32mPASS PATTERN NO.344 [m
[0;32mPASS PATTERN NO.345 [m
[0;32mPASS PATTERN NO.346 [m
[0;32mPASS PATTERN NO.347 [m
[0;32mPASS PATTERN NO.348 [m
[0;32mPASS PATTERN NO.349 [m
[0;32mPASS PATTERN NO.350 [m
[0;32mPASS PATTERN NO.351 [m
[0;32mPASS PATTERN NO.352 [m
[0;32mPASS PATTERN NO.353 [m
[0;32mPASS PATTERN NO.354 [m
[0;32mPASS PATTERN NO.355 [m
[0;32mPASS PATTERN NO.356 [m
[0;32mPASS PATTERN NO.357 [m
[0;32mPASS PATTERN NO.358 [m
[0;32mPASS PATTERN NO.359 [m
[0;32mPASS PATTERN NO.360 [m
[0;32mPASS PATTERN NO.361 [m
[0;32mPASS PATTERN NO.362 [m
[0;32mPASS PATTERN NO.363 [m
[0;32mPASS PATTERN NO.364 [m
[0;32mPASS PATTERN NO.365 [m
[0;32mPASS PATTERN NO.366 [m
[0;32mPASS PATTERN NO.367 [m
[0;32mPASS PATTERN NO.368 [m
[0;32mPASS PATTERN NO.369 [m
[0;32mPASS PATTERN NO.370 [m
[0;32mPASS PATTERN NO.371 [m
[0;32mPASS PATTERN NO.372 [m
[0;32mPASS PATTERN NO.373 [m
[0;32mPASS PATTERN NO.374 [m
[0;32mPASS PATTERN NO.375 [m
[0;32mPASS PATTERN NO.376 [m
[0;32mPASS PATTERN NO.377 [m
[0;32mPASS PATTERN NO.378 [m
[0;32mPASS PATTERN NO.379 [m
[0;32mPASS PATTERN NO.380 [m
[0;32mPASS PATTERN NO.381 [m
[0;32mPASS PATTERN NO.382 [m
[0;32mPASS PATTERN NO.383 [m
[0;32mPASS PATTERN NO.384 [m
[0;32mPASS PATTERN NO.385 [m
[0;32mPASS PATTERN NO.386 [m
[0;32mPASS PATTERN NO.387 [m
[0;32mPASS PATTERN NO.388 [m
[0;32mPASS PATTERN NO.389 [m
[0;32mPASS PATTERN NO.390 [m
[0;32mPASS PATTERN NO.391 [m
[0;32mPASS PATTERN NO.392 [m
[0;32mPASS PATTERN NO.393 [m
[0;32mPASS PATTERN NO.394 [m
[0;32mPASS PATTERN NO.395 [m
[0;32mPASS PATTERN NO.396 [m
[0;32mPASS PATTERN NO.397 [m
[0;32mPASS PATTERN NO.398 [m
[0;32mPASS PATTERN NO.399 [m
[0;32mPASS PATTERN NO.400 [m
[0;32mPASS PATTERN NO.401 [m
[0;32mPASS PATTERN NO.402 [m
[0;32mPASS PATTERN NO.403 [m
[0;32mPASS PATTERN NO.404 [m
[0;32mPASS PATTERN NO.405 [m
[0;32mPASS PATTERN NO.406 [m
[0;32mPASS PATTERN NO.407 [m
[0;32mPASS PATTERN NO.408 [m
[0;32mPASS PATTERN NO.409 [m
[0;32mPASS PATTERN NO.410 [m
[0;32mPASS PATTERN NO.411 [m
[0;32mPASS PATTERN NO.412 [m
[0;32mPASS PATTERN NO.413 [m
[0;32mPASS PATTERN NO.414 [m
[0;32mPASS PATTERN NO.415 [m
[0;32mPASS PATTERN NO.416 [m
[0;32mPASS PATTERN NO.417 [m
[0;32mPASS PATTERN NO.418 [m
[0;32mPASS PATTERN NO.419 [m
[0;32mPASS PATTERN NO.420 [m
[0;32mPASS PATTERN NO.421 [m
[0;32mPASS PATTERN NO.422 [m
[0;32mPASS PATTERN NO.423 [m
[0;32mPASS PATTERN NO.424 [m
[0;32mPASS PATTERN NO.425 [m
[0;32mPASS PATTERN NO.426 [m
[0;32mPASS PATTERN NO.427 [m
[0;32mPASS PATTERN NO.428 [m
[0;32mPASS PATTERN NO.429 [m
[0;32mPASS PATTERN NO.430 [m
[0;32mPASS PATTERN NO.431 [m
[0;32mPASS PATTERN NO.432 [m
[0;32mPASS PATTERN NO.433 [m
[0;32mPASS PATTERN NO.434 [m
[0;32mPASS PATTERN NO.435 [m
[0;32mPASS PATTERN NO.436 [m
[0;32mPASS PATTERN NO.437 [m
[0;32mPASS PATTERN NO.438 [m
[0;32mPASS PATTERN NO.439 [m
[0;32mPASS PATTERN NO.440 [m
[0;32mPASS PATTERN NO.441 [m
[0;32mPASS PATTERN NO.442 [m
[0;32mPASS PATTERN NO.443 [m
[0;32mPASS PATTERN NO.444 [m
[0;32mPASS PATTERN NO.445 [m
[0;32mPASS PATTERN NO.446 [m
[0;32mPASS PATTERN NO.447 [m
[0;32mPASS PATTERN NO.448 [m
[0;32mPASS PATTERN NO.449 [m
[0;32mPASS PATTERN NO.450 [m
[0;32mPASS PATTERN NO.451 [m
[0;32mPASS PATTERN NO.452 [m
[0;32mPASS PATTERN NO.453 [m
[0;32mPASS PATTERN NO.454 [m
[0;32mPASS PATTERN NO.455 [m
[0;32mPASS PATTERN NO.456 [m
[0;32mPASS PATTERN NO.457 [m
[0;32mPASS PATTERN NO.458 [m
[0;32mPASS PATTERN NO.459 [m
[0;32mPASS PATTERN NO.460 [m
[0;32mPASS PATTERN NO.461 [m
[0;32mPASS PATTERN NO.462 [m
[0;32mPASS PATTERN NO.463 [m
[0;32mPASS PATTERN NO.464 [m
[0;32mPASS PATTERN NO.465 [m
[0;32mPASS PATTERN NO.466 [m
[0;32mPASS PATTERN NO.467 [m
[0;32mPASS PATTERN NO.468 [m
[0;32mPASS PATTERN NO.469 [m
[0;32mPASS PATTERN NO.470 [m
[0;32mPASS PATTERN NO.471 [m
[0;32mPASS PATTERN NO.472 [m
[0;32mPASS PATTERN NO.473 [m
[0;32mPASS PATTERN NO.474 [m
[0;32mPASS PATTERN NO.475 [m
[0;32mPASS PATTERN NO.476 [m
[0;32mPASS PATTERN NO.477 [m
[0;32mPASS PATTERN NO.478 [m
[0;32mPASS PATTERN NO.479 [m
[0;32mPASS PATTERN NO.480 [m
[0;32mPASS PATTERN NO.481 [m
[0;32mPASS PATTERN NO.482 [m
[0;32mPASS PATTERN NO.483 [m
[0;32mPASS PATTERN NO.484 [m
[0;32mPASS PATTERN NO.485 [m
[0;32mPASS PATTERN NO.486 [m
[0;32mPASS PATTERN NO.487 [m
[0;32mPASS PATTERN NO.488 [m
[0;32mPASS PATTERN NO.489 [m
[0;32mPASS PATTERN NO.490 [m
[0;32mPASS PATTERN NO.491 [m
[0;32mPASS PATTERN NO.492 [m
[0;32mPASS PATTERN NO.493 [m
[0;32mPASS PATTERN NO.494 [m
[0;32mPASS PATTERN NO.495 [m
[0;32mPASS PATTERN NO.496 [m
[0;32mPASS PATTERN NO.497 [m
[0;32mPASS PATTERN NO.498 [m
[0;32mPASS PATTERN NO.499 [m
[37m                                                                                                                                          
[37m                                                                                [32m      :BBQvi.                                              
[37m                                                              .i7ssrvs7         [32m     BBBBBBBBQi                                           
[37m                        .:r7rrrr:::.        .::::::...   .i7vr:.      .B:       [32m    :BBBP :7BBBB.                                         
[37m                      .Kv.........:rrvYr7v7rr:.....:rrirJr.   .rgBBBBg  Bi      [32m    BBBB     BBBB                                         
[37m                     7Q  :rubEPUri:.       ..:irrii:..    :bBBBBBBBBBBB  B      [32m   iBBBv     BBBB       vBr                               
[37m                    7B  BBBBBBBBBBBBBBB::BBBBBBBBBBBBBBBBBBBBBBBBBBBBBBB :R     [32m   BBBBBKrirBBBB.     :BBBBBB:                            
[37m                   Jd .BBBBBBBBBBBBBBBBBBBBBBBBBBBBBBBBBBBBBBBBBBBBBBBBB: Bi    [32m  rBBBBBBBBBBBR.    .BBBM:BBB                             
[37m                  uZ .BBBBBBBBBBBBBBBBBBBBBBBBBBBBBBBBBBBBBBBBBBBBBBBBBBB .B    [32m  BBBB   .::.      EBBBi :BBU                             
[37m                 7B .BBBBBBBBBBBBBBBBBBBBBBBBBBBBBBBBBBBBBBBBBBBBBBBBBBBB  B    [32m MBBBr           vBBBu   BBB.                             
[37m                .B  BBBBBBBBBBBBBBBBBBBBBBBBBBBBBBBBBBBBBBBBBBBBBBBBBBBBB: JJ   [32m i7PB          iBBBBB.  iBBB                              
[37m                B. BBBBBBBBBBBBBBBBBBBBBBBBBBBBBBBBBBBBBBBBBBBBBBBBBBBBBBB  Lu             [32m  vBBBBPBBBBPBBB7       .7QBB5i                
[37m               Y1 KBBBBBBBBBBBBBBBBBBBBBBBBBBBBBBBBBBBBBBBBBBBBBBi XBBBBBBBi :B            [32m :RBBB.  .rBBBBB.      rBBBBBBBB7              
[37m              :B .BBBBBBBBBBBBBsRBBBBBBBBBBBrQBBBBB. UBBBRrBBBBBBr 1BBBBBBBBB  B.          [32m    .       BBBB       BBBB  :BBBB             
[37m              Bi BBBBBBBBBBBBBi :BBBBBBBBBBE .BBK.  .  .   QBBBBBBBBBBBBBBBBBB  Bi         [32m           rBBBr       BBBB    BBBU            
[37m             .B .BBBBBBBBBBBBBBQBBBBBBBBBBBB       [38;2;242;172;172mBBv [37m.LBBBBBBBBBBBBBBBBBBBBBB. B7.:ii:   [32m           vBBB        .BBBB   :7i.            
[37m            .B  PBBBBBBBBBBBBBBBBBBBBBBBBBBBBbYQB. [38;2;242;172;172mBB: [37mBBBBBBBBBBBBBBBBBBBBBBBBB  Jr:::rK7 [32m             .7  BBB7   iBBBg                  
[37m           7M  PBBBBBBBBBBBBBBBBBBBBBBBBBBBBBBBBB  [38;2;242;172;172mBB. [37mBBBBBBBBBBBBBBBBBBBBBBB..i   .   v1                  [32mdBBB.   5BBBr                 
[37m          sZ .BBBBBBBBBBBBBBBBBBBBBBBBBBBBBBBBBBB  [38;2;242;172;172mBB. [37mBBBBBBBBBBBBBBBBBBBBBBBBBBB iD2BBQL.                 [32m ZBBBr  EBBBv     YBBBBQi     
[37m  .7YYUSIX5 .BBBBBBBBBBBBBBBBBBBBBBBBBBBBBBBBBBBB  [38;2;242;172;172mBB. [37mBBBBBBBBBBBBBBBBBBBBBBBBY.:.      :B                 [32m  iBBBBBBBBD     BBBBBBBBB.   
[37m LB.        ..BBBBBBBBBBBBBBBBBBBBBBBBBBBBBBBBBBB. [38;2;242;172;172mBB: [37mBBBBBBBBBBBBBBBBBBBBBBBBMBBB. BP17si                 [32m    :LBBBr      vBBBi  5BBB   
[37m  KvJPBBB :BBBBBBBBBBBBBBBBBBBBBBBBBBBBBBBBBBBBBB: [38;2;242;172;172mZB: [37mBBBBBBBBBBBBBBBBBBBBBBBBBsiJr .i7ssr:                [32m          ...   :BBB:   BBBu  
[37m i7ii:.   ::BBBBBBBBBBBBBBBBBBBBBBBBBBBBBBBBBBBBBj [38;2;242;172;172muBi [37mQBBBBBBBBBBBBBBBBBBBBBBBBi.ir      iB                [32m         .BBBi   BBBB   iMBu  
[37mDB    .  vBdBBBBBBBBBBBBBBBBBBBBBBBBBBBBBBBBBBBBBg [38;2;242;172;172m7Bi [37mBBBBBBBBBBBBBBBBBBBBBBBBBBBBB rBrXPv.                [32m          BBBX   :BBBr        
[37m :vQBBB. BQBBBBBBBBBBBBBBBBBBBBBBBBBBBBBBBBBBBBBBQ [38;2;242;172;172miB: [37mBBBBBBBBBBBBBBBBBBBBBBBBBBBBB .L:ii::irrrrrrrr7jIr   [32m          .BBBv  :BBBQ        
[37m :7:.   .. 5BBBBBBBBBBBBBBBBBBBBBBBBBBBBBBBBBBBBBB  [38;2;242;172;172mBr [37mBBBBBBBBBBBBBBBBBBBBBBBBBBBB:            ..... ..YB. [32m           .BBBBBBBBB:        
[37mBU  .:. BBBBBBBBBBBBBBBBBBBBBBBBBBBBBBBBBBBBBBBBBB  [38;2;242;172;172mB7 [37mgBBBBBBBBBBBBBBBBBBBBBBBBBB. gBBBBBBBBBBBBBBBBBB. BL [32m             rBBBBB1.         
[37m rY7iB: BBBBBBBBBBBBBBBBBBBBBBBBBBBBBBBBBBBBBBBBBB: [38;2;242;172;172mB7 [37mBBBBBBBBBBBBBBBBBBBBBBBBBB. QBBBBBBBBBBBBBBBBBi  v5                                
[37m     us EBBBBBBBBBBBBBBBBBBBBBBBBBBBBBBBBBBBBBBBBBB [38;2;242;172;172mIr [37mBBBBBBBBBBBBBBBBBBBBBBBBBBBBBBBBBgu7i.:BBBBBBBr Bu                                 
[37m      B  7BBBBBBBBBBBBBBBBBBBBBBBBBBBBBBBBBBBBBBBBB.[38;2;242;172;172m:i [37mBBBBBBBBBBBBBBBBBBBBBBBBBBBv:.  .. :::  .rr    rB                                  
[37m      us  .BBBBBBBBBBBBBQLXBBBBBBBBBBBBBBBBBBBBBBBBq  .BBBBBBBBBBBBBBBBBBBBBBBBBv  :iJ7vri:::1Jr..isJYr                                   
[37m      B  BBBBBBB  MBBBM      qBBBBBBBBBBBBBBBBBBBBBB: BBBBBBBBBBBBBBBBBBBBBBBBBB  B:           iir:                                       
[37m     iB iBBBBBBBL       BBBP. :BBBBBBBBBBBBBBBBBBBBBBBBBBBBBBBBBBBBBBBBBBBBBBBB  B.                                                       
[37m     P: BBBBBBBBBBB5v7gBBBBBB  BBBBBBBBBBBBBBBBBBBBBBBBBBBBBBBBBBBBBBBBBBBBBBB: Br                                                        
[37m     B  BBBs 7BBBBBBBBBBBBBB7 :BBBBBBBBBBBBBBBBBBBBBBBBBBBBBBBBBBBBBBBBBBBBBBB .B                                                         
[37m    .B :BBBB.  EBBBBBQBBBBBJ .BBBBBBBBBBBBBBBBBBBBBBBBBBBBBBBBBBBBBBBBBBBBBBB. B.                                                         
[37m    ij qBBBBBg          ..  .BBBBBBBBBBBBBBBBBBBBBBBBBBBBBBBBBBBBBBBBBBBBBBBB .B                                                          
[37m    UY QBBBBBBBBSUSPDQL...iBBBBBBBBBBBBBBBBBBBBBBBBBBBBBBBBBBBBBBBBBBBBBBBBBK EL                                                          
[37m    B7 BBBBBBBBBBBBBBBBBBBBBBBBBBBBBBBBBBBBBBBBBBBBBBBBBBBBBBBBBBBBBBBBBBBBB: B:                                                          
[37m    B  BBBBBBBBBBBBBBBBBBBBBBBBBBBBBBBBBBBBBBBYrBB vBBBBBBBBBBBBBBBBBBBBBBBB. Ls                                                          
[37m    B  BBBBBBBBBBBBBBBBBBBBBBBBBBBBBBBBBBBBBBBi_  /UBBBBBBBBBBBBBBBBBBBBBBBBB. :B:                                                        
[37m   rM .BBBBBBBBBBBBBBBBBBBBBBBBBBBBBBBBBBBBBBBB  ..IBBBBBBBBBBBBBBBBQBBBBBBBBBB  B                                                        
[37m   B  BBBBBBBBBdZBBBBBBBBBBBBBBBBBBBBBBBBBBBBBBPBBBBBBBBBBBBEji:..     sBBBBBBBr Br                                                       
[37m  7B 7BBBBBBBr     .:vXQBBBBBBBBBBBBBBBBBBBBBBBBBQqui::..  ...i:i7777vi  BBBBBBr Bi                                                       
[37m  Ki BBBBBBB  rY7vr:i....  .............:.....  ...:rii7vrr7r:..      7B  BBBBB  Bi                                                       
[37m  B. BBBBBB  B:    .::ir77rrYLvvriiiiiiirvvY7rr77ri:..                 bU  iQBB:..rI                                                      
[37m.S: 7BBBBP  B.                                                          vI7.  .:.  B.                                                     
[37mB: ir:.   :B.                                                             :rvsUjUgU.                                                      
[37mrMvrrirJKur                                                                                                                               [m
--------------------------------------------------------------------------------------------------------------------------------------------
                                                               Congratulations!                						             
                                                        You have passed all patterns!          						             
                                                               time: 5000000000000 ns                                                        
--------------------------------------------------------------------------------------------------------------------------------------------
Simulation complete via $finish(1) at time 5 MS + 0
ncsim> exit
TOOL:	irun	15.20-s084: Exiting on Mar 09, 2023 at 15:35:37 CST  (total: 00:00:03)
