
                           Design Compiler Graphical 
                                 DC Ultra (TM)
                                  DFTMAX (TM)
                              Power Compiler (TM)
                                 DesignWare (R)
                                 DC Expert (TM)
                               Design Vision (TM)
                               HDL Compiler (TM)
                               VHDL Compiler (TM)
                                  DFT Compiler
                               Design Compiler(R)

                 Version R-2020.09 for linux64 - Aug 26, 2020 

                    Copyright (c) 1988 - 2020 Synopsys, Inc.
   This software and the associated documentation are proprietary to Synopsys,
 Inc. This software may only be used in accordance with the terms and conditions
 of a written license agreement with Synopsys, Inc. All other use, reproduction,
            or distribution of this software is strictly prohibited.
Initializing...
#======================================================
#
# Synopsys Synthesis Scripts (Design Vision dctcl mode)
#
#======================================================
#======================================================
#  Set Libraries
#======================================================
set search_path {  ./../01_RTL                    ./../04_MEM                    ~iclabta01/umc018/Synthesis/                    /usr/synthesis/libraries/syn/                    /usr/synthesis/dw/ }
  ./../01_RTL                    ./../04_MEM                    ~iclabta01/umc018/Synthesis/                    /usr/synthesis/libraries/syn/                    /usr/synthesis/dw/ 
set synthetic_library {dw_foundation.sldb}
dw_foundation.sldb
set link_library {* dw_foundation.sldb standard.sldb slow.db }
* dw_foundation.sldb standard.sldb slow.db 
set target_library {slow.db}
slow.db
#report_lib slow
#======================================================
#  Global Parameters
#======================================================
set CYCLE 4
4
#======================================================
#  Read RTL Code
#======================================================
#set hdlin_auto_save_templates TRUE
read_sverilog {I2S\.sv}
Loading db file '/usr/synthesis/libraries/syn/dw_foundation.sldb'
Loading db file '/usr/synthesis/libraries/syn/standard.sldb'
Loading db file '/RAID2/COURSE/iclab/iclabta01/umc018/Synthesis/slow.db'
Loading db file '/RAID2/EDA/synopsys/synthesis/2020.09/libraries/syn/gtech.db'
Loading db file '/RAID2/EDA/synopsys/synthesis/2020.09/libraries/syn/standard.sldb'
  Loading link library 'slow'
  Loading link library 'gtech'
Loading sverilog file '/RAID2/COURSE/dcs/dcs064/HW02/01_RTL/I2S.sv'
Detecting input file type automatically (-rtl or -netlist).
Reading with Presto HDL Compiler (equivalent to -rtl option).
Running PRESTO HDLC
Compiling source file /RAID2/COURSE/dcs/dcs064/HW02/01_RTL/I2S.sv

Statistics for case statements in always block at line 48 in file
	'/RAID2/COURSE/dcs/dcs064/HW02/01_RTL/I2S.sv'
===============================================
|           Line           |  full/ parallel  |
===============================================
|            55            |     no/auto      |
===============================================

Inferred memory devices in process
	in routine I2S line 38 in file
		'/RAID2/COURSE/dcs/dcs064/HW02/01_RTL/I2S.sv'.
===============================================================================
|    Register Name    |   Type    | Width | Bus | MB | AR | AS | SR | SS | ST |
===============================================================================
|      state_reg      | Flip-flop |   4   |  Y  | N  | Y  | N  | N  | N  | N  |
===============================================================================

Inferred memory devices in process
	in routine I2S line 43 in file
		'/RAID2/COURSE/dcs/dcs064/HW02/01_RTL/I2S.sv'.
===============================================================================
|    Register Name    |   Type    | Width | Bus | MB | AR | AS | SR | SS | ST |
===============================================================================
|      data_reg       | Flip-flop |  33   |  Y  | N  | N  | N  | N  | N  | N  |
===============================================================================
Presto compilation completed successfully.
Current design is now '/RAID2/COURSE/dcs/dcs064/HW02/01_RTL/I2S.db:I2S'
Loaded 1 design.
Current design is 'I2S'.
I2S
current_design I2S
Current design is 'I2S'.
{I2S}
#======================================================
#  Global Setting
#======================================================
#======================================================
#  Set Design Constraints
#======================================================
create_clock -name "clk" -period $CYCLE clk
1
set_input_delay  [ expr $CYCLE*0.5 ] -clock clk [all_inputs]
1
set_output_delay [ expr $CYCLE*0.5 ] -clock clk [all_outputs]
1
set_input_delay 0 -clock clk clk
1
set_input_delay 0 -clock clk rst_n
1
set_load 0.05 [all_outputs]
1
set_dont_use slow/JKFF*
1
#======================================================
#  Optimization
#======================================================
set_wire_load_mode top
1
check_design > Report/I2S\.check
set_fix_multiple_port_nets -all -buffer_constants
1
compile_ultra
Information: Performing power optimization. (PWR-850)
Alib files are up-to-date.
Information: Evaluating DesignWare library utilization. (UISN-27)

============================================================================
| DesignWare Building Block Library  |         Version         | Available |
============================================================================
| Basic DW Building Blocks           | Q-2019.12-DWBB_201912.0 |     *     |
| Licensed DW Building Blocks        | Q-2019.12-DWBB_201912.0 |     *     |
============================================================================

Information: Sequential output inversion is enabled.  SVF file must be used for formal verification. (OPT-1208)
  Simplifying Design 'I2S'

Loaded alib file './alib-52/slow.db.alib'
  Building model 'DW01_NAND2'
Information: Ungrouping 0 of 1 hierarchies before Pass 1 (OPT-775)
Information: State dependent leakage is now switched from on to off.

  Beginning Pass 1 Mapping
  ------------------------
  Processing 'I2S'
Information: The register 'state_reg[3]' is a constant and will be removed. (OPT-1206)

  Updating timing information
Information: Updating design information... (UID-85)
Information: The library cell 'HOLDX1' in the library 'slow' is not characterized for internal power. (PWR-536)
Information: The target library(s) contains cell(s), other than black boxes, that are not characterized for internal power. (PWR-24)

  Beginning Mapping Optimizations  (Ultra High effort)
  -------------------------------

                                  TOTAL                                                
   ELAPSED            WORST NEG   SETUP    DESIGN                              LEAKAGE 
    TIME      AREA      SLACK     COST    RULE COST         ENDPOINT            POWER  
  --------- --------- --------- --------- --------- ------------------------- ---------
    0:00:02    4903.1      0.00       0.0       0.0                           601823.5625
    0:00:02    4879.8      0.00       0.0       0.0                           599012.7500

  Beginning Constant Register Removal
  -----------------------------------
    0:00:02    5175.9      0.00       0.0       0.0                           669705.1250
    0:00:02    5175.9      0.00       0.0       0.0                           669705.1250

  Beginning Global Optimizations
  ------------------------------
  Numerical Synthesis (Phase 1)
  Numerical Synthesis (Phase 2)
  Global Optimization (Phase 1)
  Global Optimization (Phase 2)
  Global Optimization (Phase 3)
  Global Optimization (Phase 4)
  Global Optimization (Phase 5)
  Global Optimization (Phase 6)
  Global Optimization (Phase 7)
  Global Optimization (Phase 8)
  Global Optimization (Phase 9)
  Global Optimization (Phase 10)
  Global Optimization (Phase 11)
  Global Optimization (Phase 12)
  Global Optimization (Phase 13)
  Global Optimization (Phase 14)
  Global Optimization (Phase 15)
  Global Optimization (Phase 16)
  Global Optimization (Phase 17)
  Global Optimization (Phase 18)
  Global Optimization (Phase 19)
  Global Optimization (Phase 20)
  Global Optimization (Phase 21)
  Global Optimization (Phase 22)
  Global Optimization (Phase 23)
  Global Optimization (Phase 24)
  Global Optimization (Phase 25)
  Global Optimization (Phase 26)
  Global Optimization (Phase 27)
  Global Optimization (Phase 28)
  Global Optimization (Phase 29)
  Global Optimization (Phase 30)
  Global Optimization (Phase 31)

  Beginning Isolate Ports
  -----------------------

  Beginning Delay Optimization
  ----------------------------
    0:00:03    3625.8      0.00       0.0       0.0                           298852.1562
    0:00:03    3625.8      0.00       0.0       0.0                           298852.1562
    0:00:03    3625.8      0.00       0.0       0.0                           298852.1562
    0:00:03    3096.9      0.00       0.0       0.0                           204938.0625
    0:00:03    3096.9      0.00       0.0       0.0                           204938.0625
    0:00:03    3096.9      0.00       0.0       0.0                           204938.0625

  Beginning WLM Backend Optimization
  --------------------------------------
    0:00:03    3096.9      0.00       0.0       0.0                           204938.0625
    0:00:03    3096.9      0.00       0.0       0.0                           204938.0625
    0:00:03    3096.9      0.00       0.0       0.0                           204938.0625
    0:00:03    3096.9      0.00       0.0       0.0                           204938.0625
    0:00:03    3096.9      0.00       0.0       0.0                           204938.0625
    0:00:03    3096.9      0.00       0.0       0.0                           204938.0625
    0:00:03    3096.9      0.00       0.0       0.0                           204938.0625
    0:00:03    3096.9      0.00       0.0       0.0                           204938.0625
    0:00:03    3096.9      0.00       0.0       0.0                           204938.0625
    0:00:03    3096.9      0.00       0.0       0.0                           204938.0625
    0:00:03    3096.9      0.00       0.0       0.0                           204938.0625
    0:00:03    3096.9      0.00       0.0       0.0                           204938.0625
    0:00:03    3096.9      0.00       0.0       0.0                           204938.0625
    0:00:03    3096.9      0.00       0.0       0.0                           204938.0625
    0:00:03    3096.9      0.00       0.0       0.0                           204938.0625
    0:00:03    3096.9      0.00       0.0       0.0                           204938.0625
    0:00:03    3096.9      0.00       0.0       0.0                           204938.0625
    0:00:03    3096.9      0.00       0.0       0.0                           204938.0625
    0:00:03    3096.9      0.00       0.0       0.0                           204938.0625
    0:00:03    3096.9      0.00       0.0       0.0                           204938.0625
    0:00:03    3096.9      0.00       0.0       0.0                           204938.0625
    0:00:03    3096.9      0.00       0.0       0.0                           204938.0625
    0:00:03    3096.9      0.00       0.0       0.0                           204938.0625
    0:00:03    3096.9      0.00       0.0       0.0                           204938.0625


  Beginning Leakage Power Optimization  (max_leakage_power 0)
  ------------------------------------

                                  TOTAL                                                
   ELAPSED            WORST NEG   SETUP    DESIGN                              LEAKAGE 
    TIME      AREA      SLACK     COST    RULE COST         ENDPOINT            POWER  
  --------- --------- --------- --------- --------- ------------------------- ---------
    0:00:03    3096.9      0.00       0.0       0.0                           204938.0625
  Global Optimization (Phase 32)
  Global Optimization (Phase 33)
  Global Optimization (Phase 34)
  Global Optimization (Phase 35)
  Global Optimization (Phase 36)
  Global Optimization (Phase 37)
  Global Optimization (Phase 38)
  Global Optimization (Phase 39)
  Global Optimization (Phase 40)
  Global Optimization (Phase 41)
  Global Optimization (Phase 42)
    0:00:03    3086.9      0.00       0.0       0.0                           200049.0156
    0:00:03    3086.9      0.00       0.0       0.0                           200049.0156
    0:00:03    3086.9      0.00       0.0       0.0                           200049.0156
    0:00:03    3086.9      0.00       0.0       0.0                           200049.0156
    0:00:03    3086.9      0.00       0.0       0.0                           200049.0156
    0:00:03    3086.9      0.00       0.0       0.0                           200049.0156
    0:00:03    3086.9      0.00       0.0       0.0                           200049.0156
    0:00:03    3086.9      0.00       0.0       0.0                           200049.0156
    0:00:03    3086.9      0.00       0.0       0.0                           200049.0156
    0:00:03    3086.9      0.00       0.0       0.0                           200049.0156
    0:00:03    3086.9      0.00       0.0       0.0                           200049.0156
    0:00:03    3086.9      0.00       0.0       0.0                           200049.0156
    0:00:03    3086.9      0.00       0.0       0.0                           200049.0156
    0:00:03    3086.9      0.00       0.0       0.0                           200049.0156
    0:00:03    3086.9      0.00       0.0       0.0                           200049.0156
    0:00:03    3086.9      0.00       0.0       0.0                           200049.0156
    0:00:03    3086.9      0.00       0.0       0.0                           200049.0156
    0:00:03    3086.9      0.00       0.0       0.0                           200049.0156
    0:00:03    3086.9      0.00       0.0       0.0                           200049.0156
    0:00:03    3086.9      0.00       0.0       0.0                           200049.0156
    0:00:03    3086.9      0.00       0.0       0.0                           200049.0156
    0:00:03    3086.9      0.00       0.0       0.0                           200049.0156

                                  TOTAL                                                
   ELAPSED            WORST NEG   SETUP    DESIGN                              LEAKAGE 
    TIME      AREA      SLACK     COST    RULE COST         ENDPOINT            POWER  
  --------- --------- --------- --------- --------- ------------------------- ---------
    0:00:03    3086.9      0.00       0.0       0.0                           200049.0156
    0:00:03    3083.6      0.00       0.0       0.0                           199975.6094
    0:00:03    3083.6      0.00       0.0       0.0                           199975.6094
    0:00:03    3083.6      0.00       0.0       0.0                           199975.6094
    0:00:03    3083.6      0.00       0.0       0.0                           199975.6094
    0:00:03    3083.6      0.00       0.0       0.0                           199975.6094
    0:00:03    3083.6      0.00       0.0       0.0                           199975.6094
    0:00:03    3083.6      0.00       0.0       0.0                           199975.6094
    0:00:03    3083.6      0.00       0.0       0.0                           199975.6094
    0:00:03    3083.6      0.00       0.0       0.0                           199975.6094
    0:00:03    3083.6      0.00       0.0       0.0                           199975.6094
Loading db file '/RAID2/COURSE/iclab/iclabta01/umc018/Synthesis/slow.db'


Note: Symbol # after min delay cost means estimated hold TNS across all active scenarios 


  Optimization Complete
  ---------------------
Information: State dependent leakage is now switched from off to on.
Information: Propagating switching activity (low effort zero delay simulation). (PWR-6)
1
#======================================================
#  Output Reports 
#======================================================
report_timing >  Report/I2S\.timing
report_area >  Report/I2S\.area
report_resource >  Report/I2S\.resource
#======================================================
#  Change Naming Rule
#======================================================
set bus_inference_style "%s\[%d\]"
%s[%d]
set bus_naming_style "%s\[%d\]"
%s[%d]
set hdlout_internal_busses true
true
change_names -hierarchy -rule verilog
1
define_name_rules name_rule -allowed "a-z A-Z 0-9 _" -max_length 255 -type cell
1
define_name_rules name_rule -allowed "a-z A-Z 0-9 _[]" -max_length 255 -type net
1
define_name_rules name_rule -map {{"\\*cell\\*" "cell"}}
1
change_names -hierarchy -rules name_rule
1
#======================================================
#  Output Results
#======================================================
set verilogout_higher_designs_first true
true
write -format verilog -output Netlist/I2S\_SYN.v -hierarchy
Writing verilog file '/RAID2/COURSE/dcs/dcs064/HW02/02_SYN/Netlist/I2S_SYN.v'.
1
write_sdf -version 3.0 -context verilog -load_delay cell Netlist/I2S\_SYN.sdf -significant_digits 6
Information: Writing timing information to file '/RAID2/COURSE/dcs/dcs064/HW02/02_SYN/Netlist/I2S_SYN.sdf'. (WT-3)
1
#======================================================
#  Finish and Quit
#======================================================
report_area
 
****************************************
Report : area
Design : I2S
Version: R-2020.09
Date   : Thu Mar 30 12:39:48 2023
****************************************

Library(s) Used:

    slow (File: /RAID2/COURSE/iclab/iclabta01/umc018/Synthesis/slow.db)

Number of ports:                           70
Number of nets:                           154
Number of cells:                          118
Number of combinational cells:             82
Number of sequential cells:                36
Number of macros/black boxes:               0
Number of buf/inv:                          3
Number of references:                      16

Combinational area:                898.128026
Buf/Inv area:                       29.937601
Noncombinational area:            2185.444748
Macro/Black Box area:                0.000000
Net Interconnect area:      undefined  (No wire load specified)

Total cell area:                  3083.572774
Total area:                 undefined
1
report_timing
 
****************************************
Report : timing
        -path full
        -delay max
        -max_paths 1
Design : I2S
Version: R-2020.09
Date   : Thu Mar 30 12:39:48 2023
****************************************

Operating Conditions: slow   Library: slow
Wire Load Model Mode: top

  Startpoint: state_reg_1_
              (rising edge-triggered flip-flop clocked by clk)
  Endpoint: out_left[31]
            (output port clocked by clk)
  Path Group: clk
  Path Type: max

  Point                                    Incr       Path
  -----------------------------------------------------------
  clock clk (rise edge)                    0.00       0.00
  clock network delay (ideal)              0.00       0.00
  state_reg_1_/CK (DFFRHQX1)               0.00       0.00 r
  state_reg_1_/Q (DFFRHQX1)                0.47       0.47 r
  U133/Y (NOR2BX1)                         0.29       0.76 r
  U136/Y (NAND2X2)                         0.44       1.20 f
  U137/Y (INVXL)                           0.23       1.43 r
  U138/Y (AND2X1)                          0.53       1.96 r
  out_left[31] (out)                       0.00       1.96 r
  data arrival time                                   1.96

  clock clk (rise edge)                    4.00       4.00
  clock network delay (ideal)              0.00       4.00
  output external delay                   -2.00       2.00
  data required time                                  2.00
  -----------------------------------------------------------
  data required time                                  2.00
  data arrival time                                  -1.96
  -----------------------------------------------------------
  slack (MET)                                         0.04


1
exit

Memory usage for this session 179 Mbytes.
Memory usage for this session including child processes 179 Mbytes.
CPU usage for this session 5 seconds ( 0.00 hours ).
Elapsed time for this session 8 seconds ( 0.00 hours ).

Thank you...
