irun(64): 15.20-s084: (c) Copyright 1995-2020 Cadence Design Systems, Inc.
TOOL:	irun(64)	15.20-s084: Started on Apr 27, 2023 at 20:59:32 CST
irun
	-timescale 1ns/1fs
	-override_precision
	-sdf_precision 1fs
	TESTBENCH.sv
	-define GATE
	-debug
	-v /RAID2/COURSE/iclab/iclabta01/umc018/Verilog/umc18_neg.v
	-nontcglitch
	-loadpli1 debpli:novas_pli_boot
Recompiling... reason: file './HE_SYN.sdf' is newer than expected.
	expected: Thu Apr 27 20:51:10 2023
	actual:   Thu Apr 27 20:59:28 2023
file: TESTBENCH.sv
	module worklib.PATTERN:sv
		errors: 0, warnings: 0
	module worklib.HE:v
		errors: 0, warnings: 0
	module worklib.transform:v
		errors: 0, warnings: 0
		Caching library 'umc18_neg' ....... Done
		Caching library 'worklib' ....... Done
	Elaborating the design hierarchy:
  DFFX1 image_reg_reg_6__5_ ( .D(n563), .CK(clk), .QN(n1519) );
                          |
ncelab: *W,CUVWSP (./HE_SYN.v,204|26): 1 output port was not connected:
ncelab: (/RAID2/COURSE/iclab/iclabta01/umc018/Verilog/umc18_neg.v,6234): Q

  DFFX1 image_reg_reg_6__7_ ( .D(n561), .CK(clk), .Q(image_reg[53]) );
                          |
ncelab: *W,CUVWSP (./HE_SYN.v,248|26): 1 output port was not connected:
ncelab: (/RAID2/COURSE/iclab/iclabta01/umc018/Verilog/umc18_neg.v,6234): QN

  DFFX1 image_reg_reg_6__6_ ( .D(n562), .CK(clk), .Q(image_reg[52]) );
                          |
ncelab: *W,CUVWSP (./HE_SYN.v,249|26): 1 output port was not connected:
ncelab: (/RAID2/COURSE/iclab/iclabta01/umc018/Verilog/umc18_neg.v,6234): QN

  DFFX1 image_reg_reg_6__4_ ( .D(n564), .CK(clk), .Q(image_reg[51]) );
                          |
ncelab: *W,CUVWSP (./HE_SYN.v,250|26): 1 output port was not connected:
ncelab: (/RAID2/COURSE/iclab/iclabta01/umc018/Verilog/umc18_neg.v,6234): QN

  DFFX1 image_reg_reg_6__1_ ( .D(n567), .CK(clk), .Q(image_reg[48]) );
                          |
ncelab: *W,CUVWSP (./HE_SYN.v,253|26): 1 output port was not connected:
ncelab: (/RAID2/COURSE/iclab/iclabta01/umc018/Verilog/umc18_neg.v,6234): QN

  DFFX1 image_reg_reg_6__0_ ( .D(n568), .CK(clk), .Q(image_reg[47]) );
                          |
ncelab: *W,CUVWSP (./HE_SYN.v,254|26): 1 output port was not connected:
ncelab: (/RAID2/COURSE/iclab/iclabta01/umc018/Verilog/umc18_neg.v,6234): QN

  DFFX1 image_reg_reg_0__5_ ( .D(n611), .CK(clk), .QN(n1490) );
                          |
ncelab: *W,CUVWSP (./HE_SYN.v,265|26): 1 output port was not connected:
ncelab: (/RAID2/COURSE/iclab/iclabta01/umc018/Verilog/umc18_neg.v,6234): Q

  DFFX1 image_reg_reg_7__5_ ( .D(n555), .CK(clk), .Q(image_reg[58]) );
                          |
ncelab: *W,CUVWSP (./HE_SYN.v,270|26): 1 output port was not connected:
ncelab: (/RAID2/COURSE/iclab/iclabta01/umc018/Verilog/umc18_neg.v,6234): QN

  DFFX1 image_reg_reg_7__1_ ( .D(n559), .CK(clk), .Q(image_reg[55]) );
                          |
ncelab: *W,CUVWSP (./HE_SYN.v,272|26): 1 output port was not connected:
ncelab: (/RAID2/COURSE/iclab/iclabta01/umc018/Verilog/umc18_neg.v,6234): QN

  DFFX1 image_reg_reg_7__0_ ( .D(n560), .CK(clk), .Q(image_reg[54]) );
                          |
ncelab: *W,CUVWSP (./HE_SYN.v,273|26): 1 output port was not connected:
ncelab: (/RAID2/COURSE/iclab/iclabta01/umc018/Verilog/umc18_neg.v,6234): QN

  DFFX1 image_reg_reg_7__3_ ( .D(n557), .CK(clk), .QN(n1523) );
                          |
ncelab: *W,CUVWSP (./HE_SYN.v,274|26): 1 output port was not connected:
ncelab: (/RAID2/COURSE/iclab/iclabta01/umc018/Verilog/umc18_neg.v,6234): Q

  DFFX1 image_reg_reg_7__4_ ( .D(n556), .CK(clk), .Q(image_reg[57]) );
                          |
ncelab: *W,CUVWSP (./HE_SYN.v,275|26): 1 output port was not connected:
ncelab: (/RAID2/COURSE/iclab/iclabta01/umc018/Verilog/umc18_neg.v,6234): QN

	Top level design units:
		TESTBENCH
ncelab: *W,DSEMEL: This SystemVerilog design will be simulated as per IEEE 1800-2009 SystemVerilog simulation semantics. Use -disable_sem2009 option for turning off SV 2009 simulation semantics.
	Reading SDF file from location "HE_SYN.sdf"
	Compiled SDF file "HE_SYN.sdf.X" older than source SDF file "HE_SYN.sdf".
	Recompiling.
	Writing compiled SDF file to "HE_SYN.sdf.X".
	Annotating SDF timing data:
		Compiled SDF file:     HE_SYN.sdf.X
		Log file:              
		Backannotation scope:  TESTBENCH.I_HE
		Configuration file:    
		MTM control:           
		Scale factors:         
		Scale type:            
ncelab: *W,SDFNEP: Unable to annotate to non-existent path (IOPATH (posedge S0) Y) of instance TESTBENCH.I_HE.U1605 of module MXI2X1 <./HE_SYN.sdf, line 4323>.
ncelab: *W,SDFNEP: Unable to annotate to non-existent path (IOPATH (negedge S0) Y) of instance TESTBENCH.I_HE.U1605 of module MXI2X1 <./HE_SYN.sdf, line 4324>.
ncelab: *W,SDFNEP: Unable to annotate to non-existent path (IOPATH (posedge S0) Y) of instance TESTBENCH.I_HE.U1588 of module MXI2X1 <./HE_SYN.sdf, line 4481>.
ncelab: *W,SDFNEP: Unable to annotate to non-existent path (IOPATH (negedge S0) Y) of instance TESTBENCH.I_HE.U1588 of module MXI2X1 <./HE_SYN.sdf, line 4482>.
ncelab: *W,SDFNEP: Unable to annotate to non-existent path (IOPATH (posedge S0) Y) of instance TESTBENCH.I_HE.U1503 of module MXI2XL <./HE_SYN.sdf, line 5398>.
ncelab: *W,SDFNEP: Unable to annotate to non-existent path (IOPATH (negedge S0) Y) of instance TESTBENCH.I_HE.U1503 of module MXI2XL <./HE_SYN.sdf, line 5399>.
ncelab: *W,SDFNEP: Unable to annotate to non-existent path (IOPATH (posedge S0) Y) of instance TESTBENCH.I_HE.U1385 of module MXI2XL <./HE_SYN.sdf, line 6609>.
ncelab: *W,SDFNEP: Unable to annotate to non-existent path (IOPATH (negedge S0) Y) of instance TESTBENCH.I_HE.U1385 of module MXI2XL <./HE_SYN.sdf, line 6610>.
ncelab: *W,SDFNEP: Unable to annotate to non-existent path (IOPATH (posedge S0) Y) of instance TESTBENCH.I_HE.U1365 of module MXI2XL <./HE_SYN.sdf, line 6843>.
ncelab: *W,SDFNEP: Unable to annotate to non-existent path (IOPATH (negedge S0) Y) of instance TESTBENCH.I_HE.U1365 of module MXI2XL <./HE_SYN.sdf, line 6844>.
ncelab: *W,SDFNEP: Unable to annotate to non-existent path (IOPATH (posedge S0) Y) of instance TESTBENCH.I_HE.U1340 of module MXI2XL <./HE_SYN.sdf, line 7130>.
ncelab: *W,SDFNEP: Unable to annotate to non-existent path (IOPATH (negedge S0) Y) of instance TESTBENCH.I_HE.U1340 of module MXI2XL <./HE_SYN.sdf, line 7131>.
ncelab: *W,SDFNEP: Unable to annotate to non-existent path (IOPATH (posedge S0) Y) of instance TESTBENCH.I_HE.U1311 of module MXI2XL <./HE_SYN.sdf, line 7458>.
ncelab: *W,SDFNEP: Unable to annotate to non-existent path (IOPATH (negedge S0) Y) of instance TESTBENCH.I_HE.U1311 of module MXI2XL <./HE_SYN.sdf, line 7459>.
ncelab: *W,SDFNEP: Unable to annotate to non-existent path (IOPATH (posedge S0) Y) of instance TESTBENCH.I_HE.U1217 of module MXI2XL <./HE_SYN.sdf, line 8525>.
ncelab: *W,SDFNEP: Unable to annotate to non-existent path (IOPATH (negedge S0) Y) of instance TESTBENCH.I_HE.U1217 of module MXI2XL <./HE_SYN.sdf, line 8526>.
ncelab: *W,SDFNEP: Unable to annotate to non-existent path (IOPATH (posedge S0) Y) of instance TESTBENCH.I_HE.U1214 of module MXI2XL <./HE_SYN.sdf, line 8561>.
ncelab: *W,SDFNEP: Unable to annotate to non-existent path (IOPATH (negedge S0) Y) of instance TESTBENCH.I_HE.U1214 of module MXI2XL <./HE_SYN.sdf, line 8562>.
ncelab: *W,SDFNEP: Unable to annotate to non-existent path (IOPATH (posedge S0) Y) of instance TESTBENCH.I_HE.U1210 of module MXI2XL <./HE_SYN.sdf, line 8608>.
ncelab: *W,SDFNEP: Unable to annotate to non-existent path (IOPATH (negedge S0) Y) of instance TESTBENCH.I_HE.U1210 of module MXI2XL <./HE_SYN.sdf, line 8609>.
ncelab: *W,SDFNEP: Unable to annotate to non-existent path (IOPATH (posedge S0) Y) of instance TESTBENCH.I_HE.U1205 of module MXI2XL <./HE_SYN.sdf, line 8666>.
ncelab: *W,SDFNEP: Unable to annotate to non-existent path (IOPATH (negedge S0) Y) of instance TESTBENCH.I_HE.U1205 of module MXI2XL <./HE_SYN.sdf, line 8667>.
ncelab: *W,SDFNEP: Unable to annotate to non-existent path (IOPATH (posedge S0) Y) of instance TESTBENCH.I_HE.U1203 of module MXI2XL <./HE_SYN.sdf, line 8692>.
ncelab: *W,SDFNEP: Unable to annotate to non-existent path (IOPATH (negedge S0) Y) of instance TESTBENCH.I_HE.U1203 of module MXI2XL <./HE_SYN.sdf, line 8693>.
ncelab: *W,SDFNEP: Unable to annotate to non-existent path (IOPATH (posedge A) Y) of instance TESTBENCH.I_HE.U1128 of module XOR2XL <./HE_SYN.sdf, line 9533>.
ncelab: *W,SDFNEP: Unable to annotate to non-existent path (IOPATH (negedge A) Y) of instance TESTBENCH.I_HE.U1128 of module XOR2XL <./HE_SYN.sdf, line 9534>.
ncelab: *W,SDFNEP: Unable to annotate to non-existent path (IOPATH (posedge B) Y) of instance TESTBENCH.I_HE.U1128 of module XOR2XL <./HE_SYN.sdf, line 9537>.
ncelab: *W,SDFNEP: Unable to annotate to non-existent path (IOPATH (negedge B) Y) of instance TESTBENCH.I_HE.U1128 of module XOR2XL <./HE_SYN.sdf, line 9538>.
ncelab: *W,SDFNEP: Unable to annotate to non-existent path (IOPATH (posedge A) Y) of instance TESTBENCH.I_HE.U1120 of module XOR2XL <./HE_SYN.sdf, line 9621>.
ncelab: *W,SDFNEP: Unable to annotate to non-existent path (IOPATH (negedge A) Y) of instance TESTBENCH.I_HE.U1120 of module XOR2XL <./HE_SYN.sdf, line 9622>.
ncelab: *W,SDFNEP: Unable to annotate to non-existent path (IOPATH (posedge B) Y) of instance TESTBENCH.I_HE.U1120 of module XOR2XL <./HE_SYN.sdf, line 9625>.
ncelab: *W,SDFNEP: Unable to annotate to non-existent path (IOPATH (negedge B) Y) of instance TESTBENCH.I_HE.U1120 of module XOR2XL <./HE_SYN.sdf, line 9626>.
ncelab: *W,SDFNEP: Unable to annotate to non-existent path (IOPATH (posedge A) Y) of instance TESTBENCH.I_HE.U1104 of module XOR2XL <./HE_SYN.sdf, line 9797>.
ncelab: *W,SDFNEP: Unable to annotate to non-existent path (IOPATH (negedge A) Y) of instance TESTBENCH.I_HE.U1104 of module XOR2XL <./HE_SYN.sdf, line 9798>.
ncelab: *W,SDFNEP: Unable to annotate to non-existent path (IOPATH (posedge B) Y) of instance TESTBENCH.I_HE.U1104 of module XOR2XL <./HE_SYN.sdf, line 9801>.
ncelab: *W,SDFNEP: Unable to annotate to non-existent path (IOPATH (negedge B) Y) of instance TESTBENCH.I_HE.U1104 of module XOR2XL <./HE_SYN.sdf, line 9802>.
ncelab: *W,SDFNEP: Unable to annotate to non-existent path (IOPATH (posedge S0) Y) of instance TESTBENCH.I_HE.U1083 of module MXI2XL <./HE_SYN.sdf, line 10024>.
ncelab: *W,SDFNEP: Unable to annotate to non-existent path (IOPATH (negedge S0) Y) of instance TESTBENCH.I_HE.U1083 of module MXI2XL <./HE_SYN.sdf, line 10025>.
ncelab: *W,SDFNEP: Unable to annotate to non-existent path (IOPATH (posedge A) Y) of instance TESTBENCH.I_HE.U945 of module XOR2XL <./HE_SYN.sdf, line 11486>.
ncelab: *W,SDFNEP: Unable to annotate to non-existent path (IOPATH (negedge A) Y) of instance TESTBENCH.I_HE.U945 of module XOR2XL <./HE_SYN.sdf, line 11487>.
ncelab: *W,SDFNEP: Unable to annotate to non-existent path (IOPATH (posedge B) Y) of instance TESTBENCH.I_HE.U945 of module XOR2XL <./HE_SYN.sdf, line 11490>.
ncelab: *W,SDFNEP: Unable to annotate to non-existent path (IOPATH (negedge B) Y) of instance TESTBENCH.I_HE.U945 of module XOR2XL <./HE_SYN.sdf, line 11491>.
ncelab: *W,SDFNEP: Unable to annotate to non-existent path (IOPATH (posedge A) Y) of instance TESTBENCH.I_HE.U928 of module XOR2XL <./HE_SYN.sdf, line 11670>.
ncelab: *W,SDFNEP: Unable to annotate to non-existent path (IOPATH (negedge A) Y) of instance TESTBENCH.I_HE.U928 of module XOR2XL <./HE_SYN.sdf, line 11671>.
ncelab: *W,SDFNEP: Unable to annotate to non-existent path (IOPATH (posedge B) Y) of instance TESTBENCH.I_HE.U928 of module XOR2XL <./HE_SYN.sdf, line 11674>.
ncelab: *W,SDFNEP: Unable to annotate to non-existent path (IOPATH (negedge B) Y) of instance TESTBENCH.I_HE.U928 of module XOR2XL <./HE_SYN.sdf, line 11675>.
ncelab: *W,SDFNEP: Unable to annotate to non-existent path (IOPATH (posedge A) Y) of instance TESTBENCH.I_HE.U924 of module XOR2XL <./HE_SYN.sdf, line 11718>.
ncelab: *W,SDFNEP: Unable to annotate to non-existent path (IOPATH (negedge A) Y) of instance TESTBENCH.I_HE.U924 of module XOR2XL <./HE_SYN.sdf, line 11719>.
ncelab: *W,SDFNEP: Unable to annotate to non-existent path (IOPATH (posedge B) Y) of instance TESTBENCH.I_HE.U924 of module XOR2XL <./HE_SYN.sdf, line 11722>.
ncelab: *W,SDFNEP: Unable to annotate to non-existent path (IOPATH (negedge B) Y) of instance TESTBENCH.I_HE.U924 of module XOR2XL <./HE_SYN.sdf, line 11723>.
ncelab: *W,SDFNEP: Unable to annotate to non-existent path (IOPATH (posedge S0) Y) of instance TESTBENCH.I_HE.U865 of module MXI2XL <./HE_SYN.sdf, line 12339>.
ncelab: *W,SDFNEP: Unable to annotate to non-existent path (IOPATH (negedge S0) Y) of instance TESTBENCH.I_HE.U865 of module MXI2XL <./HE_SYN.sdf, line 12340>.
ncelab: *W,SDFNEP: Unable to annotate to non-existent path (IOPATH (posedge S0) Y) of instance TESTBENCH.I_HE.U847 of module MXI2XL <./HE_SYN.sdf, line 12528>.
ncelab: *W,SDFNEP: Unable to annotate to non-existent path (IOPATH (negedge S0) Y) of instance TESTBENCH.I_HE.U847 of module MXI2XL <./HE_SYN.sdf, line 12529>.
	Annotation completed with 0 Errors and 54 Warnings
	SDF statistics: No. of Pathdelays = 3815  Annotated = 100.00% -- No. of Tchecks = 676  Annotated = 100.00% 
				        Total 	   Annotated	  Percentage
		 Path Delays	        3815	        3815	      100.00
		      $width	         338	         338	      100.00
		  $setuphold	         338	         338	      100.00
	Building instance overlay tables: .................... Done
	Generating native compiled code:
		worklib.PATTERN:sv <0x4b6a178e>
			streams:  10, words: 74267
	Building instance specific data structures.
	Loading native compiled code:     .................... Done
	Design hierarchy summary:
		                    Instances  Unique
		Modules:                 1520      57
		UDPs:                     179       2
		Primitives:              2689       7
		Timing outputs:          1582      19
		Registers:                185      26
		Scalar wires:            2581       -
		Expanded wires:            16       2
		Vectored wires:             3       -
		Always blocks:              1       1
		Initial blocks:             3       3
		Pseudo assignments:        12      12
		Timing checks:           1014     331
		Interconnect:            3885       -
		Delayed tcheck signals:   338     166
		Simulation timescale:     1fs
	Writing initial simulation snapshot: worklib.TESTBENCH:sv
Loading snapshot worklib.TESTBENCH:sv .................... Done
SVSEED default: 1
ncsim: *W,DSEM2009: This SystemVerilog design is simulated as per IEEE 1800-2009 SystemVerilog simulation semantics. Use -disable_sem2009 option for turning off SV 2009 simulation semantics.
*Verdi* Loading libsscore_ius152.so
ncsim> source /usr/cad/cadence/INCISIV/INCISIVE_15.20.084/tools/inca/files/ncsimrc
ncsim> run
FSDB Dumper for IUS, Release Verdi_P-2019.06, Linux x86_64/64bit, 05/26/2019
(C) 1996 - 2019 by Synopsys, Inc.
*Verdi* FSDB WARNING: The FSDB file already exists. Overwriting the FSDB file may crash the programs that are using this file.
*Verdi* : Create FSDB file 'HE.fsdb'
*Verdi* : Begin traversing the scopes, layer (0).
*Verdi* : Enable +mda dumping.
*Verdi* : End of traversing.
[0;32mPASS PATTERN NO.  0 [m
[0;32mPASS PATTERN NO.  1 [m
[0;32mPASS PATTERN NO.  2 [m
[0;32mPASS PATTERN NO.  3 [m
[0;32mPASS PATTERN NO.  4 [m
[0;32mPASS PATTERN NO.  5 [m
[0;32mPASS PATTERN NO.  6 [m
[0;32mPASS PATTERN NO.  7 [m
[0;32mPASS PATTERN NO.  8 [m
[0;32mPASS PATTERN NO.  9 [m
[0;32mPASS PATTERN NO. 10 [m
[0;32mPASS PATTERN NO. 11 [m
[0;32mPASS PATTERN NO. 12 [m
[0;32mPASS PATTERN NO. 13 [m
[0;32mPASS PATTERN NO. 14 [m
[0;32mPASS PATTERN NO. 15 [m
[0;32mPASS PATTERN NO. 16 [m
[0;32mPASS PATTERN NO. 17 [m
[0;32mPASS PATTERN NO. 18 [m
[0;32mPASS PATTERN NO. 19 [m
[0;32mPASS PATTERN NO. 20 [m
[0;32mPASS PATTERN NO. 21 [m
[0;32mPASS PATTERN NO. 22 [m
[0;32mPASS PATTERN NO. 23 [m
[0;32mPASS PATTERN NO. 24 [m
[0;32mPASS PATTERN NO. 25 [m
[0;32mPASS PATTERN NO. 26 [m
[0;32mPASS PATTERN NO. 27 [m
[0;32mPASS PATTERN NO. 28 [m
[0;32mPASS PATTERN NO. 29 [m
[0;32mPASS PATTERN NO. 30 [m
[0;32mPASS PATTERN NO. 31 [m
[0;32mPASS PATTERN NO. 32 [m
[0;32mPASS PATTERN NO. 33 [m
[0;32mPASS PATTERN NO. 34 [m
[0;32mPASS PATTERN NO. 35 [m
[0;32mPASS PATTERN NO. 36 [m
[0;32mPASS PATTERN NO. 37 [m
[0;32mPASS PATTERN NO. 38 [m
[0;32mPASS PATTERN NO. 39 [m
[0;32mPASS PATTERN NO. 40 [m
[0;32mPASS PATTERN NO. 41 [m
[0;32mPASS PATTERN NO. 42 [m
[0;32mPASS PATTERN NO. 43 [m
[0;32mPASS PATTERN NO. 44 [m
[0;32mPASS PATTERN NO. 45 [m
[0;32mPASS PATTERN NO. 46 [m
[0;32mPASS PATTERN NO. 47 [m
[0;32mPASS PATTERN NO. 48 [m
[0;32mPASS PATTERN NO. 49 [m
[0;32mPASS PATTERN NO. 50 [m
[0;32mPASS PATTERN NO. 51 [m
[0;32mPASS PATTERN NO. 52 [m
[0;32mPASS PATTERN NO. 53 [m
[0;32mPASS PATTERN NO. 54 [m
[0;32mPASS PATTERN NO. 55 [m
[0;32mPASS PATTERN NO. 56 [m
[0;32mPASS PATTERN NO. 57 [m
[0;32mPASS PATTERN NO. 58 [m
[0;32mPASS PATTERN NO. 59 [m
[0;32mPASS PATTERN NO. 60 [m
[0;32mPASS PATTERN NO. 61 [m
[0;32mPASS PATTERN NO. 62 [m
[0;32mPASS PATTERN NO. 63 [m
[0;32mPASS PATTERN NO. 64 [m
[0;32mPASS PATTERN NO. 65 [m
[0;32mPASS PATTERN NO. 66 [m
[0;32mPASS PATTERN NO. 67 [m
[0;32mPASS PATTERN NO. 68 [m
[0;32mPASS PATTERN NO. 69 [m
[0;32mPASS PATTERN NO. 70 [m
[0;32mPASS PATTERN NO. 71 [m
[0;32mPASS PATTERN NO. 72 [m
[0;32mPASS PATTERN NO. 73 [m
[0;32mPASS PATTERN NO. 74 [m
[0;32mPASS PATTERN NO. 75 [m
[0;32mPASS PATTERN NO. 76 [m
[0;32mPASS PATTERN NO. 77 [m
[0;32mPASS PATTERN NO. 78 [m
[0;32mPASS PATTERN NO. 79 [m
[0;32mPASS PATTERN NO. 80 [m
[0;32mPASS PATTERN NO. 81 [m
[0;32mPASS PATTERN NO. 82 [m
[0;32mPASS PATTERN NO. 83 [m
[0;32mPASS PATTERN NO. 84 [m
[0;32mPASS PATTERN NO. 85 [m
[0;32mPASS PATTERN NO. 86 [m
[0;32mPASS PATTERN NO. 87 [m
[0;32mPASS PATTERN NO. 88 [m
[0;32mPASS PATTERN NO. 89 [m
[0;32mPASS PATTERN NO. 90 [m
[0;32mPASS PATTERN NO. 91 [m
[0;32mPASS PATTERN NO. 92 [m
[0;32mPASS PATTERN NO. 93 [m
[0;32mPASS PATTERN NO. 94 [m
[0;32mPASS PATTERN NO. 95 [m
[0;32mPASS PATTERN NO. 96 [m
[0;32mPASS PATTERN NO. 97 [m
[0;32mPASS PATTERN NO. 98 [m
[0;32mPASS PATTERN NO. 99 [m
[0;32mPASS PATTERN NO.100 [m
[0;32mPASS PATTERN NO.101 [m
[0;32mPASS PATTERN NO.102 [m
[0;32mPASS PATTERN NO.103 [m
[0;32mPASS PATTERN NO.104 [m
[0;32mPASS PATTERN NO.105 [m
[0;32mPASS PATTERN NO.106 [m
[0;32mPASS PATTERN NO.107 [m
[0;32mPASS PATTERN NO.108 [m
[0;32mPASS PATTERN NO.109 [m
[0;32mPASS PATTERN NO.110 [m
[0;32mPASS PATTERN NO.111 [m
[0;32mPASS PATTERN NO.112 [m
[0;32mPASS PATTERN NO.113 [m
[0;32mPASS PATTERN NO.114 [m
[0;32mPASS PATTERN NO.115 [m
[0;32mPASS PATTERN NO.116 [m
[0;32mPASS PATTERN NO.117 [m
[0;32mPASS PATTERN NO.118 [m
[0;32mPASS PATTERN NO.119 [m
[0;32mPASS PATTERN NO.120 [m
[0;32mPASS PATTERN NO.121 [m
[0;32mPASS PATTERN NO.122 [m
[0;32mPASS PATTERN NO.123 [m
[0;32mPASS PATTERN NO.124 [m
[0;32mPASS PATTERN NO.125 [m
[0;32mPASS PATTERN NO.126 [m
[0;32mPASS PATTERN NO.127 [m
[0;32mPASS PATTERN NO.128 [m
[0;32mPASS PATTERN NO.129 [m
[0;32mPASS PATTERN NO.130 [m
[0;32mPASS PATTERN NO.131 [m
[0;32mPASS PATTERN NO.132 [m
[0;32mPASS PATTERN NO.133 [m
[0;32mPASS PATTERN NO.134 [m
[0;32mPASS PATTERN NO.135 [m
[0;32mPASS PATTERN NO.136 [m
[0;32mPASS PATTERN NO.137 [m
[0;32mPASS PATTERN NO.138 [m
[0;32mPASS PATTERN NO.139 [m
[0;32mPASS PATTERN NO.140 [m
[0;32mPASS PATTERN NO.141 [m
[0;32mPASS PATTERN NO.142 [m
[0;32mPASS PATTERN NO.143 [m
[0;32mPASS PATTERN NO.144 [m
[0;32mPASS PATTERN NO.145 [m
[0;32mPASS PATTERN NO.146 [m
[0;32mPASS PATTERN NO.147 [m
[0;32mPASS PATTERN NO.148 [m
[0;32mPASS PATTERN NO.149 [m
[0;32mPASS PATTERN NO.150 [m
[0;32mPASS PATTERN NO.151 [m
[0;32mPASS PATTERN NO.152 [m
[0;32mPASS PATTERN NO.153 [m
[0;32mPASS PATTERN NO.154 [m
[0;32mPASS PATTERN NO.155 [m
[0;32mPASS PATTERN NO.156 [m
[0;32mPASS PATTERN NO.157 [m
[0;32mPASS PATTERN NO.158 [m
[0;32mPASS PATTERN NO.159 [m
[0;32mPASS PATTERN NO.160 [m
[0;32mPASS PATTERN NO.161 [m
[0;32mPASS PATTERN NO.162 [m
[0;32mPASS PATTERN NO.163 [m
[0;32mPASS PATTERN NO.164 [m
[0;32mPASS PATTERN NO.165 [m
[0;32mPASS PATTERN NO.166 [m
[0;32mPASS PATTERN NO.167 [m
[0;32mPASS PATTERN NO.168 [m
[0;32mPASS PATTERN NO.169 [m
[0;32mPASS PATTERN NO.170 [m
[0;32mPASS PATTERN NO.171 [m
[0;32mPASS PATTERN NO.172 [m
[0;32mPASS PATTERN NO.173 [m
[0;32mPASS PATTERN NO.174 [m
[0;32mPASS PATTERN NO.175 [m
[0;32mPASS PATTERN NO.176 [m
[0;32mPASS PATTERN NO.177 [m
[0;32mPASS PATTERN NO.178 [m
[0;32mPASS PATTERN NO.179 [m
[0;32mPASS PATTERN NO.180 [m
[0;32mPASS PATTERN NO.181 [m
[0;32mPASS PATTERN NO.182 [m
[0;32mPASS PATTERN NO.183 [m
[0;32mPASS PATTERN NO.184 [m
[0;32mPASS PATTERN NO.185 [m
[0;32mPASS PATTERN NO.186 [m
[0;32mPASS PATTERN NO.187 [m
[0;32mPASS PATTERN NO.188 [m
[0;32mPASS PATTERN NO.189 [m
[0;32mPASS PATTERN NO.190 [m
[0;32mPASS PATTERN NO.191 [m
[0;32mPASS PATTERN NO.192 [m
[0;32mPASS PATTERN NO.193 [m
[0;32mPASS PATTERN NO.194 [m
[0;32mPASS PATTERN NO.195 [m
[0;32mPASS PATTERN NO.196 [m
[0;32mPASS PATTERN NO.197 [m
[0;32mPASS PATTERN NO.198 [m
[0;32mPASS PATTERN NO.199 [m
[37m
[37m                                                                                [32m      :BBQvi.
[37m                                                              .i7ssrvs7         [32m     BBBBBBBBQi
[37m                        .:r7rrrr:::.        .::::::...   .i7vr:.      .B:       [32m    :BBBP :7BBBB.
[37m                      .Kv.........:rrvYr7v7rr:.....:rrirJr.   .rgBBBBg  Bi      [32m    BBBB     BBBB
[37m                     7Q  :rubEPUri:.       ..:irrii:..    :bBBBBBBBBBBB  B      [32m   iBBBv     BBBB       vBr
[37m                    7B  BBBBBBBBBBBBBBB::BBBBBBBBBBBBBBBBBBBBBBBBBBBBBBB :R     [32m   BBBBBKrirBBBB.     :BBBBBB:
[37m                   Jd .BBBBBBBBBBBBBBBBBBBBBBBBBBBBBBBBBBBBBBBBBBBBBBBBB: Bi    [32m  rBBBBBBBBBBBR.    .BBBM:BBB
[37m                  uZ .BBBBBBBBBBBBBBBBBBBBBBBBBBBBBBBBBBBBBBBBBBBBBBBBBBB .B    [32m  BBBB   .::.      EBBBi :BBU
[37m                 7B .BBBBBBBBBBBBBBBBBBBBBBBBBBBBBBBBBBBBBBBBBBBBBBBBBBBB  B    [32m MBBBr           vBBBu   BBB.
[37m                .B  BBBBBBBBBBBBBBBBBBBBBBBBBBBBBBBBBBBBBBBBBBBBBBBBBBBBB: JJ   [32m i7PB          iBBBBB.  iBBB
[37m                B. BBBBBBBBBBBBBBBBBBBBBBBBBBBBBBBBBBBBBBBBBBBBBBBBBBBBBBB  Lu             [32m  vBBBBPBBBBPBBB7       .7QBB5i
[37m               Y1 KBBBBBBBBBBBBBBBBBBBBBBBBBBBBBBBBBBBBBBBBBBBBBBi XBBBBBBBi :B            [32m :RBBB.  .rBBBBB.      rBBBBBBBB7
[37m              :B .BBBBBBBBBBBBBsRBBBBBBBBBBBrQBBBBB. UBBBRrBBBBBBr 1BBBBBBBBB  B.          [32m    .       BBBB       BBBB  :BBBB
[37m              Bi BBBBBBBBBBBBBi :BBBBBBBBBBE .BBK.  .  .   QBBBBBBBBBBBBBBBBBB  Bi         [32m           rBBBr       BBBB    BBBU
[37m             .B .BBBBBBBBBBBBBBQBBBBBBBBBBBB       [38;2;242;172;172mBBv [37m.LBBBBBBBBBBBBBBBBBBBBBB. B7.:ii:   [32m           vBBB        .BBBB   :7i.
[37m            .B  PBBBBBBBBBBBBBBBBBBBBBBBBBBBBbYQB. [38;2;242;172;172mBB: [37mBBBBBBBBBBBBBBBBBBBBBBBBB  Jr:::rK7 [32m             .7  BBB7   iBBBg
[37m           7M  PBBBBBBBBBBBBBBBBBBBBBBBBBBBBBBBBB  [38;2;242;172;172mBB. [37mBBBBBBBBBBBBBBBBBBBBBBB..i   .   v1                  [32mdBBB.   5BBBr
[37m          sZ .BBBBBBBBBBBBBBBBBBBBBBBBBBBBBBBBBBB  [38;2;242;172;172mBB. [37mBBBBBBBBBBBBBBBBBBBBBBBBBBB iD2BBQL.                 [32m ZBBBr  EBBBv     YBBBBQi
[37m  .7YYUSIX5 .BBBBBBBBBBBBBBBBBBBBBBBBBBBBBBBBBBBB  [38;2;242;172;172mBB. [37mBBBBBBBBBBBBBBBBBBBBBBBBY.:.      :B                 [32m  iBBBBBBBBD     BBBBBBBBB.
[37m LB.        ..BBBBBBBBBBBBBBBBBBBBBBBBBBBBBBBBBBB. [38;2;242;172;172mBB: [37mBBBBBBBBBBBBBBBBBBBBBBBBMBBB. BP17si                 [32m    :LBBBr      vBBBi  5BBB
[37m  KvJPBBB :BBBBBBBBBBBBBBBBBBBBBBBBBBBBBBBBBBBBBB: [38;2;242;172;172mZB: [37mBBBBBBBBBBBBBBBBBBBBBBBBBsiJr .i7ssr:                [32m          ...   :BBB:   BBBu
[37m i7ii:.   ::BBBBBBBBBBBBBBBBBBBBBBBBBBBBBBBBBBBBBj [38;2;242;172;172muBi [37mQBBBBBBBBBBBBBBBBBBBBBBBBi.ir      iB                [32m         .BBBi   BBBB   iMBu
[37mDB    .  vBdBBBBBBBBBBBBBBBBBBBBBBBBBBBBBBBBBBBBBg [38;2;242;172;172m7Bi [37mBBBBBBBBBBBBBBBBBBBBBBBBBBBBB rBrXPv.                [32m          BBBX   :BBBr
[37m :vQBBB. BQBBBBBBBBBBBBBBBBBBBBBBBBBBBBBBBBBBBBBBQ [38;2;242;172;172miB: [37mBBBBBBBBBBBBBBBBBBBBBBBBBBBBB .L:ii::irrrrrrrr7jIr   [32m          .BBBv  :BBBQ
[37m :7:.   .. 5BBBBBBBBBBBBBBBBBBBBBBBBBBBBBBBBBBBBBB  [38;2;242;172;172mBr [37mBBBBBBBBBBBBBBBBBBBBBBBBBBBB:            ..... ..YB. [32m           .BBBBBBBBB:
[37mBU  .:. BBBBBBBBBBBBBBBBBBBBBBBBBBBBBBBBBBBBBBBBBB  [38;2;242;172;172mB7 [37mgBBBBBBBBBBBBBBBBBBBBBBBBBB. gBBBBBBBBBBBBBBBBBB. BL [32m             rBBBBB1.
[37m rY7iB: BBBBBBBBBBBBBBBBBBBBBBBBBBBBBBBBBBBBBBBBBB: [38;2;242;172;172mB7 [37mBBBBBBBBBBBBBBBBBBBBBBBBBB. QBBBBBBBBBBBBBBBBBi  v5
[37m     us EBBBBBBBBBBBBBBBBBBBBBBBBBBBBBBBBBBBBBBBBBB [38;2;242;172;172mIr [37mBBBBBBBBBBBBBBBBBBBBBBBBBBBBBBBBBgu7i.:BBBBBBBr Bu
[37m      B  7BBBBBBBBBBBBBBBBBBBBBBBBBBBBBBBBBBBBBBBBB.[38;2;242;172;172m:i [37mBBBBBBBBBBBBBBBBBBBBBBBBBBBv:.  .. :::  .rr    rB
[37m      us  .BBBBBBBBBBBBBQLXBBBBBBBBBBBBBBBBBBBBBBBBq  .BBBBBBBBBBBBBBBBBBBBBBBBBv  :iJ7vri:::1Jr..isJYr
[37m      B  BBBBBBB  MBBBM      qBBBBBBBBBBBBBBBBBBBBBB: BBBBBBBBBBBBBBBBBBBBBBBBBB  B:           iir:
[37m     iB iBBBBBBBL       BBBP. :BBBBBBBBBBBBBBBBBBBBBBBBBBBBBBBBBBBBBBBBBBBBBBBB  B.
[37m     P: BBBBBBBBBBB5v7gBBBBBB  BBBBBBBBBBBBBBBBBBBBBBBBBBBBBBBBBBBBBBBBBBBBBBB: Br
[37m     B  BBBs 7BBBBBBBBBBBBBB7 :BBBBBBBBBBBBBBBBBBBBBBBBBBBBBBBBBBBBBBBBBBBBBBB .B
[37m    .B :BBBB.  EBBBBBQBBBBBJ .BBBBBBBBBBBBBBBBBBBBBBBBBBBBBBBBBBBBBBBBBBBBBBB. B.
[37m    ij qBBBBBg          ..  .BBBBBBBBBBBBBBBBBBBBBBBBBBBBBBBBBBBBBBBBBBBBBBBB .B
[37m    UY QBBBBBBBBSUSPDQL...iBBBBBBBBBBBBBBBBBBBBBBBBBBBBBBBBBBBBBBBBBBBBBBBBBK EL
[37m    B7 BBBBBBBBBBBBBBBBBBBBBBBBBBBBBBBBBBBBBBBBBBBBBBBBBBBBBBBBBBBBBBBBBBBBB: B:
[37m    B  BBBBBBBBBBBBBBBBBBBBBBBBBBBBBBBBBBBBBBBYrBB vBBBBBBBBBBBBBBBBBBBBBBBB. Ls
[37m    B  BBBBBBBBBBBBBBBBBBBBBBBBBBBBBBBBBBBBBBBi_  /UBBBBBBBBBBBBBBBBBBBBBBBBB. :B:
[37m   rM .BBBBBBBBBBBBBBBBBBBBBBBBBBBBBBBBBBBBBBBB  ..IBBBBBBBBBBBBBBBBQBBBBBBBBBB  B
[37m   B  BBBBBBBBBdZBBBBBBBBBBBBBBBBBBBBBBBBBBBBBBPBBBBBBBBBBBBEji:..     sBBBBBBBr Br
[37m  7B 7BBBBBBBr     .:vXQBBBBBBBBBBBBBBBBBBBBBBBBBQqui::..  ...i:i7777vi  BBBBBBr Bi
[37m  Ki BBBBBBB  rY7vr:i....  .............:.....  ...:rii7vrr7r:..      7B  BBBBB  Bi
[37m  B. BBBBBB  B:    .::ir77rrYLvvriiiiiiirvvY7rr77ri:..                 bU  iQBB:..rI
[37m.S: 7BBBBP  B.                                                          vI7.  .:.  B.
[37mB: ir:.   :B.                                                             :rvsUjUgU.
[37mrMvrrirJKur                                                                                                                               [m
--------------------------------------------------------------------------------------------------------------------------------------------
                                                                Congratulations!
                                                        You have passed all patterns!
                                                                time: 1043023000000 ns
============================================================================================================================================
                                                       Total Latency =           0  ns
--------------------------------------------------------------------------------------------------------------------------------------------
Simulation complete via $finish(1) at time 1043022500 PS + 0
./PATTERN.sv:206   $finish;	
ncsim> exit
TOOL:	irun(64)	15.20-s084: Exiting on Apr 27, 2023 at 20:59:54 CST  (total: 00:00:22)
